-- Found ament_cmake_auto: 1.3.11 (/opt/ros/humble/share/ament_cmake_auto/cmake)
-- Override CMake install command with custom implementation using symlinks instead of copying resources
-- Found ament_lint_auto: 0.12.12 (/opt/ros/humble/share/ament_lint_auto/cmake)
-- Added test 'copyright' to check source files copyright and LICENSE
-- Added test 'lint_cmake' to check CMake code style
-- Added test 'xmllint' to check XML markup files
-- Configuring done
-- Generating done
-- Build files have been written to: /home/scv/SCV/build/zed_ros2
-- Install configuration: "Release"
-- Execute custom install script
-- Up-to-date symlink: /home/scv/SCV/install/zed_ros2/share/ament_index/resource_index/package_run_dependencies/zed_ros2
-- Up-to-date symlink: /home/scv/SCV/install/zed_ros2/share/ament_index/resource_index/parent_prefix_path/zed_ros2
-- Up-to-date symlink: /home/scv/SCV/install/zed_ros2/share/zed_ros2/environment/ament_prefix_path.sh
-- Up-to-date symlink: /home/scv/SCV/install/zed_ros2/share/zed_ros2/environment/ament_prefix_path.dsv
-- Up-to-date symlink: /home/scv/SCV/install/zed_ros2/share/zed_ros2/environment/path.sh
-- Up-to-date symlink: /home/scv/SCV/install/zed_ros2/share/zed_ros2/environment/path.dsv
-- Up-to-date symlink: /home/scv/SCV/install/zed_ros2/share/zed_ros2/local_setup.bash
-- Up-to-date symlink: /home/scv/SCV/install/zed_ros2/share/zed_ros2/local_setup.sh
-- Up-to-date symlink: /home/scv/SCV/install/zed_ros2/share/zed_ros2/local_setup.zsh
-- Up-to-date symlink: /home/scv/SCV/install/zed_ros2/share/zed_ros2/local_setup.dsv
-- Symlinking: /home/scv/SCV/install/zed_ros2/share/zed_ros2/package.dsv
-- Up-to-date symlink: /home/scv/SCV/install/zed_ros2/share/ament_index/resource_index/packages/zed_ros2
-- Up-to-date symlink: /home/scv/SCV/install/zed_ros2/share/zed_ros2/cmake/zed_ros2Config.cmake
-- Up-to-date symlink: /home/scv/SCV/install/zed_ros2/share/zed_ros2/cmake/zed_ros2Config-version.cmake
-- Up-to-date symlink: /home/scv/SCV/install/zed_ros2/share/zed_ros2/package.xml
