[0.016s] Invoking command in '/home/scv/SCV/build/hunter_msgs': CMAKE_PREFIX_PATH=/home/scv/SCV/install/hunter_base:/home/scv/SCV/install/hunter_msgs:/opt/ros/humble:/home/scv/SCV/install/ugv_sdk /usr/bin/cmake /home/scv/SCV/src/vehicle/SCV_hunter_ros2/hunter_msgs -DCMAKE_INSTALL_PREFIX=/home/scv/SCV/install/hunter_msgs
[0.030s] -- Found ament_cmake: 1.3.11 (/opt/ros/humble/share/ament_cmake/cmake)
[0.173s] -- Override CMake install command with custom implementation using symlinks instead of copying resources
[0.187s] -- Found builtin_interfaces: 1.2.1 (/opt/ros/humble/share/builtin_interfaces/cmake)
[0.221s] -- Found rosidl_generator_c: 3.1.6 (/opt/ros/humble/share/rosidl_generator_c/cmake)
[0.224s] -- Found rosidl_adapter: 3.1.6 (/opt/ros/humble/share/rosidl_adapter/cmake)
[0.235s] -- Found rosidl_generator_cpp: 3.1.6 (/opt/ros/humble/share/rosidl_generator_cpp/cmake)
[0.242s] -- Using all available rosidl_typesupport_c: rosidl_typesupport_fastrtps_c;rosidl_typesupport_introspection_c
[0.257s] -- Using all available rosidl_typesupport_cpp: rosidl_typesupport_fastrtps_cpp;rosidl_typesupport_introspection_cpp
[0.269s] -- Found rosidl_default_generators: 1.2.0 (/opt/ros/humble/share/rosidl_default_generators/cmake)
[0.277s] -- Found std_msgs: 4.9.0 (/opt/ros/humble/share/std_msgs/cmake)
[0.597s] -- Found ament_cmake_ros: 0.10.0 (/opt/ros/humble/share/ament_cmake_ros/cmake)
[0.998s] -- Using all available rosidl_typesupport_c: rosidl_typesupport_fastrtps_c;rosidl_typesupport_introspection_c
[1.138s] -- Using all available rosidl_typesupport_cpp: rosidl_typesupport_fastrtps_cpp;rosidl_typesupport_introspection_cpp
[1.161s] -- Found python_cmake_module: 0.10.0 (/opt/ros/humble/share/python_cmake_module/cmake)
[1.183s] -- Using PYTHON_EXECUTABLE: /usr/bin/python3
[1.183s] -- Using PYTHON_INCLUDE_DIRS: /usr/include/python3.10
[1.183s] -- Using PYTHON_LIBRARIES: /usr/lib/x86_64-linux-gnu/libpython3.10.so
[1.211s] -- Found ament_lint_auto: 0.12.12 (/opt/ros/humble/share/ament_lint_auto/cmake)
[1.221s] -- Added test 'copyright' to check source files copyright and LICENSE
[1.222s] -- Added test 'lint_cmake' to check CMake code style
[1.223s] -- Added test 'xmllint' to check XML markup files
[1.226s] -- Configuring done
[1.264s] -- Generating done
[1.276s] -- Build files have been written to: /home/scv/SCV/build/hunter_msgs
[1.283s] Invoked command in '/home/scv/SCV/build/hunter_msgs' returned '0': CMAKE_PREFIX_PATH=/home/scv/SCV/install/hunter_base:/home/scv/SCV/install/hunter_msgs:/opt/ros/humble:/home/scv/SCV/install/ugv_sdk /usr/bin/cmake /home/scv/SCV/src/vehicle/SCV_hunter_ros2/hunter_msgs -DCMAKE_INSTALL_PREFIX=/home/scv/SCV/install/hunter_msgs
[1.284s] Invoking command in '/home/scv/SCV/build/hunter_msgs': CMAKE_PREFIX_PATH=/home/scv/SCV/install/hunter_base:/home/scv/SCV/install/hunter_msgs:/opt/ros/humble:/home/scv/SCV/install/ugv_sdk /usr/bin/cmake --build /home/scv/SCV/build/hunter_msgs -- -j8 -l8
[1.321s] [35m[1mConsolidate compiler generated dependencies of target hunter_msgs__rosidl_generator_c[0m
[1.329s] [  1%] Built target hunter_msgs__cpp
[1.343s] [35m[1mConsolidate compiler generated dependencies of target hunter_msgs__rosidl_typesupport_cpp[0m
[1.343s] [35m[1mConsolidate compiler generated dependencies of target hunter_msgs__rosidl_typesupport_fastrtps_cpp[0m
[1.343s] [  1%] Built target ament_cmake_python_symlink_hunter_msgs
[1.343s] [ 12%] Built target hunter_msgs__rosidl_generator_c
[1.343s] [35m[1mConsolidate compiler generated dependencies of target hunter_msgs__rosidl_typesupport_introspection_cpp[0m
[1.352s] [35m[1mConsolidate compiler generated dependencies of target hunter_msgs__rosidl_typesupport_introspection_c[0m
[1.353s] [35m[1mConsolidate compiler generated dependencies of target hunter_msgs__rosidl_typesupport_fastrtps_c[0m
[1.374s] [ 23%] Built target hunter_msgs__rosidl_typesupport_cpp
[1.378s] [ 34%] Built target hunter_msgs__rosidl_typesupport_fastrtps_cpp
[1.379s] [ 46%] Built target hunter_msgs__rosidl_typesupport_fastrtps_c
[1.380s] [ 57%] Built target hunter_msgs__rosidl_typesupport_introspection_cpp
[1.383s] [ 68%] Built target hunter_msgs__rosidl_typesupport_introspection_c
[1.384s] [35m[1mConsolidate compiler generated dependencies of target hunter_msgs__rosidl_typesupport_c[0m
[1.395s] [ 79%] Built target hunter_msgs__rosidl_typesupport_c
[1.414s] [ 79%] Built target hunter_msgs
[1.436s] [ 80%] Built target hunter_msgs__py
[1.450s] [35m[1mConsolidate compiler generated dependencies of target hunter_msgs__rosidl_generator_py[0m
[1.465s] [ 90%] Built target hunter_msgs__rosidl_generator_py
[1.474s] [35m[1mConsolidate compiler generated dependencies of target hunter_msgs__rosidl_typesupport_fastrtps_c__pyext[0m
[1.476s] [35m[1mConsolidate compiler generated dependencies of target hunter_msgs__rosidl_typesupport_c__pyext[0m
[1.479s] [35m[1mConsolidate compiler generated dependencies of target hunter_msgs__rosidl_typesupport_introspection_c__pyext[0m
[1.490s] [ 93%] Built target hunter_msgs__rosidl_typesupport_fastrtps_c__pyext
[1.493s] [ 96%] Built target hunter_msgs__rosidl_typesupport_c__pyext
[1.501s] [100%] Built target hunter_msgs__rosidl_typesupport_introspection_c__pyext
[1.644s] running egg_info
[1.645s] writing hunter_msgs.egg-info/PKG-INFO
[1.645s] writing dependency_links to hunter_msgs.egg-info/dependency_links.txt
[1.646s] writing top-level names to hunter_msgs.egg-info/top_level.txt
[1.648s] reading manifest file 'hunter_msgs.egg-info/SOURCES.txt'
[1.648s] writing manifest file 'hunter_msgs.egg-info/SOURCES.txt'
[1.673s] [100%] Built target ament_cmake_python_build_hunter_msgs_egg
[1.683s] Invoked command in '/home/scv/SCV/build/hunter_msgs' returned '0': CMAKE_PREFIX_PATH=/home/scv/SCV/install/hunter_base:/home/scv/SCV/install/hunter_msgs:/opt/ros/humble:/home/scv/SCV/install/ugv_sdk /usr/bin/cmake --build /home/scv/SCV/build/hunter_msgs -- -j8 -l8
[1.684s] Invoking command in '/home/scv/SCV/build/hunter_msgs': CMAKE_PREFIX_PATH=/home/scv/SCV/install/hunter_base:/home/scv/SCV/install/hunter_msgs:/opt/ros/humble:/home/scv/SCV/install/ugv_sdk /usr/bin/cmake --install /home/scv/SCV/build/hunter_msgs
[1.690s] -- Install configuration: "Release"
[1.691s] -- Execute custom install script
[1.691s] -- Up-to-date symlink: /home/scv/SCV/install/hunter_msgs/share/ament_index/resource_index/rosidl_interfaces/hunter_msgs
[1.691s] -- Up-to-date symlink: /home/scv/SCV/install/hunter_msgs/include/hunter_msgs/hunter_msgs/msg/detail/hunter_actuator_state__functions.h
[1.691s] -- Up-to-date symlink: /home/scv/SCV/install/hunter_msgs/include/hunter_msgs/hunter_msgs/msg/detail/hunter_actuator_state__struct.h
[1.692s] -- Up-to-date symlink: /home/scv/SCV/install/hunter_msgs/include/hunter_msgs/hunter_msgs/msg/detail/hunter_actuator_state__type_support.h
[1.692s] -- Up-to-date symlink: /home/scv/SCV/install/hunter_msgs/include/hunter_msgs/hunter_msgs/msg/detail/hunter_light_cmd__functions.h
[1.692s] -- Up-to-date symlink: /home/scv/SCV/install/hunter_msgs/include/hunter_msgs/hunter_msgs/msg/detail/hunter_light_cmd__struct.h
[1.692s] -- Up-to-date symlink: /home/scv/SCV/install/hunter_msgs/include/hunter_msgs/hunter_msgs/msg/detail/hunter_light_cmd__type_support.h
[1.692s] -- Up-to-date symlink: /home/scv/SCV/install/hunter_msgs/include/hunter_msgs/hunter_msgs/msg/detail/hunter_light_state__functions.h
[1.692s] -- Up-to-date symlink: /home/scv/SCV/install/hunter_msgs/include/hunter_msgs/hunter_msgs/msg/detail/hunter_light_state__struct.h
[1.692s] -- Up-to-date symlink: /home/scv/SCV/install/hunter_msgs/include/hunter_msgs/hunter_msgs/msg/detail/hunter_light_state__type_support.h
[1.692s] -- Up-to-date symlink: /home/scv/SCV/install/hunter_msgs/include/hunter_msgs/hunter_msgs/msg/detail/hunter_rc_state__functions.h
[1.692s] -- Up-to-date symlink: /home/scv/SCV/install/hunter_msgs/include/hunter_msgs/hunter_msgs/msg/detail/hunter_rc_state__struct.h
[1.692s] -- Up-to-date symlink: /home/scv/SCV/install/hunter_msgs/include/hunter_msgs/hunter_msgs/msg/detail/hunter_rc_state__type_support.h
[1.693s] -- Up-to-date symlink: /home/scv/SCV/install/hunter_msgs/include/hunter_msgs/hunter_msgs/msg/detail/hunter_status__functions.h
[1.693s] -- Up-to-date symlink: /home/scv/SCV/install/hunter_msgs/include/hunter_msgs/hunter_msgs/msg/detail/hunter_status__struct.h
[1.693s] -- Up-to-date symlink: /home/scv/SCV/install/hunter_msgs/include/hunter_msgs/hunter_msgs/msg/detail/hunter_status__type_support.h
[1.693s] -- Up-to-date symlink: /home/scv/SCV/install/hunter_msgs/include/hunter_msgs/hunter_msgs/msg/hunter_actuator_state.h
[1.693s] -- Up-to-date symlink: /home/scv/SCV/install/hunter_msgs/include/hunter_msgs/hunter_msgs/msg/hunter_light_cmd.h
[1.693s] -- Up-to-date symlink: /home/scv/SCV/install/hunter_msgs/include/hunter_msgs/hunter_msgs/msg/hunter_light_state.h
[1.693s] -- Up-to-date symlink: /home/scv/SCV/install/hunter_msgs/include/hunter_msgs/hunter_msgs/msg/hunter_rc_state.h
[1.693s] -- Up-to-date symlink: /home/scv/SCV/install/hunter_msgs/include/hunter_msgs/hunter_msgs/msg/hunter_status.h
[1.693s] -- Up-to-date symlink: /home/scv/SCV/install/hunter_msgs/include/hunter_msgs/hunter_msgs/msg/rosidl_generator_c__visibility_control.h
[1.693s] -- Up-to-date symlink: /home/scv/SCV/install/hunter_msgs/share/hunter_msgs/environment/library_path.sh
[1.693s] -- Up-to-date symlink: /home/scv/SCV/install/hunter_msgs/share/hunter_msgs/environment/library_path.dsv
[1.694s] -- Up-to-date symlink: /home/scv/SCV/install/hunter_msgs/include/hunter_msgs/hunter_msgs/msg/detail/hunter_actuator_state__rosidl_typesupport_fastrtps_c.h
[1.694s] -- Up-to-date symlink: /home/scv/SCV/install/hunter_msgs/include/hunter_msgs/hunter_msgs/msg/detail/hunter_light_cmd__rosidl_typesupport_fastrtps_c.h
[1.694s] -- Up-to-date symlink: /home/scv/SCV/install/hunter_msgs/include/hunter_msgs/hunter_msgs/msg/detail/hunter_light_state__rosidl_typesupport_fastrtps_c.h
[1.694s] -- Up-to-date symlink: /home/scv/SCV/install/hunter_msgs/include/hunter_msgs/hunter_msgs/msg/detail/hunter_rc_state__rosidl_typesupport_fastrtps_c.h
[1.694s] -- Up-to-date symlink: /home/scv/SCV/install/hunter_msgs/include/hunter_msgs/hunter_msgs/msg/detail/hunter_status__rosidl_typesupport_fastrtps_c.h
[1.694s] -- Up-to-date symlink: /home/scv/SCV/install/hunter_msgs/include/hunter_msgs/hunter_msgs/msg/rosidl_typesupport_fastrtps_c__visibility_control.h
[1.695s] -- Up-to-date symlink: /home/scv/SCV/install/hunter_msgs/include/hunter_msgs/hunter_msgs/msg/detail/hunter_actuator_state__builder.hpp
[1.695s] -- Up-to-date symlink: /home/scv/SCV/install/hunter_msgs/include/hunter_msgs/hunter_msgs/msg/detail/hunter_actuator_state__struct.hpp
[1.695s] -- Up-to-date symlink: /home/scv/SCV/install/hunter_msgs/include/hunter_msgs/hunter_msgs/msg/detail/hunter_actuator_state__traits.hpp
[1.695s] -- Up-to-date symlink: /home/scv/SCV/install/hunter_msgs/include/hunter_msgs/hunter_msgs/msg/detail/hunter_actuator_state__type_support.hpp
[1.695s] -- Up-to-date symlink: /home/scv/SCV/install/hunter_msgs/include/hunter_msgs/hunter_msgs/msg/detail/hunter_light_cmd__builder.hpp
[1.695s] -- Up-to-date symlink: /home/scv/SCV/install/hunter_msgs/include/hunter_msgs/hunter_msgs/msg/detail/hunter_light_cmd__struct.hpp
[1.696s] -- Up-to-date symlink: /home/scv/SCV/install/hunter_msgs/include/hunter_msgs/hunter_msgs/msg/detail/hunter_light_cmd__traits.hpp
[1.696s] -- Up-to-date symlink: /home/scv/SCV/install/hunter_msgs/include/hunter_msgs/hunter_msgs/msg/detail/hunter_light_cmd__type_support.hpp
[1.696s] -- Up-to-date symlink: /home/scv/SCV/install/hunter_msgs/include/hunter_msgs/hunter_msgs/msg/detail/hunter_light_state__builder.hpp
[1.696s] -- Up-to-date symlink: /home/scv/SCV/install/hunter_msgs/include/hunter_msgs/hunter_msgs/msg/detail/hunter_light_state__struct.hpp
[1.696s] -- Up-to-date symlink: /home/scv/SCV/install/hunter_msgs/include/hunter_msgs/hunter_msgs/msg/detail/hunter_light_state__traits.hpp
[1.696s] -- Up-to-date symlink: /home/scv/SCV/install/hunter_msgs/include/hunter_msgs/hunter_msgs/msg/detail/hunter_light_state__type_support.hpp
[1.696s] -- Up-to-date symlink: /home/scv/SCV/install/hunter_msgs/include/hunter_msgs/hunter_msgs/msg/detail/hunter_rc_state__builder.hpp
[1.696s] -- Up-to-date symlink: /home/scv/SCV/install/hunter_msgs/include/hunter_msgs/hunter_msgs/msg/detail/hunter_rc_state__struct.hpp
[1.696s] -- Up-to-date symlink: /home/scv/SCV/install/hunter_msgs/include/hunter_msgs/hunter_msgs/msg/detail/hunter_rc_state__traits.hpp
[1.697s] -- Up-to-date symlink: /home/scv/SCV/install/hunter_msgs/include/hunter_msgs/hunter_msgs/msg/detail/hunter_rc_state__type_support.hpp
[1.697s] -- Up-to-date symlink: /home/scv/SCV/install/hunter_msgs/include/hunter_msgs/hunter_msgs/msg/detail/hunter_status__builder.hpp
[1.697s] -- Up-to-date symlink: /home/scv/SCV/install/hunter_msgs/include/hunter_msgs/hunter_msgs/msg/detail/hunter_status__struct.hpp
[1.697s] -- Up-to-date symlink: /home/scv/SCV/install/hunter_msgs/include/hunter_msgs/hunter_msgs/msg/detail/hunter_status__traits.hpp
[1.697s] -- Up-to-date symlink: /home/scv/SCV/install/hunter_msgs/include/hunter_msgs/hunter_msgs/msg/detail/hunter_status__type_support.hpp
[1.697s] -- Up-to-date symlink: /home/scv/SCV/install/hunter_msgs/include/hunter_msgs/hunter_msgs/msg/hunter_actuator_state.hpp
[1.697s] -- Up-to-date symlink: /home/scv/SCV/install/hunter_msgs/include/hunter_msgs/hunter_msgs/msg/hunter_light_cmd.hpp
[1.697s] -- Up-to-date symlink: /home/scv/SCV/install/hunter_msgs/include/hunter_msgs/hunter_msgs/msg/hunter_light_state.hpp
[1.697s] -- Up-to-date symlink: /home/scv/SCV/install/hunter_msgs/include/hunter_msgs/hunter_msgs/msg/hunter_rc_state.hpp
[1.697s] -- Up-to-date symlink: /home/scv/SCV/install/hunter_msgs/include/hunter_msgs/hunter_msgs/msg/hunter_status.hpp
[1.698s] -- Up-to-date symlink: /home/scv/SCV/install/hunter_msgs/include/hunter_msgs/hunter_msgs/msg/rosidl_generator_cpp__visibility_control.hpp
[1.698s] -- Up-to-date symlink: /home/scv/SCV/install/hunter_msgs/include/hunter_msgs/hunter_msgs/msg/detail/hunter_actuator_state__rosidl_typesupport_fastrtps_cpp.hpp
[1.698s] -- Up-to-date symlink: /home/scv/SCV/install/hunter_msgs/include/hunter_msgs/hunter_msgs/msg/detail/hunter_light_cmd__rosidl_typesupport_fastrtps_cpp.hpp
[1.698s] -- Up-to-date symlink: /home/scv/SCV/install/hunter_msgs/include/hunter_msgs/hunter_msgs/msg/detail/hunter_light_state__rosidl_typesupport_fastrtps_cpp.hpp
[1.698s] -- Up-to-date symlink: /home/scv/SCV/install/hunter_msgs/include/hunter_msgs/hunter_msgs/msg/detail/hunter_rc_state__rosidl_typesupport_fastrtps_cpp.hpp
[1.699s] -- Up-to-date symlink: /home/scv/SCV/install/hunter_msgs/include/hunter_msgs/hunter_msgs/msg/detail/hunter_status__rosidl_typesupport_fastrtps_cpp.hpp
[1.699s] -- Up-to-date symlink: /home/scv/SCV/install/hunter_msgs/include/hunter_msgs/hunter_msgs/msg/rosidl_typesupport_fastrtps_cpp__visibility_control.h
[1.699s] -- Up-to-date symlink: /home/scv/SCV/install/hunter_msgs/include/hunter_msgs/hunter_msgs/msg/detail/hunter_actuator_state__rosidl_typesupport_introspection_c.h
[1.699s] -- Up-to-date symlink: /home/scv/SCV/install/hunter_msgs/include/hunter_msgs/hunter_msgs/msg/detail/hunter_light_cmd__rosidl_typesupport_introspection_c.h
[1.699s] -- Up-to-date symlink: /home/scv/SCV/install/hunter_msgs/include/hunter_msgs/hunter_msgs/msg/detail/hunter_light_state__rosidl_typesupport_introspection_c.h
[1.699s] -- Up-to-date symlink: /home/scv/SCV/install/hunter_msgs/include/hunter_msgs/hunter_msgs/msg/detail/hunter_rc_state__rosidl_typesupport_introspection_c.h
[1.699s] -- Up-to-date symlink: /home/scv/SCV/install/hunter_msgs/include/hunter_msgs/hunter_msgs/msg/detail/hunter_status__rosidl_typesupport_introspection_c.h
[1.699s] -- Up-to-date symlink: /home/scv/SCV/install/hunter_msgs/include/hunter_msgs/hunter_msgs/msg/rosidl_typesupport_introspection_c__visibility_control.h
[1.700s] -- Up-to-date symlink: /home/scv/SCV/install/hunter_msgs/include/hunter_msgs/hunter_msgs/msg/detail/hunter_actuator_state__rosidl_typesupport_introspection_cpp.hpp
[1.700s] -- Up-to-date symlink: /home/scv/SCV/install/hunter_msgs/include/hunter_msgs/hunter_msgs/msg/detail/hunter_light_cmd__rosidl_typesupport_introspection_cpp.hpp
[1.700s] -- Up-to-date symlink: /home/scv/SCV/install/hunter_msgs/include/hunter_msgs/hunter_msgs/msg/detail/hunter_light_state__rosidl_typesupport_introspection_cpp.hpp
[1.700s] -- Up-to-date symlink: /home/scv/SCV/install/hunter_msgs/include/hunter_msgs/hunter_msgs/msg/detail/hunter_rc_state__rosidl_typesupport_introspection_cpp.hpp
[1.700s] -- Up-to-date symlink: /home/scv/SCV/install/hunter_msgs/include/hunter_msgs/hunter_msgs/msg/detail/hunter_status__rosidl_typesupport_introspection_cpp.hpp
[1.701s] -- Up-to-date symlink: /home/scv/SCV/install/hunter_msgs/share/hunter_msgs/environment/pythonpath.sh
[1.701s] -- Up-to-date symlink: /home/scv/SCV/install/hunter_msgs/share/hunter_msgs/environment/pythonpath.dsv
[1.701s] -- Up-to-date symlink: /home/scv/SCV/install/hunter_msgs/local/lib/python3.10/dist-packages/hunter_msgs-0.0.1-py3.10.egg-info/PKG-INFO
[1.701s] -- Up-to-date symlink: /home/scv/SCV/install/hunter_msgs/local/lib/python3.10/dist-packages/hunter_msgs-0.0.1-py3.10.egg-info/SOURCES.txt
[1.701s] -- Up-to-date symlink: /home/scv/SCV/install/hunter_msgs/local/lib/python3.10/dist-packages/hunter_msgs-0.0.1-py3.10.egg-info/dependency_links.txt
[1.701s] -- Up-to-date symlink: /home/scv/SCV/install/hunter_msgs/local/lib/python3.10/dist-packages/hunter_msgs-0.0.1-py3.10.egg-info/top_level.txt
[1.702s] -- Up-to-date symlink: /home/scv/SCV/install/hunter_msgs/local/lib/python3.10/dist-packages/hunter_msgs/__init__.py
[1.702s] -- Up-to-date symlink: /home/scv/SCV/install/hunter_msgs/local/lib/python3.10/dist-packages/hunter_msgs/_hunter_msgs_s.ep.rosidl_typesupport_c.c
[1.702s] -- Up-to-date symlink: /home/scv/SCV/install/hunter_msgs/local/lib/python3.10/dist-packages/hunter_msgs/_hunter_msgs_s.ep.rosidl_typesupport_fastrtps_c.c
[1.702s] -- Up-to-date symlink: /home/scv/SCV/install/hunter_msgs/local/lib/python3.10/dist-packages/hunter_msgs/_hunter_msgs_s.ep.rosidl_typesupport_introspection_c.c
[1.702s] -- Up-to-date symlink: /home/scv/SCV/install/hunter_msgs/local/lib/python3.10/dist-packages/hunter_msgs/hunter_msgs_s__rosidl_typesupport_c.cpython-310-x86_64-linux-gnu.so
[1.702s] -- Up-to-date symlink: /home/scv/SCV/install/hunter_msgs/local/lib/python3.10/dist-packages/hunter_msgs/hunter_msgs_s__rosidl_typesupport_fastrtps_c.cpython-310-x86_64-linux-gnu.so
[1.702s] -- Up-to-date symlink: /home/scv/SCV/install/hunter_msgs/local/lib/python3.10/dist-packages/hunter_msgs/hunter_msgs_s__rosidl_typesupport_introspection_c.cpython-310-x86_64-linux-gnu.so
[1.702s] -- Up-to-date symlink: /home/scv/SCV/install/hunter_msgs/local/lib/python3.10/dist-packages/hunter_msgs/libhunter_msgs__rosidl_generator_py.so
[1.703s] -- Up-to-date symlink: /home/scv/SCV/install/hunter_msgs/local/lib/python3.10/dist-packages/hunter_msgs/msg/__init__.py
[1.703s] -- Up-to-date symlink: /home/scv/SCV/install/hunter_msgs/local/lib/python3.10/dist-packages/hunter_msgs/msg/_hunter_actuator_state.py
[1.703s] -- Up-to-date symlink: /home/scv/SCV/install/hunter_msgs/local/lib/python3.10/dist-packages/hunter_msgs/msg/_hunter_actuator_state_s.c
[1.703s] -- Up-to-date symlink: /home/scv/SCV/install/hunter_msgs/local/lib/python3.10/dist-packages/hunter_msgs/msg/_hunter_light_cmd.py
[1.703s] -- Up-to-date symlink: /home/scv/SCV/install/hunter_msgs/local/lib/python3.10/dist-packages/hunter_msgs/msg/_hunter_light_cmd_s.c
[1.703s] -- Up-to-date symlink: /home/scv/SCV/install/hunter_msgs/local/lib/python3.10/dist-packages/hunter_msgs/msg/_hunter_light_state.py
[1.703s] -- Up-to-date symlink: /home/scv/SCV/install/hunter_msgs/local/lib/python3.10/dist-packages/hunter_msgs/msg/_hunter_light_state_s.c
[1.703s] -- Up-to-date symlink: /home/scv/SCV/install/hunter_msgs/local/lib/python3.10/dist-packages/hunter_msgs/msg/_hunter_rc_state.py
[1.703s] -- Up-to-date symlink: /home/scv/SCV/install/hunter_msgs/local/lib/python3.10/dist-packages/hunter_msgs/msg/_hunter_rc_state_s.c
[1.703s] -- Up-to-date symlink: /home/scv/SCV/install/hunter_msgs/local/lib/python3.10/dist-packages/hunter_msgs/msg/_hunter_status.py
[1.704s] -- Up-to-date symlink: /home/scv/SCV/install/hunter_msgs/local/lib/python3.10/dist-packages/hunter_msgs/msg/_hunter_status_s.c
[1.704s] -- Up-to-date symlink: /home/scv/SCV/install/hunter_msgs/local/lib/python3.10/dist-packages/hunter_msgs/hunter_msgs_s__rosidl_typesupport_fastrtps_c.cpython-310-x86_64-linux-gnu.so
[1.704s] -- Up-to-date symlink: /home/scv/SCV/install/hunter_msgs/local/lib/python3.10/dist-packages/hunter_msgs/hunter_msgs_s__rosidl_typesupport_introspection_c.cpython-310-x86_64-linux-gnu.so
[1.704s] -- Up-to-date symlink: /home/scv/SCV/install/hunter_msgs/local/lib/python3.10/dist-packages/hunter_msgs/hunter_msgs_s__rosidl_typesupport_c.cpython-310-x86_64-linux-gnu.so
[1.704s] -- Up-to-date symlink: /home/scv/SCV/install/hunter_msgs/share/hunter_msgs/msg/HunterActuatorState.idl
[1.705s] -- Up-to-date symlink: /home/scv/SCV/install/hunter_msgs/share/hunter_msgs/msg/HunterLightCmd.idl
[1.705s] -- Up-to-date symlink: /home/scv/SCV/install/hunter_msgs/share/hunter_msgs/msg/HunterLightState.idl
[1.705s] -- Up-to-date symlink: /home/scv/SCV/install/hunter_msgs/share/hunter_msgs/msg/HunterRCState.idl
[1.705s] -- Up-to-date symlink: /home/scv/SCV/install/hunter_msgs/share/hunter_msgs/msg/HunterStatus.idl
[1.705s] -- Up-to-date symlink: /home/scv/SCV/install/hunter_msgs/share/hunter_msgs/msg/HunterActuatorState.msg
[1.705s] -- Up-to-date symlink: /home/scv/SCV/install/hunter_msgs/share/hunter_msgs/msg/HunterLightCmd.msg
[1.705s] -- Up-to-date symlink: /home/scv/SCV/install/hunter_msgs/share/hunter_msgs/msg/HunterLightState.msg
[1.706s] -- Up-to-date symlink: /home/scv/SCV/install/hunter_msgs/share/hunter_msgs/msg/HunterRCState.msg
[1.706s] -- Up-to-date symlink: /home/scv/SCV/install/hunter_msgs/share/hunter_msgs/msg/HunterStatus.msg
[1.706s] -- Up-to-date symlink: /home/scv/SCV/install/hunter_msgs/share/ament_index/resource_index/package_run_dependencies/hunter_msgs
[1.706s] -- Up-to-date symlink: /home/scv/SCV/install/hunter_msgs/share/ament_index/resource_index/parent_prefix_path/hunter_msgs
[1.706s] -- Up-to-date symlink: /home/scv/SCV/install/hunter_msgs/share/hunter_msgs/environment/ament_prefix_path.sh
[1.706s] -- Up-to-date symlink: /home/scv/SCV/install/hunter_msgs/share/hunter_msgs/environment/ament_prefix_path.dsv
[1.706s] -- Up-to-date symlink: /home/scv/SCV/install/hunter_msgs/share/hunter_msgs/environment/path.sh
[1.707s] -- Up-to-date symlink: /home/scv/SCV/install/hunter_msgs/share/hunter_msgs/environment/path.dsv
[1.707s] -- Up-to-date symlink: /home/scv/SCV/install/hunter_msgs/share/hunter_msgs/local_setup.bash
[1.707s] -- Up-to-date symlink: /home/scv/SCV/install/hunter_msgs/share/hunter_msgs/local_setup.sh
[1.707s] -- Up-to-date symlink: /home/scv/SCV/install/hunter_msgs/share/hunter_msgs/local_setup.zsh
[1.707s] -- Up-to-date symlink: /home/scv/SCV/install/hunter_msgs/share/hunter_msgs/local_setup.dsv
[1.707s] -- Symlinking: /home/scv/SCV/install/hunter_msgs/share/hunter_msgs/package.dsv
[1.715s] -- Up-to-date symlink: /home/scv/SCV/install/hunter_msgs/share/ament_index/resource_index/packages/hunter_msgs
[1.716s] -- Up-to-date symlink: /home/scv/SCV/install/hunter_msgs/share/hunter_msgs/cmake/rosidl_cmake-extras.cmake
[1.716s] -- Up-to-date symlink: /home/scv/SCV/install/hunter_msgs/share/hunter_msgs/cmake/ament_cmake_export_dependencies-extras.cmake
[1.716s] -- Up-to-date symlink: /home/scv/SCV/install/hunter_msgs/share/hunter_msgs/cmake/ament_cmake_export_include_directories-extras.cmake
[1.716s] -- Up-to-date symlink: /home/scv/SCV/install/hunter_msgs/share/hunter_msgs/cmake/ament_cmake_export_libraries-extras.cmake
[1.716s] -- Up-to-date symlink: /home/scv/SCV/install/hunter_msgs/share/hunter_msgs/cmake/ament_cmake_export_targets-extras.cmake
[1.716s] -- Up-to-date symlink: /home/scv/SCV/install/hunter_msgs/share/hunter_msgs/cmake/rosidl_cmake_export_typesupport_targets-extras.cmake
[1.716s] -- Up-to-date symlink: /home/scv/SCV/install/hunter_msgs/share/hunter_msgs/cmake/rosidl_cmake_export_typesupport_libraries-extras.cmake
[1.717s] -- Up-to-date symlink: /home/scv/SCV/install/hunter_msgs/share/hunter_msgs/cmake/hunter_msgsConfig.cmake
[1.717s] -- Up-to-date symlink: /home/scv/SCV/install/hunter_msgs/share/hunter_msgs/cmake/hunter_msgsConfig-version.cmake
[1.717s] -- Up-to-date symlink: /home/scv/SCV/install/hunter_msgs/share/hunter_msgs/package.xml
[1.717s] -- Up-to-date: /home/scv/SCV/install/hunter_msgs/lib/libhunter_msgs__rosidl_generator_c.so
[1.717s] -- Up-to-date: /home/scv/SCV/install/hunter_msgs/lib/libhunter_msgs__rosidl_typesupport_fastrtps_c.so
[1.718s] -- Up-to-date: /home/scv/SCV/install/hunter_msgs/lib/libhunter_msgs__rosidl_typesupport_fastrtps_cpp.so
[1.718s] -- Up-to-date: /home/scv/SCV/install/hunter_msgs/lib/libhunter_msgs__rosidl_typesupport_introspection_c.so
[1.718s] -- Up-to-date: /home/scv/SCV/install/hunter_msgs/lib/libhunter_msgs__rosidl_typesupport_c.so
[1.718s] -- Up-to-date: /home/scv/SCV/install/hunter_msgs/lib/libhunter_msgs__rosidl_typesupport_introspection_cpp.so
[1.719s] -- Up-to-date: /home/scv/SCV/install/hunter_msgs/lib/libhunter_msgs__rosidl_typesupport_cpp.so
[1.752s] Listing '/home/scv/SCV/install/hunter_msgs/local/lib/python3.10/dist-packages/hunter_msgs'...
[1.752s] Compiling '/home/scv/SCV/install/hunter_msgs/local/lib/python3.10/dist-packages/hunter_msgs/__init__.py'...
[1.752s] Listing '/home/scv/SCV/install/hunter_msgs/local/lib/python3.10/dist-packages/hunter_msgs/msg'...
[1.757s] -- Up-to-date: /home/scv/SCV/install/hunter_msgs/lib/libhunter_msgs__rosidl_generator_py.so
[1.757s] -- Up-to-date: /home/scv/SCV/install/hunter_msgs/share/hunter_msgs/cmake/export_hunter_msgs__rosidl_generator_cExport.cmake
[1.757s] -- Up-to-date: /home/scv/SCV/install/hunter_msgs/share/hunter_msgs/cmake/export_hunter_msgs__rosidl_generator_cExport-release.cmake
[1.757s] -- Up-to-date: /home/scv/SCV/install/hunter_msgs/share/hunter_msgs/cmake/export_hunter_msgs__rosidl_typesupport_fastrtps_cExport.cmake
[1.757s] -- Up-to-date: /home/scv/SCV/install/hunter_msgs/share/hunter_msgs/cmake/export_hunter_msgs__rosidl_typesupport_fastrtps_cExport-release.cmake
[1.757s] -- Up-to-date: /home/scv/SCV/install/hunter_msgs/share/hunter_msgs/cmake/export_hunter_msgs__rosidl_generator_cppExport.cmake
[1.757s] -- Up-to-date: /home/scv/SCV/install/hunter_msgs/share/hunter_msgs/cmake/export_hunter_msgs__rosidl_typesupport_fastrtps_cppExport.cmake
[1.757s] -- Up-to-date: /home/scv/SCV/install/hunter_msgs/share/hunter_msgs/cmake/export_hunter_msgs__rosidl_typesupport_fastrtps_cppExport-release.cmake
[1.758s] -- Up-to-date: /home/scv/SCV/install/hunter_msgs/share/hunter_msgs/cmake/hunter_msgs__rosidl_typesupport_introspection_cExport.cmake
[1.758s] -- Up-to-date: /home/scv/SCV/install/hunter_msgs/share/hunter_msgs/cmake/hunter_msgs__rosidl_typesupport_introspection_cExport-release.cmake
[1.758s] -- Up-to-date: /home/scv/SCV/install/hunter_msgs/share/hunter_msgs/cmake/hunter_msgs__rosidl_typesupport_cExport.cmake
[1.758s] -- Up-to-date: /home/scv/SCV/install/hunter_msgs/share/hunter_msgs/cmake/hunter_msgs__rosidl_typesupport_cExport-release.cmake
[1.758s] -- Up-to-date: /home/scv/SCV/install/hunter_msgs/share/hunter_msgs/cmake/hunter_msgs__rosidl_typesupport_introspection_cppExport.cmake
[1.758s] -- Up-to-date: /home/scv/SCV/install/hunter_msgs/share/hunter_msgs/cmake/hunter_msgs__rosidl_typesupport_introspection_cppExport-release.cmake
[1.758s] -- Up-to-date: /home/scv/SCV/install/hunter_msgs/share/hunter_msgs/cmake/hunter_msgs__rosidl_typesupport_cppExport.cmake
[1.758s] -- Up-to-date: /home/scv/SCV/install/hunter_msgs/share/hunter_msgs/cmake/hunter_msgs__rosidl_typesupport_cppExport-release.cmake
[1.758s] -- Up-to-date: /home/scv/SCV/install/hunter_msgs/share/hunter_msgs/cmake/export_hunter_msgs__rosidl_generator_pyExport.cmake
[1.758s] -- Up-to-date: /home/scv/SCV/install/hunter_msgs/share/hunter_msgs/cmake/export_hunter_msgs__rosidl_generator_pyExport-release.cmake
[1.760s] Invoked command in '/home/scv/SCV/build/hunter_msgs' returned '0': CMAKE_PREFIX_PATH=/home/scv/SCV/install/hunter_base:/home/scv/SCV/install/hunter_msgs:/opt/ros/humble:/home/scv/SCV/install/ugv_sdk /usr/bin/cmake --install /home/scv/SCV/build/hunter_msgs
