[0.086s] DEBUG:colcon:Command line arguments: ['/usr/bin/colcon', 'build']
[0.086s] DEBUG:colcon:Parsed command line arguments: Namespace(log_base=None, log_level=None, verb_name='build', build_base='build', install_base='install', merge_install=False, symlink_install=False, test_result_base=None, continue_on_error=False, executor='parallel', parallel_workers=8, event_handlers=None, ignore_user_meta=False, metas=['./colcon.meta'], base_paths=['.'], packages_ignore=None, packages_ignore_regex=None, paths=None, packages_up_to=None, packages_up_to_regex=None, packages_above=None, packages_above_and_dependencies=None, packages_above_depth=None, packages_select_by_dep=None, packages_skip_by_dep=None, packages_skip_up_to=None, packages_select_build_failed=False, packages_skip_build_finished=False, packages_select_test_failures=False, packages_skip_test_passed=False, packages_select=None, packages_skip=None, packages_select_regex=None, packages_skip_regex=None, packages_start=None, packages_end=None, allow_overriding=[], cmake_args=None, cmake_target=None, cmake_target_skip_unavailable=False, cmake_clean_cache=False, cmake_clean_first=False, cmake_force_configure=False, ament_cmake_args=None, catkin_cmake_args=None, catkin_skip_building_tests=False, mixin_files=None, mixin=None, verb_parser=<colcon_mixin.mixin.mixin_argument.MixinArgumentDecorator object at 0x705fcb3edde0>, verb_extension=<colcon_core.verb.build.BuildVerb object at 0x705fcb3ed870>, main=<bound method BuildVerb.main of <colcon_core.verb.build.BuildVerb object at 0x705fcb3ed870>>, mixin_verb=('build',))
[0.216s] Level 1:colcon.colcon_core.package_discovery:discover_packages(colcon_meta) check parameters
[0.217s] Level 1:colcon.colcon_core.package_discovery:discover_packages(recursive) check parameters
[0.217s] Level 1:colcon.colcon_core.package_discovery:discover_packages(ignore) check parameters
[0.217s] Level 1:colcon.colcon_core.package_discovery:discover_packages(path) check parameters
[0.217s] Level 1:colcon.colcon_core.package_discovery:discover_packages(colcon_meta) discover
[0.217s] Level 1:colcon.colcon_core.package_discovery:discover_packages(recursive) discover
[0.217s] INFO:colcon.colcon_core.package_discovery:Crawling recursively for packages in '/home/scv/SCV'
[0.217s] Level 1:colcon.colcon_core.package_identification:_identify(.) by extensions ['ignore', 'ignore_ament_install']
[0.217s] Level 1:colcon.colcon_core.package_identification:_identify(.) by extension 'ignore'
[0.217s] Level 1:colcon.colcon_core.package_identification:_identify(.) by extension 'ignore_ament_install'
[0.217s] Level 1:colcon.colcon_core.package_identification:_identify(.) by extensions ['colcon_pkg']
[0.217s] Level 1:colcon.colcon_core.package_identification:_identify(.) by extension 'colcon_pkg'
[0.217s] Level 1:colcon.colcon_core.package_identification:_identify(.) by extensions ['colcon_meta']
[0.217s] Level 1:colcon.colcon_core.package_identification:_identify(.) by extension 'colcon_meta'
[0.217s] Level 1:colcon.colcon_core.package_identification:_identify(.) by extensions ['ros']
[0.217s] Level 1:colcon.colcon_core.package_identification:_identify(.) by extension 'ros'
[0.226s] Level 1:colcon.colcon_core.package_identification:_identify(.) by extensions ['cmake', 'python']
[0.226s] Level 1:colcon.colcon_core.package_identification:_identify(.) by extension 'cmake'
[0.226s] Level 1:colcon.colcon_core.package_identification:_identify(.) by extension 'python'
[0.226s] Level 1:colcon.colcon_core.package_identification:_identify(.) by extensions ['python_setup_py']
[0.226s] Level 1:colcon.colcon_core.package_identification:_identify(.) by extension 'python_setup_py'
[0.226s] Level 1:colcon.colcon_core.package_identification:_identify(build) by extensions ['ignore', 'ignore_ament_install']
[0.226s] Level 1:colcon.colcon_core.package_identification:_identify(build) by extension 'ignore'
[0.226s] Level 1:colcon.colcon_core.package_identification:_identify(build) ignored
[0.226s] Level 1:colcon.colcon_core.package_identification:_identify(config) by extensions ['ignore', 'ignore_ament_install']
[0.226s] Level 1:colcon.colcon_core.package_identification:_identify(config) by extension 'ignore'
[0.226s] Level 1:colcon.colcon_core.package_identification:_identify(config) by extension 'ignore_ament_install'
[0.226s] Level 1:colcon.colcon_core.package_identification:_identify(config) by extensions ['colcon_pkg']
[0.226s] Level 1:colcon.colcon_core.package_identification:_identify(config) by extension 'colcon_pkg'
[0.226s] Level 1:colcon.colcon_core.package_identification:_identify(config) by extensions ['colcon_meta']
[0.226s] Level 1:colcon.colcon_core.package_identification:_identify(config) by extension 'colcon_meta'
[0.226s] Level 1:colcon.colcon_core.package_identification:_identify(config) by extensions ['ros']
[0.226s] Level 1:colcon.colcon_core.package_identification:_identify(config) by extension 'ros'
[0.226s] Level 1:colcon.colcon_core.package_identification:_identify(config) by extensions ['cmake', 'python']
[0.227s] Level 1:colcon.colcon_core.package_identification:_identify(config) by extension 'cmake'
[0.227s] Level 1:colcon.colcon_core.package_identification:_identify(config) by extension 'python'
[0.227s] Level 1:colcon.colcon_core.package_identification:_identify(config) by extensions ['python_setup_py']
[0.227s] Level 1:colcon.colcon_core.package_identification:_identify(config) by extension 'python_setup_py'
[0.227s] Level 1:colcon.colcon_core.package_identification:_identify(config/params) by extensions ['ignore', 'ignore_ament_install']
[0.227s] Level 1:colcon.colcon_core.package_identification:_identify(config/params) by extension 'ignore'
[0.227s] Level 1:colcon.colcon_core.package_identification:_identify(config/params) by extension 'ignore_ament_install'
[0.227s] Level 1:colcon.colcon_core.package_identification:_identify(config/params) by extensions ['colcon_pkg']
[0.227s] Level 1:colcon.colcon_core.package_identification:_identify(config/params) by extension 'colcon_pkg'
[0.227s] Level 1:colcon.colcon_core.package_identification:_identify(config/params) by extensions ['colcon_meta']
[0.227s] Level 1:colcon.colcon_core.package_identification:_identify(config/params) by extension 'colcon_meta'
[0.227s] Level 1:colcon.colcon_core.package_identification:_identify(config/params) by extensions ['ros']
[0.227s] Level 1:colcon.colcon_core.package_identification:_identify(config/params) by extension 'ros'
[0.227s] Level 1:colcon.colcon_core.package_identification:_identify(config/params) by extensions ['cmake', 'python']
[0.227s] Level 1:colcon.colcon_core.package_identification:_identify(config/params) by extension 'cmake'
[0.227s] Level 1:colcon.colcon_core.package_identification:_identify(config/params) by extension 'python'
[0.227s] Level 1:colcon.colcon_core.package_identification:_identify(config/params) by extensions ['python_setup_py']
[0.227s] Level 1:colcon.colcon_core.package_identification:_identify(config/params) by extension 'python_setup_py'
[0.227s] Level 1:colcon.colcon_core.package_identification:_identify(config/rviz) by extensions ['ignore', 'ignore_ament_install']
[0.227s] Level 1:colcon.colcon_core.package_identification:_identify(config/rviz) by extension 'ignore'
[0.227s] Level 1:colcon.colcon_core.package_identification:_identify(config/rviz) by extension 'ignore_ament_install'
[0.227s] Level 1:colcon.colcon_core.package_identification:_identify(config/rviz) by extensions ['colcon_pkg']
[0.227s] Level 1:colcon.colcon_core.package_identification:_identify(config/rviz) by extension 'colcon_pkg'
[0.227s] Level 1:colcon.colcon_core.package_identification:_identify(config/rviz) by extensions ['colcon_meta']
[0.227s] Level 1:colcon.colcon_core.package_identification:_identify(config/rviz) by extension 'colcon_meta'
[0.228s] Level 1:colcon.colcon_core.package_identification:_identify(config/rviz) by extensions ['ros']
[0.228s] Level 1:colcon.colcon_core.package_identification:_identify(config/rviz) by extension 'ros'
[0.228s] Level 1:colcon.colcon_core.package_identification:_identify(config/rviz) by extensions ['cmake', 'python']
[0.228s] Level 1:colcon.colcon_core.package_identification:_identify(config/rviz) by extension 'cmake'
[0.228s] Level 1:colcon.colcon_core.package_identification:_identify(config/rviz) by extension 'python'
[0.228s] Level 1:colcon.colcon_core.package_identification:_identify(config/rviz) by extensions ['python_setup_py']
[0.228s] Level 1:colcon.colcon_core.package_identification:_identify(config/rviz) by extension 'python_setup_py'
[0.228s] Level 1:colcon.colcon_core.package_identification:_identify(install) by extensions ['ignore', 'ignore_ament_install']
[0.228s] Level 1:colcon.colcon_core.package_identification:_identify(install) by extension 'ignore'
[0.228s] Level 1:colcon.colcon_core.package_identification:_identify(install) ignored
[0.228s] Level 1:colcon.colcon_core.package_identification:_identify(launch) by extensions ['ignore', 'ignore_ament_install']
[0.228s] Level 1:colcon.colcon_core.package_identification:_identify(launch) by extension 'ignore'
[0.228s] Level 1:colcon.colcon_core.package_identification:_identify(launch) by extension 'ignore_ament_install'
[0.228s] Level 1:colcon.colcon_core.package_identification:_identify(launch) by extensions ['colcon_pkg']
[0.228s] Level 1:colcon.colcon_core.package_identification:_identify(launch) by extension 'colcon_pkg'
[0.228s] Level 1:colcon.colcon_core.package_identification:_identify(launch) by extensions ['colcon_meta']
[0.228s] Level 1:colcon.colcon_core.package_identification:_identify(launch) by extension 'colcon_meta'
[0.228s] Level 1:colcon.colcon_core.package_identification:_identify(launch) by extensions ['ros']
[0.228s] Level 1:colcon.colcon_core.package_identification:_identify(launch) by extension 'ros'
[0.228s] Level 1:colcon.colcon_core.package_identification:_identify(launch) by extensions ['cmake', 'python']
[0.228s] Level 1:colcon.colcon_core.package_identification:_identify(launch) by extension 'cmake'
[0.228s] Level 1:colcon.colcon_core.package_identification:_identify(launch) by extension 'python'
[0.228s] Level 1:colcon.colcon_core.package_identification:_identify(launch) by extensions ['python_setup_py']
[0.229s] Level 1:colcon.colcon_core.package_identification:_identify(launch) by extension 'python_setup_py'
[0.229s] Level 1:colcon.colcon_core.package_identification:_identify(log) by extensions ['ignore', 'ignore_ament_install']
[0.229s] Level 1:colcon.colcon_core.package_identification:_identify(log) by extension 'ignore'
[0.229s] Level 1:colcon.colcon_core.package_identification:_identify(log) ignored
[0.229s] Level 1:colcon.colcon_core.package_identification:_identify(scripts) by extensions ['ignore', 'ignore_ament_install']
[0.229s] Level 1:colcon.colcon_core.package_identification:_identify(scripts) by extension 'ignore'
[0.229s] Level 1:colcon.colcon_core.package_identification:_identify(scripts) by extension 'ignore_ament_install'
[0.229s] Level 1:colcon.colcon_core.package_identification:_identify(scripts) by extensions ['colcon_pkg']
[0.229s] Level 1:colcon.colcon_core.package_identification:_identify(scripts) by extension 'colcon_pkg'
[0.229s] Level 1:colcon.colcon_core.package_identification:_identify(scripts) by extensions ['colcon_meta']
[0.229s] Level 1:colcon.colcon_core.package_identification:_identify(scripts) by extension 'colcon_meta'
[0.229s] Level 1:colcon.colcon_core.package_identification:_identify(scripts) by extensions ['ros']
[0.229s] Level 1:colcon.colcon_core.package_identification:_identify(scripts) by extension 'ros'
[0.229s] Level 1:colcon.colcon_core.package_identification:_identify(scripts) by extensions ['cmake', 'python']
[0.229s] Level 1:colcon.colcon_core.package_identification:_identify(scripts) by extension 'cmake'
[0.229s] Level 1:colcon.colcon_core.package_identification:_identify(scripts) by extension 'python'
[0.229s] Level 1:colcon.colcon_core.package_identification:_identify(scripts) by extensions ['python_setup_py']
[0.229s] Level 1:colcon.colcon_core.package_identification:_identify(scripts) by extension 'python_setup_py'
[0.229s] Level 1:colcon.colcon_core.package_identification:_identify(src) by extensions ['ignore', 'ignore_ament_install']
[0.230s] Level 1:colcon.colcon_core.package_identification:_identify(src) by extension 'ignore'
[0.230s] Level 1:colcon.colcon_core.package_identification:_identify(src) by extension 'ignore_ament_install'
[0.230s] Level 1:colcon.colcon_core.package_identification:_identify(src) by extensions ['colcon_pkg']
[0.230s] Level 1:colcon.colcon_core.package_identification:_identify(src) by extension 'colcon_pkg'
[0.230s] Level 1:colcon.colcon_core.package_identification:_identify(src) by extensions ['colcon_meta']
[0.230s] Level 1:colcon.colcon_core.package_identification:_identify(src) by extension 'colcon_meta'
[0.230s] Level 1:colcon.colcon_core.package_identification:_identify(src) by extensions ['ros']
[0.230s] Level 1:colcon.colcon_core.package_identification:_identify(src) by extension 'ros'
[0.230s] Level 1:colcon.colcon_core.package_identification:_identify(src) by extensions ['cmake', 'python']
[0.230s] Level 1:colcon.colcon_core.package_identification:_identify(src) by extension 'cmake'
[0.230s] Level 1:colcon.colcon_core.package_identification:_identify(src) by extension 'python'
[0.230s] Level 1:colcon.colcon_core.package_identification:_identify(src) by extensions ['python_setup_py']
[0.230s] Level 1:colcon.colcon_core.package_identification:_identify(src) by extension 'python_setup_py'
[0.230s] Level 1:colcon.colcon_core.package_identification:_identify(src/sensor_pkg) by extensions ['ignore', 'ignore_ament_install']
[0.230s] Level 1:colcon.colcon_core.package_identification:_identify(src/sensor_pkg) by extension 'ignore'
[0.230s] Level 1:colcon.colcon_core.package_identification:_identify(src/sensor_pkg) by extension 'ignore_ament_install'
[0.230s] Level 1:colcon.colcon_core.package_identification:_identify(src/sensor_pkg) by extensions ['colcon_pkg']
[0.230s] Level 1:colcon.colcon_core.package_identification:_identify(src/sensor_pkg) by extension 'colcon_pkg'
[0.230s] Level 1:colcon.colcon_core.package_identification:_identify(src/sensor_pkg) by extensions ['colcon_meta']
[0.230s] Level 1:colcon.colcon_core.package_identification:_identify(src/sensor_pkg) by extension 'colcon_meta'
[0.230s] Level 1:colcon.colcon_core.package_identification:_identify(src/sensor_pkg) by extensions ['ros']
[0.230s] Level 1:colcon.colcon_core.package_identification:_identify(src/sensor_pkg) by extension 'ros'
[0.230s] Level 1:colcon.colcon_core.package_identification:_identify(src/sensor_pkg) by extensions ['cmake', 'python']
[0.230s] Level 1:colcon.colcon_core.package_identification:_identify(src/sensor_pkg) by extension 'cmake'
[0.230s] Level 1:colcon.colcon_core.package_identification:_identify(src/sensor_pkg) by extension 'python'
[0.230s] Level 1:colcon.colcon_core.package_identification:_identify(src/sensor_pkg) by extensions ['python_setup_py']
[0.231s] Level 1:colcon.colcon_core.package_identification:_identify(src/sensor_pkg) by extension 'python_setup_py'
[0.231s] Level 1:colcon.colcon_core.package_identification:_identify(src/sensor_pkg/ublox) by extensions ['ignore', 'ignore_ament_install']
[0.231s] Level 1:colcon.colcon_core.package_identification:_identify(src/sensor_pkg/ublox) by extension 'ignore'
[0.231s] Level 1:colcon.colcon_core.package_identification:_identify(src/sensor_pkg/ublox) by extension 'ignore_ament_install'
[0.231s] Level 1:colcon.colcon_core.package_identification:_identify(src/sensor_pkg/ublox) by extensions ['colcon_pkg']
[0.231s] Level 1:colcon.colcon_core.package_identification:_identify(src/sensor_pkg/ublox) by extension 'colcon_pkg'
[0.231s] Level 1:colcon.colcon_core.package_identification:_identify(src/sensor_pkg/ublox) by extensions ['colcon_meta']
[0.231s] Level 1:colcon.colcon_core.package_identification:_identify(src/sensor_pkg/ublox) by extension 'colcon_meta'
[0.231s] Level 1:colcon.colcon_core.package_identification:_identify(src/sensor_pkg/ublox) by extensions ['ros']
[0.231s] Level 1:colcon.colcon_core.package_identification:_identify(src/sensor_pkg/ublox) by extension 'ros'
[0.231s] Level 1:colcon.colcon_core.package_identification:_identify(src/sensor_pkg/ublox) by extensions ['cmake', 'python']
[0.231s] Level 1:colcon.colcon_core.package_identification:_identify(src/sensor_pkg/ublox) by extension 'cmake'
[0.231s] Level 1:colcon.colcon_core.package_identification:_identify(src/sensor_pkg/ublox) by extension 'python'
[0.231s] Level 1:colcon.colcon_core.package_identification:_identify(src/sensor_pkg/ublox) by extensions ['python_setup_py']
[0.231s] Level 1:colcon.colcon_core.package_identification:_identify(src/sensor_pkg/ublox) by extension 'python_setup_py'
[0.231s] Level 1:colcon.colcon_core.package_identification:_identify(src/sensor_pkg/usb_cam) by extensions ['ignore', 'ignore_ament_install']
[0.231s] Level 1:colcon.colcon_core.package_identification:_identify(src/sensor_pkg/usb_cam) by extension 'ignore'
[0.231s] Level 1:colcon.colcon_core.package_identification:_identify(src/sensor_pkg/usb_cam) by extension 'ignore_ament_install'
[0.231s] Level 1:colcon.colcon_core.package_identification:_identify(src/sensor_pkg/usb_cam) by extensions ['colcon_pkg']
[0.231s] Level 1:colcon.colcon_core.package_identification:_identify(src/sensor_pkg/usb_cam) by extension 'colcon_pkg'
[0.231s] Level 1:colcon.colcon_core.package_identification:_identify(src/sensor_pkg/usb_cam) by extensions ['colcon_meta']
[0.231s] Level 1:colcon.colcon_core.package_identification:_identify(src/sensor_pkg/usb_cam) by extension 'colcon_meta'
[0.231s] Level 1:colcon.colcon_core.package_identification:_identify(src/sensor_pkg/usb_cam) by extensions ['ros']
[0.231s] Level 1:colcon.colcon_core.package_identification:_identify(src/sensor_pkg/usb_cam) by extension 'ros'
[0.232s] Level 1:colcon.colcon_core.package_identification:_identify(src/sensor_pkg/usb_cam) by extensions ['cmake', 'python']
[0.232s] Level 1:colcon.colcon_core.package_identification:_identify(src/sensor_pkg/usb_cam) by extension 'cmake'
[0.232s] Level 1:colcon.colcon_core.package_identification:_identify(src/sensor_pkg/usb_cam) by extension 'python'
[0.232s] Level 1:colcon.colcon_core.package_identification:_identify(src/sensor_pkg/usb_cam) by extensions ['python_setup_py']
[0.232s] Level 1:colcon.colcon_core.package_identification:_identify(src/sensor_pkg/usb_cam) by extension 'python_setup_py'
[0.232s] Level 1:colcon.colcon_core.package_identification:_identify(src/sensor_pkg/zed-ros2-wrapper) by extensions ['ignore', 'ignore_ament_install']
[0.232s] Level 1:colcon.colcon_core.package_identification:_identify(src/sensor_pkg/zed-ros2-wrapper) by extension 'ignore'
[0.232s] Level 1:colcon.colcon_core.package_identification:_identify(src/sensor_pkg/zed-ros2-wrapper) by extension 'ignore_ament_install'
[0.232s] Level 1:colcon.colcon_core.package_identification:_identify(src/sensor_pkg/zed-ros2-wrapper) by extensions ['colcon_pkg']
[0.232s] Level 1:colcon.colcon_core.package_identification:_identify(src/sensor_pkg/zed-ros2-wrapper) by extension 'colcon_pkg'
[0.232s] Level 1:colcon.colcon_core.package_identification:_identify(src/sensor_pkg/zed-ros2-wrapper) by extensions ['colcon_meta']
[0.232s] Level 1:colcon.colcon_core.package_identification:_identify(src/sensor_pkg/zed-ros2-wrapper) by extension 'colcon_meta'
[0.232s] Level 1:colcon.colcon_core.package_identification:_identify(src/sensor_pkg/zed-ros2-wrapper) by extensions ['ros']
[0.232s] Level 1:colcon.colcon_core.package_identification:_identify(src/sensor_pkg/zed-ros2-wrapper) by extension 'ros'
[0.232s] Level 1:colcon.colcon_core.package_identification:_identify(src/sensor_pkg/zed-ros2-wrapper) by extensions ['cmake', 'python']
[0.232s] Level 1:colcon.colcon_core.package_identification:_identify(src/sensor_pkg/zed-ros2-wrapper) by extension 'cmake'
[0.232s] Level 1:colcon.colcon_core.package_identification:_identify(src/sensor_pkg/zed-ros2-wrapper) by extension 'python'
[0.232s] Level 1:colcon.colcon_core.package_identification:_identify(src/sensor_pkg/zed-ros2-wrapper) by extensions ['python_setup_py']
[0.232s] Level 1:colcon.colcon_core.package_identification:_identify(src/sensor_pkg/zed-ros2-wrapper) by extension 'python_setup_py'
[0.232s] Level 1:colcon.colcon_core.package_identification:_identify(src/vehicle) by extensions ['ignore', 'ignore_ament_install']
[0.232s] Level 1:colcon.colcon_core.package_identification:_identify(src/vehicle) by extension 'ignore'
[0.232s] Level 1:colcon.colcon_core.package_identification:_identify(src/vehicle) by extension 'ignore_ament_install'
[0.233s] Level 1:colcon.colcon_core.package_identification:_identify(src/vehicle) by extensions ['colcon_pkg']
[0.233s] Level 1:colcon.colcon_core.package_identification:_identify(src/vehicle) by extension 'colcon_pkg'
[0.233s] Level 1:colcon.colcon_core.package_identification:_identify(src/vehicle) by extensions ['colcon_meta']
[0.233s] Level 1:colcon.colcon_core.package_identification:_identify(src/vehicle) by extension 'colcon_meta'
[0.233s] Level 1:colcon.colcon_core.package_identification:_identify(src/vehicle) by extensions ['ros']
[0.233s] Level 1:colcon.colcon_core.package_identification:_identify(src/vehicle) by extension 'ros'
[0.233s] Level 1:colcon.colcon_core.package_identification:_identify(src/vehicle) by extensions ['cmake', 'python']
[0.233s] Level 1:colcon.colcon_core.package_identification:_identify(src/vehicle) by extension 'cmake'
[0.233s] Level 1:colcon.colcon_core.package_identification:_identify(src/vehicle) by extension 'python'
[0.233s] Level 1:colcon.colcon_core.package_identification:_identify(src/vehicle) by extensions ['python_setup_py']
[0.233s] Level 1:colcon.colcon_core.package_identification:_identify(src/vehicle) by extension 'python_setup_py'
[0.233s] Level 1:colcon.colcon_core.package_identification:_identify(src/vehicle/SCV_hunter_ros2) by extensions ['ignore', 'ignore_ament_install']
[0.233s] Level 1:colcon.colcon_core.package_identification:_identify(src/vehicle/SCV_hunter_ros2) by extension 'ignore'
[0.233s] Level 1:colcon.colcon_core.package_identification:_identify(src/vehicle/SCV_hunter_ros2) by extension 'ignore_ament_install'
[0.233s] Level 1:colcon.colcon_core.package_identification:_identify(src/vehicle/SCV_hunter_ros2) by extensions ['colcon_pkg']
[0.233s] Level 1:colcon.colcon_core.package_identification:_identify(src/vehicle/SCV_hunter_ros2) by extension 'colcon_pkg'
[0.233s] Level 1:colcon.colcon_core.package_identification:_identify(src/vehicle/SCV_hunter_ros2) by extensions ['colcon_meta']
[0.233s] Level 1:colcon.colcon_core.package_identification:_identify(src/vehicle/SCV_hunter_ros2) by extension 'colcon_meta'
[0.233s] Level 1:colcon.colcon_core.package_identification:_identify(src/vehicle/SCV_hunter_ros2) by extensions ['ros']
[0.233s] Level 1:colcon.colcon_core.package_identification:_identify(src/vehicle/SCV_hunter_ros2) by extension 'ros'
[0.233s] Level 1:colcon.colcon_core.package_identification:_identify(src/vehicle/SCV_hunter_ros2) by extensions ['cmake', 'python']
[0.233s] Level 1:colcon.colcon_core.package_identification:_identify(src/vehicle/SCV_hunter_ros2) by extension 'cmake'
[0.233s] Level 1:colcon.colcon_core.package_identification:_identify(src/vehicle/SCV_hunter_ros2) by extension 'python'
[0.233s] Level 1:colcon.colcon_core.package_identification:_identify(src/vehicle/SCV_hunter_ros2) by extensions ['python_setup_py']
[0.233s] Level 1:colcon.colcon_core.package_identification:_identify(src/vehicle/SCV_hunter_ros2) by extension 'python_setup_py'
[0.234s] Level 1:colcon.colcon_core.package_identification:_identify(src/vehicle/SCV_hunter_ros2/hunter_base) by extensions ['ignore', 'ignore_ament_install']
[0.234s] Level 1:colcon.colcon_core.package_identification:_identify(src/vehicle/SCV_hunter_ros2/hunter_base) by extension 'ignore'
[0.234s] Level 1:colcon.colcon_core.package_identification:_identify(src/vehicle/SCV_hunter_ros2/hunter_base) by extension 'ignore_ament_install'
[0.234s] Level 1:colcon.colcon_core.package_identification:_identify(src/vehicle/SCV_hunter_ros2/hunter_base) by extensions ['colcon_pkg']
[0.234s] Level 1:colcon.colcon_core.package_identification:_identify(src/vehicle/SCV_hunter_ros2/hunter_base) by extension 'colcon_pkg'
[0.234s] Level 1:colcon.colcon_core.package_identification:_identify(src/vehicle/SCV_hunter_ros2/hunter_base) by extensions ['colcon_meta']
[0.234s] Level 1:colcon.colcon_core.package_identification:_identify(src/vehicle/SCV_hunter_ros2/hunter_base) by extension 'colcon_meta'
[0.234s] Level 1:colcon.colcon_core.package_identification:_identify(src/vehicle/SCV_hunter_ros2/hunter_base) by extensions ['ros']
[0.234s] Level 1:colcon.colcon_core.package_identification:_identify(src/vehicle/SCV_hunter_ros2/hunter_base) by extension 'ros'
[0.236s] DEBUG:colcon.colcon_core.package_identification:Package 'src/vehicle/SCV_hunter_ros2/hunter_base' with type 'ros.ament_cmake' and name 'hunter_base'
[0.237s] Level 1:colcon.colcon_core.package_identification:_identify(src/vehicle/SCV_hunter_ros2/hunter_msgs) by extensions ['ignore', 'ignore_ament_install']
[0.237s] Level 1:colcon.colcon_core.package_identification:_identify(src/vehicle/SCV_hunter_ros2/hunter_msgs) by extension 'ignore'
[0.237s] Level 1:colcon.colcon_core.package_identification:_identify(src/vehicle/SCV_hunter_ros2/hunter_msgs) by extension 'ignore_ament_install'
[0.237s] Level 1:colcon.colcon_core.package_identification:_identify(src/vehicle/SCV_hunter_ros2/hunter_msgs) by extensions ['colcon_pkg']
[0.237s] Level 1:colcon.colcon_core.package_identification:_identify(src/vehicle/SCV_hunter_ros2/hunter_msgs) by extension 'colcon_pkg'
[0.237s] Level 1:colcon.colcon_core.package_identification:_identify(src/vehicle/SCV_hunter_ros2/hunter_msgs) by extensions ['colcon_meta']
[0.237s] Level 1:colcon.colcon_core.package_identification:_identify(src/vehicle/SCV_hunter_ros2/hunter_msgs) by extension 'colcon_meta'
[0.237s] Level 1:colcon.colcon_core.package_identification:_identify(src/vehicle/SCV_hunter_ros2/hunter_msgs) by extensions ['ros']
[0.237s] Level 1:colcon.colcon_core.package_identification:_identify(src/vehicle/SCV_hunter_ros2/hunter_msgs) by extension 'ros'
[0.237s] DEBUG:colcon.colcon_core.package_identification:Package 'src/vehicle/SCV_hunter_ros2/hunter_msgs' with type 'ros.ament_cmake' and name 'hunter_msgs'
[0.238s] Level 1:colcon.colcon_core.package_identification:_identify(src/vehicle/SCV_ugv_sdk) by extensions ['ignore', 'ignore_ament_install']
[0.238s] Level 1:colcon.colcon_core.package_identification:_identify(src/vehicle/SCV_ugv_sdk) by extension 'ignore'
[0.238s] Level 1:colcon.colcon_core.package_identification:_identify(src/vehicle/SCV_ugv_sdk) by extension 'ignore_ament_install'
[0.238s] Level 1:colcon.colcon_core.package_identification:_identify(src/vehicle/SCV_ugv_sdk) by extensions ['colcon_pkg']
[0.238s] Level 1:colcon.colcon_core.package_identification:_identify(src/vehicle/SCV_ugv_sdk) by extension 'colcon_pkg'
[0.238s] Level 1:colcon.colcon_core.package_identification:_identify(src/vehicle/SCV_ugv_sdk) by extensions ['colcon_meta']
[0.238s] Level 1:colcon.colcon_core.package_identification:_identify(src/vehicle/SCV_ugv_sdk) by extension 'colcon_meta'
[0.238s] Level 1:colcon.colcon_core.package_identification:_identify(src/vehicle/SCV_ugv_sdk) by extensions ['ros']
[0.238s] Level 1:colcon.colcon_core.package_identification:_identify(src/vehicle/SCV_ugv_sdk) by extension 'ros'
[0.238s] DEBUG:colcon.colcon_core.package_identification:Package 'src/vehicle/SCV_ugv_sdk' with type 'ros.catkin' and name 'ugv_sdk'
[0.238s] Level 1:colcon.colcon_core.package_identification:_identify(src/vehicle/urdf) by extensions ['ignore', 'ignore_ament_install']
[0.239s] Level 1:colcon.colcon_core.package_identification:_identify(src/vehicle/urdf) by extension 'ignore'
[0.239s] Level 1:colcon.colcon_core.package_identification:_identify(src/vehicle/urdf) by extension 'ignore_ament_install'
[0.239s] Level 1:colcon.colcon_core.package_identification:_identify(src/vehicle/urdf) by extensions ['colcon_pkg']
[0.239s] Level 1:colcon.colcon_core.package_identification:_identify(src/vehicle/urdf) by extension 'colcon_pkg'
[0.239s] Level 1:colcon.colcon_core.package_identification:_identify(src/vehicle/urdf) by extensions ['colcon_meta']
[0.239s] Level 1:colcon.colcon_core.package_identification:_identify(src/vehicle/urdf) by extension 'colcon_meta'
[0.239s] Level 1:colcon.colcon_core.package_identification:_identify(src/vehicle/urdf) by extensions ['ros']
[0.239s] Level 1:colcon.colcon_core.package_identification:_identify(src/vehicle/urdf) by extension 'ros'
[0.239s] Level 1:colcon.colcon_core.package_identification:_identify(src/vehicle/urdf) by extensions ['cmake', 'python']
[0.239s] Level 1:colcon.colcon_core.package_identification:_identify(src/vehicle/urdf) by extension 'cmake'
[0.239s] Level 1:colcon.colcon_core.package_identification:_identify(src/vehicle/urdf) by extension 'python'
[0.239s] Level 1:colcon.colcon_core.package_identification:_identify(src/vehicle/urdf) by extensions ['python_setup_py']
[0.239s] Level 1:colcon.colcon_core.package_identification:_identify(src/vehicle/urdf) by extension 'python_setup_py'
[0.239s] Level 1:colcon.colcon_core.package_discovery:discover_packages(recursive) using defaults
[0.239s] Level 1:colcon.colcon_core.package_discovery:discover_packages(ignore) discover
[0.239s] Level 1:colcon.colcon_core.package_discovery:discover_packages(ignore) using defaults
[0.239s] Level 1:colcon.colcon_core.package_discovery:discover_packages(path) discover
[0.239s] Level 1:colcon.colcon_core.package_discovery:discover_packages(path) using defaults
[0.263s] Level 1:colcon.colcon_core.package_discovery:discover_packages(prefix_path) check parameters
[0.263s] Level 1:colcon.colcon_core.package_discovery:discover_packages(prefix_path) discover
[0.264s] WARNING:colcon.colcon_ros.prefix_path.ament:The path '/home/scv/SCV/install/hunter_base' in the environment variable AMENT_PREFIX_PATH doesn't exist
[0.264s] WARNING:colcon.colcon_ros.prefix_path.ament:The path '/home/scv/SCV/install/hunter_msgs' in the environment variable AMENT_PREFIX_PATH doesn't exist
[0.264s] WARNING:colcon.colcon_ros.prefix_path.catkin:The path '/home/scv/SCV/install/hunter_base' in the environment variable CMAKE_PREFIX_PATH doesn't exist
[0.264s] WARNING:colcon.colcon_ros.prefix_path.catkin:The path '/home/scv/SCV/install/hunter_msgs' in the environment variable CMAKE_PREFIX_PATH doesn't exist
[0.264s] WARNING:colcon.colcon_ros.prefix_path.catkin:The path '/home/scv/SCV/install/ugv_sdk' in the environment variable CMAKE_PREFIX_PATH doesn't exist
[0.265s] DEBUG:colcon.colcon_installed_package_information.package_discovery:Found 0 installed packages in /home/scv/SCV/install
[0.265s] DEBUG:colcon.colcon_installed_package_information.package_discovery:Found 271 installed packages in /opt/ros/humble
[0.266s] Level 1:colcon.colcon_core.package_discovery:discover_packages(prefix_path) using defaults
[0.296s] Level 5:colcon.colcon_core.verb:set package 'hunter_msgs' build argument 'cmake_args' from command line to 'None'
[0.296s] Level 5:colcon.colcon_core.verb:set package 'hunter_msgs' build argument 'cmake_target' from command line to 'None'
[0.296s] Level 5:colcon.colcon_core.verb:set package 'hunter_msgs' build argument 'cmake_target_skip_unavailable' from command line to 'False'
[0.296s] Level 5:colcon.colcon_core.verb:set package 'hunter_msgs' build argument 'cmake_clean_cache' from command line to 'False'
[0.296s] Level 5:colcon.colcon_core.verb:set package 'hunter_msgs' build argument 'cmake_clean_first' from command line to 'False'
[0.296s] Level 5:colcon.colcon_core.verb:set package 'hunter_msgs' build argument 'cmake_force_configure' from command line to 'False'
[0.296s] Level 5:colcon.colcon_core.verb:set package 'hunter_msgs' build argument 'ament_cmake_args' from command line to 'None'
[0.296s] Level 5:colcon.colcon_core.verb:set package 'hunter_msgs' build argument 'catkin_cmake_args' from command line to 'None'
[0.296s] Level 5:colcon.colcon_core.verb:set package 'hunter_msgs' build argument 'catkin_skip_building_tests' from command line to 'False'
[0.296s] DEBUG:colcon.colcon_core.verb:Building package 'hunter_msgs' with the following arguments: {'ament_cmake_args': None, 'build_base': '/home/scv/SCV/build/hunter_msgs', 'catkin_cmake_args': None, 'catkin_skip_building_tests': False, 'cmake_args': None, 'cmake_clean_cache': False, 'cmake_clean_first': False, 'cmake_force_configure': False, 'cmake_target': None, 'cmake_target_skip_unavailable': False, 'install_base': '/home/scv/SCV/install/hunter_msgs', 'merge_install': False, 'path': '/home/scv/SCV/src/vehicle/SCV_hunter_ros2/hunter_msgs', 'symlink_install': False, 'test_result_base': None}
[0.296s] Level 5:colcon.colcon_core.verb:set package 'ugv_sdk' build argument 'cmake_args' from command line to 'None'
[0.297s] Level 5:colcon.colcon_core.verb:set package 'ugv_sdk' build argument 'cmake_target' from command line to 'None'
[0.297s] Level 5:colcon.colcon_core.verb:set package 'ugv_sdk' build argument 'cmake_target_skip_unavailable' from command line to 'False'
[0.297s] Level 5:colcon.colcon_core.verb:set package 'ugv_sdk' build argument 'cmake_clean_cache' from command line to 'False'
[0.297s] Level 5:colcon.colcon_core.verb:set package 'ugv_sdk' build argument 'cmake_clean_first' from command line to 'False'
[0.297s] Level 5:colcon.colcon_core.verb:set package 'ugv_sdk' build argument 'cmake_force_configure' from command line to 'False'
[0.297s] Level 5:colcon.colcon_core.verb:set package 'ugv_sdk' build argument 'ament_cmake_args' from command line to 'None'
[0.297s] Level 5:colcon.colcon_core.verb:set package 'ugv_sdk' build argument 'catkin_cmake_args' from command line to 'None'
[0.297s] Level 5:colcon.colcon_core.verb:set package 'ugv_sdk' build argument 'catkin_skip_building_tests' from command line to 'False'
[0.297s] DEBUG:colcon.colcon_core.verb:Building package 'ugv_sdk' with the following arguments: {'ament_cmake_args': None, 'build_base': '/home/scv/SCV/build/ugv_sdk', 'catkin_cmake_args': None, 'catkin_skip_building_tests': False, 'cmake_args': None, 'cmake_clean_cache': False, 'cmake_clean_first': False, 'cmake_force_configure': False, 'cmake_target': None, 'cmake_target_skip_unavailable': False, 'install_base': '/home/scv/SCV/install/ugv_sdk', 'merge_install': False, 'path': '/home/scv/SCV/src/vehicle/SCV_ugv_sdk', 'symlink_install': False, 'test_result_base': None}
[0.297s] Level 5:colcon.colcon_core.verb:set package 'hunter_base' build argument 'cmake_args' from command line to 'None'
[0.297s] Level 5:colcon.colcon_core.verb:set package 'hunter_base' build argument 'cmake_target' from command line to 'None'
[0.297s] Level 5:colcon.colcon_core.verb:set package 'hunter_base' build argument 'cmake_target_skip_unavailable' from command line to 'False'
[0.297s] Level 5:colcon.colcon_core.verb:set package 'hunter_base' build argument 'cmake_clean_cache' from command line to 'False'
[0.297s] Level 5:colcon.colcon_core.verb:set package 'hunter_base' build argument 'cmake_clean_first' from command line to 'False'
[0.297s] Level 5:colcon.colcon_core.verb:set package 'hunter_base' build argument 'cmake_force_configure' from command line to 'False'
[0.297s] Level 5:colcon.colcon_core.verb:set package 'hunter_base' build argument 'ament_cmake_args' from command line to 'None'
[0.297s] Level 5:colcon.colcon_core.verb:set package 'hunter_base' build argument 'catkin_cmake_args' from command line to 'None'
[0.297s] Level 5:colcon.colcon_core.verb:set package 'hunter_base' build argument 'catkin_skip_building_tests' from command line to 'False'
[0.297s] DEBUG:colcon.colcon_core.verb:Building package 'hunter_base' with the following arguments: {'ament_cmake_args': None, 'build_base': '/home/scv/SCV/build/hunter_base', 'catkin_cmake_args': None, 'catkin_skip_building_tests': False, 'cmake_args': None, 'cmake_clean_cache': False, 'cmake_clean_first': False, 'cmake_force_configure': False, 'cmake_target': None, 'cmake_target_skip_unavailable': False, 'install_base': '/home/scv/SCV/install/hunter_base', 'merge_install': False, 'path': '/home/scv/SCV/src/vehicle/SCV_hunter_ros2/hunter_base', 'symlink_install': False, 'test_result_base': None}
[0.297s] INFO:colcon.colcon_core.executor:Executing jobs using 'parallel' executor
[0.298s] DEBUG:colcon.colcon_parallel_executor.executor.parallel:run_until_complete
[0.298s] INFO:colcon.colcon_ros.task.ament_cmake.build:Building ROS package in '/home/scv/SCV/src/vehicle/SCV_hunter_ros2/hunter_msgs' with build type 'ament_cmake'
[0.298s] INFO:colcon.colcon_cmake.task.cmake.build:Building CMake package in '/home/scv/SCV/src/vehicle/SCV_hunter_ros2/hunter_msgs'
[0.300s] INFO:colcon.colcon_core.plugin_system:Skipping extension 'colcon_core.shell.bat': Not used on non-Windows systems
[0.300s] INFO:colcon.colcon_core.shell:Skip shell extension 'powershell' for command environment: Not usable outside of PowerShell
[0.300s] DEBUG:colcon.colcon_core.shell:Skip shell extension 'dsv' for command environment
[0.302s] INFO:colcon.colcon_ros.task.catkin.build:Building ROS package in '/home/scv/SCV/src/vehicle/SCV_ugv_sdk' with build type 'catkin'
[0.302s] INFO:colcon.colcon_cmake.task.cmake.build:Building CMake package in '/home/scv/SCV/src/vehicle/SCV_ugv_sdk'
[0.303s] INFO:colcon.colcon_core.shell:Skip shell extension 'powershell' for command environment: Not usable outside of PowerShell
[0.303s] DEBUG:colcon.colcon_core.shell:Skip shell extension 'dsv' for command environment
[0.308s] DEBUG:colcon.colcon_core.event_handler.log_command:Invoking command in '/home/scv/SCV/build/hunter_msgs': CMAKE_PREFIX_PATH=${CMAKE_PREFIX_PATH}:/opt/ros/humble /usr/bin/cmake /home/scv/SCV/src/vehicle/SCV_hunter_ros2/hunter_msgs -DCMAKE_INSTALL_PREFIX=/home/scv/SCV/install/hunter_msgs
[0.310s] DEBUG:colcon.colcon_core.event_handler.log_command:Invoking command in '/home/scv/SCV/build/ugv_sdk': /usr/bin/cmake /home/scv/SCV/src/vehicle/SCV_ugv_sdk -DCATKIN_INSTALL_INTO_PREFIX_ROOT=0 -DCMAKE_INSTALL_PREFIX=/home/scv/SCV/install/ugv_sdk
[0.672s] DEBUG:colcon.colcon_core.event_handler.log_command:Invoked command in '/home/scv/SCV/build/ugv_sdk' returned '0': /usr/bin/cmake /home/scv/SCV/src/vehicle/SCV_ugv_sdk -DCATKIN_INSTALL_INTO_PREFIX_ROOT=0 -DCMAKE_INSTALL_PREFIX=/home/scv/SCV/install/ugv_sdk
[0.672s] DEBUG:colcon.colcon_core.event_handler.log_command:Invoking command in '/home/scv/SCV/build/ugv_sdk': /usr/bin/cmake --build /home/scv/SCV/build/ugv_sdk -- -j8 -l8
[2.239s] DEBUG:colcon.colcon_core.event_handler.log_command:Invoked command in '/home/scv/SCV/build/hunter_msgs' returned '0': CMAKE_PREFIX_PATH=${CMAKE_PREFIX_PATH}:/opt/ros/humble /usr/bin/cmake /home/scv/SCV/src/vehicle/SCV_hunter_ros2/hunter_msgs -DCMAKE_INSTALL_PREFIX=/home/scv/SCV/install/hunter_msgs
[2.245s] DEBUG:colcon.colcon_core.event_handler.log_command:Invoking command in '/home/scv/SCV/build/hunter_msgs': CMAKE_PREFIX_PATH=${CMAKE_PREFIX_PATH}:/opt/ros/humble /usr/bin/cmake --build /home/scv/SCV/build/hunter_msgs -- -j8 -l8
[7.853s] DEBUG:colcon.colcon_core.event_handler.log_command:Invoked command in '/home/scv/SCV/build/ugv_sdk' returned '0': /usr/bin/cmake --build /home/scv/SCV/build/ugv_sdk -- -j8 -l8
[7.862s] DEBUG:colcon.colcon_core.event_handler.log_command:Invoking command in '/home/scv/SCV/build/ugv_sdk': /usr/bin/cmake --install /home/scv/SCV/build/ugv_sdk
[7.877s] DEBUG:colcon.colcon_core.event_handler.log_command:Invoked command in '/home/scv/SCV/build/ugv_sdk' returned '0': /usr/bin/cmake --install /home/scv/SCV/build/ugv_sdk
[7.877s] Level 1:colcon.colcon_core.shell:create_environment_hook('ugv_sdk', 'ros_package_path')
[7.878s] INFO:colcon.colcon_core.shell:Creating environment hook '/home/scv/SCV/install/ugv_sdk/share/ugv_sdk/hook/ros_package_path.ps1'
[7.878s] INFO:colcon.colcon_core.shell:Creating environment descriptor '/home/scv/SCV/install/ugv_sdk/share/ugv_sdk/hook/ros_package_path.dsv'
[7.879s] INFO:colcon.colcon_core.shell:Creating environment hook '/home/scv/SCV/install/ugv_sdk/share/ugv_sdk/hook/ros_package_path.sh'
[7.880s] Level 1:colcon.colcon_core.shell:create_environment_hook('ugv_sdk', 'pkg_config_path')
[7.880s] INFO:colcon.colcon_core.shell:Creating environment hook '/home/scv/SCV/install/ugv_sdk/share/ugv_sdk/hook/pkg_config_path.ps1'
[7.880s] INFO:colcon.colcon_core.shell:Creating environment descriptor '/home/scv/SCV/install/ugv_sdk/share/ugv_sdk/hook/pkg_config_path.dsv'
[7.880s] INFO:colcon.colcon_core.shell:Creating environment hook '/home/scv/SCV/install/ugv_sdk/share/ugv_sdk/hook/pkg_config_path.sh'
[7.882s] Level 1:colcon.colcon_core.shell:create_environment_hook('ugv_sdk', 'pkg_config_path_multiarch')
[7.882s] INFO:colcon.colcon_core.shell:Creating environment hook '/home/scv/SCV/install/ugv_sdk/share/ugv_sdk/hook/pkg_config_path_multiarch.ps1'
[7.883s] INFO:colcon.colcon_core.shell:Creating environment descriptor '/home/scv/SCV/install/ugv_sdk/share/ugv_sdk/hook/pkg_config_path_multiarch.dsv'
[7.883s] INFO:colcon.colcon_core.shell:Creating environment hook '/home/scv/SCV/install/ugv_sdk/share/ugv_sdk/hook/pkg_config_path_multiarch.sh'
[7.884s] Level 1:colcon.colcon_core.environment:create_environment_scripts_only(ugv_sdk)
[7.886s] Level 1:colcon.colcon_core.environment:checking '/home/scv/SCV/install/ugv_sdk' for CMake module files
[7.887s] Level 1:colcon.colcon_core.environment:checking '/home/scv/SCV/install/ugv_sdk' for CMake config files
[7.887s] Level 1:colcon.colcon_core.shell:create_environment_hook('ugv_sdk', 'cmake_prefix_path')
[7.887s] INFO:colcon.colcon_core.shell:Creating environment hook '/home/scv/SCV/install/ugv_sdk/share/ugv_sdk/hook/cmake_prefix_path.ps1'
[7.887s] INFO:colcon.colcon_core.shell:Creating environment descriptor '/home/scv/SCV/install/ugv_sdk/share/ugv_sdk/hook/cmake_prefix_path.dsv'
[7.888s] INFO:colcon.colcon_core.shell:Creating environment hook '/home/scv/SCV/install/ugv_sdk/share/ugv_sdk/hook/cmake_prefix_path.sh'
[7.889s] Level 1:colcon.colcon_core.environment:checking '/home/scv/SCV/install/ugv_sdk/lib'
[7.889s] Level 1:colcon.colcon_core.environment:checking '/home/scv/SCV/install/ugv_sdk/bin'
[7.889s] Level 1:colcon.colcon_core.environment:checking '/home/scv/SCV/install/ugv_sdk/lib/pkgconfig/ugv_sdk.pc'
[7.889s] Level 1:colcon.colcon_core.environment:checking '/home/scv/SCV/install/ugv_sdk/lib/python3.10/site-packages'
[7.889s] Level 1:colcon.colcon_core.environment:checking '/home/scv/SCV/install/ugv_sdk/bin'
[7.890s] INFO:colcon.colcon_core.shell:Creating package script '/home/scv/SCV/install/ugv_sdk/share/ugv_sdk/package.ps1'
[7.891s] INFO:colcon.colcon_core.shell:Creating package descriptor '/home/scv/SCV/install/ugv_sdk/share/ugv_sdk/package.dsv'
[7.891s] INFO:colcon.colcon_core.shell:Creating package script '/home/scv/SCV/install/ugv_sdk/share/ugv_sdk/package.sh'
[7.892s] INFO:colcon.colcon_core.shell:Creating package script '/home/scv/SCV/install/ugv_sdk/share/ugv_sdk/package.bash'
[7.893s] INFO:colcon.colcon_core.shell:Creating package script '/home/scv/SCV/install/ugv_sdk/share/ugv_sdk/package.zsh'
[7.894s] Level 1:colcon.colcon_core.environment:create_file_with_runtime_dependencies(/home/scv/SCV/install/ugv_sdk/share/colcon-core/packages/ugv_sdk)
[8.006s] DEBUG:colcon.colcon_core.event_handler.log_command:Invoked command in '/home/scv/SCV/build/hunter_msgs' returned '0': CMAKE_PREFIX_PATH=${CMAKE_PREFIX_PATH}:/opt/ros/humble /usr/bin/cmake --build /home/scv/SCV/build/hunter_msgs -- -j8 -l8
[8.008s] DEBUG:colcon.colcon_core.event_handler.log_command:Invoking command in '/home/scv/SCV/build/hunter_msgs': CMAKE_PREFIX_PATH=${CMAKE_PREFIX_PATH}:/opt/ros/humble /usr/bin/cmake --install /home/scv/SCV/build/hunter_msgs
[8.074s] Level 1:colcon.colcon_core.environment:create_environment_scripts_only(hunter_msgs)
[8.074s] Level 1:colcon.colcon_core.environment:checking '/home/scv/SCV/install/hunter_msgs' for CMake module files
[8.075s] DEBUG:colcon.colcon_core.event_handler.log_command:Invoked command in '/home/scv/SCV/build/hunter_msgs' returned '0': CMAKE_PREFIX_PATH=${CMAKE_PREFIX_PATH}:/opt/ros/humble /usr/bin/cmake --install /home/scv/SCV/build/hunter_msgs
[8.075s] Level 1:colcon.colcon_core.environment:checking '/home/scv/SCV/install/hunter_msgs' for CMake config files
[8.075s] Level 1:colcon.colcon_core.shell:create_environment_hook('hunter_msgs', 'cmake_prefix_path')
[8.076s] INFO:colcon.colcon_core.shell:Creating environment hook '/home/scv/SCV/install/hunter_msgs/share/hunter_msgs/hook/cmake_prefix_path.ps1'
[8.076s] INFO:colcon.colcon_core.shell:Creating environment descriptor '/home/scv/SCV/install/hunter_msgs/share/hunter_msgs/hook/cmake_prefix_path.dsv'
[8.076s] INFO:colcon.colcon_core.shell:Creating environment hook '/home/scv/SCV/install/hunter_msgs/share/hunter_msgs/hook/cmake_prefix_path.sh'
[8.077s] Level 1:colcon.colcon_core.environment:checking '/home/scv/SCV/install/hunter_msgs/lib'
[8.077s] Level 1:colcon.colcon_core.shell:create_environment_hook('hunter_msgs', 'ld_library_path_lib')
[8.077s] INFO:colcon.colcon_core.shell:Creating environment hook '/home/scv/SCV/install/hunter_msgs/share/hunter_msgs/hook/ld_library_path_lib.ps1'
[8.077s] INFO:colcon.colcon_core.shell:Creating environment descriptor '/home/scv/SCV/install/hunter_msgs/share/hunter_msgs/hook/ld_library_path_lib.dsv'
[8.078s] INFO:colcon.colcon_core.shell:Creating environment hook '/home/scv/SCV/install/hunter_msgs/share/hunter_msgs/hook/ld_library_path_lib.sh'
[8.078s] Level 1:colcon.colcon_core.environment:checking '/home/scv/SCV/install/hunter_msgs/bin'
[8.078s] Level 1:colcon.colcon_core.environment:checking '/home/scv/SCV/install/hunter_msgs/lib/pkgconfig/hunter_msgs.pc'
[8.078s] Level 1:colcon.colcon_core.environment:checking '/home/scv/SCV/install/hunter_msgs/lib/python3.10/site-packages'
[8.078s] Level 1:colcon.colcon_core.environment:checking '/home/scv/SCV/install/hunter_msgs/bin'
[8.079s] INFO:colcon.colcon_core.shell:Creating package script '/home/scv/SCV/install/hunter_msgs/share/hunter_msgs/package.ps1'
[8.079s] INFO:colcon.colcon_core.shell:Creating package descriptor '/home/scv/SCV/install/hunter_msgs/share/hunter_msgs/package.dsv'
[8.080s] INFO:colcon.colcon_core.shell:Creating package script '/home/scv/SCV/install/hunter_msgs/share/hunter_msgs/package.sh'
[8.080s] INFO:colcon.colcon_core.shell:Creating package script '/home/scv/SCV/install/hunter_msgs/share/hunter_msgs/package.bash'
[8.080s] INFO:colcon.colcon_core.shell:Creating package script '/home/scv/SCV/install/hunter_msgs/share/hunter_msgs/package.zsh'
[8.081s] Level 1:colcon.colcon_core.environment:create_file_with_runtime_dependencies(/home/scv/SCV/install/hunter_msgs/share/colcon-core/packages/hunter_msgs)
[8.081s] Level 1:colcon.colcon_core.environment:create_environment_scripts_only(hunter_msgs)
[8.081s] Level 1:colcon.colcon_core.environment:checking '/home/scv/SCV/install/hunter_msgs' for CMake module files
[8.082s] Level 1:colcon.colcon_core.environment:checking '/home/scv/SCV/install/hunter_msgs' for CMake config files
[8.082s] Level 1:colcon.colcon_core.shell:create_environment_hook('hunter_msgs', 'cmake_prefix_path')
[8.083s] INFO:colcon.colcon_core.shell:Creating environment hook '/home/scv/SCV/install/hunter_msgs/share/hunter_msgs/hook/cmake_prefix_path.ps1'
[8.083s] INFO:colcon.colcon_core.shell:Creating environment descriptor '/home/scv/SCV/install/hunter_msgs/share/hunter_msgs/hook/cmake_prefix_path.dsv'
[8.083s] INFO:colcon.colcon_core.shell:Creating environment hook '/home/scv/SCV/install/hunter_msgs/share/hunter_msgs/hook/cmake_prefix_path.sh'
[8.084s] Level 1:colcon.colcon_core.environment:checking '/home/scv/SCV/install/hunter_msgs/lib'
[8.084s] Level 1:colcon.colcon_core.shell:create_environment_hook('hunter_msgs', 'ld_library_path_lib')
[8.084s] INFO:colcon.colcon_core.shell:Creating environment hook '/home/scv/SCV/install/hunter_msgs/share/hunter_msgs/hook/ld_library_path_lib.ps1'
[8.084s] INFO:colcon.colcon_core.shell:Creating environment descriptor '/home/scv/SCV/install/hunter_msgs/share/hunter_msgs/hook/ld_library_path_lib.dsv'
[8.084s] INFO:colcon.colcon_core.shell:Creating environment hook '/home/scv/SCV/install/hunter_msgs/share/hunter_msgs/hook/ld_library_path_lib.sh'
[8.085s] Level 1:colcon.colcon_core.environment:checking '/home/scv/SCV/install/hunter_msgs/bin'
[8.085s] Level 1:colcon.colcon_core.environment:checking '/home/scv/SCV/install/hunter_msgs/lib/pkgconfig/hunter_msgs.pc'
[8.085s] Level 1:colcon.colcon_core.environment:checking '/home/scv/SCV/install/hunter_msgs/lib/python3.10/site-packages'
[8.085s] Level 1:colcon.colcon_core.environment:checking '/home/scv/SCV/install/hunter_msgs/bin'
[8.086s] INFO:colcon.colcon_core.shell:Creating package script '/home/scv/SCV/install/hunter_msgs/share/hunter_msgs/package.ps1'
[8.086s] INFO:colcon.colcon_core.shell:Creating package descriptor '/home/scv/SCV/install/hunter_msgs/share/hunter_msgs/package.dsv'
[8.086s] INFO:colcon.colcon_core.shell:Creating package script '/home/scv/SCV/install/hunter_msgs/share/hunter_msgs/package.sh'
[8.087s] INFO:colcon.colcon_core.shell:Creating package script '/home/scv/SCV/install/hunter_msgs/share/hunter_msgs/package.bash'
[8.087s] INFO:colcon.colcon_core.shell:Creating package script '/home/scv/SCV/install/hunter_msgs/share/hunter_msgs/package.zsh'
[8.087s] Level 1:colcon.colcon_core.environment:create_file_with_runtime_dependencies(/home/scv/SCV/install/hunter_msgs/share/colcon-core/packages/hunter_msgs)
[8.088s] INFO:colcon.colcon_ros.task.ament_cmake.build:Building ROS package in '/home/scv/SCV/src/vehicle/SCV_hunter_ros2/hunter_base' with build type 'ament_cmake'
[8.088s] INFO:colcon.colcon_cmake.task.cmake.build:Building CMake package in '/home/scv/SCV/src/vehicle/SCV_hunter_ros2/hunter_base'
[8.088s] INFO:colcon.colcon_core.shell:Skip shell extension 'powershell' for command environment: Not usable outside of PowerShell
[8.088s] DEBUG:colcon.colcon_core.shell:Skip shell extension 'dsv' for command environment
[8.097s] DEBUG:colcon.colcon_core.event_handler.log_command:Invoking command in '/home/scv/SCV/build/hunter_base': CMAKE_PREFIX_PATH=/opt/ros/humble:/home/scv/SCV/install/ugv_sdk:/home/scv/SCV/install/hunter_msgs:/home/scv/SCV/install/hunter_base /usr/bin/cmake /home/scv/SCV/src/vehicle/SCV_hunter_ros2/hunter_base -DCMAKE_INSTALL_PREFIX=/home/scv/SCV/install/hunter_base
[9.086s] DEBUG:colcon.colcon_core.event_handler.log_command:Invoked command in '/home/scv/SCV/build/hunter_base' returned '0': CMAKE_PREFIX_PATH=/opt/ros/humble:/home/scv/SCV/install/ugv_sdk:/home/scv/SCV/install/hunter_msgs:/home/scv/SCV/install/hunter_base /usr/bin/cmake /home/scv/SCV/src/vehicle/SCV_hunter_ros2/hunter_base -DCMAKE_INSTALL_PREFIX=/home/scv/SCV/install/hunter_base
[9.086s] DEBUG:colcon.colcon_core.event_handler.log_command:Invoking command in '/home/scv/SCV/build/hunter_base': CMAKE_PREFIX_PATH=/opt/ros/humble:/home/scv/SCV/install/ugv_sdk:/home/scv/SCV/install/hunter_msgs:/home/scv/SCV/install/hunter_base /usr/bin/cmake --build /home/scv/SCV/build/hunter_base -- -j8 -l8
[14.478s] Level 1:colcon.colcon_core.environment:create_environment_scripts_only(hunter_base)
[14.478s] DEBUG:colcon.colcon_core.event_handler.log_command:Invoked command in '/home/scv/SCV/build/hunter_base' returned '2': CMAKE_PREFIX_PATH=/opt/ros/humble:/home/scv/SCV/install/ugv_sdk:/home/scv/SCV/install/hunter_msgs:/home/scv/SCV/install/hunter_base /usr/bin/cmake --build /home/scv/SCV/build/hunter_base -- -j8 -l8
[14.479s] Level 1:colcon.colcon_core.environment:checking '/home/scv/SCV/install/hunter_base' for CMake module files
[14.479s] Level 1:colcon.colcon_core.environment:checking '/home/scv/SCV/install/hunter_base' for CMake config files
[14.479s] Level 1:colcon.colcon_core.environment:checking '/home/scv/SCV/install/hunter_base/bin'
[14.479s] Level 1:colcon.colcon_core.environment:checking '/home/scv/SCV/install/hunter_base/lib/pkgconfig/hunter_base.pc'
[14.479s] Level 1:colcon.colcon_core.environment:checking '/home/scv/SCV/install/hunter_base/lib/python3.10/site-packages'
[14.480s] Level 1:colcon.colcon_core.environment:checking '/home/scv/SCV/install/hunter_base/bin'
[14.480s] INFO:colcon.colcon_core.shell:Creating package script '/home/scv/SCV/install/hunter_base/share/hunter_base/package.ps1'
[14.480s] INFO:colcon.colcon_core.shell:Creating package descriptor '/home/scv/SCV/install/hunter_base/share/hunter_base/package.dsv'
[14.480s] INFO:colcon.colcon_core.shell:Creating package script '/home/scv/SCV/install/hunter_base/share/hunter_base/package.sh'
[14.481s] INFO:colcon.colcon_core.shell:Creating package script '/home/scv/SCV/install/hunter_base/share/hunter_base/package.bash'
[14.481s] INFO:colcon.colcon_core.shell:Creating package script '/home/scv/SCV/install/hunter_base/share/hunter_base/package.zsh'
[14.481s] Level 1:colcon.colcon_core.environment:create_file_with_runtime_dependencies(/home/scv/SCV/install/hunter_base/share/colcon-core/packages/hunter_base)
[14.482s] DEBUG:colcon.colcon_parallel_executor.executor.parallel:closing loop
[14.482s] DEBUG:colcon.colcon_parallel_executor.executor.parallel:loop closed
[14.482s] DEBUG:colcon.colcon_parallel_executor.executor.parallel:run_until_complete finished with '2'
[14.482s] DEBUG:colcon.colcon_core.event_reactor:joining thread
[14.486s] INFO:colcon.colcon_core.plugin_system:Skipping extension 'colcon_notification.desktop_notification.terminal_notifier': Not used on non-Darwin systems
[14.486s] INFO:colcon.colcon_core.plugin_system:Skipping extension 'colcon_notification.desktop_notification.win32': Not used on non-Windows systems
[14.486s] INFO:colcon.colcon_notification.desktop_notification:Sending desktop notification using 'notify2'
[14.495s] DEBUG:colcon.colcon_core.event_reactor:joined thread
[14.495s] INFO:colcon.colcon_core.shell:Creating prefix script '/home/scv/SCV/install/local_setup.ps1'
[14.496s] INFO:colcon.colcon_core.shell:Creating prefix util module '/home/scv/SCV/install/_local_setup_util_ps1.py'
[14.497s] INFO:colcon.colcon_core.shell:Creating prefix chain script '/home/scv/SCV/install/setup.ps1'
[14.498s] INFO:colcon.colcon_core.shell:Creating prefix script '/home/scv/SCV/install/local_setup.sh'
[14.498s] INFO:colcon.colcon_core.shell:Creating prefix util module '/home/scv/SCV/install/_local_setup_util_sh.py'
[14.499s] INFO:colcon.colcon_core.shell:Creating prefix chain script '/home/scv/SCV/install/setup.sh'
[14.499s] INFO:colcon.colcon_core.shell:Creating prefix script '/home/scv/SCV/install/local_setup.bash'
[14.500s] INFO:colcon.colcon_core.shell:Creating prefix chain script '/home/scv/SCV/install/setup.bash'
[14.501s] INFO:colcon.colcon_core.shell:Creating prefix script '/home/scv/SCV/install/local_setup.zsh'
[14.501s] INFO:colcon.colcon_core.shell:Creating prefix chain script '/home/scv/SCV/install/setup.zsh'
