[0.016s] Invoking command in '/home/scv/SCV/build/hunter_msgs': CMAKE_PREFIX_PATH=/home/scv/SCV/install/hunter_base:/home/scv/SCV/install/hunter_msgs:/opt/ros/humble:/home/scv/SCV/install/ugv_sdk /usr/bin/cmake /home/scv/SCV/src/vehicle/SCV_hunter_ros2/hunter_msgs -DCMAKE_INSTALL_PREFIX=/home/scv/SCV/install/hunter_msgs
[0.027s] -- Found ament_cmake: 1.3.11 (/opt/ros/humble/share/ament_cmake/cmake)
[0.153s] -- Override CMake install command with custom implementation using symlinks instead of copying resources
[0.163s] -- Found builtin_interfaces: 1.2.1 (/opt/ros/humble/share/builtin_interfaces/cmake)
[0.209s] -- Found rosidl_generator_c: 3.1.6 (/opt/ros/humble/share/rosidl_generator_c/cmake)
[0.212s] -- Found rosidl_adapter: 3.1.6 (/opt/ros/humble/share/rosidl_adapter/cmake)
[0.219s] -- Found rosidl_generator_cpp: 3.1.6 (/opt/ros/humble/share/rosidl_generator_cpp/cmake)
[0.230s] -- Using all available rosidl_typesupport_c: rosidl_typesupport_fastrtps_c;rosidl_typesupport_introspection_c
[0.244s] -- Using all available rosidl_typesupport_cpp: rosidl_typesupport_fastrtps_cpp;rosidl_typesupport_introspection_cpp
[0.258s] -- Found rosidl_default_generators: 1.2.0 (/opt/ros/humble/share/rosidl_default_generators/cmake)
[0.264s] -- Found std_msgs: 4.9.0 (/opt/ros/humble/share/std_msgs/cmake)
[0.572s] -- Found ament_cmake_ros: 0.10.0 (/opt/ros/humble/share/ament_cmake_ros/cmake)
[0.950s] -- Using all available rosidl_typesupport_c: rosidl_typesupport_fastrtps_c;rosidl_typesupport_introspection_c
[1.089s] -- Using all available rosidl_typesupport_cpp: rosidl_typesupport_fastrtps_cpp;rosidl_typesupport_introspection_cpp
[1.111s] -- Found python_cmake_module: 0.10.0 (/opt/ros/humble/share/python_cmake_module/cmake)
[1.133s] -- Using PYTHON_EXECUTABLE: /usr/bin/python3
[1.133s] -- Using PYTHON_INCLUDE_DIRS: /usr/include/python3.10
[1.134s] -- Using PYTHON_LIBRARIES: /usr/lib/x86_64-linux-gnu/libpython3.10.so
[1.162s] -- Found ament_lint_auto: 0.12.12 (/opt/ros/humble/share/ament_lint_auto/cmake)
[1.173s] -- Added test 'copyright' to check source files copyright and LICENSE
[1.174s] -- Added test 'lint_cmake' to check CMake code style
[1.175s] -- Added test 'xmllint' to check XML markup files
[1.178s] -- Configuring done
[1.216s] -- Generating done
[1.229s] -- Build files have been written to: /home/scv/SCV/build/hunter_msgs
[1.236s] Invoked command in '/home/scv/SCV/build/hunter_msgs' returned '0': CMAKE_PREFIX_PATH=/home/scv/SCV/install/hunter_base:/home/scv/SCV/install/hunter_msgs:/opt/ros/humble:/home/scv/SCV/install/ugv_sdk /usr/bin/cmake /home/scv/SCV/src/vehicle/SCV_hunter_ros2/hunter_msgs -DCMAKE_INSTALL_PREFIX=/home/scv/SCV/install/hunter_msgs
[1.237s] Invoking command in '/home/scv/SCV/build/hunter_msgs': CMAKE_PREFIX_PATH=/home/scv/SCV/install/hunter_base:/home/scv/SCV/install/hunter_msgs:/opt/ros/humble:/home/scv/SCV/install/ugv_sdk /usr/bin/cmake --build /home/scv/SCV/build/hunter_msgs -- -j8 -l8
[1.274s] [35m[1mConsolidate compiler generated dependencies of target hunter_msgs__rosidl_generator_c[0m
[1.282s] [  1%] Built target hunter_msgs__cpp
[1.285s] [ 12%] Built target hunter_msgs__rosidl_generator_c
[1.293s] [35m[1mConsolidate compiler generated dependencies of target hunter_msgs__rosidl_typesupport_cpp[0m
[1.295s] [35m[1mConsolidate compiler generated dependencies of target hunter_msgs__rosidl_typesupport_fastrtps_cpp[0m
[1.295s] [ 12%] Built target ament_cmake_python_symlink_hunter_msgs
[1.299s] [35m[1mConsolidate compiler generated dependencies of target hunter_msgs__rosidl_typesupport_fastrtps_c[0m
[1.301s] [35m[1mConsolidate compiler generated dependencies of target hunter_msgs__rosidl_typesupport_introspection_cpp[0m
[1.308s] [35m[1mConsolidate compiler generated dependencies of target hunter_msgs__rosidl_typesupport_introspection_c[0m
[1.313s] [35m[1mConsolidate compiler generated dependencies of target hunter_msgs__rosidl_typesupport_c[0m
[1.318s] [ 23%] Built target hunter_msgs__rosidl_typesupport_cpp
[1.320s] [ 34%] Built target hunter_msgs__rosidl_typesupport_fastrtps_c
[1.327s] [ 46%] Built target hunter_msgs__rosidl_typesupport_introspection_cpp
[1.327s] [ 57%] Built target hunter_msgs__rosidl_typesupport_introspection_c
[1.328s] [ 68%] Built target hunter_msgs__rosidl_typesupport_fastrtps_cpp
[1.332s] [ 79%] Built target hunter_msgs__rosidl_typesupport_c
[1.351s] [ 79%] Built target hunter_msgs
[1.370s] [ 80%] Built target hunter_msgs__py
[1.381s] [35m[1mConsolidate compiler generated dependencies of target hunter_msgs__rosidl_generator_py[0m
[1.394s] [ 90%] Built target hunter_msgs__rosidl_generator_py
[1.405s] [35m[1mConsolidate compiler generated dependencies of target hunter_msgs__rosidl_typesupport_fastrtps_c__pyext[0m
[1.405s] [35m[1mConsolidate compiler generated dependencies of target hunter_msgs__rosidl_typesupport_introspection_c__pyext[0m
[1.407s] [35m[1mConsolidate compiler generated dependencies of target hunter_msgs__rosidl_typesupport_c__pyext[0m
[1.418s] [ 93%] Built target hunter_msgs__rosidl_typesupport_introspection_c__pyext
[1.418s] [100%] Built target hunter_msgs__rosidl_typesupport_fastrtps_c__pyext
[1.418s] [100%] Built target hunter_msgs__rosidl_typesupport_c__pyext
[1.573s] running egg_info
[1.574s] writing hunter_msgs.egg-info/PKG-INFO
[1.574s] writing dependency_links to hunter_msgs.egg-info/dependency_links.txt
[1.574s] writing top-level names to hunter_msgs.egg-info/top_level.txt
[1.576s] reading manifest file 'hunter_msgs.egg-info/SOURCES.txt'
[1.577s] writing manifest file 'hunter_msgs.egg-info/SOURCES.txt'
[1.601s] [100%] Built target ament_cmake_python_build_hunter_msgs_egg
[1.611s] Invoked command in '/home/scv/SCV/build/hunter_msgs' returned '0': CMAKE_PREFIX_PATH=/home/scv/SCV/install/hunter_base:/home/scv/SCV/install/hunter_msgs:/opt/ros/humble:/home/scv/SCV/install/ugv_sdk /usr/bin/cmake --build /home/scv/SCV/build/hunter_msgs -- -j8 -l8
[1.613s] Invoking command in '/home/scv/SCV/build/hunter_msgs': CMAKE_PREFIX_PATH=/home/scv/SCV/install/hunter_base:/home/scv/SCV/install/hunter_msgs:/opt/ros/humble:/home/scv/SCV/install/ugv_sdk /usr/bin/cmake --install /home/scv/SCV/build/hunter_msgs
[1.619s] -- Install configuration: "Release"
[1.620s] -- Execute custom install script
[1.620s] -- Up-to-date symlink: /home/scv/SCV/install/hunter_msgs/share/ament_index/resource_index/rosidl_interfaces/hunter_msgs
[1.621s] -- Up-to-date symlink: /home/scv/SCV/install/hunter_msgs/include/hunter_msgs/hunter_msgs/msg/detail/hunter_actuator_state__functions.h
[1.621s] -- Up-to-date symlink: /home/scv/SCV/install/hunter_msgs/include/hunter_msgs/hunter_msgs/msg/detail/hunter_actuator_state__struct.h
[1.622s] -- Up-to-date symlink: /home/scv/SCV/install/hunter_msgs/include/hunter_msgs/hunter_msgs/msg/detail/hunter_actuator_state__type_support.h
[1.622s] -- Up-to-date symlink: /home/scv/SCV/install/hunter_msgs/include/hunter_msgs/hunter_msgs/msg/detail/hunter_light_cmd__functions.h
[1.622s] -- Up-to-date symlink: /home/scv/SCV/install/hunter_msgs/include/hunter_msgs/hunter_msgs/msg/detail/hunter_light_cmd__struct.h
[1.622s] -- Up-to-date symlink: /home/scv/SCV/install/hunter_msgs/include/hunter_msgs/hunter_msgs/msg/detail/hunter_light_cmd__type_support.h
[1.622s] -- Up-to-date symlink: /home/scv/SCV/install/hunter_msgs/include/hunter_msgs/hunter_msgs/msg/detail/hunter_light_state__functions.h
[1.622s] -- Up-to-date symlink: /home/scv/SCV/install/hunter_msgs/include/hunter_msgs/hunter_msgs/msg/detail/hunter_light_state__struct.h
[1.622s] -- Up-to-date symlink: /home/scv/SCV/install/hunter_msgs/include/hunter_msgs/hunter_msgs/msg/detail/hunter_light_state__type_support.h
[1.622s] -- Up-to-date symlink: /home/scv/SCV/install/hunter_msgs/include/hunter_msgs/hunter_msgs/msg/detail/hunter_rc_state__functions.h
[1.622s] -- Up-to-date symlink: /home/scv/SCV/install/hunter_msgs/include/hunter_msgs/hunter_msgs/msg/detail/hunter_rc_state__struct.h
[1.622s] -- Up-to-date symlink: /home/scv/SCV/install/hunter_msgs/include/hunter_msgs/hunter_msgs/msg/detail/hunter_rc_state__type_support.h
[1.622s] -- Up-to-date symlink: /home/scv/SCV/install/hunter_msgs/include/hunter_msgs/hunter_msgs/msg/detail/hunter_status__functions.h
[1.622s] -- Up-to-date symlink: /home/scv/SCV/install/hunter_msgs/include/hunter_msgs/hunter_msgs/msg/detail/hunter_status__struct.h
[1.622s] -- Up-to-date symlink: /home/scv/SCV/install/hunter_msgs/include/hunter_msgs/hunter_msgs/msg/detail/hunter_status__type_support.h
[1.623s] -- Up-to-date symlink: /home/scv/SCV/install/hunter_msgs/include/hunter_msgs/hunter_msgs/msg/hunter_actuator_state.h
[1.623s] -- Up-to-date symlink: /home/scv/SCV/install/hunter_msgs/include/hunter_msgs/hunter_msgs/msg/hunter_light_cmd.h
[1.623s] -- Up-to-date symlink: /home/scv/SCV/install/hunter_msgs/include/hunter_msgs/hunter_msgs/msg/hunter_light_state.h
[1.623s] -- Up-to-date symlink: /home/scv/SCV/install/hunter_msgs/include/hunter_msgs/hunter_msgs/msg/hunter_rc_state.h
[1.623s] -- Up-to-date symlink: /home/scv/SCV/install/hunter_msgs/include/hunter_msgs/hunter_msgs/msg/hunter_status.h
[1.623s] -- Up-to-date symlink: /home/scv/SCV/install/hunter_msgs/include/hunter_msgs/hunter_msgs/msg/rosidl_generator_c__visibility_control.h
[1.623s] -- Up-to-date symlink: /home/scv/SCV/install/hunter_msgs/share/hunter_msgs/environment/library_path.sh
[1.623s] -- Up-to-date symlink: /home/scv/SCV/install/hunter_msgs/share/hunter_msgs/environment/library_path.dsv
[1.624s] -- Up-to-date symlink: /home/scv/SCV/install/hunter_msgs/include/hunter_msgs/hunter_msgs/msg/detail/hunter_actuator_state__rosidl_typesupport_fastrtps_c.h
[1.624s] -- Up-to-date symlink: /home/scv/SCV/install/hunter_msgs/include/hunter_msgs/hunter_msgs/msg/detail/hunter_light_cmd__rosidl_typesupport_fastrtps_c.h
[1.624s] -- Up-to-date symlink: /home/scv/SCV/install/hunter_msgs/include/hunter_msgs/hunter_msgs/msg/detail/hunter_light_state__rosidl_typesupport_fastrtps_c.h
[1.624s] -- Up-to-date symlink: /home/scv/SCV/install/hunter_msgs/include/hunter_msgs/hunter_msgs/msg/detail/hunter_rc_state__rosidl_typesupport_fastrtps_c.h
[1.624s] -- Up-to-date symlink: /home/scv/SCV/install/hunter_msgs/include/hunter_msgs/hunter_msgs/msg/detail/hunter_status__rosidl_typesupport_fastrtps_c.h
[1.628s] -- Up-to-date symlink: /home/scv/SCV/install/hunter_msgs/include/hunter_msgs/hunter_msgs/msg/rosidl_typesupport_fastrtps_c__visibility_control.h
[1.628s] -- Up-to-date symlink: /home/scv/SCV/install/hunter_msgs/include/hunter_msgs/hunter_msgs/msg/detail/hunter_actuator_state__builder.hpp
[1.628s] -- Up-to-date symlink: /home/scv/SCV/install/hunter_msgs/include/hunter_msgs/hunter_msgs/msg/detail/hunter_actuator_state__struct.hpp
[1.628s] -- Up-to-date symlink: /home/scv/SCV/install/hunter_msgs/include/hunter_msgs/hunter_msgs/msg/detail/hunter_actuator_state__traits.hpp
[1.628s] -- Up-to-date symlink: /home/scv/SCV/install/hunter_msgs/include/hunter_msgs/hunter_msgs/msg/detail/hunter_actuator_state__type_support.hpp
[1.628s] -- Up-to-date symlink: /home/scv/SCV/install/hunter_msgs/include/hunter_msgs/hunter_msgs/msg/detail/hunter_light_cmd__builder.hpp
[1.628s] -- Up-to-date symlink: /home/scv/SCV/install/hunter_msgs/include/hunter_msgs/hunter_msgs/msg/detail/hunter_light_cmd__struct.hpp
[1.629s] -- Up-to-date symlink: /home/scv/SCV/install/hunter_msgs/include/hunter_msgs/hunter_msgs/msg/detail/hunter_light_cmd__traits.hpp
[1.629s] -- Up-to-date symlink: /home/scv/SCV/install/hunter_msgs/include/hunter_msgs/hunter_msgs/msg/detail/hunter_light_cmd__type_support.hpp
[1.629s] -- Up-to-date symlink: /home/scv/SCV/install/hunter_msgs/include/hunter_msgs/hunter_msgs/msg/detail/hunter_light_state__builder.hpp
[1.629s] -- Up-to-date symlink: /home/scv/SCV/install/hunter_msgs/include/hunter_msgs/hunter_msgs/msg/detail/hunter_light_state__struct.hpp
[1.629s] -- Up-to-date symlink: /home/scv/SCV/install/hunter_msgs/include/hunter_msgs/hunter_msgs/msg/detail/hunter_light_state__traits.hpp
[1.629s] -- Up-to-date symlink: /home/scv/SCV/install/hunter_msgs/include/hunter_msgs/hunter_msgs/msg/detail/hunter_light_state__type_support.hpp
[1.629s] -- Up-to-date symlink: /home/scv/SCV/install/hunter_msgs/include/hunter_msgs/hunter_msgs/msg/detail/hunter_rc_state__builder.hpp
[1.629s] -- Up-to-date symlink: /home/scv/SCV/install/hunter_msgs/include/hunter_msgs/hunter_msgs/msg/detail/hunter_rc_state__struct.hpp
[1.629s] -- Up-to-date symlink: /home/scv/SCV/install/hunter_msgs/include/hunter_msgs/hunter_msgs/msg/detail/hunter_rc_state__traits.hpp
[1.629s] -- Up-to-date symlink: /home/scv/SCV/install/hunter_msgs/include/hunter_msgs/hunter_msgs/msg/detail/hunter_rc_state__type_support.hpp
[1.629s] -- Up-to-date symlink: /home/scv/SCV/install/hunter_msgs/include/hunter_msgs/hunter_msgs/msg/detail/hunter_status__builder.hpp
[1.629s] -- Up-to-date symlink: /home/scv/SCV/install/hunter_msgs/include/hunter_msgs/hunter_msgs/msg/detail/hunter_status__struct.hpp
[1.629s] -- Up-to-date symlink: /home/scv/SCV/install/hunter_msgs/include/hunter_msgs/hunter_msgs/msg/detail/hunter_status__traits.hpp
[1.629s] -- Up-to-date symlink: /home/scv/SCV/install/hunter_msgs/include/hunter_msgs/hunter_msgs/msg/detail/hunter_status__type_support.hpp
[1.629s] -- Up-to-date symlink: /home/scv/SCV/install/hunter_msgs/include/hunter_msgs/hunter_msgs/msg/hunter_actuator_state.hpp
[1.629s] -- Up-to-date symlink: /home/scv/SCV/install/hunter_msgs/include/hunter_msgs/hunter_msgs/msg/hunter_light_cmd.hpp
[1.630s] -- Up-to-date symlink: /home/scv/SCV/install/hunter_msgs/include/hunter_msgs/hunter_msgs/msg/hunter_light_state.hpp
[1.630s] -- Up-to-date symlink: /home/scv/SCV/install/hunter_msgs/include/hunter_msgs/hunter_msgs/msg/hunter_rc_state.hpp
[1.630s] -- Up-to-date symlink: /home/scv/SCV/install/hunter_msgs/include/hunter_msgs/hunter_msgs/msg/hunter_status.hpp
[1.630s] -- Up-to-date symlink: /home/scv/SCV/install/hunter_msgs/include/hunter_msgs/hunter_msgs/msg/rosidl_generator_cpp__visibility_control.hpp
[1.630s] -- Up-to-date symlink: /home/scv/SCV/install/hunter_msgs/include/hunter_msgs/hunter_msgs/msg/detail/hunter_actuator_state__rosidl_typesupport_fastrtps_cpp.hpp
[1.630s] -- Up-to-date symlink: /home/scv/SCV/install/hunter_msgs/include/hunter_msgs/hunter_msgs/msg/detail/hunter_light_cmd__rosidl_typesupport_fastrtps_cpp.hpp
[1.630s] -- Up-to-date symlink: /home/scv/SCV/install/hunter_msgs/include/hunter_msgs/hunter_msgs/msg/detail/hunter_light_state__rosidl_typesupport_fastrtps_cpp.hpp
[1.630s] -- Up-to-date symlink: /home/scv/SCV/install/hunter_msgs/include/hunter_msgs/hunter_msgs/msg/detail/hunter_rc_state__rosidl_typesupport_fastrtps_cpp.hpp
[1.630s] -- Up-to-date symlink: /home/scv/SCV/install/hunter_msgs/include/hunter_msgs/hunter_msgs/msg/detail/hunter_status__rosidl_typesupport_fastrtps_cpp.hpp
[1.630s] -- Up-to-date symlink: /home/scv/SCV/install/hunter_msgs/include/hunter_msgs/hunter_msgs/msg/rosidl_typesupport_fastrtps_cpp__visibility_control.h
[1.630s] -- Up-to-date symlink: /home/scv/SCV/install/hunter_msgs/include/hunter_msgs/hunter_msgs/msg/detail/hunter_actuator_state__rosidl_typesupport_introspection_c.h
[1.630s] -- Up-to-date symlink: /home/scv/SCV/install/hunter_msgs/include/hunter_msgs/hunter_msgs/msg/detail/hunter_light_cmd__rosidl_typesupport_introspection_c.h
[1.630s] -- Up-to-date symlink: /home/scv/SCV/install/hunter_msgs/include/hunter_msgs/hunter_msgs/msg/detail/hunter_light_state__rosidl_typesupport_introspection_c.h
[1.631s] -- Up-to-date symlink: /home/scv/SCV/install/hunter_msgs/include/hunter_msgs/hunter_msgs/msg/detail/hunter_rc_state__rosidl_typesupport_introspection_c.h
[1.631s] -- Up-to-date symlink: /home/scv/SCV/install/hunter_msgs/include/hunter_msgs/hunter_msgs/msg/detail/hunter_status__rosidl_typesupport_introspection_c.h
[1.631s] -- Up-to-date symlink: /home/scv/SCV/install/hunter_msgs/include/hunter_msgs/hunter_msgs/msg/rosidl_typesupport_introspection_c__visibility_control.h
[1.631s] -- Up-to-date symlink: /home/scv/SCV/install/hunter_msgs/include/hunter_msgs/hunter_msgs/msg/detail/hunter_actuator_state__rosidl_typesupport_introspection_cpp.hpp
[1.631s] -- Up-to-date symlink: /home/scv/SCV/install/hunter_msgs/include/hunter_msgs/hunter_msgs/msg/detail/hunter_light_cmd__rosidl_typesupport_introspection_cpp.hpp
[1.631s] -- Up-to-date symlink: /home/scv/SCV/install/hunter_msgs/include/hunter_msgs/hunter_msgs/msg/detail/hunter_light_state__rosidl_typesupport_introspection_cpp.hpp
[1.631s] -- Up-to-date symlink: /home/scv/SCV/install/hunter_msgs/include/hunter_msgs/hunter_msgs/msg/detail/hunter_rc_state__rosidl_typesupport_introspection_cpp.hpp
[1.631s] -- Up-to-date symlink: /home/scv/SCV/install/hunter_msgs/include/hunter_msgs/hunter_msgs/msg/detail/hunter_status__rosidl_typesupport_introspection_cpp.hpp
[1.631s] -- Up-to-date symlink: /home/scv/SCV/install/hunter_msgs/share/hunter_msgs/environment/pythonpath.sh
[1.631s] -- Up-to-date symlink: /home/scv/SCV/install/hunter_msgs/share/hunter_msgs/environment/pythonpath.dsv
[1.631s] -- Up-to-date symlink: /home/scv/SCV/install/hunter_msgs/local/lib/python3.10/dist-packages/hunter_msgs-0.0.1-py3.10.egg-info/PKG-INFO
[1.631s] -- Up-to-date symlink: /home/scv/SCV/install/hunter_msgs/local/lib/python3.10/dist-packages/hunter_msgs-0.0.1-py3.10.egg-info/SOURCES.txt
[1.632s] -- Up-to-date symlink: /home/scv/SCV/install/hunter_msgs/local/lib/python3.10/dist-packages/hunter_msgs-0.0.1-py3.10.egg-info/dependency_links.txt
[1.632s] -- Up-to-date symlink: /home/scv/SCV/install/hunter_msgs/local/lib/python3.10/dist-packages/hunter_msgs-0.0.1-py3.10.egg-info/top_level.txt
[1.632s] -- Up-to-date symlink: /home/scv/SCV/install/hunter_msgs/local/lib/python3.10/dist-packages/hunter_msgs/__init__.py
[1.632s] -- Up-to-date symlink: /home/scv/SCV/install/hunter_msgs/local/lib/python3.10/dist-packages/hunter_msgs/_hunter_msgs_s.ep.rosidl_typesupport_c.c
[1.632s] -- Up-to-date symlink: /home/scv/SCV/install/hunter_msgs/local/lib/python3.10/dist-packages/hunter_msgs/_hunter_msgs_s.ep.rosidl_typesupport_fastrtps_c.c
[1.632s] -- Up-to-date symlink: /home/scv/SCV/install/hunter_msgs/local/lib/python3.10/dist-packages/hunter_msgs/_hunter_msgs_s.ep.rosidl_typesupport_introspection_c.c
[1.632s] -- Up-to-date symlink: /home/scv/SCV/install/hunter_msgs/local/lib/python3.10/dist-packages/hunter_msgs/hunter_msgs_s__rosidl_typesupport_c.cpython-310-x86_64-linux-gnu.so
[1.633s] -- Up-to-date symlink: /home/scv/SCV/install/hunter_msgs/local/lib/python3.10/dist-packages/hunter_msgs/hunter_msgs_s__rosidl_typesupport_fastrtps_c.cpython-310-x86_64-linux-gnu.so
[1.633s] -- Up-to-date symlink: /home/scv/SCV/install/hunter_msgs/local/lib/python3.10/dist-packages/hunter_msgs/hunter_msgs_s__rosidl_typesupport_introspection_c.cpython-310-x86_64-linux-gnu.so
[1.633s] -- Up-to-date symlink: /home/scv/SCV/install/hunter_msgs/local/lib/python3.10/dist-packages/hunter_msgs/libhunter_msgs__rosidl_generator_py.so
[1.633s] -- Up-to-date symlink: /home/scv/SCV/install/hunter_msgs/local/lib/python3.10/dist-packages/hunter_msgs/msg/__init__.py
[1.633s] -- Up-to-date symlink: /home/scv/SCV/install/hunter_msgs/local/lib/python3.10/dist-packages/hunter_msgs/msg/_hunter_actuator_state.py
[1.633s] -- Up-to-date symlink: /home/scv/SCV/install/hunter_msgs/local/lib/python3.10/dist-packages/hunter_msgs/msg/_hunter_actuator_state_s.c
[1.633s] -- Up-to-date symlink: /home/scv/SCV/install/hunter_msgs/local/lib/python3.10/dist-packages/hunter_msgs/msg/_hunter_light_cmd.py
[1.633s] -- Up-to-date symlink: /home/scv/SCV/install/hunter_msgs/local/lib/python3.10/dist-packages/hunter_msgs/msg/_hunter_light_cmd_s.c
[1.633s] -- Up-to-date symlink: /home/scv/SCV/install/hunter_msgs/local/lib/python3.10/dist-packages/hunter_msgs/msg/_hunter_light_state.py
[1.634s] -- Up-to-date symlink: /home/scv/SCV/install/hunter_msgs/local/lib/python3.10/dist-packages/hunter_msgs/msg/_hunter_light_state_s.c
[1.634s] -- Up-to-date symlink: /home/scv/SCV/install/hunter_msgs/local/lib/python3.10/dist-packages/hunter_msgs/msg/_hunter_rc_state.py
[1.634s] -- Up-to-date symlink: /home/scv/SCV/install/hunter_msgs/local/lib/python3.10/dist-packages/hunter_msgs/msg/_hunter_rc_state_s.c
[1.634s] -- Up-to-date symlink: /home/scv/SCV/install/hunter_msgs/local/lib/python3.10/dist-packages/hunter_msgs/msg/_hunter_status.py
[1.634s] -- Up-to-date symlink: /home/scv/SCV/install/hunter_msgs/local/lib/python3.10/dist-packages/hunter_msgs/msg/_hunter_status_s.c
[1.634s] -- Up-to-date symlink: /home/scv/SCV/install/hunter_msgs/local/lib/python3.10/dist-packages/hunter_msgs/hunter_msgs_s__rosidl_typesupport_fastrtps_c.cpython-310-x86_64-linux-gnu.so
[1.634s] -- Up-to-date symlink: /home/scv/SCV/install/hunter_msgs/local/lib/python3.10/dist-packages/hunter_msgs/hunter_msgs_s__rosidl_typesupport_introspection_c.cpython-310-x86_64-linux-gnu.so
[1.634s] -- Up-to-date symlink: /home/scv/SCV/install/hunter_msgs/local/lib/python3.10/dist-packages/hunter_msgs/hunter_msgs_s__rosidl_typesupport_c.cpython-310-x86_64-linux-gnu.so
[1.635s] -- Up-to-date symlink: /home/scv/SCV/install/hunter_msgs/share/hunter_msgs/msg/HunterActuatorState.idl
[1.635s] -- Up-to-date symlink: /home/scv/SCV/install/hunter_msgs/share/hunter_msgs/msg/HunterLightCmd.idl
[1.635s] -- Up-to-date symlink: /home/scv/SCV/install/hunter_msgs/share/hunter_msgs/msg/HunterLightState.idl
[1.635s] -- Up-to-date symlink: /home/scv/SCV/install/hunter_msgs/share/hunter_msgs/msg/HunterRCState.idl
[1.635s] -- Up-to-date symlink: /home/scv/SCV/install/hunter_msgs/share/hunter_msgs/msg/HunterStatus.idl
[1.635s] -- Up-to-date symlink: /home/scv/SCV/install/hunter_msgs/share/hunter_msgs/msg/HunterActuatorState.msg
[1.635s] -- Up-to-date symlink: /home/scv/SCV/install/hunter_msgs/share/hunter_msgs/msg/HunterLightCmd.msg
[1.636s] -- Up-to-date symlink: /home/scv/SCV/install/hunter_msgs/share/hunter_msgs/msg/HunterLightState.msg
[1.636s] -- Up-to-date symlink: /home/scv/SCV/install/hunter_msgs/share/hunter_msgs/msg/HunterRCState.msg
[1.636s] -- Up-to-date symlink: /home/scv/SCV/install/hunter_msgs/share/hunter_msgs/msg/HunterStatus.msg
[1.636s] -- Up-to-date symlink: /home/scv/SCV/install/hunter_msgs/share/ament_index/resource_index/package_run_dependencies/hunter_msgs
[1.636s] -- Up-to-date symlink: /home/scv/SCV/install/hunter_msgs/share/ament_index/resource_index/parent_prefix_path/hunter_msgs
[1.636s] -- Up-to-date symlink: /home/scv/SCV/install/hunter_msgs/share/hunter_msgs/environment/ament_prefix_path.sh
[1.639s] -- Up-to-date symlink: /home/scv/SCV/install/hunter_msgs/share/hunter_msgs/environment/ament_prefix_path.dsv
[1.639s] -- Up-to-date symlink: /home/scv/SCV/install/hunter_msgs/share/hunter_msgs/environment/path.sh
[1.639s] -- Up-to-date symlink: /home/scv/SCV/install/hunter_msgs/share/hunter_msgs/environment/path.dsv
[1.639s] -- Up-to-date symlink: /home/scv/SCV/install/hunter_msgs/share/hunter_msgs/local_setup.bash
[1.639s] -- Up-to-date symlink: /home/scv/SCV/install/hunter_msgs/share/hunter_msgs/local_setup.sh
[1.639s] -- Up-to-date symlink: /home/scv/SCV/install/hunter_msgs/share/hunter_msgs/local_setup.zsh
[1.639s] -- Up-to-date symlink: /home/scv/SCV/install/hunter_msgs/share/hunter_msgs/local_setup.dsv
[1.639s] -- Symlinking: /home/scv/SCV/install/hunter_msgs/share/hunter_msgs/package.dsv
[1.646s] -- Up-to-date symlink: /home/scv/SCV/install/hunter_msgs/share/ament_index/resource_index/packages/hunter_msgs
[1.646s] -- Up-to-date symlink: /home/scv/SCV/install/hunter_msgs/share/hunter_msgs/cmake/rosidl_cmake-extras.cmake
[1.646s] -- Up-to-date symlink: /home/scv/SCV/install/hunter_msgs/share/hunter_msgs/cmake/ament_cmake_export_dependencies-extras.cmake
[1.646s] -- Up-to-date symlink: /home/scv/SCV/install/hunter_msgs/share/hunter_msgs/cmake/ament_cmake_export_include_directories-extras.cmake
[1.646s] -- Up-to-date symlink: /home/scv/SCV/install/hunter_msgs/share/hunter_msgs/cmake/ament_cmake_export_libraries-extras.cmake
[1.647s] -- Up-to-date symlink: /home/scv/SCV/install/hunter_msgs/share/hunter_msgs/cmake/ament_cmake_export_targets-extras.cmake
[1.647s] -- Up-to-date symlink: /home/scv/SCV/install/hunter_msgs/share/hunter_msgs/cmake/rosidl_cmake_export_typesupport_targets-extras.cmake
[1.647s] -- Up-to-date symlink: /home/scv/SCV/install/hunter_msgs/share/hunter_msgs/cmake/rosidl_cmake_export_typesupport_libraries-extras.cmake
[1.647s] -- Up-to-date symlink: /home/scv/SCV/install/hunter_msgs/share/hunter_msgs/cmake/hunter_msgsConfig.cmake
[1.647s] -- Up-to-date symlink: /home/scv/SCV/install/hunter_msgs/share/hunter_msgs/cmake/hunter_msgsConfig-version.cmake
[1.647s] -- Up-to-date symlink: /home/scv/SCV/install/hunter_msgs/share/hunter_msgs/package.xml
[1.647s] -- Up-to-date: /home/scv/SCV/install/hunter_msgs/lib/libhunter_msgs__rosidl_generator_c.so
[1.648s] -- Up-to-date: /home/scv/SCV/install/hunter_msgs/lib/libhunter_msgs__rosidl_typesupport_fastrtps_c.so
[1.648s] -- Up-to-date: /home/scv/SCV/install/hunter_msgs/lib/libhunter_msgs__rosidl_typesupport_fastrtps_cpp.so
[1.648s] -- Up-to-date: /home/scv/SCV/install/hunter_msgs/lib/libhunter_msgs__rosidl_typesupport_introspection_c.so
[1.648s] -- Up-to-date: /home/scv/SCV/install/hunter_msgs/lib/libhunter_msgs__rosidl_typesupport_c.so
[1.648s] -- Up-to-date: /home/scv/SCV/install/hunter_msgs/lib/libhunter_msgs__rosidl_typesupport_introspection_cpp.so
[1.649s] -- Up-to-date: /home/scv/SCV/install/hunter_msgs/lib/libhunter_msgs__rosidl_typesupport_cpp.so
[1.682s] Listing '/home/scv/SCV/install/hunter_msgs/local/lib/python3.10/dist-packages/hunter_msgs'...
[1.682s] Compiling '/home/scv/SCV/install/hunter_msgs/local/lib/python3.10/dist-packages/hunter_msgs/__init__.py'...
[1.682s] Listing '/home/scv/SCV/install/hunter_msgs/local/lib/python3.10/dist-packages/hunter_msgs/msg'...
[1.686s] -- Up-to-date: /home/scv/SCV/install/hunter_msgs/lib/libhunter_msgs__rosidl_generator_py.so
[1.686s] -- Up-to-date: /home/scv/SCV/install/hunter_msgs/share/hunter_msgs/cmake/export_hunter_msgs__rosidl_generator_cExport.cmake
[1.686s] -- Up-to-date: /home/scv/SCV/install/hunter_msgs/share/hunter_msgs/cmake/export_hunter_msgs__rosidl_generator_cExport-release.cmake
[1.686s] -- Up-to-date: /home/scv/SCV/install/hunter_msgs/share/hunter_msgs/cmake/export_hunter_msgs__rosidl_typesupport_fastrtps_cExport.cmake
[1.687s] -- Up-to-date: /home/scv/SCV/install/hunter_msgs/share/hunter_msgs/cmake/export_hunter_msgs__rosidl_typesupport_fastrtps_cExport-release.cmake
[1.687s] -- Up-to-date: /home/scv/SCV/install/hunter_msgs/share/hunter_msgs/cmake/export_hunter_msgs__rosidl_generator_cppExport.cmake
[1.687s] -- Up-to-date: /home/scv/SCV/install/hunter_msgs/share/hunter_msgs/cmake/export_hunter_msgs__rosidl_typesupport_fastrtps_cppExport.cmake
[1.687s] -- Up-to-date: /home/scv/SCV/install/hunter_msgs/share/hunter_msgs/cmake/export_hunter_msgs__rosidl_typesupport_fastrtps_cppExport-release.cmake
[1.687s] -- Up-to-date: /home/scv/SCV/install/hunter_msgs/share/hunter_msgs/cmake/hunter_msgs__rosidl_typesupport_introspection_cExport.cmake
[1.687s] -- Up-to-date: /home/scv/SCV/install/hunter_msgs/share/hunter_msgs/cmake/hunter_msgs__rosidl_typesupport_introspection_cExport-release.cmake
[1.687s] -- Up-to-date: /home/scv/SCV/install/hunter_msgs/share/hunter_msgs/cmake/hunter_msgs__rosidl_typesupport_cExport.cmake
[1.687s] -- Up-to-date: /home/scv/SCV/install/hunter_msgs/share/hunter_msgs/cmake/hunter_msgs__rosidl_typesupport_cExport-release.cmake
[1.687s] -- Up-to-date: /home/scv/SCV/install/hunter_msgs/share/hunter_msgs/cmake/hunter_msgs__rosidl_typesupport_introspection_cppExport.cmake
[1.687s] -- Up-to-date: /home/scv/SCV/install/hunter_msgs/share/hunter_msgs/cmake/hunter_msgs__rosidl_typesupport_introspection_cppExport-release.cmake
[1.687s] -- Up-to-date: /home/scv/SCV/install/hunter_msgs/share/hunter_msgs/cmake/hunter_msgs__rosidl_typesupport_cppExport.cmake
[1.687s] -- Up-to-date: /home/scv/SCV/install/hunter_msgs/share/hunter_msgs/cmake/hunter_msgs__rosidl_typesupport_cppExport-release.cmake
[1.687s] -- Up-to-date: /home/scv/SCV/install/hunter_msgs/share/hunter_msgs/cmake/export_hunter_msgs__rosidl_generator_pyExport.cmake
[1.687s] -- Up-to-date: /home/scv/SCV/install/hunter_msgs/share/hunter_msgs/cmake/export_hunter_msgs__rosidl_generator_pyExport-release.cmake
[1.689s] Invoked command in '/home/scv/SCV/build/hunter_msgs' returned '0': CMAKE_PREFIX_PATH=/home/scv/SCV/install/hunter_base:/home/scv/SCV/install/hunter_msgs:/opt/ros/humble:/home/scv/SCV/install/ugv_sdk /usr/bin/cmake --install /home/scv/SCV/build/hunter_msgs
