[0.008s] Invoking command in '/home/scv/SCV/build/zed_ros2': AMENT_PREFIX_PATH=/home/scv/SCV/install/zed_wrapper:/home/scv/SCV/install/zed_components:${AMENT_PREFIX_PATH} CMAKE_PREFIX_PATH=/home/scv/SCV/install/zed_wrapper:/home/scv/SCV/install/zed_components:/opt/ros/humble LD_LIBRARY_PATH=/home/scv/SCV/install/zed_components/lib:${LD_LIBRARY_PATH} /usr/bin/cmake /home/scv/SCV/src/sensor_pkg/zed-ros2-wrapper/zed_ros2 -DCMAKE_BUILD_TYPE=Release -DAMENT_CMAKE_SYMLINK_INSTALL=1 -DCMAKE_INSTALL_PREFIX=/home/scv/SCV/install/zed_ros2
[0.023s] -- Found ament_cmake_auto: 1.3.11 (/opt/ros/humble/share/ament_cmake_auto/cmake)
[0.277s] -- Found Python3: /usr/bin/python3 (found version "3.10.12") found components: Interpreter 
[0.368s] -- Override CMake install command with custom implementation using symlinks instead of copying resources
[0.482s] -- Found ament_lint_auto: 0.12.12 (/opt/ros/humble/share/ament_lint_auto/cmake)
[0.505s] -- Added test 'copyright' to check source files copyright and LICENSE
[0.507s] -- Added test 'lint_cmake' to check CMake code style
[0.508s] -- Added test 'xmllint' to check XML markup files
[0.513s] -- Configuring done
[0.525s] -- Generating done
[0.531s] -- Build files have been written to: /home/scv/SCV/build/zed_ros2
[0.536s] Invoked command in '/home/scv/SCV/build/zed_ros2' returned '0': AMENT_PREFIX_PATH=/home/scv/SCV/install/zed_wrapper:/home/scv/SCV/install/zed_components:${AMENT_PREFIX_PATH} CMAKE_PREFIX_PATH=/home/scv/SCV/install/zed_wrapper:/home/scv/SCV/install/zed_components:/opt/ros/humble LD_LIBRARY_PATH=/home/scv/SCV/install/zed_components/lib:${LD_LIBRARY_PATH} /usr/bin/cmake /home/scv/SCV/src/sensor_pkg/zed-ros2-wrapper/zed_ros2 -DCMAKE_BUILD_TYPE=Release -DAMENT_CMAKE_SYMLINK_INSTALL=1 -DCMAKE_INSTALL_PREFIX=/home/scv/SCV/install/zed_ros2
[0.542s] Invoking command in '/home/scv/SCV/build/zed_ros2': AMENT_PREFIX_PATH=/home/scv/SCV/install/zed_wrapper:/home/scv/SCV/install/zed_components:${AMENT_PREFIX_PATH} CMAKE_PREFIX_PATH=/home/scv/SCV/install/zed_wrapper:/home/scv/SCV/install/zed_components:/opt/ros/humble LD_LIBRARY_PATH=/home/scv/SCV/install/zed_components/lib:${LD_LIBRARY_PATH} /usr/bin/cmake --build /home/scv/SCV/build/zed_ros2 -- -j8 -l8
[0.584s] Invoked command in '/home/scv/SCV/build/zed_ros2' returned '0': AMENT_PREFIX_PATH=/home/scv/SCV/install/zed_wrapper:/home/scv/SCV/install/zed_components:${AMENT_PREFIX_PATH} CMAKE_PREFIX_PATH=/home/scv/SCV/install/zed_wrapper:/home/scv/SCV/install/zed_components:/opt/ros/humble LD_LIBRARY_PATH=/home/scv/SCV/install/zed_components/lib:${LD_LIBRARY_PATH} /usr/bin/cmake --build /home/scv/SCV/build/zed_ros2 -- -j8 -l8
[0.585s] Invoking command in '/home/scv/SCV/build/zed_ros2': AMENT_PREFIX_PATH=/home/scv/SCV/install/zed_wrapper:/home/scv/SCV/install/zed_components:${AMENT_PREFIX_PATH} CMAKE_PREFIX_PATH=/home/scv/SCV/install/zed_wrapper:/home/scv/SCV/install/zed_components:/opt/ros/humble LD_LIBRARY_PATH=/home/scv/SCV/install/zed_components/lib:${LD_LIBRARY_PATH} /usr/bin/cmake --install /home/scv/SCV/build/zed_ros2
[0.602s] -- Install configuration: "Release"
[0.602s] -- Execute custom install script
[0.602s] -- Symlinking: /home/scv/SCV/install/zed_ros2/share/ament_index/resource_index/package_run_dependencies/zed_ros2
[0.620s] -- Symlinking: /home/scv/SCV/install/zed_ros2/share/ament_index/resource_index/parent_prefix_path/zed_ros2
[0.628s] -- Symlinking: /home/scv/SCV/install/zed_ros2/share/zed_ros2/environment/ament_prefix_path.sh
[0.637s] -- Symlinking: /home/scv/SCV/install/zed_ros2/share/zed_ros2/environment/ament_prefix_path.dsv
[0.647s] -- Symlinking: /home/scv/SCV/install/zed_ros2/share/zed_ros2/environment/path.sh
[0.659s] -- Symlinking: /home/scv/SCV/install/zed_ros2/share/zed_ros2/environment/path.dsv
[0.674s] -- Symlinking: /home/scv/SCV/install/zed_ros2/share/zed_ros2/local_setup.bash
[0.683s] -- Symlinking: /home/scv/SCV/install/zed_ros2/share/zed_ros2/local_setup.sh
[0.702s] -- Symlinking: /home/scv/SCV/install/zed_ros2/share/zed_ros2/local_setup.zsh
[0.719s] -- Symlinking: /home/scv/SCV/install/zed_ros2/share/zed_ros2/local_setup.dsv
[0.735s] -- Symlinking: /home/scv/SCV/install/zed_ros2/share/zed_ros2/package.dsv
[0.747s] -- Symlinking: /home/scv/SCV/install/zed_ros2/share/ament_index/resource_index/packages/zed_ros2
[0.766s] -- Symlinking: /home/scv/SCV/install/zed_ros2/share/zed_ros2/cmake/zed_ros2Config.cmake
[0.786s] -- Symlinking: /home/scv/SCV/install/zed_ros2/share/zed_ros2/cmake/zed_ros2Config-version.cmake
[0.804s] -- Symlinking: /home/scv/SCV/install/zed_ros2/share/zed_ros2/package.xml
[0.825s] Invoked command in '/home/scv/SCV/build/zed_ros2' returned '0': AMENT_PREFIX_PATH=/home/scv/SCV/install/zed_wrapper:/home/scv/SCV/install/zed_components:${AMENT_PREFIX_PATH} CMAKE_PREFIX_PATH=/home/scv/SCV/install/zed_wrapper:/home/scv/SCV/install/zed_components:/opt/ros/humble LD_LIBRARY_PATH=/home/scv/SCV/install/zed_components/lib:${LD_LIBRARY_PATH} /usr/bin/cmake --install /home/scv/SCV/build/zed_ros2
