[0.007s] Invoking command in '/home/ssc/SCV/build/zed_wrapper': CMAKE_PREFIX_PATH=/home/ssc/SCV/install/zed_components:/home/ssc/SCV/install/zed_ros2:/home/ssc/SCV/install/zed_wrapper:/home/ssc/SCV/install/usb_cam:/opt/ros/humble /usr/bin/cmake /home/ssc/SCV/src/sensor_pkg/zed-ros2-wrapper/zed_wrapper -DCMAKE_INSTALL_PREFIX=/home/ssc/SCV/install/zed_wrapper
[0.048s] -- The C compiler identification is GNU 11.4.0
[0.094s] -- The CXX compiler identification is GNU 11.4.0
[0.100s] -- Detecting C compiler ABI info
[0.152s] -- Detecting C compiler ABI info - done
[0.157s] -- Check for working C compiler: /usr/bin/cc - skipped
[0.157s] -- Detecting C compile features
[0.157s] -- Detecting C compile features - done
[0.160s] -- Detecting CXX compiler ABI info
[0.222s] -- Detecting CXX compiler ABI info - done
[0.228s] -- Check for working CXX compiler: /usr/bin/c++ - skipped
[0.228s] -- Detecting CXX compile features
[0.228s] -- Detecting CXX compile features - done
[0.229s] -- Found ament_cmake_auto: 1.3.11 (/opt/ros/humble/share/ament_cmake_auto/cmake)
[0.341s] -- Found Python3: /usr/bin/python3 (found version "3.10.12") found components: Interpreter 
[0.468s] -- Found rosidl_generator_c: 3.1.6 (/opt/ros/humble/share/rosidl_generator_c/cmake)
[0.471s] -- Found rosidl_adapter: 3.1.6 (/opt/ros/humble/share/rosidl_adapter/cmake)
[0.476s] -- Found rosidl_generator_cpp: 3.1.6 (/opt/ros/humble/share/rosidl_generator_cpp/cmake)
[0.484s] -- Using all available rosidl_typesupport_c: rosidl_typesupport_fastrtps_c;rosidl_typesupport_introspection_c
[0.494s] -- Using all available rosidl_typesupport_cpp: rosidl_typesupport_fastrtps_cpp;rosidl_typesupport_introspection_cpp
[0.522s] -- Found rmw_implementation_cmake: 6.1.2 (/opt/ros/humble/share/rmw_implementation_cmake/cmake)
[0.523s] -- Found rmw_fastrtps_cpp: 6.2.7 (/opt/ros/humble/share/rmw_fastrtps_cpp/cmake)
[0.585s] -- Found OpenSSL: /usr/lib/x86_64-linux-gnu/libcrypto.so (found version "3.0.2")  
[0.603s] -- Found FastRTPS: /opt/ros/humble/include  
[0.633s] -- Using RMW implementation 'rmw_fastrtps_cpp' as default
[0.640s] -- Looking for pthread.h
[0.688s] -- Looking for pthread.h - found
[0.688s] -- Performing Test CMAKE_HAVE_LIBC_PTHREAD
[0.739s] -- Performing Test CMAKE_HAVE_LIBC_PTHREAD - Success
[0.740s] -- Found Threads: TRUE  
[0.887s] -- Found eigen3_cmake_module: 0.1.1 (/opt/ros/humble/share/eigen3_cmake_module/cmake)
[0.888s] -- Found Eigen3: TRUE (found version "3.4.0") 
[0.888s] -- Ensuring Eigen3 include directory is part of orocos-kdl CMake target
[1.022s] -- Configuring done
[1.025s] -- Generating done
[1.027s] -- Build files have been written to: /home/ssc/SCV/build/zed_wrapper
[1.034s] Invoked command in '/home/ssc/SCV/build/zed_wrapper' returned '0': CMAKE_PREFIX_PATH=/home/ssc/SCV/install/zed_components:/home/ssc/SCV/install/zed_ros2:/home/ssc/SCV/install/zed_wrapper:/home/ssc/SCV/install/usb_cam:/opt/ros/humble /usr/bin/cmake /home/ssc/SCV/src/sensor_pkg/zed-ros2-wrapper/zed_wrapper -DCMAKE_INSTALL_PREFIX=/home/ssc/SCV/install/zed_wrapper
[1.035s] Invoking command in '/home/ssc/SCV/build/zed_wrapper': CMAKE_PREFIX_PATH=/home/ssc/SCV/install/zed_components:/home/ssc/SCV/install/zed_ros2:/home/ssc/SCV/install/zed_wrapper:/home/ssc/SCV/install/usb_cam:/opt/ros/humble /usr/bin/cmake --build /home/ssc/SCV/build/zed_wrapper -- -j24 -l24
[1.067s] Invoked command in '/home/ssc/SCV/build/zed_wrapper' returned '0': CMAKE_PREFIX_PATH=/home/ssc/SCV/install/zed_components:/home/ssc/SCV/install/zed_ros2:/home/ssc/SCV/install/zed_wrapper:/home/ssc/SCV/install/usb_cam:/opt/ros/humble /usr/bin/cmake --build /home/ssc/SCV/build/zed_wrapper -- -j24 -l24
[1.069s] Invoking command in '/home/ssc/SCV/build/zed_wrapper': CMAKE_PREFIX_PATH=/home/ssc/SCV/install/zed_components:/home/ssc/SCV/install/zed_ros2:/home/ssc/SCV/install/zed_wrapper:/home/ssc/SCV/install/usb_cam:/opt/ros/humble /usr/bin/cmake --install /home/ssc/SCV/build/zed_wrapper
[1.073s] -- Install configuration: ""
[1.073s] -- Installing: /home/ssc/SCV/install/zed_wrapper/share/zed_wrapper/config
[1.073s] -- Installing: /home/ssc/SCV/install/zed_wrapper/share/zed_wrapper/config/object_detection.yaml
[1.073s] -- Installing: /home/ssc/SCV/install/zed_wrapper/share/zed_wrapper/config/common_mono.yaml
[1.073s] -- Installing: /home/ssc/SCV/install/zed_wrapper/share/zed_wrapper/config/zedm.yaml
[1.073s] -- Installing: /home/ssc/SCV/install/zed_wrapper/share/zed_wrapper/config/zedx.yaml
[1.073s] -- Installing: /home/ssc/SCV/install/zed_wrapper/share/zed_wrapper/config/custom_object_detection.yaml
[1.074s] -- Installing: /home/ssc/SCV/install/zed_wrapper/share/zed_wrapper/config/zed2.yaml
[1.074s] -- Installing: /home/ssc/SCV/install/zed_wrapper/share/zed_wrapper/config/common_stereo.yaml
[1.074s] -- Installing: /home/ssc/SCV/install/zed_wrapper/share/zed_wrapper/config/ffmpeg.yaml
[1.074s] -- Installing: /home/ssc/SCV/install/zed_wrapper/share/zed_wrapper/config/zed.yaml
[1.074s] -- Installing: /home/ssc/SCV/install/zed_wrapper/share/zed_wrapper/config/zedxonegs.yaml
[1.074s] -- Installing: /home/ssc/SCV/install/zed_wrapper/share/zed_wrapper/config/virtual.yaml
[1.074s] -- Installing: /home/ssc/SCV/install/zed_wrapper/share/zed_wrapper/config/zedxm.yaml
[1.074s] -- Installing: /home/ssc/SCV/install/zed_wrapper/share/zed_wrapper/config/zed2i.yaml
[1.074s] -- Installing: /home/ssc/SCV/install/zed_wrapper/share/zed_wrapper/config/zedxone4k.yaml
[1.074s] -- Installing: /home/ssc/SCV/install/zed_wrapper/share/zed_wrapper/urdf
[1.074s] -- Installing: /home/ssc/SCV/install/zed_wrapper/share/zed_wrapper/urdf/include
[1.074s] -- Installing: /home/ssc/SCV/install/zed_wrapper/share/zed_wrapper/urdf/include/materials.urdf.xacro
[1.074s] -- Installing: /home/ssc/SCV/install/zed_wrapper/share/zed_wrapper/urdf/zed_descr.urdf.xacro
[1.075s] -- Installing: /home/ssc/SCV/install/zed_wrapper/share/zed_wrapper/urdf/zed_macro.urdf.xacro
[1.075s] -- Installing: /home/ssc/SCV/install/zed_wrapper/share/zed_wrapper/launch
[1.075s] -- Installing: /home/ssc/SCV/install/zed_wrapper/share/zed_wrapper/launch/zed_camera.launch.py
[1.075s] -- Installing: /home/ssc/SCV/install/zed_wrapper/share/ament_index/resource_index/package_run_dependencies/zed_wrapper
[1.075s] -- Installing: /home/ssc/SCV/install/zed_wrapper/share/ament_index/resource_index/parent_prefix_path/zed_wrapper
[1.075s] -- Installing: /home/ssc/SCV/install/zed_wrapper/share/zed_wrapper/environment/ament_prefix_path.sh
[1.075s] -- Installing: /home/ssc/SCV/install/zed_wrapper/share/zed_wrapper/environment/ament_prefix_path.dsv
[1.075s] -- Installing: /home/ssc/SCV/install/zed_wrapper/share/zed_wrapper/environment/path.sh
[1.075s] -- Installing: /home/ssc/SCV/install/zed_wrapper/share/zed_wrapper/environment/path.dsv
[1.075s] -- Installing: /home/ssc/SCV/install/zed_wrapper/share/zed_wrapper/local_setup.bash
[1.075s] -- Installing: /home/ssc/SCV/install/zed_wrapper/share/zed_wrapper/local_setup.sh
[1.075s] -- Installing: /home/ssc/SCV/install/zed_wrapper/share/zed_wrapper/local_setup.zsh
[1.075s] -- Installing: /home/ssc/SCV/install/zed_wrapper/share/zed_wrapper/local_setup.dsv
[1.075s] -- Installing: /home/ssc/SCV/install/zed_wrapper/share/zed_wrapper/package.dsv
[1.076s] -- Installing: /home/ssc/SCV/install/zed_wrapper/share/ament_index/resource_index/packages/zed_wrapper
[1.076s] -- Installing: /home/ssc/SCV/install/zed_wrapper/share/zed_wrapper/cmake/zed_wrapperConfig.cmake
[1.076s] -- Installing: /home/ssc/SCV/install/zed_wrapper/share/zed_wrapper/cmake/zed_wrapperConfig-version.cmake
[1.076s] -- Installing: /home/ssc/SCV/install/zed_wrapper/share/zed_wrapper/package.xml
[1.077s] Invoked command in '/home/ssc/SCV/build/zed_wrapper' returned '0': CMAKE_PREFIX_PATH=/home/ssc/SCV/install/zed_components:/home/ssc/SCV/install/zed_ros2:/home/ssc/SCV/install/zed_wrapper:/home/ssc/SCV/install/usb_cam:/opt/ros/humble /usr/bin/cmake --install /home/ssc/SCV/build/zed_wrapper
