[0.014s] Invoking command in '/home/scv/SCV/build/ugv_sdk': /usr/bin/cmake --build /home/scv/SCV/build/ugv_sdk -- -j8 -l8
[0.094s] [ 41%] Built target ugv_sdk
[0.153s] [ 50%] Built target demo_scout_robot
[0.155s] [ 58%] Built target demo_scout_mini_omni_robot
[0.164s] [ 66%] Built target demo_tracer_robot
[0.165s] [ 75%] Built target demo_bunker_robot
[0.166s] [ 83%] Built target demo_ranger_robot
[0.172s] [ 91%] Built target demo_protocol_detector
[0.173s] [100%] Built target demo_hunter_robot
[0.218s] Invoked command in '/home/scv/SCV/build/ugv_sdk' returned '0': /usr/bin/cmake --build /home/scv/SCV/build/ugv_sdk -- -j8 -l8
[0.220s] Invoking command in '/home/scv/SCV/build/ugv_sdk': /usr/bin/cmake --install /home/scv/SCV/build/ugv_sdk
[0.242s] -- Install configuration: "Release"
[0.242s] -- Up-to-date: /home/scv/SCV/install/ugv_sdk/lib/libugv_sdk.a
[0.242s] -- Up-to-date: /home/scv/SCV/install/ugv_sdk/include/ugv_sdk
[0.242s] -- Up-to-date: /home/scv/SCV/install/ugv_sdk/include/ugv_sdk/mobile_robot
[0.242s] -- Up-to-date: /home/scv/SCV/install/ugv_sdk/include/ugv_sdk/mobile_robot/ranger_robot.hpp
[0.242s] -- Up-to-date: /home/scv/SCV/install/ugv_sdk/include/ugv_sdk/mobile_robot/scout_robot.hpp
[0.243s] -- Up-to-date: /home/scv/SCV/install/ugv_sdk/include/ugv_sdk/mobile_robot/tracer_robot.hpp
[0.243s] -- Up-to-date: /home/scv/SCV/install/ugv_sdk/include/ugv_sdk/mobile_robot/hunter_robot.hpp
[0.243s] -- Up-to-date: /home/scv/SCV/install/ugv_sdk/include/ugv_sdk/mobile_robot/bunker_robot.hpp
[0.243s] -- Up-to-date: /home/scv/SCV/install/ugv_sdk/include/ugv_sdk/utilities
[0.243s] -- Up-to-date: /home/scv/SCV/install/ugv_sdk/include/ugv_sdk/utilities/protocol_detector.hpp
[0.243s] -- Up-to-date: /home/scv/SCV/install/ugv_sdk/include/ugv_sdk/utilities/stopwatch.hpp
[0.243s] -- Up-to-date: /home/scv/SCV/install/ugv_sdk/include/ugv_sdk/details
[0.243s] -- Up-to-date: /home/scv/SCV/install/ugv_sdk/include/ugv_sdk/details/robot_base
[0.243s] -- Up-to-date: /home/scv/SCV/install/ugv_sdk/include/ugv_sdk/details/robot_base/ranger_base.hpp
[0.243s] -- Up-to-date: /home/scv/SCV/install/ugv_sdk/include/ugv_sdk/details/robot_base/agilex_base.hpp
[0.243s] -- Up-to-date: /home/scv/SCV/install/ugv_sdk/include/ugv_sdk/details/robot_base/tracer_base.hpp
[0.243s] -- Up-to-date: /home/scv/SCV/install/ugv_sdk/include/ugv_sdk/details/robot_base/scout_base.hpp
[0.243s] -- Up-to-date: /home/scv/SCV/install/ugv_sdk/include/ugv_sdk/details/robot_base/bunker_base.hpp
[0.243s] -- Up-to-date: /home/scv/SCV/install/ugv_sdk/include/ugv_sdk/details/robot_base/hunter_base.hpp
[0.243s] -- Up-to-date: /home/scv/SCV/install/ugv_sdk/include/ugv_sdk/details/interface
[0.244s] -- Up-to-date: /home/scv/SCV/install/ugv_sdk/include/ugv_sdk/details/interface/agilex_types.h
[0.247s] -- Up-to-date: /home/scv/SCV/install/ugv_sdk/include/ugv_sdk/details/interface/scout_interface.hpp
[0.247s] -- Up-to-date: /home/scv/SCV/install/ugv_sdk/include/ugv_sdk/details/interface/tracer_interface.hpp
[0.247s] -- Up-to-date: /home/scv/SCV/install/ugv_sdk/include/ugv_sdk/details/interface/parser_interface.hpp
[0.247s] -- Up-to-date: /home/scv/SCV/install/ugv_sdk/include/ugv_sdk/details/interface/bunker_interface.hpp
[0.247s] -- Up-to-date: /home/scv/SCV/install/ugv_sdk/include/ugv_sdk/details/interface/agilex_message.h
[0.247s] -- Up-to-date: /home/scv/SCV/install/ugv_sdk/include/ugv_sdk/details/interface/robot_common_interface.hpp
[0.247s] -- Up-to-date: /home/scv/SCV/install/ugv_sdk/include/ugv_sdk/details/interface/hunter_interface.hpp
[0.247s] -- Up-to-date: /home/scv/SCV/install/ugv_sdk/include/ugv_sdk/details/interface/ranger_interface.hpp
[0.248s] -- Up-to-date: /home/scv/SCV/install/ugv_sdk/include/ugv_sdk/details/protocol_v1
[0.248s] -- Up-to-date: /home/scv/SCV/install/ugv_sdk/include/ugv_sdk/details/protocol_v1/protocol_v1_parser.hpp
[0.248s] -- Up-to-date: /home/scv/SCV/install/ugv_sdk/include/ugv_sdk/details/protocol_v1/robot_limits.hpp
[0.248s] -- Up-to-date: /home/scv/SCV/install/ugv_sdk/include/ugv_sdk/details/protocol_v1/agilex_msg_parser_v1.h
[0.248s] -- Up-to-date: /home/scv/SCV/install/ugv_sdk/include/ugv_sdk/details/protocol_v2
[0.248s] -- Up-to-date: /home/scv/SCV/install/ugv_sdk/include/ugv_sdk/details/protocol_v2/protocol_v2_parser.hpp
[0.248s] -- Up-to-date: /home/scv/SCV/install/ugv_sdk/include/ugv_sdk/details/async_port
[0.248s] -- Up-to-date: /home/scv/SCV/install/ugv_sdk/include/ugv_sdk/details/async_port/async_can.hpp
[0.248s] -- Up-to-date: /home/scv/SCV/install/ugv_sdk/include/ugv_sdk/details/async_port/async_port_base.hpp
[0.248s] -- Up-to-date: /home/scv/SCV/install/ugv_sdk/include/ugv_sdk/details/async_port/async_serial.hpp
[0.248s] -- Up-to-date: /home/scv/SCV/install/ugv_sdk/include/ugv_sdk/details/async_port/ring_buffer.hpp
[0.249s] -- Up-to-date: /home/scv/SCV/install/ugv_sdk/lib/cmake/ugv_sdk/ugv_sdkTargets.cmake
[0.249s] -- Up-to-date: /home/scv/SCV/install/ugv_sdk/lib/cmake/ugv_sdk/ugv_sdkTargets-release.cmake
[0.249s] -- Up-to-date: /home/scv/SCV/install/ugv_sdk/lib/cmake/ugv_sdk/ugv_sdkConfig.cmake
[0.249s] -- Up-to-date: /home/scv/SCV/install/ugv_sdk/lib/cmake/ugv_sdk/ugv_sdkConfigVersion.cmake
[0.251s] Invoked command in '/home/scv/SCV/build/ugv_sdk' returned '0': /usr/bin/cmake --install /home/scv/SCV/build/ugv_sdk
