[0.013s] Invoking command in '/home/scv/SCV/build/hunter_msgs': CMAKE_PREFIX_PATH=/opt/ros/humble /usr/bin/cmake /home/scv/SCV/src/vehicle/SCV_hunter_ros2/hunter_msgs -DCMAKE_BUILD_TYPE=Release -DAMENT_CMAKE_SYMLINK_INSTALL=1 -DCMAKE_INSTALL_PREFIX=/home/scv/SCV/install/hunter_msgs
[0.024s] -- Found ament_cmake: 1.3.11 (/opt/ros/humble/share/ament_cmake/cmake)
[0.168s] -- Override CMake install command with custom implementation using symlinks instead of copying resources
[0.193s] -- Found builtin_interfaces: 1.2.1 (/opt/ros/humble/share/builtin_interfaces/cmake)
[0.226s] -- Found rosidl_generator_c: 3.1.6 (/opt/ros/humble/share/rosidl_generator_c/cmake)
[0.230s] -- Found rosidl_adapter: 3.1.6 (/opt/ros/humble/share/rosidl_adapter/cmake)
[0.243s] -- Found rosidl_generator_cpp: 3.1.6 (/opt/ros/humble/share/rosidl_generator_cpp/cmake)
[0.268s] -- Using all available rosidl_typesupport_c: rosidl_typesupport_fastrtps_c;rosidl_typesupport_introspection_c
[0.268s] -- Using all available rosidl_typesupport_cpp: rosidl_typesupport_fastrtps_cpp;rosidl_typesupport_introspection_cpp
[0.283s] -- Found rosidl_default_generators: 1.2.0 (/opt/ros/humble/share/rosidl_default_generators/cmake)
[0.288s] -- Found std_msgs: 4.9.0 (/opt/ros/humble/share/std_msgs/cmake)
[0.618s] -- Found ament_cmake_ros: 0.10.0 (/opt/ros/humble/share/ament_cmake_ros/cmake)
[0.998s] -- Using all available rosidl_typesupport_c: rosidl_typesupport_fastrtps_c;rosidl_typesupport_introspection_c
[1.161s] -- Using all available rosidl_typesupport_cpp: rosidl_typesupport_fastrtps_cpp;rosidl_typesupport_introspection_cpp
[1.211s] -- Found python_cmake_module: 0.10.0 (/opt/ros/humble/share/python_cmake_module/cmake)
[1.217s] -- Using PYTHON_EXECUTABLE: /usr/bin/python3
[1.217s] -- Using PYTHON_INCLUDE_DIRS: /usr/include/python3.10
[1.217s] -- Using PYTHON_LIBRARIES: /usr/lib/x86_64-linux-gnu/libpython3.10.so
[1.257s] -- Found ament_lint_auto: 0.12.12 (/opt/ros/humble/share/ament_lint_auto/cmake)
[1.268s] -- Added test 'copyright' to check source files copyright and LICENSE
[1.270s] -- Added test 'lint_cmake' to check CMake code style
[1.270s] -- Added test 'xmllint' to check XML markup files
[1.273s] -- Configuring done
[1.316s] -- Generating done
[1.329s] -- Build files have been written to: /home/scv/SCV/build/hunter_msgs
[1.337s] Invoked command in '/home/scv/SCV/build/hunter_msgs' returned '0': CMAKE_PREFIX_PATH=/opt/ros/humble /usr/bin/cmake /home/scv/SCV/src/vehicle/SCV_hunter_ros2/hunter_msgs -DCMAKE_BUILD_TYPE=Release -DAMENT_CMAKE_SYMLINK_INSTALL=1 -DCMAKE_INSTALL_PREFIX=/home/scv/SCV/install/hunter_msgs
[1.338s] Invoking command in '/home/scv/SCV/build/hunter_msgs': CMAKE_PREFIX_PATH=/opt/ros/humble /usr/bin/cmake --build /home/scv/SCV/build/hunter_msgs -- -j8 -l8
[1.378s] Consolidate compiler generated dependencies of target hunter_msgs__rosidl_generator_c
[1.387s] [  1%] Built target hunter_msgs__cpp
[1.388s] [ 12%] Built target hunter_msgs__rosidl_generator_c
[1.396s] [ 12%] Built target ament_cmake_python_symlink_hunter_msgs
[1.406s] Consolidate compiler generated dependencies of target hunter_msgs__rosidl_typesupport_c
[1.410s] Consolidate compiler generated dependencies of target hunter_msgs__rosidl_typesupport_fastrtps_c
[1.413s] Consolidate compiler generated dependencies of target hunter_msgs__rosidl_typesupport_cpp
[1.413s] Consolidate compiler generated dependencies of target hunter_msgs__rosidl_typesupport_introspection_c
[1.414s] Consolidate compiler generated dependencies of target hunter_msgs__rosidl_typesupport_introspection_cpp
[1.424s] Consolidate compiler generated dependencies of target hunter_msgs__rosidl_typesupport_fastrtps_cpp
[1.427s] [ 23%] Built target hunter_msgs__rosidl_typesupport_c
[1.434s] [ 34%] Built target hunter_msgs__rosidl_typesupport_introspection_c
[1.440s] [ 57%] Built target hunter_msgs__rosidl_typesupport_fastrtps_c
[1.440s] [ 46%] Built target hunter_msgs__rosidl_typesupport_introspection_cpp
[1.440s] [ 68%] Built target hunter_msgs__rosidl_typesupport_cpp
[1.441s] [ 79%] Built target hunter_msgs__rosidl_typesupport_fastrtps_cpp
[1.459s] [ 79%] Built target hunter_msgs
[1.478s] [ 80%] Built target hunter_msgs__py
[1.492s] Consolidate compiler generated dependencies of target hunter_msgs__rosidl_generator_py
[1.504s] [ 90%] Built target hunter_msgs__rosidl_generator_py
[1.515s] Consolidate compiler generated dependencies of target hunter_msgs__rosidl_typesupport_introspection_c__pyext
[1.515s] Consolidate compiler generated dependencies of target hunter_msgs__rosidl_typesupport_fastrtps_c__pyext
[1.516s] Consolidate compiler generated dependencies of target hunter_msgs__rosidl_typesupport_c__pyext
[1.528s] [ 96%] Built target hunter_msgs__rosidl_typesupport_introspection_c__pyext
[1.528s] [ 96%] Built target hunter_msgs__rosidl_typesupport_fastrtps_c__pyext
[1.532s] [100%] Built target hunter_msgs__rosidl_typesupport_c__pyext
[1.682s] running egg_info
[1.683s] writing hunter_msgs.egg-info/PKG-INFO
[1.683s] writing dependency_links to hunter_msgs.egg-info/dependency_links.txt
[1.683s] writing top-level names to hunter_msgs.egg-info/top_level.txt
[1.686s] reading manifest file 'hunter_msgs.egg-info/SOURCES.txt'
[1.686s] writing manifest file 'hunter_msgs.egg-info/SOURCES.txt'
[1.715s] [100%] Built target ament_cmake_python_build_hunter_msgs_egg
[1.735s] Invoked command in '/home/scv/SCV/build/hunter_msgs' returned '0': CMAKE_PREFIX_PATH=/opt/ros/humble /usr/bin/cmake --build /home/scv/SCV/build/hunter_msgs -- -j8 -l8
[1.735s] Invoking command in '/home/scv/SCV/build/hunter_msgs': CMAKE_PREFIX_PATH=/opt/ros/humble /usr/bin/cmake --install /home/scv/SCV/build/hunter_msgs
[1.742s] -- Install configuration: "Release"
[1.743s] -- Execute custom install script
[1.745s] -- Up-to-date symlink: /home/scv/SCV/install/hunter_msgs/share/ament_index/resource_index/rosidl_interfaces/hunter_msgs
[1.745s] -- Up-to-date symlink: /home/scv/SCV/install/hunter_msgs/include/hunter_msgs/hunter_msgs/msg/detail/hunter_actuator_state__functions.h
[1.745s] -- Up-to-date symlink: /home/scv/SCV/install/hunter_msgs/include/hunter_msgs/hunter_msgs/msg/detail/hunter_actuator_state__struct.h
[1.745s] -- Up-to-date symlink: /home/scv/SCV/install/hunter_msgs/include/hunter_msgs/hunter_msgs/msg/detail/hunter_actuator_state__type_support.h
[1.745s] -- Up-to-date symlink: /home/scv/SCV/install/hunter_msgs/include/hunter_msgs/hunter_msgs/msg/detail/hunter_light_cmd__functions.h
[1.745s] -- Up-to-date symlink: /home/scv/SCV/install/hunter_msgs/include/hunter_msgs/hunter_msgs/msg/detail/hunter_light_cmd__struct.h
[1.745s] -- Up-to-date symlink: /home/scv/SCV/install/hunter_msgs/include/hunter_msgs/hunter_msgs/msg/detail/hunter_light_cmd__type_support.h
[1.746s] -- Up-to-date symlink: /home/scv/SCV/install/hunter_msgs/include/hunter_msgs/hunter_msgs/msg/detail/hunter_light_state__functions.h
[1.746s] -- Up-to-date symlink: /home/scv/SCV/install/hunter_msgs/include/hunter_msgs/hunter_msgs/msg/detail/hunter_light_state__struct.h
[1.746s] -- Up-to-date symlink: /home/scv/SCV/install/hunter_msgs/include/hunter_msgs/hunter_msgs/msg/detail/hunter_light_state__type_support.h
[1.746s] -- Up-to-date symlink: /home/scv/SCV/install/hunter_msgs/include/hunter_msgs/hunter_msgs/msg/detail/hunter_rc_state__functions.h
[1.747s] -- Up-to-date symlink: /home/scv/SCV/install/hunter_msgs/include/hunter_msgs/hunter_msgs/msg/detail/hunter_rc_state__struct.h
[1.747s] -- Up-to-date symlink: /home/scv/SCV/install/hunter_msgs/include/hunter_msgs/hunter_msgs/msg/detail/hunter_rc_state__type_support.h
[1.747s] -- Up-to-date symlink: /home/scv/SCV/install/hunter_msgs/include/hunter_msgs/hunter_msgs/msg/detail/hunter_status__functions.h
[1.749s] -- Up-to-date symlink: /home/scv/SCV/install/hunter_msgs/include/hunter_msgs/hunter_msgs/msg/detail/hunter_status__struct.h
[1.749s] -- Up-to-date symlink: /home/scv/SCV/install/hunter_msgs/include/hunter_msgs/hunter_msgs/msg/detail/hunter_status__type_support.h
[1.750s] -- Up-to-date symlink: /home/scv/SCV/install/hunter_msgs/include/hunter_msgs/hunter_msgs/msg/hunter_actuator_state.h
[1.750s] -- Up-to-date symlink: /home/scv/SCV/install/hunter_msgs/include/hunter_msgs/hunter_msgs/msg/hunter_light_cmd.h
[1.750s] -- Up-to-date symlink: /home/scv/SCV/install/hunter_msgs/include/hunter_msgs/hunter_msgs/msg/hunter_light_state.h
[1.750s] -- Up-to-date symlink: /home/scv/SCV/install/hunter_msgs/include/hunter_msgs/hunter_msgs/msg/hunter_rc_state.h
[1.750s] -- Up-to-date symlink: /home/scv/SCV/install/hunter_msgs/include/hunter_msgs/hunter_msgs/msg/hunter_status.h
[1.750s] -- Up-to-date symlink: /home/scv/SCV/install/hunter_msgs/include/hunter_msgs/hunter_msgs/msg/rosidl_generator_c__visibility_control.h
[1.751s] -- Up-to-date symlink: /home/scv/SCV/install/hunter_msgs/share/hunter_msgs/environment/library_path.sh
[1.751s] -- Up-to-date symlink: /home/scv/SCV/install/hunter_msgs/share/hunter_msgs/environment/library_path.dsv
[1.751s] -- Up-to-date symlink: /home/scv/SCV/install/hunter_msgs/include/hunter_msgs/hunter_msgs/msg/detail/hunter_actuator_state__rosidl_typesupport_fastrtps_c.h
[1.751s] -- Up-to-date symlink: /home/scv/SCV/install/hunter_msgs/include/hunter_msgs/hunter_msgs/msg/detail/hunter_light_cmd__rosidl_typesupport_fastrtps_c.h
[1.751s] -- Up-to-date symlink: /home/scv/SCV/install/hunter_msgs/include/hunter_msgs/hunter_msgs/msg/detail/hunter_light_state__rosidl_typesupport_fastrtps_c.h
[1.751s] -- Up-to-date symlink: /home/scv/SCV/install/hunter_msgs/include/hunter_msgs/hunter_msgs/msg/detail/hunter_rc_state__rosidl_typesupport_fastrtps_c.h
[1.752s] -- Up-to-date symlink: /home/scv/SCV/install/hunter_msgs/include/hunter_msgs/hunter_msgs/msg/detail/hunter_status__rosidl_typesupport_fastrtps_c.h
[1.752s] -- Up-to-date symlink: /home/scv/SCV/install/hunter_msgs/include/hunter_msgs/hunter_msgs/msg/rosidl_typesupport_fastrtps_c__visibility_control.h
[1.752s] -- Up-to-date symlink: /home/scv/SCV/install/hunter_msgs/include/hunter_msgs/hunter_msgs/msg/detail/hunter_actuator_state__builder.hpp
[1.752s] -- Up-to-date symlink: /home/scv/SCV/install/hunter_msgs/include/hunter_msgs/hunter_msgs/msg/detail/hunter_actuator_state__struct.hpp
[1.752s] -- Up-to-date symlink: /home/scv/SCV/install/hunter_msgs/include/hunter_msgs/hunter_msgs/msg/detail/hunter_actuator_state__traits.hpp
[1.752s] -- Up-to-date symlink: /home/scv/SCV/install/hunter_msgs/include/hunter_msgs/hunter_msgs/msg/detail/hunter_actuator_state__type_support.hpp
[1.753s] -- Up-to-date symlink: /home/scv/SCV/install/hunter_msgs/include/hunter_msgs/hunter_msgs/msg/detail/hunter_light_cmd__builder.hpp
[1.753s] -- Up-to-date symlink: /home/scv/SCV/install/hunter_msgs/include/hunter_msgs/hunter_msgs/msg/detail/hunter_light_cmd__struct.hpp
[1.753s] -- Up-to-date symlink: /home/scv/SCV/install/hunter_msgs/include/hunter_msgs/hunter_msgs/msg/detail/hunter_light_cmd__traits.hpp
[1.753s] -- Up-to-date symlink: /home/scv/SCV/install/hunter_msgs/include/hunter_msgs/hunter_msgs/msg/detail/hunter_light_cmd__type_support.hpp
[1.753s] -- Up-to-date symlink: /home/scv/SCV/install/hunter_msgs/include/hunter_msgs/hunter_msgs/msg/detail/hunter_light_state__builder.hpp
[1.753s] -- Up-to-date symlink: /home/scv/SCV/install/hunter_msgs/include/hunter_msgs/hunter_msgs/msg/detail/hunter_light_state__struct.hpp
[1.753s] -- Up-to-date symlink: /home/scv/SCV/install/hunter_msgs/include/hunter_msgs/hunter_msgs/msg/detail/hunter_light_state__traits.hpp
[1.753s] -- Up-to-date symlink: /home/scv/SCV/install/hunter_msgs/include/hunter_msgs/hunter_msgs/msg/detail/hunter_light_state__type_support.hpp
[1.754s] -- Up-to-date symlink: /home/scv/SCV/install/hunter_msgs/include/hunter_msgs/hunter_msgs/msg/detail/hunter_rc_state__builder.hpp
[1.754s] -- Up-to-date symlink: /home/scv/SCV/install/hunter_msgs/include/hunter_msgs/hunter_msgs/msg/detail/hunter_rc_state__struct.hpp
[1.754s] -- Up-to-date symlink: /home/scv/SCV/install/hunter_msgs/include/hunter_msgs/hunter_msgs/msg/detail/hunter_rc_state__traits.hpp
[1.754s] -- Up-to-date symlink: /home/scv/SCV/install/hunter_msgs/include/hunter_msgs/hunter_msgs/msg/detail/hunter_rc_state__type_support.hpp
[1.754s] -- Up-to-date symlink: /home/scv/SCV/install/hunter_msgs/include/hunter_msgs/hunter_msgs/msg/detail/hunter_status__builder.hpp
[1.754s] -- Up-to-date symlink: /home/scv/SCV/install/hunter_msgs/include/hunter_msgs/hunter_msgs/msg/detail/hunter_status__struct.hpp
[1.754s] -- Up-to-date symlink: /home/scv/SCV/install/hunter_msgs/include/hunter_msgs/hunter_msgs/msg/detail/hunter_status__traits.hpp
[1.755s] -- Up-to-date symlink: /home/scv/SCV/install/hunter_msgs/include/hunter_msgs/hunter_msgs/msg/detail/hunter_status__type_support.hpp
[1.755s] -- Up-to-date symlink: /home/scv/SCV/install/hunter_msgs/include/hunter_msgs/hunter_msgs/msg/hunter_actuator_state.hpp
[1.755s] -- Up-to-date symlink: /home/scv/SCV/install/hunter_msgs/include/hunter_msgs/hunter_msgs/msg/hunter_light_cmd.hpp
[1.755s] -- Up-to-date symlink: /home/scv/SCV/install/hunter_msgs/include/hunter_msgs/hunter_msgs/msg/hunter_light_state.hpp
[1.755s] -- Up-to-date symlink: /home/scv/SCV/install/hunter_msgs/include/hunter_msgs/hunter_msgs/msg/hunter_rc_state.hpp
[1.755s] -- Up-to-date symlink: /home/scv/SCV/install/hunter_msgs/include/hunter_msgs/hunter_msgs/msg/hunter_status.hpp
[1.755s] -- Up-to-date symlink: /home/scv/SCV/install/hunter_msgs/include/hunter_msgs/hunter_msgs/msg/rosidl_generator_cpp__visibility_control.hpp
[1.755s] -- Up-to-date symlink: /home/scv/SCV/install/hunter_msgs/include/hunter_msgs/hunter_msgs/msg/detail/hunter_actuator_state__rosidl_typesupport_fastrtps_cpp.hpp
[1.755s] -- Up-to-date symlink: /home/scv/SCV/install/hunter_msgs/include/hunter_msgs/hunter_msgs/msg/detail/hunter_light_cmd__rosidl_typesupport_fastrtps_cpp.hpp
[1.755s] -- Up-to-date symlink: /home/scv/SCV/install/hunter_msgs/include/hunter_msgs/hunter_msgs/msg/detail/hunter_light_state__rosidl_typesupport_fastrtps_cpp.hpp
[1.755s] -- Up-to-date symlink: /home/scv/SCV/install/hunter_msgs/include/hunter_msgs/hunter_msgs/msg/detail/hunter_rc_state__rosidl_typesupport_fastrtps_cpp.hpp
[1.755s] -- Up-to-date symlink: /home/scv/SCV/install/hunter_msgs/include/hunter_msgs/hunter_msgs/msg/detail/hunter_status__rosidl_typesupport_fastrtps_cpp.hpp
[1.756s] -- Up-to-date symlink: /home/scv/SCV/install/hunter_msgs/include/hunter_msgs/hunter_msgs/msg/rosidl_typesupport_fastrtps_cpp__visibility_control.h
[1.756s] -- Up-to-date symlink: /home/scv/SCV/install/hunter_msgs/include/hunter_msgs/hunter_msgs/msg/detail/hunter_actuator_state__rosidl_typesupport_introspection_c.h
[1.756s] -- Up-to-date symlink: /home/scv/SCV/install/hunter_msgs/include/hunter_msgs/hunter_msgs/msg/detail/hunter_light_cmd__rosidl_typesupport_introspection_c.h
[1.758s] -- Up-to-date symlink: /home/scv/SCV/install/hunter_msgs/include/hunter_msgs/hunter_msgs/msg/detail/hunter_light_state__rosidl_typesupport_introspection_c.h
[1.758s] -- Up-to-date symlink: /home/scv/SCV/install/hunter_msgs/include/hunter_msgs/hunter_msgs/msg/detail/hunter_rc_state__rosidl_typesupport_introspection_c.h
[1.758s] -- Up-to-date symlink: /home/scv/SCV/install/hunter_msgs/include/hunter_msgs/hunter_msgs/msg/detail/hunter_status__rosidl_typesupport_introspection_c.h
[1.758s] -- Up-to-date symlink: /home/scv/SCV/install/hunter_msgs/include/hunter_msgs/hunter_msgs/msg/rosidl_typesupport_introspection_c__visibility_control.h
[1.758s] -- Up-to-date symlink: /home/scv/SCV/install/hunter_msgs/include/hunter_msgs/hunter_msgs/msg/detail/hunter_actuator_state__rosidl_typesupport_introspection_cpp.hpp
[1.758s] -- Up-to-date symlink: /home/scv/SCV/install/hunter_msgs/include/hunter_msgs/hunter_msgs/msg/detail/hunter_light_cmd__rosidl_typesupport_introspection_cpp.hpp
[1.758s] -- Up-to-date symlink: /home/scv/SCV/install/hunter_msgs/include/hunter_msgs/hunter_msgs/msg/detail/hunter_light_state__rosidl_typesupport_introspection_cpp.hpp
[1.758s] -- Up-to-date symlink: /home/scv/SCV/install/hunter_msgs/include/hunter_msgs/hunter_msgs/msg/detail/hunter_rc_state__rosidl_typesupport_introspection_cpp.hpp
[1.758s] -- Up-to-date symlink: /home/scv/SCV/install/hunter_msgs/include/hunter_msgs/hunter_msgs/msg/detail/hunter_status__rosidl_typesupport_introspection_cpp.hpp
[1.759s] -- Up-to-date symlink: /home/scv/SCV/install/hunter_msgs/share/hunter_msgs/environment/pythonpath.sh
[1.759s] -- Up-to-date symlink: /home/scv/SCV/install/hunter_msgs/share/hunter_msgs/environment/pythonpath.dsv
[1.759s] -- Up-to-date symlink: /home/scv/SCV/install/hunter_msgs/local/lib/python3.10/dist-packages/hunter_msgs-0.0.1-py3.10.egg-info/PKG-INFO
[1.759s] -- Up-to-date symlink: /home/scv/SCV/install/hunter_msgs/local/lib/python3.10/dist-packages/hunter_msgs-0.0.1-py3.10.egg-info/SOURCES.txt
[1.759s] -- Up-to-date symlink: /home/scv/SCV/install/hunter_msgs/local/lib/python3.10/dist-packages/hunter_msgs-0.0.1-py3.10.egg-info/dependency_links.txt
[1.759s] -- Up-to-date symlink: /home/scv/SCV/install/hunter_msgs/local/lib/python3.10/dist-packages/hunter_msgs-0.0.1-py3.10.egg-info/top_level.txt
[1.760s] -- Up-to-date symlink: /home/scv/SCV/install/hunter_msgs/local/lib/python3.10/dist-packages/hunter_msgs/__init__.py
[1.760s] -- Up-to-date symlink: /home/scv/SCV/install/hunter_msgs/local/lib/python3.10/dist-packages/hunter_msgs/_hunter_msgs_s.ep.rosidl_typesupport_c.c
[1.760s] -- Up-to-date symlink: /home/scv/SCV/install/hunter_msgs/local/lib/python3.10/dist-packages/hunter_msgs/_hunter_msgs_s.ep.rosidl_typesupport_fastrtps_c.c
[1.760s] -- Up-to-date symlink: /home/scv/SCV/install/hunter_msgs/local/lib/python3.10/dist-packages/hunter_msgs/_hunter_msgs_s.ep.rosidl_typesupport_introspection_c.c
[1.760s] -- Up-to-date symlink: /home/scv/SCV/install/hunter_msgs/local/lib/python3.10/dist-packages/hunter_msgs/hunter_msgs_s__rosidl_typesupport_c.cpython-310-x86_64-linux-gnu.so
[1.760s] -- Up-to-date symlink: /home/scv/SCV/install/hunter_msgs/local/lib/python3.10/dist-packages/hunter_msgs/hunter_msgs_s__rosidl_typesupport_fastrtps_c.cpython-310-x86_64-linux-gnu.so
[1.760s] -- Up-to-date symlink: /home/scv/SCV/install/hunter_msgs/local/lib/python3.10/dist-packages/hunter_msgs/hunter_msgs_s__rosidl_typesupport_introspection_c.cpython-310-x86_64-linux-gnu.so
[1.760s] -- Up-to-date symlink: /home/scv/SCV/install/hunter_msgs/local/lib/python3.10/dist-packages/hunter_msgs/libhunter_msgs__rosidl_generator_py.so
[1.760s] -- Up-to-date symlink: /home/scv/SCV/install/hunter_msgs/local/lib/python3.10/dist-packages/hunter_msgs/msg/__init__.py
[1.760s] -- Up-to-date symlink: /home/scv/SCV/install/hunter_msgs/local/lib/python3.10/dist-packages/hunter_msgs/msg/_hunter_actuator_state.py
[1.761s] -- Up-to-date symlink: /home/scv/SCV/install/hunter_msgs/local/lib/python3.10/dist-packages/hunter_msgs/msg/_hunter_actuator_state_s.c
[1.761s] -- Up-to-date symlink: /home/scv/SCV/install/hunter_msgs/local/lib/python3.10/dist-packages/hunter_msgs/msg/_hunter_light_cmd.py
[1.761s] -- Up-to-date symlink: /home/scv/SCV/install/hunter_msgs/local/lib/python3.10/dist-packages/hunter_msgs/msg/_hunter_light_cmd_s.c
[1.761s] -- Up-to-date symlink: /home/scv/SCV/install/hunter_msgs/local/lib/python3.10/dist-packages/hunter_msgs/msg/_hunter_light_state.py
[1.761s] -- Up-to-date symlink: /home/scv/SCV/install/hunter_msgs/local/lib/python3.10/dist-packages/hunter_msgs/msg/_hunter_light_state_s.c
[1.761s] -- Up-to-date symlink: /home/scv/SCV/install/hunter_msgs/local/lib/python3.10/dist-packages/hunter_msgs/msg/_hunter_rc_state.py
[1.761s] -- Up-to-date symlink: /home/scv/SCV/install/hunter_msgs/local/lib/python3.10/dist-packages/hunter_msgs/msg/_hunter_rc_state_s.c
[1.761s] -- Up-to-date symlink: /home/scv/SCV/install/hunter_msgs/local/lib/python3.10/dist-packages/hunter_msgs/msg/_hunter_status.py
[1.761s] -- Up-to-date symlink: /home/scv/SCV/install/hunter_msgs/local/lib/python3.10/dist-packages/hunter_msgs/msg/_hunter_status_s.c
[1.762s] -- Up-to-date symlink: /home/scv/SCV/install/hunter_msgs/local/lib/python3.10/dist-packages/hunter_msgs/hunter_msgs_s__rosidl_typesupport_fastrtps_c.cpython-310-x86_64-linux-gnu.so
[1.762s] -- Up-to-date symlink: /home/scv/SCV/install/hunter_msgs/local/lib/python3.10/dist-packages/hunter_msgs/hunter_msgs_s__rosidl_typesupport_introspection_c.cpython-310-x86_64-linux-gnu.so
[1.763s] -- Up-to-date symlink: /home/scv/SCV/install/hunter_msgs/local/lib/python3.10/dist-packages/hunter_msgs/hunter_msgs_s__rosidl_typesupport_c.cpython-310-x86_64-linux-gnu.so
[1.763s] -- Up-to-date symlink: /home/scv/SCV/install/hunter_msgs/share/hunter_msgs/msg/HunterActuatorState.idl
[1.763s] -- Up-to-date symlink: /home/scv/SCV/install/hunter_msgs/share/hunter_msgs/msg/HunterLightCmd.idl
[1.766s] -- Up-to-date symlink: /home/scv/SCV/install/hunter_msgs/share/hunter_msgs/msg/HunterLightState.idl
[1.766s] -- Up-to-date symlink: /home/scv/SCV/install/hunter_msgs/share/hunter_msgs/msg/HunterRCState.idl
[1.766s] -- Up-to-date symlink: /home/scv/SCV/install/hunter_msgs/share/hunter_msgs/msg/HunterStatus.idl
[1.766s] -- Up-to-date symlink: /home/scv/SCV/install/hunter_msgs/share/hunter_msgs/msg/HunterActuatorState.msg
[1.766s] -- Up-to-date symlink: /home/scv/SCV/install/hunter_msgs/share/hunter_msgs/msg/HunterLightCmd.msg
[1.766s] -- Up-to-date symlink: /home/scv/SCV/install/hunter_msgs/share/hunter_msgs/msg/HunterLightState.msg
[1.766s] -- Up-to-date symlink: /home/scv/SCV/install/hunter_msgs/share/hunter_msgs/msg/HunterRCState.msg
[1.766s] -- Up-to-date symlink: /home/scv/SCV/install/hunter_msgs/share/hunter_msgs/msg/HunterStatus.msg
[1.767s] -- Up-to-date symlink: /home/scv/SCV/install/hunter_msgs/share/ament_index/resource_index/package_run_dependencies/hunter_msgs
[1.767s] -- Up-to-date symlink: /home/scv/SCV/install/hunter_msgs/share/ament_index/resource_index/parent_prefix_path/hunter_msgs
[1.767s] -- Up-to-date symlink: /home/scv/SCV/install/hunter_msgs/share/hunter_msgs/environment/ament_prefix_path.sh
[1.767s] -- Up-to-date symlink: /home/scv/SCV/install/hunter_msgs/share/hunter_msgs/environment/ament_prefix_path.dsv
[1.767s] -- Up-to-date symlink: /home/scv/SCV/install/hunter_msgs/share/hunter_msgs/environment/path.sh
[1.767s] -- Up-to-date symlink: /home/scv/SCV/install/hunter_msgs/share/hunter_msgs/environment/path.dsv
[1.767s] -- Up-to-date symlink: /home/scv/SCV/install/hunter_msgs/share/hunter_msgs/local_setup.bash
[1.767s] -- Up-to-date symlink: /home/scv/SCV/install/hunter_msgs/share/hunter_msgs/local_setup.sh
[1.767s] -- Up-to-date symlink: /home/scv/SCV/install/hunter_msgs/share/hunter_msgs/local_setup.zsh
[1.767s] -- Up-to-date symlink: /home/scv/SCV/install/hunter_msgs/share/hunter_msgs/local_setup.dsv
[1.767s] -- Symlinking: /home/scv/SCV/install/hunter_msgs/share/hunter_msgs/package.dsv
[1.782s] -- Up-to-date symlink: /home/scv/SCV/install/hunter_msgs/share/ament_index/resource_index/packages/hunter_msgs
[1.782s] -- Up-to-date symlink: /home/scv/SCV/install/hunter_msgs/share/hunter_msgs/cmake/rosidl_cmake-extras.cmake
[1.782s] -- Up-to-date symlink: /home/scv/SCV/install/hunter_msgs/share/hunter_msgs/cmake/ament_cmake_export_dependencies-extras.cmake
[1.782s] -- Up-to-date symlink: /home/scv/SCV/install/hunter_msgs/share/hunter_msgs/cmake/ament_cmake_export_include_directories-extras.cmake
[1.783s] -- Up-to-date symlink: /home/scv/SCV/install/hunter_msgs/share/hunter_msgs/cmake/ament_cmake_export_libraries-extras.cmake
[1.783s] -- Up-to-date symlink: /home/scv/SCV/install/hunter_msgs/share/hunter_msgs/cmake/ament_cmake_export_targets-extras.cmake
[1.783s] -- Up-to-date symlink: /home/scv/SCV/install/hunter_msgs/share/hunter_msgs/cmake/rosidl_cmake_export_typesupport_targets-extras.cmake
[1.783s] -- Up-to-date symlink: /home/scv/SCV/install/hunter_msgs/share/hunter_msgs/cmake/rosidl_cmake_export_typesupport_libraries-extras.cmake
[1.785s] -- Up-to-date symlink: /home/scv/SCV/install/hunter_msgs/share/hunter_msgs/cmake/hunter_msgsConfig.cmake
[1.786s] -- Up-to-date symlink: /home/scv/SCV/install/hunter_msgs/share/hunter_msgs/cmake/hunter_msgsConfig-version.cmake
[1.787s] -- Up-to-date symlink: /home/scv/SCV/install/hunter_msgs/share/hunter_msgs/package.xml
[1.788s] -- Up-to-date: /home/scv/SCV/install/hunter_msgs/lib/libhunter_msgs__rosidl_generator_c.so
[1.788s] -- Up-to-date: /home/scv/SCV/install/hunter_msgs/lib/libhunter_msgs__rosidl_typesupport_fastrtps_c.so
[1.788s] -- Up-to-date: /home/scv/SCV/install/hunter_msgs/lib/libhunter_msgs__rosidl_typesupport_fastrtps_cpp.so
[1.789s] -- Up-to-date: /home/scv/SCV/install/hunter_msgs/lib/libhunter_msgs__rosidl_typesupport_introspection_c.so
[1.789s] -- Up-to-date: /home/scv/SCV/install/hunter_msgs/lib/libhunter_msgs__rosidl_typesupport_c.so
[1.789s] -- Up-to-date: /home/scv/SCV/install/hunter_msgs/lib/libhunter_msgs__rosidl_typesupport_introspection_cpp.so
[1.790s] -- Up-to-date: /home/scv/SCV/install/hunter_msgs/lib/libhunter_msgs__rosidl_typesupport_cpp.so
[1.829s] Listing '/home/scv/SCV/install/hunter_msgs/local/lib/python3.10/dist-packages/hunter_msgs'...
[1.829s] Compiling '/home/scv/SCV/install/hunter_msgs/local/lib/python3.10/dist-packages/hunter_msgs/__init__.py'...
[1.829s] Listing '/home/scv/SCV/install/hunter_msgs/local/lib/python3.10/dist-packages/hunter_msgs/msg'...
[1.835s] -- Up-to-date: /home/scv/SCV/install/hunter_msgs/lib/libhunter_msgs__rosidl_generator_py.so
[1.835s] -- Up-to-date: /home/scv/SCV/install/hunter_msgs/share/hunter_msgs/cmake/export_hunter_msgs__rosidl_generator_cExport.cmake
[1.835s] -- Up-to-date: /home/scv/SCV/install/hunter_msgs/share/hunter_msgs/cmake/export_hunter_msgs__rosidl_generator_cExport-release.cmake
[1.835s] -- Up-to-date: /home/scv/SCV/install/hunter_msgs/share/hunter_msgs/cmake/export_hunter_msgs__rosidl_typesupport_fastrtps_cExport.cmake
[1.835s] -- Up-to-date: /home/scv/SCV/install/hunter_msgs/share/hunter_msgs/cmake/export_hunter_msgs__rosidl_typesupport_fastrtps_cExport-release.cmake
[1.839s] -- Up-to-date: /home/scv/SCV/install/hunter_msgs/share/hunter_msgs/cmake/export_hunter_msgs__rosidl_generator_cppExport.cmake
[1.839s] -- Up-to-date: /home/scv/SCV/install/hunter_msgs/share/hunter_msgs/cmake/export_hunter_msgs__rosidl_typesupport_fastrtps_cppExport.cmake
[1.839s] -- Up-to-date: /home/scv/SCV/install/hunter_msgs/share/hunter_msgs/cmake/export_hunter_msgs__rosidl_typesupport_fastrtps_cppExport-release.cmake
[1.839s] -- Up-to-date: /home/scv/SCV/install/hunter_msgs/share/hunter_msgs/cmake/hunter_msgs__rosidl_typesupport_introspection_cExport.cmake
[1.839s] -- Up-to-date: /home/scv/SCV/install/hunter_msgs/share/hunter_msgs/cmake/hunter_msgs__rosidl_typesupport_introspection_cExport-release.cmake
[1.840s] -- Up-to-date: /home/scv/SCV/install/hunter_msgs/share/hunter_msgs/cmake/hunter_msgs__rosidl_typesupport_cExport.cmake
[1.840s] -- Up-to-date: /home/scv/SCV/install/hunter_msgs/share/hunter_msgs/cmake/hunter_msgs__rosidl_typesupport_cExport-release.cmake
[1.840s] -- Up-to-date: /home/scv/SCV/install/hunter_msgs/share/hunter_msgs/cmake/hunter_msgs__rosidl_typesupport_introspection_cppExport.cmake
[1.840s] -- Up-to-date: /home/scv/SCV/install/hunter_msgs/share/hunter_msgs/cmake/hunter_msgs__rosidl_typesupport_introspection_cppExport-release.cmake
[1.840s] -- Up-to-date: /home/scv/SCV/install/hunter_msgs/share/hunter_msgs/cmake/hunter_msgs__rosidl_typesupport_cppExport.cmake
[1.840s] -- Up-to-date: /home/scv/SCV/install/hunter_msgs/share/hunter_msgs/cmake/hunter_msgs__rosidl_typesupport_cppExport-release.cmake
[1.840s] -- Up-to-date: /home/scv/SCV/install/hunter_msgs/share/hunter_msgs/cmake/export_hunter_msgs__rosidl_generator_pyExport.cmake
[1.840s] -- Up-to-date: /home/scv/SCV/install/hunter_msgs/share/hunter_msgs/cmake/export_hunter_msgs__rosidl_generator_pyExport-release.cmake
[1.840s] Invoked command in '/home/scv/SCV/build/hunter_msgs' returned '0': CMAKE_PREFIX_PATH=/opt/ros/humble /usr/bin/cmake --install /home/scv/SCV/build/hunter_msgs
