-- The C compiler identification is GNU 11.4.0
-- The CXX compiler identification is GNU 11.4.0
-- Detecting C compiler ABI info
-- Detecting C compiler ABI info - done
-- Check for working C compiler: /usr/bin/cc - skipped
-- Detecting C compile features
-- Detecting C compile features - done
-- Detecting CXX compiler ABI info
-- Detecting CXX compiler ABI info - done
-- Check for working CXX compiler: /usr/bin/c++ - skipped
-- Detecting CXX compile features
-- Detecting CXX compile features - done
-- Looking for sgemm_
-- Looking for sgemm_ - not found
-- Looking for pthread.h
-- Looking for pthread.h - found
-- Performing Test CMAKE_HAVE_LIBC_PTHREAD
-- Performing Test CMAKE_HAVE_LIBC_PTHREAD - Success
-- Found Threads: TRUE  
-- Looking for sgemm_
-- Looking for sgemm_ - found
-- Found BLAS: /usr/lib/x86_64-linux-gnu/libopenblas.so  
-- Found CUDA: /usr/local/cuda (found suitable version "12.8", minimum required is "12") 
-- Found CUDA: /usr/local/cuda (found version "12.8") 
-- Found ament_cmake_auto: 1.3.11 (/opt/ros/humble/share/ament_cmake_auto/cmake)
-- Found Python3: /usr/bin/python3 (found version "3.10.12") found components: Interpreter 
-- Override CMake install command with custom implementation using symlinks instead of copying resources
-- Found rosidl_generator_c: 3.1.6 (/opt/ros/humble/share/rosidl_generator_c/cmake)
-- Found rosidl_adapter: 3.1.6 (/opt/ros/humble/share/rosidl_adapter/cmake)
-- Found rosidl_generator_cpp: 3.1.6 (/opt/ros/humble/share/rosidl_generator_cpp/cmake)
-- Using all available rosidl_typesupport_c: rosidl_typesupport_fastrtps_c;rosidl_typesupport_introspection_c
-- Using all available rosidl_typesupport_cpp: rosidl_typesupport_fastrtps_cpp;rosidl_typesupport_introspection_cpp
-- Found rmw_implementation_cmake: 6.1.2 (/opt/ros/humble/share/rmw_implementation_cmake/cmake)
-- Found rmw_fastrtps_cpp: 6.2.7 (/opt/ros/humble/share/rmw_fastrtps_cpp/cmake)
-- Found OpenSSL: /usr/lib/x86_64-linux-gnu/libcrypto.so (found version "3.0.2")  
-- Found FastRTPS: /opt/ros/humble/include  
-- Using RMW implementation 'rmw_fastrtps_cpp' as default
-- Found eigen3_cmake_module: 0.1.1 (/opt/ros/humble/share/eigen3_cmake_module/cmake)
-- Found Eigen3: TRUE (found version "3.4.0") 
-- Ensuring Eigen3 include directory is part of orocos-kdl CMake target
-- Found ament_lint_auto: 0.12.12 (/opt/ros/humble/share/ament_lint_auto/cmake)
-- Added test 'copyright' to check source files copyright and LICENSE
-- Added test 'cppcheck' to perform static code analysis on C / C++ code
-- Configured cppcheck include dirs: /home/ssc/SCV/src/sensor_pkg/zed-ros2-wrapper/zed_components/src/include;/home/ssc/SCV/src/sensor_pkg/zed-ros2-wrapper/zed_components/src/zed_camera/include;/home/ssc/SCV/src/sensor_pkg/zed-ros2-wrapper/zed_components/src/tools/include
-- Configured cppcheck exclude dirs and/or files: 
-- Added test 'lint_cmake' to check CMake code style
-- Added test 'uncrustify' to check C / C++ code style
-- Configured uncrustify additional arguments: 
-- Added test 'xmllint' to check XML markup files
-- Configuring done
-- Generating done
-- Build files have been written to: /home/ssc/SCV/build/zed_components
[ 13%] [32mBuilding CXX object CMakeFiles/zed_camera_component.dir/src/tools/src/gnss_replay.cpp.o[0m
[ 13%] [32mBuilding CXX object CMakeFiles/zed_camera_component.dir/src/tools/src/sl_types.cpp.o[0m
[ 20%] [32mBuilding CXX object CMakeFiles/zed_camera_one_component.dir/src/tools/src/gnss_replay.cpp.o[0m
[ 26%] [32mBuilding CXX object CMakeFiles/zed_camera_component.dir/src/tools/src/sl_win_avg.cpp.o[0m
[ 33%] [32mBuilding CXX object CMakeFiles/zed_camera_component.dir/src/tools/src/sl_tools.cpp.o[0m
[ 40%] [32mBuilding CXX object CMakeFiles/zed_camera_one_component.dir/src/tools/src/sl_tools.cpp.o[0m
[ 46%] [32mBuilding CXX object CMakeFiles/zed_camera_one_component.dir/src/tools/src/sl_win_avg.cpp.o[0m
[ 60%] [32mBuilding CXX object CMakeFiles/zed_camera_one_component.dir/src/zed_camera/src/zed_camera_one_component.cpp.o[0m
[ 60%] [32mBuilding CXX object CMakeFiles/zed_camera_component.dir/src/zed_camera/src/zed_camera_component_bodytrk.cpp.o[0m
[ 66%] [32mBuilding CXX object CMakeFiles/zed_camera_component.dir/src/zed_camera/src/zed_camera_component_main.cpp.o[0m
[ 73%] [32mBuilding CXX object CMakeFiles/zed_camera_component.dir/src/zed_camera/src/zed_camera_component_video_depth.cpp.o[0m
[ 80%] [32mBuilding CXX object CMakeFiles/zed_camera_component.dir/src/zed_camera/src/zed_camera_component_objdet.cpp.o[0m
[ 86%] [32mBuilding CXX object CMakeFiles/zed_camera_one_component.dir/src/tools/src/sl_types.cpp.o[0m
[ 93%] [32m[1mLinking CXX shared library libzed_camera_one_component.so[0m
[ 93%] Built target zed_camera_one_component
[100%] [32m[1mLinking CXX shared library libzed_camera_component.so[0m
[100%] Built target zed_camera_component
-- Install configuration: "Release"
-- Execute custom install script
-- Symlinking: /home/ssc/SCV/install/zed_components/lib/libzed_camera_component.so
-- Symlinking: /home/ssc/SCV/install/zed_components/lib/libzed_camera_one_component.so
-- Symlinking: /home/ssc/SCV/install/zed_components/include/zed_components//cost_traversability.hpp
-- Symlinking: /home/ssc/SCV/install/zed_components/include/zed_components//zed_camera_component.hpp
-- Symlinking: /home/ssc/SCV/install/zed_components/include/zed_components//zed_camera_one_component.hpp
-- Symlinking: /home/ssc/SCV/install/zed_components/include/zed_components//gnss_replay.hpp
-- Symlinking: /home/ssc/SCV/install/zed_components/include/zed_components//json.hpp
-- Symlinking: /home/ssc/SCV/install/zed_components/include/zed_components//sl_logging.hpp
-- Symlinking: /home/ssc/SCV/install/zed_components/include/zed_components//sl_tools.hpp
-- Symlinking: /home/ssc/SCV/install/zed_components/include/zed_components//sl_types.hpp
-- Symlinking: /home/ssc/SCV/install/zed_components/include/zed_components//sl_win_avg.hpp
-- Symlinking: /home/ssc/SCV/install/zed_components/include/zed_components//visibility_control.hpp
-- Symlinking: /home/ssc/SCV/install/zed_components/share/zed_components/environment/library_path.sh
-- Symlinking: /home/ssc/SCV/install/zed_components/share/zed_components/environment/library_path.dsv
-- Symlinking: /home/ssc/SCV/install/zed_components/share/ament_index/resource_index/package_run_dependencies/zed_components
-- Symlinking: /home/ssc/SCV/install/zed_components/share/ament_index/resource_index/parent_prefix_path/zed_components
-- Symlinking: /home/ssc/SCV/install/zed_components/share/zed_components/environment/ament_prefix_path.sh
-- Symlinking: /home/ssc/SCV/install/zed_components/share/zed_components/environment/ament_prefix_path.dsv
-- Symlinking: /home/ssc/SCV/install/zed_components/share/zed_components/environment/path.sh
-- Symlinking: /home/ssc/SCV/install/zed_components/share/zed_components/environment/path.dsv
-- Symlinking: /home/ssc/SCV/install/zed_components/share/zed_components/local_setup.bash
-- Symlinking: /home/ssc/SCV/install/zed_components/share/zed_components/local_setup.sh
-- Symlinking: /home/ssc/SCV/install/zed_components/share/zed_components/local_setup.zsh
-- Symlinking: /home/ssc/SCV/install/zed_components/share/zed_components/local_setup.dsv
-- Symlinking: /home/ssc/SCV/install/zed_components/share/zed_components/package.dsv
-- Symlinking: /home/ssc/SCV/install/zed_components/share/ament_index/resource_index/packages/zed_components
-- Symlinking: /home/ssc/SCV/install/zed_components/share/ament_index/resource_index/rclcpp_components/zed_components
-- Symlinking: /home/ssc/SCV/install/zed_components/share/zed_components/cmake/ament_cmake_export_include_directories-extras.cmake
-- Symlinking: /home/ssc/SCV/install/zed_components/share/zed_components/cmake/ament_cmake_export_libraries-extras.cmake
-- Symlinking: /home/ssc/SCV/install/zed_components/share/zed_components/cmake/ament_cmake_export_dependencies-extras.cmake
-- Symlinking: /home/ssc/SCV/install/zed_components/share/zed_components/cmake/zed_componentsConfig.cmake
-- Symlinking: /home/ssc/SCV/install/zed_components/share/zed_components/cmake/zed_componentsConfig-version.cmake
-- Symlinking: /home/ssc/SCV/install/zed_components/share/zed_components/package.xml
