[0.006s] Invoking command in '/home/ssc/SCV/build/zed_components': CMAKE_PREFIX_PATH=${CMAKE_PREFIX_PATH}:/opt/ros/humble /usr/bin/cmake /home/ssc/SCV/src/sensor_pkg/zed-ros2-wrapper/zed_components -DCMAKE_BUILD_TYPE=Release -DAMENT_CMAKE_SYMLINK_INSTALL=1 -DCMAKE_INSTALL_PREFIX=/home/ssc/SCV/install/zed_components
[0.046s] -- The C compiler identification is GNU 11.4.0
[0.086s] -- The CXX compiler identification is GNU 11.4.0
[0.091s] -- Detecting C compiler ABI info
[0.142s] -- Detecting C compiler ABI info - done
[0.148s] -- Check for working C compiler: /usr/bin/cc - skipped
[0.149s] -- Detecting C compile features
[0.149s] -- Detecting C compile features - done
[0.151s] -- Detecting CXX compiler ABI info
[0.208s] -- Detecting CXX compiler ABI info - done
[0.214s] -- Check for working CXX compiler: /usr/bin/c++ - skipped
[0.214s] -- Detecting CXX compile features
[0.214s] -- Detecting CXX compile features - done
[0.217s] -- Looking for sgemm_
[0.265s] -- Looking for sgemm_ - not found
[0.266s] -- Looking for pthread.h
[0.317s] -- Looking for pthread.h - found
[0.318s] -- Performing Test CMAKE_HAVE_LIBC_PTHREAD
[0.365s] -- Performing Test CMAKE_HAVE_LIBC_PTHREAD - Success
[0.366s] -- Found Threads: TRUE  
[0.384s] -- Looking for sgemm_
[0.450s] -- Looking for sgemm_ - found
[0.450s] -- Found BLAS: /usr/lib/x86_64-linux-gnu/libopenblas.so  
[0.465s] -- Found CUDA: /usr/local/cuda (found suitable version "12.8", minimum required is "12") 
[0.493s] -- Found CUDA: /usr/local/cuda (found version "12.8") 
[0.494s] -- Found ament_cmake_auto: 1.3.11 (/opt/ros/humble/share/ament_cmake_auto/cmake)
[0.595s] -- Found Python3: /usr/bin/python3 (found version "3.10.12") found components: Interpreter 
[0.634s] -- Override CMake install command with custom implementation using symlinks instead of copying resources
[0.703s] -- Found rosidl_generator_c: 3.1.6 (/opt/ros/humble/share/rosidl_generator_c/cmake)
[0.705s] -- Found rosidl_adapter: 3.1.6 (/opt/ros/humble/share/rosidl_adapter/cmake)
[0.710s] -- Found rosidl_generator_cpp: 3.1.6 (/opt/ros/humble/share/rosidl_generator_cpp/cmake)
[0.717s] -- Using all available rosidl_typesupport_c: rosidl_typesupport_fastrtps_c;rosidl_typesupport_introspection_c
[0.727s] -- Using all available rosidl_typesupport_cpp: rosidl_typesupport_fastrtps_cpp;rosidl_typesupport_introspection_cpp
[0.791s] -- Found rmw_implementation_cmake: 6.1.2 (/opt/ros/humble/share/rmw_implementation_cmake/cmake)
[0.793s] -- Found rmw_fastrtps_cpp: 6.2.7 (/opt/ros/humble/share/rmw_fastrtps_cpp/cmake)
[0.848s] -- Found OpenSSL: /usr/lib/x86_64-linux-gnu/libcrypto.so (found version "3.0.2")  
[0.863s] -- Found FastRTPS: /opt/ros/humble/include  
[0.891s] -- Using RMW implementation 'rmw_fastrtps_cpp' as default
[1.044s] -- Found eigen3_cmake_module: 0.1.1 (/opt/ros/humble/share/eigen3_cmake_module/cmake)
[1.045s] -- Found Eigen3: TRUE (found version "3.4.0") 
[1.045s] -- Ensuring Eigen3 include directory is part of orocos-kdl CMake target
[1.113s] -- Found ament_lint_auto: 0.12.12 (/opt/ros/humble/share/ament_lint_auto/cmake)
[1.139s] -- Added test 'copyright' to check source files copyright and LICENSE
[1.140s] -- Added test 'cppcheck' to perform static code analysis on C / C++ code
[1.140s] -- Configured cppcheck include dirs: /home/ssc/SCV/src/sensor_pkg/zed-ros2-wrapper/zed_components/src/include;/home/ssc/SCV/src/sensor_pkg/zed-ros2-wrapper/zed_components/src/zed_camera/include;/home/ssc/SCV/src/sensor_pkg/zed-ros2-wrapper/zed_components/src/tools/include
[1.140s] -- Configured cppcheck exclude dirs and/or files: 
[1.140s] -- Added test 'lint_cmake' to check CMake code style
[1.141s] -- Added test 'uncrustify' to check C / C++ code style
[1.142s] -- Configured uncrustify additional arguments: 
[1.142s] -- Added test 'xmllint' to check XML markup files
[1.144s] -- Configuring done
[1.160s] -- Generating done
[1.166s] -- Build files have been written to: /home/ssc/SCV/build/zed_components
[1.176s] Invoked command in '/home/ssc/SCV/build/zed_components' returned '0': CMAKE_PREFIX_PATH=${CMAKE_PREFIX_PATH}:/opt/ros/humble /usr/bin/cmake /home/ssc/SCV/src/sensor_pkg/zed-ros2-wrapper/zed_components -DCMAKE_BUILD_TYPE=Release -DAMENT_CMAKE_SYMLINK_INSTALL=1 -DCMAKE_INSTALL_PREFIX=/home/ssc/SCV/install/zed_components
[1.176s] Invoking command in '/home/ssc/SCV/build/zed_components': CMAKE_PREFIX_PATH=${CMAKE_PREFIX_PATH}:/opt/ros/humble /usr/bin/cmake --build /home/ssc/SCV/build/zed_components -- -j24 -l24
[1.219s] [ 13%] [32mBuilding CXX object CMakeFiles/zed_camera_component.dir/src/tools/src/gnss_replay.cpp.o[0m
[1.219s] [ 13%] [32mBuilding CXX object CMakeFiles/zed_camera_component.dir/src/tools/src/sl_types.cpp.o[0m
[1.219s] [ 20%] [32mBuilding CXX object CMakeFiles/zed_camera_one_component.dir/src/tools/src/gnss_replay.cpp.o[0m
[1.219s] [ 26%] [32mBuilding CXX object CMakeFiles/zed_camera_component.dir/src/tools/src/sl_win_avg.cpp.o[0m
[1.219s] [ 33%] [32mBuilding CXX object CMakeFiles/zed_camera_component.dir/src/tools/src/sl_tools.cpp.o[0m
[1.219s] [ 40%] [32mBuilding CXX object CMakeFiles/zed_camera_one_component.dir/src/tools/src/sl_tools.cpp.o[0m
[1.220s] [ 46%] [32mBuilding CXX object CMakeFiles/zed_camera_one_component.dir/src/tools/src/sl_win_avg.cpp.o[0m
[1.220s] [ 60%] [32mBuilding CXX object CMakeFiles/zed_camera_one_component.dir/src/zed_camera/src/zed_camera_one_component.cpp.o[0m
[1.220s] [ 60%] [32mBuilding CXX object CMakeFiles/zed_camera_component.dir/src/zed_camera/src/zed_camera_component_bodytrk.cpp.o[0m
[1.220s] [ 66%] [32mBuilding CXX object CMakeFiles/zed_camera_component.dir/src/zed_camera/src/zed_camera_component_main.cpp.o[0m
[1.220s] [ 73%] [32mBuilding CXX object CMakeFiles/zed_camera_component.dir/src/zed_camera/src/zed_camera_component_video_depth.cpp.o[0m
[1.221s] [ 80%] [32mBuilding CXX object CMakeFiles/zed_camera_component.dir/src/zed_camera/src/zed_camera_component_objdet.cpp.o[0m
[1.221s] [ 86%] [32mBuilding CXX object CMakeFiles/zed_camera_one_component.dir/src/tools/src/sl_types.cpp.o[0m
[18.922s] [ 93%] [32m[1mLinking CXX shared library libzed_camera_one_component.so[0m
[19.232s] [ 93%] Built target zed_camera_one_component
[61.052s] [100%] [32m[1mLinking CXX shared library libzed_camera_component.so[0m
[61.464s] [100%] Built target zed_camera_component
[61.473s] Invoked command in '/home/ssc/SCV/build/zed_components' returned '0': CMAKE_PREFIX_PATH=${CMAKE_PREFIX_PATH}:/opt/ros/humble /usr/bin/cmake --build /home/ssc/SCV/build/zed_components -- -j24 -l24
[61.474s] Invoking command in '/home/ssc/SCV/build/zed_components': CMAKE_PREFIX_PATH=${CMAKE_PREFIX_PATH}:/opt/ros/humble /usr/bin/cmake --install /home/ssc/SCV/build/zed_components
[61.480s] -- Install configuration: "Release"
[61.481s] -- Execute custom install script
[61.481s] -- Symlinking: /home/ssc/SCV/install/zed_components/lib/libzed_camera_component.so
[61.488s] -- Symlinking: /home/ssc/SCV/install/zed_components/lib/libzed_camera_one_component.so
[61.493s] -- Symlinking: /home/ssc/SCV/install/zed_components/include/zed_components//cost_traversability.hpp
[61.499s] -- Symlinking: /home/ssc/SCV/install/zed_components/include/zed_components//zed_camera_component.hpp
[61.505s] -- Symlinking: /home/ssc/SCV/install/zed_components/include/zed_components//zed_camera_one_component.hpp
[61.512s] -- Symlinking: /home/ssc/SCV/install/zed_components/include/zed_components//gnss_replay.hpp
[61.517s] -- Symlinking: /home/ssc/SCV/install/zed_components/include/zed_components//json.hpp
[61.522s] -- Symlinking: /home/ssc/SCV/install/zed_components/include/zed_components//sl_logging.hpp
[61.529s] -- Symlinking: /home/ssc/SCV/install/zed_components/include/zed_components//sl_tools.hpp
[61.535s] -- Symlinking: /home/ssc/SCV/install/zed_components/include/zed_components//sl_types.hpp
[61.540s] -- Symlinking: /home/ssc/SCV/install/zed_components/include/zed_components//sl_win_avg.hpp
[61.545s] -- Symlinking: /home/ssc/SCV/install/zed_components/include/zed_components//visibility_control.hpp
[61.550s] -- Symlinking: /home/ssc/SCV/install/zed_components/share/zed_components/environment/library_path.sh
[61.556s] -- Symlinking: /home/ssc/SCV/install/zed_components/share/zed_components/environment/library_path.dsv
[61.561s] -- Symlinking: /home/ssc/SCV/install/zed_components/share/ament_index/resource_index/package_run_dependencies/zed_components
[61.568s] -- Symlinking: /home/ssc/SCV/install/zed_components/share/ament_index/resource_index/parent_prefix_path/zed_components
[61.573s] -- Symlinking: /home/ssc/SCV/install/zed_components/share/zed_components/environment/ament_prefix_path.sh
[61.580s] -- Symlinking: /home/ssc/SCV/install/zed_components/share/zed_components/environment/ament_prefix_path.dsv
[61.585s] -- Symlinking: /home/ssc/SCV/install/zed_components/share/zed_components/environment/path.sh
[61.591s] -- Symlinking: /home/ssc/SCV/install/zed_components/share/zed_components/environment/path.dsv
[61.596s] -- Symlinking: /home/ssc/SCV/install/zed_components/share/zed_components/local_setup.bash
[61.602s] -- Symlinking: /home/ssc/SCV/install/zed_components/share/zed_components/local_setup.sh
[61.608s] -- Symlinking: /home/ssc/SCV/install/zed_components/share/zed_components/local_setup.zsh
[61.613s] -- Symlinking: /home/ssc/SCV/install/zed_components/share/zed_components/local_setup.dsv
[61.618s] -- Symlinking: /home/ssc/SCV/install/zed_components/share/zed_components/package.dsv
[61.625s] -- Symlinking: /home/ssc/SCV/install/zed_components/share/ament_index/resource_index/packages/zed_components
[61.631s] -- Symlinking: /home/ssc/SCV/install/zed_components/share/ament_index/resource_index/rclcpp_components/zed_components
[61.637s] -- Symlinking: /home/ssc/SCV/install/zed_components/share/zed_components/cmake/ament_cmake_export_include_directories-extras.cmake
[61.642s] -- Symlinking: /home/ssc/SCV/install/zed_components/share/zed_components/cmake/ament_cmake_export_libraries-extras.cmake
[61.647s] -- Symlinking: /home/ssc/SCV/install/zed_components/share/zed_components/cmake/ament_cmake_export_dependencies-extras.cmake
[61.654s] -- Symlinking: /home/ssc/SCV/install/zed_components/share/zed_components/cmake/zed_componentsConfig.cmake
[61.659s] -- Symlinking: /home/ssc/SCV/install/zed_components/share/zed_components/cmake/zed_componentsConfig-version.cmake
[61.665s] -- Symlinking: /home/ssc/SCV/install/zed_components/share/zed_components/package.xml
[61.671s] Invoked command in '/home/ssc/SCV/build/zed_components' returned '0': CMAKE_PREFIX_PATH=${CMAKE_PREFIX_PATH}:/opt/ros/humble /usr/bin/cmake --install /home/ssc/SCV/build/zed_components
