In file included from [01m[K/home/scv/SCV/src/vehicle/SCV_ugv_sdk/include/ugv_sdk/mobile_robot/scout_robot.hpp:15[m[K,
                 from [01m[K/home/scv/SCV/src/vehicle/SCV_ugv_sdk/src/mobile_robot/scout_robot.cpp:10[m[K:
[01m[K/home/scv/SCV/src/vehicle/SCV_ugv_sdk/include/ugv_sdk/details/interface/robot_common_interface.hpp:[m[K In member function ‘[01m[Kvirtual westonrobot::CoreStateMsgGroup westonrobot::RobotCommonInterface::GetRobotCoreStateMsgGroup()[m[K’:
[01m[K/home/scv/SCV/src/vehicle/SCV_ugv_sdk/include/ugv_sdk/details/interface/robot_common_interface.hpp:87:16:[m[K [01;31m[Kerror: [m[K‘[01m[Kruntime_error[m[K’ is not a member of ‘[01m[Kstd[m[K’
   87 |     throw std::[01;31m[Kruntime_error[m[K(
      |                [01;31m[K^~~~~~~~~~~~~[m[K
[01m[K/home/scv/SCV/src/vehicle/SCV_ugv_sdk/include/ugv_sdk/details/interface/robot_common_interface.hpp:[m[K In member function ‘[01m[Kvirtual westonrobot::ActuatorStateMsgGroup westonrobot::RobotCommonInterface::GetActuatorStateMsgGroup()[m[K’:
[01m[K/home/scv/SCV/src/vehicle/SCV_ugv_sdk/include/ugv_sdk/details/interface/robot_common_interface.hpp:93:16:[m[K [01;31m[Kerror: [m[K‘[01m[Kruntime_error[m[K’ is not a member of ‘[01m[Kstd[m[K’
   93 |     throw std::[01;31m[Kruntime_error[m[K(
      |                [01;31m[K^~~~~~~~~~~~~[m[K
In file included from [01m[K/home/scv/SCV/src/vehicle/SCV_ugv_sdk/include/ugv_sdk/mobile_robot/hunter_robot.hpp:15[m[K,
                 from [01m[K/home/scv/SCV/src/vehicle/SCV_ugv_sdk/src/mobile_robot/hunter_robot.cpp:10[m[K:
[01m[K/home/scv/SCV/src/vehicle/SCV_ugv_sdk/include/ugv_sdk/details/interface/robot_common_interface.hpp:[m[K In member function ‘[01m[Kvirtual westonrobot::CoreStateMsgGroup westonrobot::RobotCommonInterface::GetRobotCoreStateMsgGroup()[m[K’:
[01m[K/home/scv/SCV/src/vehicle/SCV_ugv_sdk/include/ugv_sdk/details/interface/robot_common_interface.hpp:87:16:[m[K [01;31m[Kerror: [m[K‘[01m[Kruntime_error[m[K’ is not a member of ‘[01m[Kstd[m[K’
   87 |     throw std::[01;31m[Kruntime_error[m[K(
      |                [01;31m[K^~~~~~~~~~~~~[m[K
[01m[K/home/scv/SCV/src/vehicle/SCV_ugv_sdk/include/ugv_sdk/details/interface/robot_common_interface.hpp:[m[K In member function ‘[01m[Kvirtual westonrobot::CommonSensorStateMsgGroup westonrobot::RobotCommonInterface::GetCommonSensorStateMsgGroup()[m[K’:
[01m[K/home/scv/SCV/src/vehicle/SCV_ugv_sdk/include/ugv_sdk/details/interface/robot_common_interface.hpp:99:16:[m[K [01;31m[Kerror: [m[K‘[01m[Kruntime_error[m[K’ is not a member of ‘[01m[Kstd[m[K’
   99 |     throw std::[01;31m[Kruntime_error[m[K(
      |                [01;31m[K^~~~~~~~~~~~~[m[K
[01m[K/home/scv/SCV/src/vehicle/SCV_ugv_sdk/include/ugv_sdk/details/interface/robot_common_interface.hpp:[m[K In member function ‘[01m[Kvirtual westonrobot::ResponseVersionMsgGroup westonrobot::RobotCommonInterface::GetResponseVersionMsgGroup()[m[K’:
[01m[K/home/scv/SCV/src/vehicle/SCV_ugv_sdk/include/ugv_sdk/details/interface/robot_common_interface.hpp:105:16:[m[K [01;31m[Kerror: [m[K‘[01m[Kruntime_error[m[K’ is not a member of ‘[01m[Kstd[m[K’
  105 |     throw std::[01;31m[Kruntime_error[m[K(
      |                [01;31m[K^~~~~~~~~~~~~[m[K
[01m[K/home/scv/SCV/src/vehicle/SCV_ugv_sdk/include/ugv_sdk/details/interface/robot_common_interface.hpp:[m[K In member function ‘[01m[Kvirtual westonrobot::ActuatorStateMsgGroup westonrobot::RobotCommonInterface::GetActuatorStateMsgGroup()[m[K’:
[01m[K/home/scv/SCV/src/vehicle/SCV_ugv_sdk/include/ugv_sdk/details/interface/robot_common_interface.hpp:93:16:[m[K [01;31m[Kerror: [m[K‘[01m[Kruntime_error[m[K’ is not a member of ‘[01m[Kstd[m[K’
   93 |     throw std::[01;31m[Kruntime_error[m[K(
      |                [01;31m[K^~~~~~~~~~~~~[m[K
[01m[K/home/scv/SCV/src/vehicle/SCV_ugv_sdk/include/ugv_sdk/details/interface/robot_common_interface.hpp:[m[K In member function ‘[01m[Kvirtual westonrobot::CommonSensorStateMsgGroup westonrobot::RobotCommonInterface::GetCommonSensorStateMsgGroup()[m[K’:
[01m[K/home/scv/SCV/src/vehicle/SCV_ugv_sdk/include/ugv_sdk/details/interface/robot_common_interface.hpp:99:16:[m[K [01;31m[Kerror: [m[K‘[01m[Kruntime_error[m[K’ is not a member of ‘[01m[Kstd[m[K’
   99 |     throw std::[01;31m[Kruntime_error[m[K(
      |                [01;31m[K^~~~~~~~~~~~~[m[K
[01m[K/home/scv/SCV/src/vehicle/SCV_ugv_sdk/include/ugv_sdk/details/interface/robot_common_interface.hpp:[m[K In member function ‘[01m[Kvirtual westonrobot::MotorMsgGroup westonrobot::RobotCommonInterface::GetMotorMsgGroup()[m[K’:
[01m[K/home/scv/SCV/src/vehicle/SCV_ugv_sdk/include/ugv_sdk/details/interface/robot_common_interface.hpp:111:16:[m[K [01;31m[Kerror: [m[K‘[01m[Kruntime_error[m[K’ is not a member of ‘[01m[Kstd[m[K’
  111 |     throw std::[01;31m[Kruntime_error[m[K(
      |                [01;31m[K^~~~~~~~~~~~~[m[K
[01m[K/home/scv/SCV/src/vehicle/SCV_ugv_sdk/include/ugv_sdk/details/interface/robot_common_interface.hpp:[m[K In member function ‘[01m[Kvirtual void westonrobot::RobotCommonInterface::SendMotionCommand(double, double, double, double)[m[K’:
[01m[K/home/scv/SCV/src/vehicle/SCV_ugv_sdk/include/ugv_sdk/details/interface/robot_common_interface.hpp:122:16:[m[K [01;31m[Kerror: [m[K‘[01m[Kruntime_error[m[K’ is not a member of ‘[01m[Kstd[m[K’
  122 |     throw std::[01;31m[Kruntime_error[m[K(
      |                [01;31m[K^~~~~~~~~~~~~[m[K
[01m[K/home/scv/SCV/src/vehicle/SCV_ugv_sdk/include/ugv_sdk/details/interface/robot_common_interface.hpp:[m[K In member function ‘[01m[Kvirtual westonrobot::ResponseVersionMsgGroup westonrobot::RobotCommonInterface::GetResponseVersionMsgGroup()[m[K’:
[01m[K/home/scv/SCV/src/vehicle/SCV_ugv_sdk/include/ugv_sdk/details/interface/robot_common_interface.hpp:105:16:[m[K [01;31m[Kerror: [m[K‘[01m[Kruntime_error[m[K’ is not a member of ‘[01m[Kstd[m[K’
  105 |     throw std::[01;31m[Kruntime_error[m[K(
      |                [01;31m[K^~~~~~~~~~~~~[m[K
In file included from [01m[K/home/scv/SCV/src/vehicle/SCV_ugv_sdk/include/ugv_sdk/mobile_robot/bunker_robot.hpp:15[m[K,
                 from [01m[K/home/scv/SCV/src/vehicle/SCV_ugv_sdk/src/mobile_robot/bunker_robot.cpp:10[m[K:
[01m[K/home/scv/SCV/src/vehicle/SCV_ugv_sdk/include/ugv_sdk/details/interface/robot_common_interface.hpp:[m[K In member function ‘[01m[Kvirtual westonrobot::CoreStateMsgGroup westonrobot::RobotCommonInterface::GetRobotCoreStateMsgGroup()[m[K’:
[01m[K/home/scv/SCV/src/vehicle/SCV_ugv_sdk/include/ugv_sdk/details/interface/robot_common_interface.hpp:87:16:[m[K [01;31m[Kerror: [m[K‘[01m[Kruntime_error[m[K’ is not a member of ‘[01m[Kstd[m[K’
   87 |     throw std::[01;31m[Kruntime_error[m[K(
      |                [01;31m[K^~~~~~~~~~~~~[m[K
[01m[K/home/scv/SCV/src/vehicle/SCV_ugv_sdk/include/ugv_sdk/details/interface/robot_common_interface.hpp:[m[K In member function ‘[01m[Kvirtual void westonrobot::RobotCommonInterface::SendLightCommand(LightMode, uint8_t, LightMode, uint8_t)[m[K’:
[01m[K/home/scv/SCV/src/vehicle/SCV_ugv_sdk/include/ugv_sdk/details/interface/robot_common_interface.hpp:130:16:[m[K [01;31m[Kerror: [m[K‘[01m[Kruntime_error[m[K’ is not a member of ‘[01m[Kstd[m[K’
  130 |     throw std::[01;31m[Kruntime_error[m[K(
      |                [01;31m[K^~~~~~~~~~~~~[m[K
[01m[K/home/scv/SCV/src/vehicle/SCV_ugv_sdk/include/ugv_sdk/details/interface/robot_common_interface.hpp:[m[K In member function ‘[01m[Kvirtual westonrobot::ActuatorStateMsgGroup westonrobot::RobotCommonInterface::GetActuatorStateMsgGroup()[m[K’:
[01m[K/home/scv/SCV/src/vehicle/SCV_ugv_sdk/include/ugv_sdk/details/interface/robot_common_interface.hpp:93:16:[m[K [01;31m[Kerror: [m[K‘[01m[Kruntime_error[m[K’ is not a member of ‘[01m[Kstd[m[K’
   93 |     throw std::[01;31m[Kruntime_error[m[K(
      |                [01;31m[K^~~~~~~~~~~~~[m[K
[01m[K/home/scv/SCV/src/vehicle/SCV_ugv_sdk/include/ugv_sdk/details/interface/robot_common_interface.hpp:[m[K In member function ‘[01m[Kvirtual westonrobot::CommonSensorStateMsgGroup westonrobot::RobotCommonInterface::GetCommonSensorStateMsgGroup()[m[K’:
[01m[K/home/scv/SCV/src/vehicle/SCV_ugv_sdk/include/ugv_sdk/details/interface/robot_common_interface.hpp:99:16:[m[K [01;31m[Kerror: [m[K‘[01m[Kruntime_error[m[K’ is not a member of ‘[01m[Kstd[m[K’
   99 |     throw std::[01;31m[Kruntime_error[m[K(
      |                [01;31m[K^~~~~~~~~~~~~[m[K
[01m[K/home/scv/SCV/src/vehicle/SCV_ugv_sdk/include/ugv_sdk/details/interface/robot_common_interface.hpp:[m[K In member function ‘[01m[Kvirtual westonrobot::MotorMsgGroup westonrobot::RobotCommonInterface::GetMotorMsgGroup()[m[K’:
[01m[K/home/scv/SCV/src/vehicle/SCV_ugv_sdk/include/ugv_sdk/details/interface/robot_common_interface.hpp:111:16:[m[K [01;31m[Kerror: [m[K‘[01m[Kruntime_error[m[K’ is not a member of ‘[01m[Kstd[m[K’
  111 |     throw std::[01;31m[Kruntime_error[m[K(
      |                [01;31m[K^~~~~~~~~~~~~[m[K
[01m[K/home/scv/SCV/src/vehicle/SCV_ugv_sdk/include/ugv_sdk/details/interface/robot_common_interface.hpp:[m[K In member function ‘[01m[Kvirtual westonrobot::ResponseVersionMsgGroup westonrobot::RobotCommonInterface::GetResponseVersionMsgGroup()[m[K’:
[01m[K/home/scv/SCV/src/vehicle/SCV_ugv_sdk/include/ugv_sdk/details/interface/robot_common_interface.hpp:105:16:[m[K [01;31m[Kerror: [m[K‘[01m[Kruntime_error[m[K’ is not a member of ‘[01m[Kstd[m[K’
  105 |     throw std::[01;31m[Kruntime_error[m[K(
      |                [01;31m[K^~~~~~~~~~~~~[m[K
[01m[K/home/scv/SCV/src/vehicle/SCV_ugv_sdk/include/ugv_sdk/details/interface/robot_common_interface.hpp:[m[K In member function ‘[01m[Kvirtual westonrobot::MotorMsgGroup westonrobot::RobotCommonInterface::GetMotorMsgGroup()[m[K’:
[01m[K/home/scv/SCV/src/vehicle/SCV_ugv_sdk/include/ugv_sdk/details/interface/robot_common_interface.hpp:111:16:[m[K [01;31m[Kerror: [m[K‘[01m[Kruntime_error[m[K’ is not a member of ‘[01m[Kstd[m[K’
  111 |     throw std::[01;31m[Kruntime_error[m[K(
      |                [01;31m[K^~~~~~~~~~~~~[m[K
[01m[K/home/scv/SCV/src/vehicle/SCV_ugv_sdk/include/ugv_sdk/details/interface/robot_common_interface.hpp:[m[K In member function ‘[01m[Kvirtual void westonrobot::RobotCommonInterface::SendMotionCommand(double, double, double, double)[m[K’:
[01m[K/home/scv/SCV/src/vehicle/SCV_ugv_sdk/include/ugv_sdk/details/interface/robot_common_interface.hpp:122:16:[m[K [01;31m[Kerror: [m[K‘[01m[Kruntime_error[m[K’ is not a member of ‘[01m[Kstd[m[K’
  122 |     throw std::[01;31m[Kruntime_error[m[K(
      |                [01;31m[K^~~~~~~~~~~~~[m[K
[01m[K/home/scv/SCV/src/vehicle/SCV_ugv_sdk/include/ugv_sdk/details/interface/robot_common_interface.hpp:[m[K In member function ‘[01m[Kvirtual void westonrobot::RobotCommonInterface::SendMotionCommand(double, double, double, double)[m[K’:
[01m[K/home/scv/SCV/src/vehicle/SCV_ugv_sdk/include/ugv_sdk/details/interface/robot_common_interface.hpp:122:16:[m[K [01;31m[Kerror: [m[K‘[01m[Kruntime_error[m[K’ is not a member of ‘[01m[Kstd[m[K’
  122 |     throw std::[01;31m[Kruntime_error[m[K(
      |                [01;31m[K^~~~~~~~~~~~~[m[K
[01m[K/home/scv/SCV/src/vehicle/SCV_ugv_sdk/include/ugv_sdk/details/interface/robot_common_interface.hpp:[m[K In member function ‘[01m[Kvirtual void westonrobot::RobotCommonInterface::SendLightCommand(LightMode, uint8_t, LightMode, uint8_t)[m[K’:
[01m[K/home/scv/SCV/src/vehicle/SCV_ugv_sdk/include/ugv_sdk/details/interface/robot_common_interface.hpp:130:16:[m[K [01;31m[Kerror: [m[K‘[01m[Kruntime_error[m[K’ is not a member of ‘[01m[Kstd[m[K’
  130 |     throw std::[01;31m[Kruntime_error[m[K(
      |                [01;31m[K^~~~~~~~~~~~~[m[K
[01m[K/home/scv/SCV/src/vehicle/SCV_ugv_sdk/include/ugv_sdk/details/interface/robot_common_interface.hpp:[m[K In member function ‘[01m[Kvirtual void westonrobot::RobotCommonInterface::SendLightCommand(LightMode, uint8_t, LightMode, uint8_t)[m[K’:
[01m[K/home/scv/SCV/src/vehicle/SCV_ugv_sdk/include/ugv_sdk/details/interface/robot_common_interface.hpp:130:16:[m[K [01;31m[Kerror: [m[K‘[01m[Kruntime_error[m[K’ is not a member of ‘[01m[Kstd[m[K’
  130 |     throw std::[01;31m[Kruntime_error[m[K(
      |                [01;31m[K^~~~~~~~~~~~~[m[K
gmake[2]: *** [CMakeFiles/ugv_sdk.dir/build.make:132: CMakeFiles/ugv_sdk.dir/src/mobile_robot/hunter_robot.cpp.o] Error 1
gmake[2]: *** Waiting for unfinished jobs....
gmake[2]: *** [CMakeFiles/ugv_sdk.dir/build.make:146: CMakeFiles/ugv_sdk.dir/src/mobile_robot/bunker_robot.cpp.o] Error 1
gmake[2]: *** [CMakeFiles/ugv_sdk.dir/build.make:118: CMakeFiles/ugv_sdk.dir/src/mobile_robot/scout_robot.cpp.o] Error 1
gmake[1]: *** [CMakeFiles/Makefile2:207: CMakeFiles/ugv_sdk.dir/all] Error 2
gmake: *** [Makefile:156: all] Error 2
