-- Found ament_cmake: 1.3.11 (/opt/ros/humble/share/ament_cmake/cmake)
-- Override CMake install command with custom implementation using symlinks instead of copying resources
-- Configuring done
-- Generating done
-- Build files have been written to: /home/scv/SCV/build/ublox_serialization
-- Install configuration: "Release"
-- Execute custom install script
-- Up-to-date symlink: /home/scv/SCV/install/ublox_serialization/include/ublox_serialization/ublox_serialization/checksum.hpp
-- Up-to-date symlink: /home/scv/SCV/install/ublox_serialization/include/ublox_serialization/ublox_serialization/serialization.hpp
-- Up-to-date symlink: /home/scv/SCV/install/ublox_serialization/share/ament_index/resource_index/package_run_dependencies/ublox_serialization
-- Up-to-date symlink: /home/scv/SCV/install/ublox_serialization/share/ament_index/resource_index/parent_prefix_path/ublox_serialization
-- Up-to-date symlink: /home/scv/SCV/install/ublox_serialization/share/ublox_serialization/environment/ament_prefix_path.sh
-- Up-to-date symlink: /home/scv/SCV/install/ublox_serialization/share/ublox_serialization/environment/ament_prefix_path.dsv
-- Up-to-date symlink: /home/scv/SCV/install/ublox_serialization/share/ublox_serialization/environment/path.sh
-- Up-to-date symlink: /home/scv/SCV/install/ublox_serialization/share/ublox_serialization/environment/path.dsv
-- Up-to-date symlink: /home/scv/SCV/install/ublox_serialization/share/ublox_serialization/local_setup.bash
-- Up-to-date symlink: /home/scv/SCV/install/ublox_serialization/share/ublox_serialization/local_setup.sh
-- Up-to-date symlink: /home/scv/SCV/install/ublox_serialization/share/ublox_serialization/local_setup.zsh
-- Up-to-date symlink: /home/scv/SCV/install/ublox_serialization/share/ublox_serialization/local_setup.dsv
-- Symlinking: /home/scv/SCV/install/ublox_serialization/share/ublox_serialization/package.dsv
-- Up-to-date symlink: /home/scv/SCV/install/ublox_serialization/share/ament_index/resource_index/packages/ublox_serialization
-- Up-to-date symlink: /home/scv/SCV/install/ublox_serialization/share/ublox_serialization/cmake/ament_cmake_export_include_directories-extras.cmake
-- Up-to-date symlink: /home/scv/SCV/install/ublox_serialization/share/ublox_serialization/cmake/ament_cmake_export_targets-extras.cmake
-- Up-to-date symlink: /home/scv/SCV/install/ublox_serialization/share/ublox_serialization/cmake/ublox_serializationConfig.cmake
-- Up-to-date symlink: /home/scv/SCV/install/ublox_serialization/share/ublox_serialization/cmake/ublox_serializationConfig-version.cmake
-- Up-to-date symlink: /home/scv/SCV/install/ublox_serialization/share/ublox_serialization/package.xml
-- Up-to-date: /home/scv/SCV/install/ublox_serialization/share/ublox_serialization/cmake/export_ublox_serializationExport.cmake
