[0.016s] Invoking command in '/home/scv/SCV/build/ublox_serialization': CMAKE_PREFIX_PATH=/opt/ros/humble /usr/bin/cmake /home/scv/SCV/src/sensor_pkg/ublox/ublox_serialization -DCMAKE_BUILD_TYPE=Release -DAMENT_CMAKE_SYMLINK_INSTALL=1 -DCMAKE_INSTALL_PREFIX=/home/scv/SCV/install/ublox_serialization
[0.027s] -- Found ament_cmake: 1.3.11 (/opt/ros/humble/share/ament_cmake/cmake)
[0.190s] -- Override CMake install command with custom implementation using symlinks instead of copying resources
[0.280s] -- Configuring done
[0.282s] -- Generating done
[0.284s] -- Build files have been written to: /home/scv/SCV/build/ublox_serialization
[0.286s] Invoked command in '/home/scv/SCV/build/ublox_serialization' returned '0': CMAKE_PREFIX_PATH=/opt/ros/humble /usr/bin/cmake /home/scv/SCV/src/sensor_pkg/ublox/ublox_serialization -DCMAKE_BUILD_TYPE=Release -DAMENT_CMAKE_SYMLINK_INSTALL=1 -DCMAKE_INSTALL_PREFIX=/home/scv/SCV/install/ublox_serialization
[0.287s] Invoking command in '/home/scv/SCV/build/ublox_serialization': CMAKE_PREFIX_PATH=/opt/ros/humble /usr/bin/cmake --build /home/scv/SCV/build/ublox_serialization -- -j8 -l8
[0.328s] Invoked command in '/home/scv/SCV/build/ublox_serialization' returned '0': CMAKE_PREFIX_PATH=/opt/ros/humble /usr/bin/cmake --build /home/scv/SCV/build/ublox_serialization -- -j8 -l8
[0.330s] Invoking command in '/home/scv/SCV/build/ublox_serialization': CMAKE_PREFIX_PATH=/opt/ros/humble /usr/bin/cmake --install /home/scv/SCV/build/ublox_serialization
[0.337s] -- Install configuration: "Release"
[0.337s] -- Execute custom install script
[0.337s] -- Up-to-date symlink: /home/scv/SCV/install/ublox_serialization/include/ublox_serialization/ublox_serialization/checksum.hpp
[0.338s] -- Up-to-date symlink: /home/scv/SCV/install/ublox_serialization/include/ublox_serialization/ublox_serialization/serialization.hpp
[0.338s] -- Up-to-date symlink: /home/scv/SCV/install/ublox_serialization/share/ament_index/resource_index/package_run_dependencies/ublox_serialization
[0.338s] -- Up-to-date symlink: /home/scv/SCV/install/ublox_serialization/share/ament_index/resource_index/parent_prefix_path/ublox_serialization
[0.338s] -- Up-to-date symlink: /home/scv/SCV/install/ublox_serialization/share/ublox_serialization/environment/ament_prefix_path.sh
[0.340s] -- Up-to-date symlink: /home/scv/SCV/install/ublox_serialization/share/ublox_serialization/environment/ament_prefix_path.dsv
[0.341s] -- Up-to-date symlink: /home/scv/SCV/install/ublox_serialization/share/ublox_serialization/environment/path.sh
[0.341s] -- Up-to-date symlink: /home/scv/SCV/install/ublox_serialization/share/ublox_serialization/environment/path.dsv
[0.341s] -- Up-to-date symlink: /home/scv/SCV/install/ublox_serialization/share/ublox_serialization/local_setup.bash
[0.343s] -- Up-to-date symlink: /home/scv/SCV/install/ublox_serialization/share/ublox_serialization/local_setup.sh
[0.343s] -- Up-to-date symlink: /home/scv/SCV/install/ublox_serialization/share/ublox_serialization/local_setup.zsh
[0.343s] -- Up-to-date symlink: /home/scv/SCV/install/ublox_serialization/share/ublox_serialization/local_setup.dsv
[0.343s] -- Symlinking: /home/scv/SCV/install/ublox_serialization/share/ublox_serialization/package.dsv
[0.352s] -- Up-to-date symlink: /home/scv/SCV/install/ublox_serialization/share/ament_index/resource_index/packages/ublox_serialization
[0.353s] -- Up-to-date symlink: /home/scv/SCV/install/ublox_serialization/share/ublox_serialization/cmake/ament_cmake_export_include_directories-extras.cmake
[0.353s] -- Up-to-date symlink: /home/scv/SCV/install/ublox_serialization/share/ublox_serialization/cmake/ament_cmake_export_targets-extras.cmake
[0.353s] -- Up-to-date symlink: /home/scv/SCV/install/ublox_serialization/share/ublox_serialization/cmake/ublox_serializationConfig.cmake
[0.353s] -- Up-to-date symlink: /home/scv/SCV/install/ublox_serialization/share/ublox_serialization/cmake/ublox_serializationConfig-version.cmake
[0.353s] -- Up-to-date symlink: /home/scv/SCV/install/ublox_serialization/share/ublox_serialization/package.xml
[0.353s] -- Up-to-date: /home/scv/SCV/install/ublox_serialization/share/ublox_serialization/cmake/export_ublox_serializationExport.cmake
[0.353s] Invoked command in '/home/scv/SCV/build/ublox_serialization' returned '0': CMAKE_PREFIX_PATH=/opt/ros/humble /usr/bin/cmake --install /home/scv/SCV/build/ublox_serialization
