[0.014s] Invoking command in '/home/scv/SCV/build/zed_components': CMAKE_PREFIX_PATH=${CMAKE_PREFIX_PATH}:/opt/ros/humble /usr/bin/cmake /home/scv/SCV/src/sensor_pkg/zed-ros2-wrapper/zed_components -DCMAKE_INSTALL_PREFIX=/home/scv/SCV/install/zed_components
[0.067s] -- The C compiler identification is GNU 11.4.0
[0.124s] -- The CXX compiler identification is GNU 11.4.0
[0.131s] -- Detecting C compiler ABI info
[0.196s] -- Detecting C compiler ABI info - done
[0.205s] -- Check for working C compiler: /usr/bin/cc - skipped
[0.205s] -- Detecting C compile features
[0.206s] -- Detecting C compile features - done
[0.209s] -- Detecting CXX compiler ABI info
[0.290s] -- Detecting CXX compiler ABI info - done
[0.302s] -- Check for working CXX compiler: /usr/bin/c++ - skipped
[0.302s] -- Detecting CXX compile features
[0.302s] -- Detecting CXX compile features - done
[0.304s] -- Looking for sgemm_
[0.373s] -- Looking for sgemm_ - not found
[0.375s] -- Looking for pthread.h
[0.444s] -- Looking for pthread.h - found
[0.444s] -- Performing Test CMAKE_HAVE_LIBC_PTHREAD
[0.518s] -- Performing Test CMAKE_HAVE_LIBC_PTHREAD - Success
[0.520s] -- Found Threads: TRUE  
[0.557s] -- Looking for sgemm_
[0.742s] -- Looking for sgemm_ - found
[0.746s] -- Found BLAS: /usr/lib/x86_64-linux-gnu/libopenblas.so  
[0.795s] -- Found CUDA: /usr/local/cuda (found suitable version "12.8", minimum required is "12") 
[0.889s] -- Found CUDA: /usr/local/cuda (found version "12.8") 
[0.894s] -- Found ament_cmake_auto: 1.3.11 (/opt/ros/humble/share/ament_cmake_auto/cmake)
[1.249s] -- Found Python3: /usr/bin/python3 (found version "3.10.12") found components: Interpreter 
[1.715s] -- Found rosidl_generator_c: 3.1.6 (/opt/ros/humble/share/rosidl_generator_c/cmake)
[1.723s] -- Found rosidl_adapter: 3.1.6 (/opt/ros/humble/share/rosidl_adapter/cmake)
[1.731s] -- Found rosidl_generator_cpp: 3.1.6 (/opt/ros/humble/share/rosidl_generator_cpp/cmake)
[1.759s] -- Using all available rosidl_typesupport_c: rosidl_typesupport_fastrtps_c;rosidl_typesupport_introspection_c
[1.800s] -- Using all available rosidl_typesupport_cpp: rosidl_typesupport_fastrtps_cpp;rosidl_typesupport_introspection_cpp
[1.892s] -- Found rmw_implementation_cmake: 6.1.2 (/opt/ros/humble/share/rmw_implementation_cmake/cmake)
[1.903s] -- Found rmw_fastrtps_cpp: 6.2.7 (/opt/ros/humble/share/rmw_fastrtps_cpp/cmake)
[2.102s] -- Found OpenSSL: /usr/lib/x86_64-linux-gnu/libcrypto.so (found version "3.0.2")  
[2.150s] -- Found FastRTPS: /opt/ros/humble/include  
[2.235s] -- Using RMW implementation 'rmw_fastrtps_cpp' as default
[2.707s] -- Found eigen3_cmake_module: 0.1.1 (/opt/ros/humble/share/eigen3_cmake_module/cmake)
[2.709s] -- Found Eigen3: TRUE (found version "3.4.0") 
[2.709s] -- Ensuring Eigen3 include directory is part of orocos-kdl CMake target
[2.846s] [33mCMake Warning at CMakeLists.txt:123 (find_package):
[2.847s]   By not providing "Findzed_msgs.cmake" in CMAKE_MODULE_PATH this project has
[2.847s]   asked CMake to find a package configuration file provided by "zed_msgs",
[2.848s]   but CMake did not find one.
[2.848s] 
[2.848s]   Could not find a package configuration file provided by "zed_msgs" with any
[2.848s]   of the following names:
[2.848s] 
[2.848s]     zed_msgsConfig.cmake
[2.848s]     zed_msgs-config.cmake
[2.848s] 
[2.848s]   Add the installation prefix of "zed_msgs" to CMAKE_PREFIX_PATH or set
[2.848s]   "zed_msgs_DIR" to a directory containing one of the above files.  If
[2.852s]   "zed_msgs" provides a separate development package or SDK, be sure it has
[2.852s]   been installed.
[2.852s] 
[2.852s] [0m
[2.859s] [31mCMake Error at CMakeLists.txt:134 (find_package):
[2.859s]   By not providing "Findnmea_msgs.cmake" in CMAKE_MODULE_PATH this project
[2.859s]   has asked CMake to find a package configuration file provided by
[2.859s]   "nmea_msgs", but CMake did not find one.
[2.859s] 
[2.859s]   Could not find a package configuration file provided by "nmea_msgs" with
[2.859s]   any of the following names:
[2.859s] 
[2.859s]     nmea_msgsConfig.cmake
[2.859s]     nmea_msgs-config.cmake
[2.859s] 
[2.860s]   Add the installation prefix of "nmea_msgs" to CMAKE_PREFIX_PATH or set
[2.860s]   "nmea_msgs_DIR" to a directory containing one of the above files.  If
[2.863s]   "nmea_msgs" provides a separate development package or SDK, be sure it has
[2.864s]   been installed.
[2.864s] 
[2.864s] [0m
[2.864s] -- Configuring incomplete, errors occurred!
[2.864s] See also "/home/scv/SCV/build/zed_components/CMakeFiles/CMakeOutput.log".
[2.864s] See also "/home/scv/SCV/build/zed_components/CMakeFiles/CMakeError.log".
[2.869s] Invoked command in '/home/scv/SCV/build/zed_components' returned '1': CMAKE_PREFIX_PATH=${CMAKE_PREFIX_PATH}:/opt/ros/humble /usr/bin/cmake /home/scv/SCV/src/sensor_pkg/zed-ros2-wrapper/zed_components -DCMAKE_INSTALL_PREFIX=/home/scv/SCV/install/zed_components
