-- Found ament_cmake: 1.3.11 (/opt/ros/humble/share/ament_cmake/cmake)
-- Found builtin_interfaces: 1.2.1 (/opt/ros/humble/share/builtin_interfaces/cmake)
-- Found rosidl_generator_c: 3.1.6 (/opt/ros/humble/share/rosidl_generator_c/cmake)
-- Found rosidl_adapter: 3.1.6 (/opt/ros/humble/share/rosidl_adapter/cmake)
-- Found rosidl_generator_cpp: 3.1.6 (/opt/ros/humble/share/rosidl_generator_cpp/cmake)
-- Using all available rosidl_typesupport_c: rosidl_typesupport_fastrtps_c;rosidl_typesupport_introspection_c
-- Using all available rosidl_typesupport_cpp: rosidl_typesupport_fastrtps_cpp;rosidl_typesupport_introspection_cpp
-- Found rosidl_default_generators: 1.2.0 (/opt/ros/humble/share/rosidl_default_generators/cmake)
-- Found std_msgs: 4.9.0 (/opt/ros/humble/share/std_msgs/cmake)
-- Found ament_cmake_ros: 0.10.0 (/opt/ros/humble/share/ament_cmake_ros/cmake)
-- Using all available rosidl_typesupport_c: rosidl_typesupport_fastrtps_c;rosidl_typesupport_introspection_c
-- Using all available rosidl_typesupport_cpp: rosidl_typesupport_fastrtps_cpp;rosidl_typesupport_introspection_cpp
-- Found python_cmake_module: 0.10.0 (/opt/ros/humble/share/python_cmake_module/cmake)
-- Using PYTHON_EXECUTABLE: /usr/bin/python3
-- Using PYTHON_INCLUDE_DIRS: /usr/include/python3.10
-- Using PYTHON_LIBRARIES: /usr/lib/x86_64-linux-gnu/libpython3.10.so
-- Found ament_lint_auto: 0.12.12 (/opt/ros/humble/share/ament_lint_auto/cmake)
-- Added test 'copyright' to check source files copyright and LICENSE
-- Added test 'lint_cmake' to check CMake code style
-- Added test 'xmllint' to check XML markup files
-- Configuring done
-- Generating done
-- Build files have been written to: /home/scv/SCV/build/hunter_msgs
[35m[1mConsolidate compiler generated dependencies of target hunter_msgs__rosidl_generator_c[0m
[ 11%] Built target hunter_msgs__rosidl_generator_c
[ 12%] Built target hunter_msgs__cpp
[ 12%] Built target ament_cmake_python_copy_hunter_msgs
[35m[1mConsolidate compiler generated dependencies of target hunter_msgs__rosidl_typesupport_fastrtps_c[0m
[35m[1mConsolidate compiler generated dependencies of target hunter_msgs__rosidl_typesupport_introspection_c[0m
[35m[1mConsolidate compiler generated dependencies of target hunter_msgs__rosidl_typesupport_c[0m
[ 23%] Built target hunter_msgs__rosidl_typesupport_introspection_c
[ 34%] Built target hunter_msgs__rosidl_typesupport_fastrtps_c
[35m[1mConsolidate compiler generated dependencies of target hunter_msgs__rosidl_typesupport_fastrtps_cpp[0m
[35m[1mConsolidate compiler generated dependencies of target hunter_msgs__rosidl_typesupport_cpp[0m
[35m[1mConsolidate compiler generated dependencies of target hunter_msgs__rosidl_typesupport_introspection_cpp[0m
[ 46%] Built target hunter_msgs__rosidl_typesupport_c
[ 57%] Built target hunter_msgs__rosidl_typesupport_fastrtps_cpp
[ 77%] Built target hunter_msgs__rosidl_typesupport_introspection_cpp
[ 79%] Built target hunter_msgs__rosidl_typesupport_cpp
[ 79%] Built target hunter_msgs
[ 80%] Built target hunter_msgs__py
[35m[1mConsolidate compiler generated dependencies of target hunter_msgs__rosidl_generator_py[0m
[ 90%] Built target hunter_msgs__rosidl_generator_py
[35m[1mConsolidate compiler generated dependencies of target hunter_msgs__rosidl_typesupport_introspection_c__pyext[0m
[35m[1mConsolidate compiler generated dependencies of target hunter_msgs__rosidl_typesupport_fastrtps_c__pyext[0m
[35m[1mConsolidate compiler generated dependencies of target hunter_msgs__rosidl_typesupport_c__pyext[0m
[ 93%] Built target hunter_msgs__rosidl_typesupport_fastrtps_c__pyext
[ 96%] Built target hunter_msgs__rosidl_typesupport_c__pyext
[100%] Built target hunter_msgs__rosidl_typesupport_introspection_c__pyext
running egg_info
writing hunter_msgs.egg-info/PKG-INFO
writing dependency_links to hunter_msgs.egg-info/dependency_links.txt
writing top-level names to hunter_msgs.egg-info/top_level.txt
reading manifest file 'hunter_msgs.egg-info/SOURCES.txt'
writing manifest file 'hunter_msgs.egg-info/SOURCES.txt'
[100%] Built target ament_cmake_python_build_hunter_msgs_egg
-- Install configuration: ""
-- Up-to-date: /home/scv/SCV/install/hunter_msgs/share/ament_index/resource_index/rosidl_interfaces/hunter_msgs
-- Up-to-date: /home/scv/SCV/install/hunter_msgs/include/hunter_msgs/hunter_msgs
-- Up-to-date: /home/scv/SCV/install/hunter_msgs/include/hunter_msgs/hunter_msgs/msg
-- Up-to-date: /home/scv/SCV/install/hunter_msgs/include/hunter_msgs/hunter_msgs/msg/hunter_status.h
-- Up-to-date: /home/scv/SCV/install/hunter_msgs/include/hunter_msgs/hunter_msgs/msg/hunter_light_cmd.h
-- Up-to-date: /home/scv/SCV/install/hunter_msgs/include/hunter_msgs/hunter_msgs/msg/hunter_actuator_state.h
-- Up-to-date: /home/scv/SCV/install/hunter_msgs/include/hunter_msgs/hunter_msgs/msg/detail
-- Up-to-date: /home/scv/SCV/install/hunter_msgs/include/hunter_msgs/hunter_msgs/msg/detail/hunter_actuator_state__functions.c
-- Up-to-date: /home/scv/SCV/install/hunter_msgs/include/hunter_msgs/hunter_msgs/msg/detail/hunter_actuator_state__functions.h
-- Up-to-date: /home/scv/SCV/install/hunter_msgs/include/hunter_msgs/hunter_msgs/msg/detail/hunter_light_state__type_support.h
-- Up-to-date: /home/scv/SCV/install/hunter_msgs/include/hunter_msgs/hunter_msgs/msg/detail/hunter_light_state__functions.c
-- Up-to-date: /home/scv/SCV/install/hunter_msgs/include/hunter_msgs/hunter_msgs/msg/detail/hunter_actuator_state__type_support.h
-- Up-to-date: /home/scv/SCV/install/hunter_msgs/include/hunter_msgs/hunter_msgs/msg/detail/hunter_light_state__struct.h
-- Up-to-date: /home/scv/SCV/install/hunter_msgs/include/hunter_msgs/hunter_msgs/msg/detail/hunter_light_cmd__functions.h
-- Up-to-date: /home/scv/SCV/install/hunter_msgs/include/hunter_msgs/hunter_msgs/msg/detail/hunter_light_cmd__struct.h
-- Up-to-date: /home/scv/SCV/install/hunter_msgs/include/hunter_msgs/hunter_msgs/msg/detail/hunter_light_cmd__type_support.h
-- Up-to-date: /home/scv/SCV/install/hunter_msgs/include/hunter_msgs/hunter_msgs/msg/detail/hunter_actuator_state__struct.h
-- Up-to-date: /home/scv/SCV/install/hunter_msgs/include/hunter_msgs/hunter_msgs/msg/detail/hunter_status__functions.c
-- Up-to-date: /home/scv/SCV/install/hunter_msgs/include/hunter_msgs/hunter_msgs/msg/detail/hunter_light_state__functions.h
-- Up-to-date: /home/scv/SCV/install/hunter_msgs/include/hunter_msgs/hunter_msgs/msg/detail/hunter_status__struct.h
-- Up-to-date: /home/scv/SCV/install/hunter_msgs/include/hunter_msgs/hunter_msgs/msg/detail/hunter_status__functions.h
-- Up-to-date: /home/scv/SCV/install/hunter_msgs/include/hunter_msgs/hunter_msgs/msg/detail/hunter_rc_state__type_support.h
-- Up-to-date: /home/scv/SCV/install/hunter_msgs/include/hunter_msgs/hunter_msgs/msg/detail/hunter_rc_state__functions.h
-- Up-to-date: /home/scv/SCV/install/hunter_msgs/include/hunter_msgs/hunter_msgs/msg/detail/hunter_rc_state__struct.h
-- Up-to-date: /home/scv/SCV/install/hunter_msgs/include/hunter_msgs/hunter_msgs/msg/detail/hunter_light_cmd__functions.c
-- Up-to-date: /home/scv/SCV/install/hunter_msgs/include/hunter_msgs/hunter_msgs/msg/detail/hunter_rc_state__functions.c
-- Up-to-date: /home/scv/SCV/install/hunter_msgs/include/hunter_msgs/hunter_msgs/msg/detail/hunter_status__type_support.h
-- Up-to-date: /home/scv/SCV/install/hunter_msgs/include/hunter_msgs/hunter_msgs/msg/rosidl_generator_c__visibility_control.h
-- Up-to-date: /home/scv/SCV/install/hunter_msgs/include/hunter_msgs/hunter_msgs/msg/hunter_rc_state.h
-- Up-to-date: /home/scv/SCV/install/hunter_msgs/include/hunter_msgs/hunter_msgs/msg/hunter_light_state.h
-- Up-to-date: /home/scv/SCV/install/hunter_msgs/share/hunter_msgs/environment/library_path.sh
-- Installing: /home/scv/SCV/install/hunter_msgs/share/hunter_msgs/environment/library_path.dsv
-- Up-to-date: /home/scv/SCV/install/hunter_msgs/lib/libhunter_msgs__rosidl_generator_c.so
-- Up-to-date: /home/scv/SCV/install/hunter_msgs/include/hunter_msgs/hunter_msgs
-- Up-to-date: /home/scv/SCV/install/hunter_msgs/include/hunter_msgs/hunter_msgs/msg
-- Up-to-date: /home/scv/SCV/install/hunter_msgs/include/hunter_msgs/hunter_msgs/msg/detail
-- Up-to-date: /home/scv/SCV/install/hunter_msgs/include/hunter_msgs/hunter_msgs/msg/detail/hunter_light_state__rosidl_typesupport_fastrtps_c.h
-- Up-to-date: /home/scv/SCV/install/hunter_msgs/include/hunter_msgs/hunter_msgs/msg/detail/hunter_light_cmd__rosidl_typesupport_fastrtps_c.h
-- Up-to-date: /home/scv/SCV/install/hunter_msgs/include/hunter_msgs/hunter_msgs/msg/detail/hunter_actuator_state__rosidl_typesupport_fastrtps_c.h
-- Up-to-date: /home/scv/SCV/install/hunter_msgs/include/hunter_msgs/hunter_msgs/msg/detail/hunter_rc_state__rosidl_typesupport_fastrtps_c.h
-- Up-to-date: /home/scv/SCV/install/hunter_msgs/include/hunter_msgs/hunter_msgs/msg/detail/hunter_status__rosidl_typesupport_fastrtps_c.h
-- Up-to-date: /home/scv/SCV/install/hunter_msgs/include/hunter_msgs/hunter_msgs/msg/rosidl_typesupport_fastrtps_c__visibility_control.h
-- Up-to-date: /home/scv/SCV/install/hunter_msgs/lib/libhunter_msgs__rosidl_typesupport_fastrtps_c.so
-- Up-to-date: /home/scv/SCV/install/hunter_msgs/include/hunter_msgs/hunter_msgs
-- Up-to-date: /home/scv/SCV/install/hunter_msgs/include/hunter_msgs/hunter_msgs/msg
-- Up-to-date: /home/scv/SCV/install/hunter_msgs/include/hunter_msgs/hunter_msgs/msg/hunter_rc_state.hpp
-- Up-to-date: /home/scv/SCV/install/hunter_msgs/include/hunter_msgs/hunter_msgs/msg/hunter_light_cmd.hpp
-- Up-to-date: /home/scv/SCV/install/hunter_msgs/include/hunter_msgs/hunter_msgs/msg/hunter_light_state.hpp
-- Up-to-date: /home/scv/SCV/install/hunter_msgs/include/hunter_msgs/hunter_msgs/msg/detail
-- Up-to-date: /home/scv/SCV/install/hunter_msgs/include/hunter_msgs/hunter_msgs/msg/detail/hunter_rc_state__traits.hpp
-- Up-to-date: /home/scv/SCV/install/hunter_msgs/include/hunter_msgs/hunter_msgs/msg/detail/hunter_light_state__type_support.hpp
-- Up-to-date: /home/scv/SCV/install/hunter_msgs/include/hunter_msgs/hunter_msgs/msg/detail/hunter_rc_state__builder.hpp
-- Up-to-date: /home/scv/SCV/install/hunter_msgs/include/hunter_msgs/hunter_msgs/msg/detail/hunter_actuator_state__traits.hpp
-- Up-to-date: /home/scv/SCV/install/hunter_msgs/include/hunter_msgs/hunter_msgs/msg/detail/hunter_light_state__builder.hpp
-- Up-to-date: /home/scv/SCV/install/hunter_msgs/include/hunter_msgs/hunter_msgs/msg/detail/hunter_status__builder.hpp
-- Up-to-date: /home/scv/SCV/install/hunter_msgs/include/hunter_msgs/hunter_msgs/msg/detail/hunter_light_cmd__struct.hpp
-- Up-to-date: /home/scv/SCV/install/hunter_msgs/include/hunter_msgs/hunter_msgs/msg/detail/hunter_light_cmd__type_support.hpp
-- Up-to-date: /home/scv/SCV/install/hunter_msgs/include/hunter_msgs/hunter_msgs/msg/detail/hunter_actuator_state__struct.hpp
-- Up-to-date: /home/scv/SCV/install/hunter_msgs/include/hunter_msgs/hunter_msgs/msg/detail/hunter_light_cmd__traits.hpp
-- Up-to-date: /home/scv/SCV/install/hunter_msgs/include/hunter_msgs/hunter_msgs/msg/detail/hunter_light_state__traits.hpp
-- Up-to-date: /home/scv/SCV/install/hunter_msgs/include/hunter_msgs/hunter_msgs/msg/detail/hunter_status__traits.hpp
-- Up-to-date: /home/scv/SCV/install/hunter_msgs/include/hunter_msgs/hunter_msgs/msg/detail/hunter_rc_state__type_support.hpp
-- Up-to-date: /home/scv/SCV/install/hunter_msgs/include/hunter_msgs/hunter_msgs/msg/detail/hunter_light_state__struct.hpp
-- Up-to-date: /home/scv/SCV/install/hunter_msgs/include/hunter_msgs/hunter_msgs/msg/detail/hunter_status__type_support.hpp
-- Up-to-date: /home/scv/SCV/install/hunter_msgs/include/hunter_msgs/hunter_msgs/msg/detail/hunter_actuator_state__builder.hpp
-- Up-to-date: /home/scv/SCV/install/hunter_msgs/include/hunter_msgs/hunter_msgs/msg/detail/hunter_status__struct.hpp
-- Up-to-date: /home/scv/SCV/install/hunter_msgs/include/hunter_msgs/hunter_msgs/msg/detail/hunter_actuator_state__type_support.hpp
-- Up-to-date: /home/scv/SCV/install/hunter_msgs/include/hunter_msgs/hunter_msgs/msg/detail/hunter_rc_state__struct.hpp
-- Up-to-date: /home/scv/SCV/install/hunter_msgs/include/hunter_msgs/hunter_msgs/msg/detail/hunter_light_cmd__builder.hpp
-- Up-to-date: /home/scv/SCV/install/hunter_msgs/include/hunter_msgs/hunter_msgs/msg/hunter_status.hpp
-- Up-to-date: /home/scv/SCV/install/hunter_msgs/include/hunter_msgs/hunter_msgs/msg/rosidl_generator_cpp__visibility_control.hpp
-- Up-to-date: /home/scv/SCV/install/hunter_msgs/include/hunter_msgs/hunter_msgs/msg/hunter_actuator_state.hpp
-- Up-to-date: /home/scv/SCV/install/hunter_msgs/include/hunter_msgs/hunter_msgs
-- Up-to-date: /home/scv/SCV/install/hunter_msgs/include/hunter_msgs/hunter_msgs/msg
-- Up-to-date: /home/scv/SCV/install/hunter_msgs/include/hunter_msgs/hunter_msgs/msg/detail
-- Up-to-date: /home/scv/SCV/install/hunter_msgs/include/hunter_msgs/hunter_msgs/msg/detail/hunter_light_cmd__rosidl_typesupport_fastrtps_cpp.hpp
-- Up-to-date: /home/scv/SCV/install/hunter_msgs/include/hunter_msgs/hunter_msgs/msg/detail/dds_fastrtps
-- Up-to-date: /home/scv/SCV/install/hunter_msgs/include/hunter_msgs/hunter_msgs/msg/detail/hunter_actuator_state__rosidl_typesupport_fastrtps_cpp.hpp
-- Up-to-date: /home/scv/SCV/install/hunter_msgs/include/hunter_msgs/hunter_msgs/msg/detail/hunter_status__rosidl_typesupport_fastrtps_cpp.hpp
-- Up-to-date: /home/scv/SCV/install/hunter_msgs/include/hunter_msgs/hunter_msgs/msg/detail/hunter_light_state__rosidl_typesupport_fastrtps_cpp.hpp
-- Up-to-date: /home/scv/SCV/install/hunter_msgs/include/hunter_msgs/hunter_msgs/msg/detail/hunter_rc_state__rosidl_typesupport_fastrtps_cpp.hpp
-- Up-to-date: /home/scv/SCV/install/hunter_msgs/include/hunter_msgs/hunter_msgs/msg/rosidl_typesupport_fastrtps_cpp__visibility_control.h
-- Up-to-date: /home/scv/SCV/install/hunter_msgs/lib/libhunter_msgs__rosidl_typesupport_fastrtps_cpp.so
-- Up-to-date: /home/scv/SCV/install/hunter_msgs/include/hunter_msgs/hunter_msgs
-- Up-to-date: /home/scv/SCV/install/hunter_msgs/include/hunter_msgs/hunter_msgs/msg
-- Up-to-date: /home/scv/SCV/install/hunter_msgs/include/hunter_msgs/hunter_msgs/msg/detail
-- Up-to-date: /home/scv/SCV/install/hunter_msgs/include/hunter_msgs/hunter_msgs/msg/detail/hunter_status__type_support.c
-- Up-to-date: /home/scv/SCV/install/hunter_msgs/include/hunter_msgs/hunter_msgs/msg/detail/hunter_rc_state__type_support.c
-- Up-to-date: /home/scv/SCV/install/hunter_msgs/include/hunter_msgs/hunter_msgs/msg/detail/hunter_light_cmd__type_support.c
-- Up-to-date: /home/scv/SCV/install/hunter_msgs/include/hunter_msgs/hunter_msgs/msg/detail/hunter_light_cmd__rosidl_typesupport_introspection_c.h
-- Up-to-date: /home/scv/SCV/install/hunter_msgs/include/hunter_msgs/hunter_msgs/msg/detail/hunter_rc_state__rosidl_typesupport_introspection_c.h
-- Up-to-date: /home/scv/SCV/install/hunter_msgs/include/hunter_msgs/hunter_msgs/msg/detail/hunter_actuator_state__type_support.c
-- Up-to-date: /home/scv/SCV/install/hunter_msgs/include/hunter_msgs/hunter_msgs/msg/detail/hunter_light_state__rosidl_typesupport_introspection_c.h
-- Up-to-date: /home/scv/SCV/install/hunter_msgs/include/hunter_msgs/hunter_msgs/msg/detail/hunter_status__rosidl_typesupport_introspection_c.h
-- Up-to-date: /home/scv/SCV/install/hunter_msgs/include/hunter_msgs/hunter_msgs/msg/detail/hunter_light_state__type_support.c
-- Up-to-date: /home/scv/SCV/install/hunter_msgs/include/hunter_msgs/hunter_msgs/msg/detail/hunter_actuator_state__rosidl_typesupport_introspection_c.h
-- Up-to-date: /home/scv/SCV/install/hunter_msgs/include/hunter_msgs/hunter_msgs/msg/rosidl_typesupport_introspection_c__visibility_control.h
-- Up-to-date: /home/scv/SCV/install/hunter_msgs/lib/libhunter_msgs__rosidl_typesupport_introspection_c.so
-- Up-to-date: /home/scv/SCV/install/hunter_msgs/lib/libhunter_msgs__rosidl_typesupport_c.so
-- Up-to-date: /home/scv/SCV/install/hunter_msgs/include/hunter_msgs/hunter_msgs
-- Up-to-date: /home/scv/SCV/install/hunter_msgs/include/hunter_msgs/hunter_msgs/msg
-- Up-to-date: /home/scv/SCV/install/hunter_msgs/include/hunter_msgs/hunter_msgs/msg/detail
-- Up-to-date: /home/scv/SCV/install/hunter_msgs/include/hunter_msgs/hunter_msgs/msg/detail/hunter_actuator_state__rosidl_typesupport_introspection_cpp.hpp
-- Up-to-date: /home/scv/SCV/install/hunter_msgs/include/hunter_msgs/hunter_msgs/msg/detail/hunter_light_cmd__type_support.cpp
-- Up-to-date: /home/scv/SCV/install/hunter_msgs/include/hunter_msgs/hunter_msgs/msg/detail/hunter_status__rosidl_typesupport_introspection_cpp.hpp
-- Up-to-date: /home/scv/SCV/install/hunter_msgs/include/hunter_msgs/hunter_msgs/msg/detail/hunter_light_state__type_support.cpp
-- Up-to-date: /home/scv/SCV/install/hunter_msgs/include/hunter_msgs/hunter_msgs/msg/detail/hunter_light_cmd__rosidl_typesupport_introspection_cpp.hpp
-- Up-to-date: /home/scv/SCV/install/hunter_msgs/include/hunter_msgs/hunter_msgs/msg/detail/hunter_status__type_support.cpp
-- Up-to-date: /home/scv/SCV/install/hunter_msgs/include/hunter_msgs/hunter_msgs/msg/detail/hunter_rc_state__type_support.cpp
-- Up-to-date: /home/scv/SCV/install/hunter_msgs/include/hunter_msgs/hunter_msgs/msg/detail/hunter_light_state__rosidl_typesupport_introspection_cpp.hpp
-- Up-to-date: /home/scv/SCV/install/hunter_msgs/include/hunter_msgs/hunter_msgs/msg/detail/hunter_actuator_state__type_support.cpp
-- Up-to-date: /home/scv/SCV/install/hunter_msgs/include/hunter_msgs/hunter_msgs/msg/detail/hunter_rc_state__rosidl_typesupport_introspection_cpp.hpp
-- Up-to-date: /home/scv/SCV/install/hunter_msgs/lib/libhunter_msgs__rosidl_typesupport_introspection_cpp.so
-- Up-to-date: /home/scv/SCV/install/hunter_msgs/lib/libhunter_msgs__rosidl_typesupport_cpp.so
-- Up-to-date: /home/scv/SCV/install/hunter_msgs/share/hunter_msgs/environment/pythonpath.sh
-- Installing: /home/scv/SCV/install/hunter_msgs/share/hunter_msgs/environment/pythonpath.dsv
-- Up-to-date: /home/scv/SCV/install/hunter_msgs/local/lib/python3.10/dist-packages/hunter_msgs-0.0.1-py3.10.egg-info
-- Installing: /home/scv/SCV/install/hunter_msgs/local/lib/python3.10/dist-packages/hunter_msgs-0.0.1-py3.10.egg-info/dependency_links.txt
-- Installing: /home/scv/SCV/install/hunter_msgs/local/lib/python3.10/dist-packages/hunter_msgs-0.0.1-py3.10.egg-info/SOURCES.txt
-- Installing: /home/scv/SCV/install/hunter_msgs/local/lib/python3.10/dist-packages/hunter_msgs-0.0.1-py3.10.egg-info/top_level.txt
-- Installing: /home/scv/SCV/install/hunter_msgs/local/lib/python3.10/dist-packages/hunter_msgs-0.0.1-py3.10.egg-info/PKG-INFO
-- Up-to-date: /home/scv/SCV/install/hunter_msgs/local/lib/python3.10/dist-packages/hunter_msgs
-- Up-to-date: /home/scv/SCV/install/hunter_msgs/local/lib/python3.10/dist-packages/hunter_msgs/hunter_msgs_s__rosidl_typesupport_introspection_c.cpython-310-x86_64-linux-gnu.so
-- Up-to-date: /home/scv/SCV/install/hunter_msgs/local/lib/python3.10/dist-packages/hunter_msgs/hunter_msgs_s__rosidl_typesupport_c.cpython-310-x86_64-linux-gnu.so
-- Up-to-date: /home/scv/SCV/install/hunter_msgs/local/lib/python3.10/dist-packages/hunter_msgs/libhunter_msgs__rosidl_generator_py.so
-- Up-to-date: /home/scv/SCV/install/hunter_msgs/local/lib/python3.10/dist-packages/hunter_msgs/hunter_msgs_s__rosidl_typesupport_fastrtps_c.cpython-310-x86_64-linux-gnu.so
-- Up-to-date: /home/scv/SCV/install/hunter_msgs/local/lib/python3.10/dist-packages/hunter_msgs/msg
-- Up-to-date: /home/scv/SCV/install/hunter_msgs/local/lib/python3.10/dist-packages/hunter_msgs/msg/_hunter_light_cmd.py
-- Up-to-date: /home/scv/SCV/install/hunter_msgs/local/lib/python3.10/dist-packages/hunter_msgs/msg/_hunter_actuator_state_s.c
-- Up-to-date: /home/scv/SCV/install/hunter_msgs/local/lib/python3.10/dist-packages/hunter_msgs/msg/_hunter_rc_state.py
-- Up-to-date: /home/scv/SCV/install/hunter_msgs/local/lib/python3.10/dist-packages/hunter_msgs/msg/_hunter_light_state.py
-- Up-to-date: /home/scv/SCV/install/hunter_msgs/local/lib/python3.10/dist-packages/hunter_msgs/msg/_hunter_light_cmd_s.c
-- Up-to-date: /home/scv/SCV/install/hunter_msgs/local/lib/python3.10/dist-packages/hunter_msgs/msg/__init__.py
-- Up-to-date: /home/scv/SCV/install/hunter_msgs/local/lib/python3.10/dist-packages/hunter_msgs/msg/_hunter_status_s.c
-- Up-to-date: /home/scv/SCV/install/hunter_msgs/local/lib/python3.10/dist-packages/hunter_msgs/msg/_hunter_rc_state_s.c
-- Up-to-date: /home/scv/SCV/install/hunter_msgs/local/lib/python3.10/dist-packages/hunter_msgs/msg/_hunter_light_state_s.c
-- Up-to-date: /home/scv/SCV/install/hunter_msgs/local/lib/python3.10/dist-packages/hunter_msgs/msg/_hunter_status.py
-- Up-to-date: /home/scv/SCV/install/hunter_msgs/local/lib/python3.10/dist-packages/hunter_msgs/msg/_hunter_actuator_state.py
-- Up-to-date: /home/scv/SCV/install/hunter_msgs/local/lib/python3.10/dist-packages/hunter_msgs/_hunter_msgs_s.ep.rosidl_typesupport_fastrtps_c.c
-- Installing: /home/scv/SCV/install/hunter_msgs/local/lib/python3.10/dist-packages/hunter_msgs/__init__.py
-- Up-to-date: /home/scv/SCV/install/hunter_msgs/local/lib/python3.10/dist-packages/hunter_msgs/_hunter_msgs_s.ep.rosidl_typesupport_c.c
-- Up-to-date: /home/scv/SCV/install/hunter_msgs/local/lib/python3.10/dist-packages/hunter_msgs/_hunter_msgs_s.ep.rosidl_typesupport_introspection_c.c
Listing '/home/scv/SCV/install/hunter_msgs/local/lib/python3.10/dist-packages/hunter_msgs'...
Compiling '/home/scv/SCV/install/hunter_msgs/local/lib/python3.10/dist-packages/hunter_msgs/__init__.py'...
Listing '/home/scv/SCV/install/hunter_msgs/local/lib/python3.10/dist-packages/hunter_msgs/msg'...
-- Up-to-date: /home/scv/SCV/install/hunter_msgs/local/lib/python3.10/dist-packages/hunter_msgs/hunter_msgs_s__rosidl_typesupport_fastrtps_c.cpython-310-x86_64-linux-gnu.so
-- Up-to-date: /home/scv/SCV/install/hunter_msgs/local/lib/python3.10/dist-packages/hunter_msgs/hunter_msgs_s__rosidl_typesupport_introspection_c.cpython-310-x86_64-linux-gnu.so
-- Up-to-date: /home/scv/SCV/install/hunter_msgs/local/lib/python3.10/dist-packages/hunter_msgs/hunter_msgs_s__rosidl_typesupport_c.cpython-310-x86_64-linux-gnu.so
-- Up-to-date: /home/scv/SCV/install/hunter_msgs/lib/libhunter_msgs__rosidl_generator_py.so
-- Up-to-date: /home/scv/SCV/install/hunter_msgs/share/hunter_msgs/msg/HunterActuatorState.idl
-- Up-to-date: /home/scv/SCV/install/hunter_msgs/share/hunter_msgs/msg/HunterLightCmd.idl
-- Up-to-date: /home/scv/SCV/install/hunter_msgs/share/hunter_msgs/msg/HunterLightState.idl
-- Up-to-date: /home/scv/SCV/install/hunter_msgs/share/hunter_msgs/msg/HunterRCState.idl
-- Up-to-date: /home/scv/SCV/install/hunter_msgs/share/hunter_msgs/msg/HunterStatus.idl
-- Installing: /home/scv/SCV/install/hunter_msgs/share/hunter_msgs/msg/HunterActuatorState.msg
-- Installing: /home/scv/SCV/install/hunter_msgs/share/hunter_msgs/msg/HunterLightCmd.msg
-- Installing: /home/scv/SCV/install/hunter_msgs/share/hunter_msgs/msg/HunterLightState.msg
-- Installing: /home/scv/SCV/install/hunter_msgs/share/hunter_msgs/msg/HunterRCState.msg
-- Installing: /home/scv/SCV/install/hunter_msgs/share/hunter_msgs/msg/HunterStatus.msg
-- Up-to-date: /home/scv/SCV/install/hunter_msgs/share/ament_index/resource_index/package_run_dependencies/hunter_msgs
-- Installing: /home/scv/SCV/install/hunter_msgs/share/ament_index/resource_index/parent_prefix_path/hunter_msgs
-- Up-to-date: /home/scv/SCV/install/hunter_msgs/share/hunter_msgs/environment/ament_prefix_path.sh
-- Installing: /home/scv/SCV/install/hunter_msgs/share/hunter_msgs/environment/ament_prefix_path.dsv
-- Up-to-date: /home/scv/SCV/install/hunter_msgs/share/hunter_msgs/environment/path.sh
-- Installing: /home/scv/SCV/install/hunter_msgs/share/hunter_msgs/environment/path.dsv
-- Up-to-date: /home/scv/SCV/install/hunter_msgs/share/hunter_msgs/local_setup.bash
-- Up-to-date: /home/scv/SCV/install/hunter_msgs/share/hunter_msgs/local_setup.sh
-- Up-to-date: /home/scv/SCV/install/hunter_msgs/share/hunter_msgs/local_setup.zsh
-- Installing: /home/scv/SCV/install/hunter_msgs/share/hunter_msgs/local_setup.dsv
-- Installing: /home/scv/SCV/install/hunter_msgs/share/hunter_msgs/package.dsv
-- Up-to-date: /home/scv/SCV/install/hunter_msgs/share/ament_index/resource_index/packages/hunter_msgs
-- Up-to-date: /home/scv/SCV/install/hunter_msgs/share/hunter_msgs/cmake/export_hunter_msgs__rosidl_generator_cExport.cmake
-- Up-to-date: /home/scv/SCV/install/hunter_msgs/share/hunter_msgs/cmake/export_hunter_msgs__rosidl_generator_cExport-noconfig.cmake
-- Up-to-date: /home/scv/SCV/install/hunter_msgs/share/hunter_msgs/cmake/export_hunter_msgs__rosidl_typesupport_fastrtps_cExport.cmake
-- Up-to-date: /home/scv/SCV/install/hunter_msgs/share/hunter_msgs/cmake/export_hunter_msgs__rosidl_typesupport_fastrtps_cExport-noconfig.cmake
-- Up-to-date: /home/scv/SCV/install/hunter_msgs/share/hunter_msgs/cmake/export_hunter_msgs__rosidl_generator_cppExport.cmake
-- Up-to-date: /home/scv/SCV/install/hunter_msgs/share/hunter_msgs/cmake/export_hunter_msgs__rosidl_typesupport_fastrtps_cppExport.cmake
-- Up-to-date: /home/scv/SCV/install/hunter_msgs/share/hunter_msgs/cmake/export_hunter_msgs__rosidl_typesupport_fastrtps_cppExport-noconfig.cmake
-- Up-to-date: /home/scv/SCV/install/hunter_msgs/share/hunter_msgs/cmake/hunter_msgs__rosidl_typesupport_introspection_cExport.cmake
-- Up-to-date: /home/scv/SCV/install/hunter_msgs/share/hunter_msgs/cmake/hunter_msgs__rosidl_typesupport_introspection_cExport-noconfig.cmake
-- Up-to-date: /home/scv/SCV/install/hunter_msgs/share/hunter_msgs/cmake/hunter_msgs__rosidl_typesupport_cExport.cmake
-- Up-to-date: /home/scv/SCV/install/hunter_msgs/share/hunter_msgs/cmake/hunter_msgs__rosidl_typesupport_cExport-noconfig.cmake
-- Up-to-date: /home/scv/SCV/install/hunter_msgs/share/hunter_msgs/cmake/hunter_msgs__rosidl_typesupport_introspection_cppExport.cmake
-- Up-to-date: /home/scv/SCV/install/hunter_msgs/share/hunter_msgs/cmake/hunter_msgs__rosidl_typesupport_introspection_cppExport-noconfig.cmake
-- Up-to-date: /home/scv/SCV/install/hunter_msgs/share/hunter_msgs/cmake/hunter_msgs__rosidl_typesupport_cppExport.cmake
-- Up-to-date: /home/scv/SCV/install/hunter_msgs/share/hunter_msgs/cmake/hunter_msgs__rosidl_typesupport_cppExport-noconfig.cmake
-- Up-to-date: /home/scv/SCV/install/hunter_msgs/share/hunter_msgs/cmake/export_hunter_msgs__rosidl_generator_pyExport.cmake
-- Up-to-date: /home/scv/SCV/install/hunter_msgs/share/hunter_msgs/cmake/export_hunter_msgs__rosidl_generator_pyExport-noconfig.cmake
-- Up-to-date: /home/scv/SCV/install/hunter_msgs/share/hunter_msgs/cmake/rosidl_cmake-extras.cmake
-- Up-to-date: /home/scv/SCV/install/hunter_msgs/share/hunter_msgs/cmake/ament_cmake_export_dependencies-extras.cmake
-- Up-to-date: /home/scv/SCV/install/hunter_msgs/share/hunter_msgs/cmake/ament_cmake_export_include_directories-extras.cmake
-- Up-to-date: /home/scv/SCV/install/hunter_msgs/share/hunter_msgs/cmake/ament_cmake_export_libraries-extras.cmake
-- Up-to-date: /home/scv/SCV/install/hunter_msgs/share/hunter_msgs/cmake/ament_cmake_export_targets-extras.cmake
-- Up-to-date: /home/scv/SCV/install/hunter_msgs/share/hunter_msgs/cmake/rosidl_cmake_export_typesupport_targets-extras.cmake
-- Up-to-date: /home/scv/SCV/install/hunter_msgs/share/hunter_msgs/cmake/rosidl_cmake_export_typesupport_libraries-extras.cmake
-- Up-to-date: /home/scv/SCV/install/hunter_msgs/share/hunter_msgs/cmake/hunter_msgsConfig.cmake
-- Up-to-date: /home/scv/SCV/install/hunter_msgs/share/hunter_msgs/cmake/hunter_msgsConfig-version.cmake
-- Installing: /home/scv/SCV/install/hunter_msgs/share/hunter_msgs/package.xml
