[0.014s] Invoking command in '/home/scv/SCV/build/zed_components': CMAKE_PREFIX_PATH=/opt/ros/humble /usr/bin/cmake --build /home/scv/SCV/build/zed_components -- -j8 -l8
[0.124s] [ 60%] Built target zed_camera_component
[0.182s] [100%] Built target zed_camera_one_component
[0.186s] Invoked command in '/home/scv/SCV/build/zed_components' returned '0': CMAKE_PREFIX_PATH=/opt/ros/humble /usr/bin/cmake --build /home/scv/SCV/build/zed_components -- -j8 -l8
[0.187s] Invoking command in '/home/scv/SCV/build/zed_components': CMAKE_PREFIX_PATH=/opt/ros/humble /usr/bin/cmake --install /home/scv/SCV/build/zed_components
[0.211s] -- Install configuration: "Release"
[0.211s] -- Execute custom install script
[0.211s] -- Up-to-date symlink: /home/scv/SCV/install/zed_components/lib/libzed_camera_component.so
[0.211s] -- Up-to-date symlink: /home/scv/SCV/install/zed_components/lib/libzed_camera_one_component.so
[0.211s] -- Up-to-date symlink: /home/scv/SCV/install/zed_components/include/zed_components//cost_traversability.hpp
[0.211s] -- Up-to-date symlink: /home/scv/SCV/install/zed_components/include/zed_components//zed_camera_component.hpp
[0.212s] -- Up-to-date symlink: /home/scv/SCV/install/zed_components/include/zed_components//zed_camera_one_component.hpp
[0.212s] -- Up-to-date symlink: /home/scv/SCV/install/zed_components/include/zed_components//gnss_replay.hpp
[0.212s] -- Up-to-date symlink: /home/scv/SCV/install/zed_components/include/zed_components//json.hpp
[0.212s] -- Up-to-date symlink: /home/scv/SCV/install/zed_components/include/zed_components//sl_logging.hpp
[0.212s] -- Up-to-date symlink: /home/scv/SCV/install/zed_components/include/zed_components//sl_tools.hpp
[0.212s] -- Up-to-date symlink: /home/scv/SCV/install/zed_components/include/zed_components//sl_types.hpp
[0.212s] -- Up-to-date symlink: /home/scv/SCV/install/zed_components/include/zed_components//sl_win_avg.hpp
[0.212s] -- Up-to-date symlink: /home/scv/SCV/install/zed_components/include/zed_components//visibility_control.hpp
[0.214s] -- Up-to-date symlink: /home/scv/SCV/install/zed_components/share/zed_components/environment/library_path.sh
[0.214s] -- Up-to-date symlink: /home/scv/SCV/install/zed_components/share/zed_components/environment/library_path.dsv
[0.214s] -- Up-to-date symlink: /home/scv/SCV/install/zed_components/share/ament_index/resource_index/package_run_dependencies/zed_components
[0.214s] -- Up-to-date symlink: /home/scv/SCV/install/zed_components/share/ament_index/resource_index/parent_prefix_path/zed_components
[0.214s] -- Up-to-date symlink: /home/scv/SCV/install/zed_components/share/zed_components/environment/ament_prefix_path.sh
[0.214s] -- Up-to-date symlink: /home/scv/SCV/install/zed_components/share/zed_components/environment/ament_prefix_path.dsv
[0.214s] -- Up-to-date symlink: /home/scv/SCV/install/zed_components/share/zed_components/environment/path.sh
[0.214s] -- Up-to-date symlink: /home/scv/SCV/install/zed_components/share/zed_components/environment/path.dsv
[0.214s] -- Up-to-date symlink: /home/scv/SCV/install/zed_components/share/zed_components/local_setup.bash
[0.214s] -- Up-to-date symlink: /home/scv/SCV/install/zed_components/share/zed_components/local_setup.sh
[0.214s] -- Up-to-date symlink: /home/scv/SCV/install/zed_components/share/zed_components/local_setup.zsh
[0.214s] -- Up-to-date symlink: /home/scv/SCV/install/zed_components/share/zed_components/local_setup.dsv
[0.214s] -- Symlinking: /home/scv/SCV/install/zed_components/share/zed_components/package.dsv
[0.214s] -- Up-to-date symlink: /home/scv/SCV/install/zed_components/share/ament_index/resource_index/packages/zed_components
[0.215s] -- Up-to-date symlink: /home/scv/SCV/install/zed_components/share/ament_index/resource_index/rclcpp_components/zed_components
[0.215s] -- Up-to-date symlink: /home/scv/SCV/install/zed_components/share/zed_components/cmake/ament_cmake_export_include_directories-extras.cmake
[0.215s] -- Up-to-date symlink: /home/scv/SCV/install/zed_components/share/zed_components/cmake/ament_cmake_export_libraries-extras.cmake
[0.215s] -- Up-to-date symlink: /home/scv/SCV/install/zed_components/share/zed_components/cmake/ament_cmake_export_dependencies-extras.cmake
[0.215s] -- Up-to-date symlink: /home/scv/SCV/install/zed_components/share/zed_components/cmake/zed_componentsConfig.cmake
[0.215s] -- Up-to-date symlink: /home/scv/SCV/install/zed_components/share/zed_components/cmake/zed_componentsConfig-version.cmake
[0.215s] -- Up-to-date symlink: /home/scv/SCV/install/zed_components/share/zed_components/package.xml
[0.245s] Invoked command in '/home/scv/SCV/build/zed_components' returned '0': CMAKE_PREFIX_PATH=/opt/ros/humble /usr/bin/cmake --install /home/scv/SCV/build/zed_components
