[0.009s] Invoking command in '/home/scv/SCV/build/hunter_base': AMENT_PREFIX_PATH=/home/scv/SCV/install/hunter_msgs:${AMENT_PREFIX_PATH} CMAKE_PREFIX_PATH=/opt/ros/humble:/home/scv/SCV/install/ugv_sdk:/home/scv/SCV/install/hunter_msgs LD_LIBRARY_PATH=/home/scv/SCV/install/hunter_msgs/lib:${LD_LIBRARY_PATH} PKG_CONFIG_PATH=/home/scv/SCV/install/ugv_sdk/lib/x86_64-linux-gnu/pkgconfig:/home/scv/SCV/install/ugv_sdk/lib/pkgconfig PYTHONPATH=/home/scv/SCV/install/hunter_msgs/local/lib/python3.10/dist-packages:${PYTHONPATH} ROS_PACKAGE_PATH=/home/scv/SCV/install/ugv_sdk/share /usr/bin/cmake /home/scv/SCV/src/vehicle/SCV_hunter_ros2/hunter_base -DCMAKE_BUILD_TYPE=Release -DAMENT_CMAKE_SYMLINK_INSTALL=1 -DCMAKE_INSTALL_PREFIX=/home/scv/SCV/install/hunter_base
[0.018s] -- Found ament_cmake: 1.3.11 (/opt/ros/humble/share/ament_cmake/cmake)
[0.113s] -- Override CMake install command with custom implementation using symlinks instead of copying resources
[0.119s] -- Found rclcpp: 16.0.12 (/opt/ros/humble/share/rclcpp/cmake)
[0.141s] -- Found rosidl_generator_c: 3.1.6 (/opt/ros/humble/share/rosidl_generator_c/cmake)
[0.143s] -- Found rosidl_adapter: 3.1.6 (/opt/ros/humble/share/rosidl_adapter/cmake)
[0.148s] -- Found rosidl_generator_cpp: 3.1.6 (/opt/ros/humble/share/rosidl_generator_cpp/cmake)
[0.156s] -- Using all available rosidl_typesupport_c: rosidl_typesupport_fastrtps_c;rosidl_typesupport_introspection_c
[0.166s] -- Using all available rosidl_typesupport_cpp: rosidl_typesupport_fastrtps_cpp;rosidl_typesupport_introspection_cpp
[0.192s] -- Found rmw_implementation_cmake: 6.1.2 (/opt/ros/humble/share/rmw_implementation_cmake/cmake)
[0.193s] -- Found rmw_fastrtps_cpp: 6.2.7 (/opt/ros/humble/share/rmw_fastrtps_cpp/cmake)
[0.266s] -- Using RMW implementation 'rmw_fastrtps_cpp' as default
[0.308s] -- Found geometry_msgs: 4.9.0 (/opt/ros/humble/share/geometry_msgs/cmake)
[0.320s] -- Found nav_msgs: 4.9.0 (/opt/ros/humble/share/nav_msgs/cmake)
[0.336s] -- Found sensor_msgs: 4.9.0 (/opt/ros/humble/share/sensor_msgs/cmake)
[0.351s] -- Found tf2: 0.25.13 (/opt/ros/humble/share/tf2/cmake)
[0.355s] -- Found tf2_ros: 0.25.13 (/opt/ros/humble/share/tf2_ros/cmake)
[0.426s] -- Found tf2_geometry_msgs: 0.25.13 (/opt/ros/humble/share/tf2_geometry_msgs/cmake)
[0.428s] -- Found eigen3_cmake_module: 0.1.1 (/opt/ros/humble/share/eigen3_cmake_module/cmake)
[0.429s] -- Ensuring Eigen3 include directory is part of orocos-kdl CMake target
[0.430s] -- Found hunter_msgs: 0.0.1 (/home/scv/SCV/install/hunter_msgs/share/hunter_msgs/cmake)
[0.462s] -- Found ament_lint_auto: 0.12.12 (/opt/ros/humble/share/ament_lint_auto/cmake)
[0.525s] -- Added test 'copyright' to check source files copyright and LICENSE
[0.529s] -- Added test 'cppcheck' to perform static code analysis on C / C++ code
[0.529s] -- Configured cppcheck include dirs: /home/scv/SCV/src/vehicle/SCV_hunter_ros2/hunter_base/include
[0.529s] -- Configured cppcheck exclude dirs and/or files: 
[0.532s] -- Added test 'cpplint' to check C / C++ code against the Google style
[0.532s] -- Configured cpplint exclude dirs and/or files: 
[0.532s] -- Added test 'flake8' to check Python code syntax and style conventions
[0.533s] -- Added test 'lint_cmake' to check CMake code style
[0.534s] -- Added test 'pep257' to check Python code against some of the docstring style conventions in PEP 257
[0.537s] -- Added test 'uncrustify' to check C / C++ code style
[0.537s] -- Configured uncrustify additional arguments: 
[0.537s] -- Added test 'xmllint' to check XML markup files
[0.538s] -- Configuring done
[0.551s] -- Generating done
[0.555s] -- Build files have been written to: /home/scv/SCV/build/hunter_base
[0.563s] Invoked command in '/home/scv/SCV/build/hunter_base' returned '0': AMENT_PREFIX_PATH=/home/scv/SCV/install/hunter_msgs:${AMENT_PREFIX_PATH} CMAKE_PREFIX_PATH=/opt/ros/humble:/home/scv/SCV/install/ugv_sdk:/home/scv/SCV/install/hunter_msgs LD_LIBRARY_PATH=/home/scv/SCV/install/hunter_msgs/lib:${LD_LIBRARY_PATH} PKG_CONFIG_PATH=/home/scv/SCV/install/ugv_sdk/lib/x86_64-linux-gnu/pkgconfig:/home/scv/SCV/install/ugv_sdk/lib/pkgconfig PYTHONPATH=/home/scv/SCV/install/hunter_msgs/local/lib/python3.10/dist-packages:${PYTHONPATH} ROS_PACKAGE_PATH=/home/scv/SCV/install/ugv_sdk/share /usr/bin/cmake /home/scv/SCV/src/vehicle/SCV_hunter_ros2/hunter_base -DCMAKE_BUILD_TYPE=Release -DAMENT_CMAKE_SYMLINK_INSTALL=1 -DCMAKE_INSTALL_PREFIX=/home/scv/SCV/install/hunter_base
[0.565s] Invoking command in '/home/scv/SCV/build/hunter_base': AMENT_PREFIX_PATH=/home/scv/SCV/install/hunter_msgs:${AMENT_PREFIX_PATH} CMAKE_PREFIX_PATH=/opt/ros/humble:/home/scv/SCV/install/ugv_sdk:/home/scv/SCV/install/hunter_msgs LD_LIBRARY_PATH=/home/scv/SCV/install/hunter_msgs/lib:${LD_LIBRARY_PATH} PKG_CONFIG_PATH=/home/scv/SCV/install/ugv_sdk/lib/x86_64-linux-gnu/pkgconfig:/home/scv/SCV/install/ugv_sdk/lib/pkgconfig PYTHONPATH=/home/scv/SCV/install/hunter_msgs/local/lib/python3.10/dist-packages:${PYTHONPATH} ROS_PACKAGE_PATH=/home/scv/SCV/install/ugv_sdk/share /usr/bin/cmake --build /home/scv/SCV/build/hunter_base -- -j8 -l8
[0.606s] Consolidate compiler generated dependencies of target hunter_base_node
[0.622s] [ 25%] Building CXX object CMakeFiles/hunter_base_node.dir/src/hunter_base_ros.cpp.o
[3.109s] In file included from /home/scv/SCV/src/vehicle/SCV_hunter_ros2/hunter_base/ascent/include/ascent/Recorder.h:25,
[3.109s]                  from /home/scv/SCV/src/vehicle/SCV_hunter_ros2/hunter_base/ascent/include/ascent/Ascent.h:17,
[3.109s]                  from /home/scv/SCV/src/vehicle/SCV_hunter_ros2/hunter_base/include/hunter_base/hunter_messenger.hpp:23,
[3.109s]                  from /home/scv/SCV/src/vehicle/SCV_hunter_ros2/hunter_base/src/hunter_base_ros.cpp:12:
[3.109s] /home/scv/SCV/src/vehicle/SCV_hunter_ros2/hunter_base/ascent/include/ascent/containers/stack.h:54:7: warning: type qualifiers ignored on function return type [-Wignored-qualifiers]
[3.109s]    54 |       const pointer operator->() const noexcept
[3.109s]       |       ^~~~~
[3.109s] /home/scv/SCV/src/vehicle/SCV_hunter_ros2/hunter_base/ascent/include/ascent/containers/stack.h:113:7: warning: type qualifiers ignored on function return type [-Wignored-qualifiers]
[3.109s]   113 |       const pointer operator->() const
[3.109s]       |       ^~~~~
[3.112s] In file included from /home/scv/SCV/src/vehicle/SCV_hunter_ros2/hunter_base/ascent/include/ascent/integrators/RK2.h:17,
[3.112s]                  from /home/scv/SCV/src/vehicle/SCV_hunter_ros2/hunter_base/ascent/include/ascent/Ascent.h:26,
[3.112s]                  from /home/scv/SCV/src/vehicle/SCV_hunter_ros2/hunter_base/include/hunter_base/hunter_messenger.hpp:23,
[3.112s]                  from /home/scv/SCV/src/vehicle/SCV_hunter_ros2/hunter_base/src/hunter_base_ros.cpp:12:
[3.112s] /home/scv/SCV/src/vehicle/SCV_hunter_ros2/hunter_base/ascent/include/ascent/Utility.h:25:14: warning: type qualifiers ignored on function return type [-Wignored-qualifiers]
[3.112s]    25 |    constexpr const value_t cx(long double v) { return static_cast<value_t>(v); }
[3.112s]       |              ^~~~~
[3.112s] /home/scv/SCV/src/vehicle/SCV_hunter_ros2/hunter_base/ascent/include/ascent/Utility.h:26:14: warning: type qualifiers ignored on function return type [-Wignored-qualifiers]
[3.112s]    26 |    constexpr const value_t operator"" _v(long double v) { return static_cast<value_t>(v); }
[3.112s]       |              ^~~~~
[12.126s] [ 50%] Linking CXX executable hunter_base_node
[12.293s] [100%] Built target hunter_base_node
[12.302s] Invoked command in '/home/scv/SCV/build/hunter_base' returned '0': AMENT_PREFIX_PATH=/home/scv/SCV/install/hunter_msgs:${AMENT_PREFIX_PATH} CMAKE_PREFIX_PATH=/opt/ros/humble:/home/scv/SCV/install/ugv_sdk:/home/scv/SCV/install/hunter_msgs LD_LIBRARY_PATH=/home/scv/SCV/install/hunter_msgs/lib:${LD_LIBRARY_PATH} PKG_CONFIG_PATH=/home/scv/SCV/install/ugv_sdk/lib/x86_64-linux-gnu/pkgconfig:/home/scv/SCV/install/ugv_sdk/lib/pkgconfig PYTHONPATH=/home/scv/SCV/install/hunter_msgs/local/lib/python3.10/dist-packages:${PYTHONPATH} ROS_PACKAGE_PATH=/home/scv/SCV/install/ugv_sdk/share /usr/bin/cmake --build /home/scv/SCV/build/hunter_base -- -j8 -l8
[12.309s] Invoking command in '/home/scv/SCV/build/hunter_base': AMENT_PREFIX_PATH=/home/scv/SCV/install/hunter_msgs:${AMENT_PREFIX_PATH} CMAKE_PREFIX_PATH=/opt/ros/humble:/home/scv/SCV/install/ugv_sdk:/home/scv/SCV/install/hunter_msgs LD_LIBRARY_PATH=/home/scv/SCV/install/hunter_msgs/lib:${LD_LIBRARY_PATH} PKG_CONFIG_PATH=/home/scv/SCV/install/ugv_sdk/lib/x86_64-linux-gnu/pkgconfig:/home/scv/SCV/install/ugv_sdk/lib/pkgconfig PYTHONPATH=/home/scv/SCV/install/hunter_msgs/local/lib/python3.10/dist-packages:${PYTHONPATH} ROS_PACKAGE_PATH=/home/scv/SCV/install/ugv_sdk/share /usr/bin/cmake --install /home/scv/SCV/build/hunter_base
[12.315s] -- Install configuration: "Release"
[12.315s] -- Execute custom install script
[12.316s] -- Symlinking: /home/scv/SCV/install/hunter_base/share/ascent/cmake/ascentConfig.cmake
[12.322s] -- Symlinking: /home/scv/SCV/install/hunter_base/share/ascent/cmake/ascentConfigVersion.cmake
[12.329s] -- Symlinking: /home/scv/SCV/install/hunter_base/include/ascent/Ascent.h
[12.335s] -- Symlinking: /home/scv/SCV/install/hunter_base/include/ascent/ChaiEngine.h
[12.342s] -- Symlinking: /home/scv/SCV/install/hunter_base/include/ascent/Param.h
[12.348s] -- Symlinking: /home/scv/SCV/install/hunter_base/include/ascent/ParamV.h
[12.354s] -- Symlinking: /home/scv/SCV/install/hunter_base/include/ascent/Recorder.h
[12.360s] -- Symlinking: /home/scv/SCV/install/hunter_base/include/ascent/System.h
[12.366s] -- Symlinking: /home/scv/SCV/install/hunter_base/include/ascent/Utility.h
[12.372s] -- Symlinking: /home/scv/SCV/install/hunter_base/include/ascent/Vector.h
[12.378s] -- Symlinking: /home/scv/SCV/install/hunter_base/include/ascent/algorithms/Derivative.h
[12.384s] -- Symlinking: /home/scv/SCV/install/hunter_base/include/ascent/containers/stack.h
[12.390s] -- Symlinking: /home/scv/SCV/install/hunter_base/include/ascent/direct/State.h
[12.396s] -- Symlinking: /home/scv/SCV/install/hunter_base/include/ascent/integrators/DOPRI45.h
[12.402s] -- Symlinking: /home/scv/SCV/install/hunter_base/include/ascent/integrators/Euler.h
[12.408s] -- Symlinking: /home/scv/SCV/install/hunter_base/include/ascent/integrators/Midpoint.h
[12.414s] -- Symlinking: /home/scv/SCV/install/hunter_base/include/ascent/integrators/PC233.h
[12.420s] -- Symlinking: /home/scv/SCV/install/hunter_base/include/ascent/integrators/RK2.h
[12.426s] -- Symlinking: /home/scv/SCV/install/hunter_base/include/ascent/integrators/RK4.h
[12.432s] -- Symlinking: /home/scv/SCV/install/hunter_base/include/ascent/integrators/RKMM.h
[12.438s] -- Symlinking: /home/scv/SCV/install/hunter_base/include/ascent/integrators/RTAM4.h
[12.444s] -- Symlinking: /home/scv/SCV/install/hunter_base/include/ascent/integrators_direct/Euler.h
[12.449s] -- Symlinking: /home/scv/SCV/install/hunter_base/include/ascent/integrators_direct/RK4.h
[12.455s] -- Symlinking: /home/scv/SCV/install/hunter_base/include/ascent/integrators_modular/DOPRI45.h
[12.461s] -- Symlinking: /home/scv/SCV/install/hunter_base/include/ascent/integrators_modular/Euler.h
[12.468s] -- Symlinking: /home/scv/SCV/install/hunter_base/include/ascent/integrators_modular/Heun.h
[12.474s] -- Symlinking: /home/scv/SCV/install/hunter_base/include/ascent/integrators_modular/Midpoint.h
[12.480s] -- Symlinking: /home/scv/SCV/install/hunter_base/include/ascent/integrators_modular/ModularIntegrators.h
[12.486s] -- Symlinking: /home/scv/SCV/install/hunter_base/include/ascent/integrators_modular/NCRK4.h
[12.492s] -- Symlinking: /home/scv/SCV/install/hunter_base/include/ascent/integrators_modular/PC233.h
[12.498s] -- Symlinking: /home/scv/SCV/install/hunter_base/include/ascent/integrators_modular/RK2.h
[12.504s] -- Symlinking: /home/scv/SCV/install/hunter_base/include/ascent/integrators_modular/RK3.h
[12.509s] -- Symlinking: /home/scv/SCV/install/hunter_base/include/ascent/integrators_modular/RK4.h
[12.515s] -- Symlinking: /home/scv/SCV/install/hunter_base/include/ascent/integrators_modular/RTAM2.h
[12.521s] -- Symlinking: /home/scv/SCV/install/hunter_base/include/ascent/integrators_modular/RTAM3.h
[12.527s] -- Symlinking: /home/scv/SCV/install/hunter_base/include/ascent/integrators_modular/RTAM4.h
[12.533s] -- Symlinking: /home/scv/SCV/install/hunter_base/include/ascent/modular/Link.h
[12.539s] -- Symlinking: /home/scv/SCV/install/hunter_base/include/ascent/modular/Module.h
[12.545s] -- Symlinking: /home/scv/SCV/install/hunter_base/include/ascent/threading/Pool.h
[12.551s] -- Symlinking: /home/scv/SCV/install/hunter_base/include/ascent/threading/Queue.h
[12.559s] -- Symlinking: /home/scv/SCV/install/hunter_base/include/ascent/timing/Sampler.h
[12.565s] -- Symlinking: /home/scv/SCV/install/hunter_base/include/ascent/timing/TimeAdvanced.h
[12.571s] -- Symlinking: /home/scv/SCV/install/hunter_base/include/ascent/timing/Timing.h
[12.577s] -- Symlinking: /home/scv/SCV/install/hunter_base/lib/hunter_base/hunter_base_node
[12.584s] -- Symlinking: /home/scv/SCV/install/hunter_base/share/hunter_base//launch/hunter_base.launch.py
[12.590s] -- Symlinking: /home/scv/SCV/install/hunter_base/share/ament_index/resource_index/package_run_dependencies/hunter_base
[12.596s] -- Symlinking: /home/scv/SCV/install/hunter_base/share/ament_index/resource_index/parent_prefix_path/hunter_base
[12.602s] -- Symlinking: /home/scv/SCV/install/hunter_base/share/hunter_base/environment/ament_prefix_path.sh
[12.608s] -- Symlinking: /home/scv/SCV/install/hunter_base/share/hunter_base/environment/ament_prefix_path.dsv
[12.614s] -- Symlinking: /home/scv/SCV/install/hunter_base/share/hunter_base/environment/path.sh
[12.620s] -- Symlinking: /home/scv/SCV/install/hunter_base/share/hunter_base/environment/path.dsv
[12.626s] -- Symlinking: /home/scv/SCV/install/hunter_base/share/hunter_base/local_setup.bash
[12.631s] -- Symlinking: /home/scv/SCV/install/hunter_base/share/hunter_base/local_setup.sh
[12.637s] -- Symlinking: /home/scv/SCV/install/hunter_base/share/hunter_base/local_setup.zsh
[12.643s] -- Symlinking: /home/scv/SCV/install/hunter_base/share/hunter_base/local_setup.dsv
[12.649s] -- Symlinking: /home/scv/SCV/install/hunter_base/share/hunter_base/package.dsv
[12.655s] -- Symlinking: /home/scv/SCV/install/hunter_base/share/ament_index/resource_index/packages/hunter_base
[12.661s] -- Symlinking: /home/scv/SCV/install/hunter_base/share/hunter_base/cmake/hunter_baseConfig.cmake
[12.668s] -- Symlinking: /home/scv/SCV/install/hunter_base/share/hunter_base/cmake/hunter_baseConfig-version.cmake
[12.674s] -- Symlinking: /home/scv/SCV/install/hunter_base/share/hunter_base/package.xml
[12.680s] -- Installing: /home/scv/SCV/install/hunter_base/share/ascent/cmake/ascentTargets.cmake
[12.681s] Invoked command in '/home/scv/SCV/build/hunter_base' returned '0': AMENT_PREFIX_PATH=/home/scv/SCV/install/hunter_msgs:${AMENT_PREFIX_PATH} CMAKE_PREFIX_PATH=/opt/ros/humble:/home/scv/SCV/install/ugv_sdk:/home/scv/SCV/install/hunter_msgs LD_LIBRARY_PATH=/home/scv/SCV/install/hunter_msgs/lib:${LD_LIBRARY_PATH} PKG_CONFIG_PATH=/home/scv/SCV/install/ugv_sdk/lib/x86_64-linux-gnu/pkgconfig:/home/scv/SCV/install/ugv_sdk/lib/pkgconfig PYTHONPATH=/home/scv/SCV/install/hunter_msgs/local/lib/python3.10/dist-packages:${PYTHONPATH} ROS_PACKAGE_PATH=/home/scv/SCV/install/ugv_sdk/share /usr/bin/cmake --install /home/scv/SCV/build/hunter_base
