[0.006s] Invoking command in '/home/ssc/SCV/build/usb_cam': CMAKE_PREFIX_PATH=${CMAKE_PREFIX_PATH}:/opt/ros/humble /usr/bin/cmake /home/ssc/SCV/src/sensor_pkg/usb_cam -DCMAKE_BUILD_TYPE=Release -DAMENT_CMAKE_SYMLINK_INSTALL=1 -DCMAKE_INSTALL_PREFIX=/home/ssc/SCV/install/usb_cam
[0.046s] -- The C compiler identification is GNU 11.4.0
[0.084s] -- The CXX compiler identification is GNU 11.4.0
[0.089s] -- Detecting C compiler ABI info
[0.137s] -- Detecting C compiler ABI info - done
[0.144s] -- Check for working C compiler: /usr/bin/cc - skipped
[0.145s] -- Detecting C compile features
[0.145s] -- Detecting C compile features - done
[0.147s] -- Detecting CXX compiler ABI info
[0.203s] -- Detecting CXX compiler ABI info - done
[0.210s] -- Check for working CXX compiler: /usr/bin/c++ - skipped
[0.210s] -- Detecting CXX compile features
[0.211s] -- Detecting CXX compile features - done
[0.212s] -- Found ament_cmake_auto: 1.3.11 (/opt/ros/humble/share/ament_cmake_auto/cmake)
[0.333s] -- Found Python3: /usr/bin/python3 (found version "3.10.12") found components: Interpreter 
[0.371s] -- Override CMake install command with custom implementation using symlinks instead of copying resources
[0.451s] -- Found rosidl_generator_c: 3.1.6 (/opt/ros/humble/share/rosidl_generator_c/cmake)
[0.454s] -- Found rosidl_adapter: 3.1.6 (/opt/ros/humble/share/rosidl_adapter/cmake)
[0.459s] -- Found rosidl_generator_cpp: 3.1.6 (/opt/ros/humble/share/rosidl_generator_cpp/cmake)
[0.466s] -- Using all available rosidl_typesupport_c: rosidl_typesupport_fastrtps_c;rosidl_typesupport_introspection_c
[0.475s] -- Using all available rosidl_typesupport_cpp: rosidl_typesupport_fastrtps_cpp;rosidl_typesupport_introspection_cpp
[0.501s] -- Found rmw_implementation_cmake: 6.1.2 (/opt/ros/humble/share/rmw_implementation_cmake/cmake)
[0.502s] -- Found rmw_fastrtps_cpp: 6.2.7 (/opt/ros/humble/share/rmw_fastrtps_cpp/cmake)
[0.558s] -- Found OpenSSL: /usr/lib/x86_64-linux-gnu/libcrypto.so (found version "3.0.2")  
[0.576s] -- Found FastRTPS: /opt/ros/humble/include  
[0.606s] -- Using RMW implementation 'rmw_fastrtps_cpp' as default
[0.611s] -- Looking for pthread.h
[0.660s] -- Looking for pthread.h - found
[0.660s] -- Performing Test CMAKE_HAVE_LIBC_PTHREAD
[0.710s] -- Performing Test CMAKE_HAVE_LIBC_PTHREAD - Success
[0.711s] -- Found Threads: TRUE  
[0.835s] -- Found OpenCV: /usr (found version "4.5.4") 
[0.838s] -- Found PkgConfig: /usr/bin/pkg-config (found version "0.29.2") 
[0.839s] -- Checking for module 'libavcodec'
[0.848s] --   Found libavcodec, version 58.134.100
[0.869s] -- Checking for module 'libavutil'
[0.878s] --   Found libavutil, version 56.70.100
[0.900s] -- Checking for module 'libswscale'
[0.909s] --   Found libswscale, version 5.9.100
[0.938s] -- Found ament_lint_auto: 0.12.12 (/opt/ros/humble/share/ament_lint_auto/cmake)
[0.949s] -- Found gtest sources under '/opt/ros/humble/src/gtest_vendor': C++ tests using 'Google Test' will be built
[0.956s] -- Added test 'copyright' to check source files copyright and LICENSE
[0.958s] -- Added test 'cppcheck' to perform static code analysis on C / C++ code
[0.958s] -- Configured cppcheck include dirs: /home/ssc/SCV/src/sensor_pkg/usb_cam/include
[0.958s] -- Configured cppcheck exclude dirs and/or files: 
[0.959s] -- Added test 'cpplint' to check C / C++ code against the Google style
[0.959s] -- Configured cpplint exclude dirs and/or files: 
[0.960s] -- Added test 'flake8' to check Python code syntax and style conventions
[0.960s] -- Added test 'lint_cmake' to check CMake code style
[0.961s] -- Added test 'pep257' to check Python code against some of the docstring style conventions in PEP 257
[0.962s] -- Added test 'uncrustify' to check C / C++ code style
[0.962s] -- Configured uncrustify additional arguments: 
[0.962s] -- Added test 'xmllint' to check XML markup files
[0.964s] -- Configuring done
[0.980s] -- Generating done
[0.985s] -- Build files have been written to: /home/ssc/SCV/build/usb_cam
[0.992s] Invoked command in '/home/ssc/SCV/build/usb_cam' returned '0': CMAKE_PREFIX_PATH=${CMAKE_PREFIX_PATH}:/opt/ros/humble /usr/bin/cmake /home/ssc/SCV/src/sensor_pkg/usb_cam -DCMAKE_BUILD_TYPE=Release -DAMENT_CMAKE_SYMLINK_INSTALL=1 -DCMAKE_INSTALL_PREFIX=/home/ssc/SCV/install/usb_cam
[0.994s] Invoking command in '/home/ssc/SCV/build/usb_cam': CMAKE_PREFIX_PATH=${CMAKE_PREFIX_PATH}:/opt/ros/humble /usr/bin/cmake --build /home/ssc/SCV/build/usb_cam -- -j24 -l24
[1.028s] [  7%] [32mBuilding CXX object gtest/CMakeFiles/gtest.dir/src/gtest-all.cc.o[0m
[1.029s] [ 14%] [32mBuilding CXX object gtest/CMakeFiles/gtest_main.dir/src/gtest_main.cc.o[0m
[1.029s] [ 28%] [32mBuilding CXX object CMakeFiles/usb_cam.dir/src/usb_cam.cpp.o[0m
[1.029s] [ 28%] [32mBuilding CXX object CMakeFiles/usb_cam_node_exe.dir/rclcpp_components/node_main_usb_cam_node_exe.cpp.o[0m
[1.854s] [ 35%] [32m[1mLinking CXX static library libgtest_main.a[0m
[1.884s] [ 35%] Built target gtest_main
[3.207s] [ 42%] [32m[1mLinking CXX shared library libusb_cam.so[0m
[3.334s] [ 42%] Built target usb_cam
[3.348s] [ 50%] [32mBuilding CXX object CMakeFiles/usb_cam_node.dir/src/usb_cam_node.cpp.o[0m
[4.754s] [ 57%] [32m[1mLinking CXX executable usb_cam_node_exe[0m
[4.881s] [ 57%] Built target usb_cam_node_exe
[9.087s] [ 64%] [32m[1mLinking CXX static library libgtest.a[0m
[9.136s] [ 64%] Built target gtest
[9.161s] [ 71%] [32mBuilding CXX object CMakeFiles/test_usb_cam_utils.dir/test/test_usb_cam_utils.cpp.o[0m
[9.162s] [ 78%] [32mBuilding CXX object CMakeFiles/test_pixel_formats.dir/test/test_pixel_formats.cpp.o[0m
[11.092s] [ 85%] [32m[1mLinking CXX executable test_pixel_formats[0m
[11.306s] [ 92%] [32m[1mLinking CXX executable test_usb_cam_utils[0m
[11.339s] [ 92%] Built target test_pixel_formats
[11.504s] [ 92%] Built target test_usb_cam_utils
[12.337s] [100%] [32m[1mLinking CXX shared library libusb_cam_node.so[0m
[12.554s] [100%] Built target usb_cam_node
[12.566s] Invoked command in '/home/ssc/SCV/build/usb_cam' returned '0': CMAKE_PREFIX_PATH=${CMAKE_PREFIX_PATH}:/opt/ros/humble /usr/bin/cmake --build /home/ssc/SCV/build/usb_cam -- -j24 -l24
[12.569s] Invoking command in '/home/ssc/SCV/build/usb_cam': CMAKE_PREFIX_PATH=${CMAKE_PREFIX_PATH}:/opt/ros/humble /usr/bin/cmake --install /home/ssc/SCV/build/usb_cam
[12.576s] -- Install configuration: "Release"
[12.576s] -- Execute custom install script
[12.576s] -- Symlinking: /home/ssc/SCV/install/usb_cam/share/usb_cam/environment/library_path.sh
[12.586s] -- Symlinking: /home/ssc/SCV/install/usb_cam/share/usb_cam/environment/library_path.dsv
[12.595s] -- Symlinking: /home/ssc/SCV/install/usb_cam/lib/usb_cam/usb_cam_node_exe
[12.604s] -- Symlinking: /home/ssc/SCV/install/usb_cam/lib/usb_cam/show_image.py
[12.614s] -- Symlinking: /home/ssc/SCV/install/usb_cam/lib/libusb_cam.so
[12.625s] -- Symlinking: /home/ssc/SCV/install/usb_cam/lib/libusb_cam_node.so
[12.634s] -- Symlinking: /home/ssc/SCV/install/usb_cam/include/usb_cam/constants.hpp
[12.642s] -- Symlinking: /home/ssc/SCV/install/usb_cam/include/usb_cam/conversions.hpp
[12.652s] -- Symlinking: /home/ssc/SCV/install/usb_cam/include/usb_cam/formats/av_pixel_format_helper.hpp
[12.662s] -- Symlinking: /home/ssc/SCV/install/usb_cam/include/usb_cam/formats/m420.hpp
[12.673s] -- Symlinking: /home/ssc/SCV/install/usb_cam/include/usb_cam/formats/mjpeg.hpp
[12.681s] -- Symlinking: /home/ssc/SCV/install/usb_cam/include/usb_cam/formats/mono.hpp
[12.689s] -- Symlinking: /home/ssc/SCV/install/usb_cam/include/usb_cam/formats/pixel_format_base.hpp
[12.700s] -- Symlinking: /home/ssc/SCV/install/usb_cam/include/usb_cam/formats/rgb.hpp
[12.710s] -- Symlinking: /home/ssc/SCV/install/usb_cam/include/usb_cam/formats/utils.hpp
[12.720s] -- Symlinking: /home/ssc/SCV/install/usb_cam/include/usb_cam/formats/uyvy.hpp
[12.728s] -- Symlinking: /home/ssc/SCV/install/usb_cam/include/usb_cam/formats/yuyv.hpp
[12.737s] -- Symlinking: /home/ssc/SCV/install/usb_cam/include/usb_cam/usb_cam.hpp
[12.747s] -- Symlinking: /home/ssc/SCV/install/usb_cam/include/usb_cam/usb_cam_node.hpp
[12.757s] -- Symlinking: /home/ssc/SCV/install/usb_cam/include/usb_cam/utils.hpp
[12.767s] -- Up-to-date symlink: /home/ssc/SCV/install/usb_cam/lib/libusb_cam_node.so
[12.767s] -- Symlinking: /home/ssc/SCV/install/usb_cam/share/usb_cam/launch/__init__.py
[12.776s] -- Symlinking: /home/ssc/SCV/install/usb_cam/share/usb_cam/launch/camera.launch.py
[12.785s] -- Symlinking: /home/ssc/SCV/install/usb_cam/share/usb_cam/launch/camera_config.py
[12.796s] -- Symlinking: /home/ssc/SCV/install/usb_cam/share/usb_cam/config/camera_info.yaml
[12.804s] -- Symlinking: /home/ssc/SCV/install/usb_cam/share/usb_cam/config/params_1.yaml
[12.815s] -- Symlinking: /home/ssc/SCV/install/usb_cam/share/usb_cam/config/params_2.yaml
[12.825s] -- Symlinking: /home/ssc/SCV/install/usb_cam/share/ament_index/resource_index/package_run_dependencies/usb_cam
[12.836s] -- Symlinking: /home/ssc/SCV/install/usb_cam/share/ament_index/resource_index/parent_prefix_path/usb_cam
[12.847s] -- Symlinking: /home/ssc/SCV/install/usb_cam/share/usb_cam/environment/ament_prefix_path.sh
[12.856s] -- Symlinking: /home/ssc/SCV/install/usb_cam/share/usb_cam/environment/ament_prefix_path.dsv
[12.864s] -- Symlinking: /home/ssc/SCV/install/usb_cam/share/usb_cam/environment/path.sh
[12.872s] -- Symlinking: /home/ssc/SCV/install/usb_cam/share/usb_cam/environment/path.dsv
[12.881s] -- Symlinking: /home/ssc/SCV/install/usb_cam/share/usb_cam/local_setup.bash
[12.892s] -- Symlinking: /home/ssc/SCV/install/usb_cam/share/usb_cam/local_setup.sh
[12.900s] -- Symlinking: /home/ssc/SCV/install/usb_cam/share/usb_cam/local_setup.zsh
[12.911s] -- Symlinking: /home/ssc/SCV/install/usb_cam/share/usb_cam/local_setup.dsv
[12.919s] -- Symlinking: /home/ssc/SCV/install/usb_cam/share/usb_cam/package.dsv
[12.929s] -- Symlinking: /home/ssc/SCV/install/usb_cam/share/ament_index/resource_index/packages/usb_cam
[12.939s] -- Symlinking: /home/ssc/SCV/install/usb_cam/share/ament_index/resource_index/rclcpp_components/usb_cam
[12.946s] -- Symlinking: /home/ssc/SCV/install/usb_cam/share/usb_cam/cmake/ament_cmake_export_libraries-extras.cmake
[12.954s] -- Symlinking: /home/ssc/SCV/install/usb_cam/share/usb_cam/cmake/ament_cmake_export_dependencies-extras.cmake
[12.964s] -- Symlinking: /home/ssc/SCV/install/usb_cam/share/usb_cam/cmake/ament_cmake_export_include_directories-extras.cmake
[12.974s] -- Symlinking: /home/ssc/SCV/install/usb_cam/share/usb_cam/cmake/usb_camConfig.cmake
[12.982s] -- Symlinking: /home/ssc/SCV/install/usb_cam/share/usb_cam/cmake/usb_camConfig-version.cmake
[12.991s] -- Symlinking: /home/ssc/SCV/install/usb_cam/share/usb_cam/package.xml
[13.002s] Invoked command in '/home/ssc/SCV/build/usb_cam' returned '0': CMAKE_PREFIX_PATH=${CMAKE_PREFIX_PATH}:/opt/ros/humble /usr/bin/cmake --install /home/ssc/SCV/build/usb_cam
