[0.009s] Invoking command in '/home/scv/SCV/build/zed_ros2': AMENT_PREFIX_PATH=/home/scv/SCV/install/zed_wrapper:/home/scv/SCV/install/zed_components:${AMENT_PREFIX_PATH} CMAKE_PREFIX_PATH=/home/scv/SCV/install/zed_wrapper:/home/scv/SCV/install/zed_components:/home/scv/SCV/install/hunter_base:/home/scv/SCV/install/hunter_msgs:/opt/ros/humble:/home/scv/SCV/install/ugv_sdk LD_LIBRARY_PATH=/home/scv/SCV/install/zed_components/lib:${LD_LIBRARY_PATH} /usr/bin/cmake /home/scv/SCV/src/sensor_pkg/zed-ros2-wrapper/zed_ros2 -DCMAKE_INSTALL_PREFIX=/home/scv/SCV/install/zed_ros2
[0.016s] -- Found ament_cmake_auto: 1.3.11 (/opt/ros/humble/share/ament_cmake_auto/cmake)
[0.131s] -- Override CMake install command with custom implementation using symlinks instead of copying resources
[0.198s] -- Found ament_lint_auto: 0.12.12 (/opt/ros/humble/share/ament_lint_auto/cmake)
[0.205s] -- Added test 'copyright' to check source files copyright and LICENSE
[0.206s] -- Added test 'lint_cmake' to check CMake code style
[0.206s] -- Added test 'xmllint' to check XML markup files
[0.207s] -- Configuring done
[0.210s] -- Generating done
[0.211s] -- Build files have been written to: /home/scv/SCV/build/zed_ros2
[0.213s] Invoked command in '/home/scv/SCV/build/zed_ros2' returned '0': AMENT_PREFIX_PATH=/home/scv/SCV/install/zed_wrapper:/home/scv/SCV/install/zed_components:${AMENT_PREFIX_PATH} CMAKE_PREFIX_PATH=/home/scv/SCV/install/zed_wrapper:/home/scv/SCV/install/zed_components:/home/scv/SCV/install/hunter_base:/home/scv/SCV/install/hunter_msgs:/opt/ros/humble:/home/scv/SCV/install/ugv_sdk LD_LIBRARY_PATH=/home/scv/SCV/install/zed_components/lib:${LD_LIBRARY_PATH} /usr/bin/cmake /home/scv/SCV/src/sensor_pkg/zed-ros2-wrapper/zed_ros2 -DCMAKE_INSTALL_PREFIX=/home/scv/SCV/install/zed_ros2
[0.215s] Invoking command in '/home/scv/SCV/build/zed_ros2': AMENT_PREFIX_PATH=/home/scv/SCV/install/zed_wrapper:/home/scv/SCV/install/zed_components:${AMENT_PREFIX_PATH} CMAKE_PREFIX_PATH=/home/scv/SCV/install/zed_wrapper:/home/scv/SCV/install/zed_components:/home/scv/SCV/install/hunter_base:/home/scv/SCV/install/hunter_msgs:/opt/ros/humble:/home/scv/SCV/install/ugv_sdk LD_LIBRARY_PATH=/home/scv/SCV/install/zed_components/lib:${LD_LIBRARY_PATH} /usr/bin/cmake --build /home/scv/SCV/build/zed_ros2 -- -j8 -l8
[0.248s] Invoked command in '/home/scv/SCV/build/zed_ros2' returned '0': AMENT_PREFIX_PATH=/home/scv/SCV/install/zed_wrapper:/home/scv/SCV/install/zed_components:${AMENT_PREFIX_PATH} CMAKE_PREFIX_PATH=/home/scv/SCV/install/zed_wrapper:/home/scv/SCV/install/zed_components:/home/scv/SCV/install/hunter_base:/home/scv/SCV/install/hunter_msgs:/opt/ros/humble:/home/scv/SCV/install/ugv_sdk LD_LIBRARY_PATH=/home/scv/SCV/install/zed_components/lib:${LD_LIBRARY_PATH} /usr/bin/cmake --build /home/scv/SCV/build/zed_ros2 -- -j8 -l8
[0.249s] Invoking command in '/home/scv/SCV/build/zed_ros2': AMENT_PREFIX_PATH=/home/scv/SCV/install/zed_wrapper:/home/scv/SCV/install/zed_components:${AMENT_PREFIX_PATH} CMAKE_PREFIX_PATH=/home/scv/SCV/install/zed_wrapper:/home/scv/SCV/install/zed_components:/home/scv/SCV/install/hunter_base:/home/scv/SCV/install/hunter_msgs:/opt/ros/humble:/home/scv/SCV/install/ugv_sdk LD_LIBRARY_PATH=/home/scv/SCV/install/zed_components/lib:${LD_LIBRARY_PATH} /usr/bin/cmake --install /home/scv/SCV/build/zed_ros2
[0.255s] -- Install configuration: "Release"
[0.255s] -- Execute custom install script
[0.256s] -- Up-to-date symlink: /home/scv/SCV/install/zed_ros2/share/ament_index/resource_index/package_run_dependencies/zed_ros2
[0.256s] -- Up-to-date symlink: /home/scv/SCV/install/zed_ros2/share/ament_index/resource_index/parent_prefix_path/zed_ros2
[0.256s] -- Up-to-date symlink: /home/scv/SCV/install/zed_ros2/share/zed_ros2/environment/ament_prefix_path.sh
[0.257s] -- Up-to-date symlink: /home/scv/SCV/install/zed_ros2/share/zed_ros2/environment/ament_prefix_path.dsv
[0.257s] -- Up-to-date symlink: /home/scv/SCV/install/zed_ros2/share/zed_ros2/environment/path.sh
[0.257s] -- Up-to-date symlink: /home/scv/SCV/install/zed_ros2/share/zed_ros2/environment/path.dsv
[0.257s] -- Up-to-date symlink: /home/scv/SCV/install/zed_ros2/share/zed_ros2/local_setup.bash
[0.258s] -- Up-to-date symlink: /home/scv/SCV/install/zed_ros2/share/zed_ros2/local_setup.sh
[0.258s] -- Up-to-date symlink: /home/scv/SCV/install/zed_ros2/share/zed_ros2/local_setup.zsh
[0.258s] -- Up-to-date symlink: /home/scv/SCV/install/zed_ros2/share/zed_ros2/local_setup.dsv
[0.258s] -- Symlinking: /home/scv/SCV/install/zed_ros2/share/zed_ros2/package.dsv
[0.266s] -- Up-to-date symlink: /home/scv/SCV/install/zed_ros2/share/ament_index/resource_index/packages/zed_ros2
[0.266s] -- Up-to-date symlink: /home/scv/SCV/install/zed_ros2/share/zed_ros2/cmake/zed_ros2Config.cmake
[0.266s] -- Up-to-date symlink: /home/scv/SCV/install/zed_ros2/share/zed_ros2/cmake/zed_ros2Config-version.cmake
[0.266s] -- Up-to-date symlink: /home/scv/SCV/install/zed_ros2/share/zed_ros2/package.xml
[0.268s] Invoked command in '/home/scv/SCV/build/zed_ros2' returned '0': AMENT_PREFIX_PATH=/home/scv/SCV/install/zed_wrapper:/home/scv/SCV/install/zed_components:${AMENT_PREFIX_PATH} CMAKE_PREFIX_PATH=/home/scv/SCV/install/zed_wrapper:/home/scv/SCV/install/zed_components:/home/scv/SCV/install/hunter_base:/home/scv/SCV/install/hunter_msgs:/opt/ros/humble:/home/scv/SCV/install/ugv_sdk LD_LIBRARY_PATH=/home/scv/SCV/install/zed_components/lib:${LD_LIBRARY_PATH} /usr/bin/cmake --install /home/scv/SCV/build/zed_ros2
