[0.100s] DEBUG:colcon:Command line arguments: ['/usr/bin/colcon', 'build', '--packages-select', 'ugv_sdk', 'hunter_msgs', 'hunter_base']
[0.100s] DEBUG:colcon:Parsed command line arguments: Namespace(log_base=None, log_level=None, verb_name='build', build_base='build', install_base='install', merge_install=False, symlink_install=False, test_result_base=None, continue_on_error=False, executor='parallel', parallel_workers=8, event_handlers=None, ignore_user_meta=False, metas=['./colcon.meta'], base_paths=['.'], packages_ignore=None, packages_ignore_regex=None, paths=None, packages_up_to=None, packages_up_to_regex=None, packages_above=None, packages_above_and_dependencies=None, packages_above_depth=None, packages_select_by_dep=None, packages_skip_by_dep=None, packages_skip_up_to=None, packages_select_build_failed=False, packages_skip_build_finished=False, packages_select_test_failures=False, packages_skip_test_passed=False, packages_select=['ugv_sdk', 'hunter_msgs', 'hunter_base'], packages_skip=None, packages_select_regex=None, packages_skip_regex=None, packages_start=None, packages_end=None, allow_overriding=[], cmake_args=None, cmake_target=None, cmake_target_skip_unavailable=False, cmake_clean_cache=False, cmake_clean_first=False, cmake_force_configure=False, ament_cmake_args=None, catkin_cmake_args=None, catkin_skip_building_tests=False, mixin_files=None, mixin=None, verb_parser=<colcon_mixin.mixin.mixin_argument.MixinArgumentDecorator object at 0x7dfe71361bd0>, verb_extension=<colcon_core.verb.build.BuildVerb object at 0x7dfe71361660>, main=<bound method BuildVerb.main of <colcon_core.verb.build.BuildVerb object at 0x7dfe71361660>>, mixin_verb=('build',))
[0.250s] Level 1:colcon.colcon_core.package_discovery:discover_packages(colcon_meta) check parameters
[0.250s] Level 1:colcon.colcon_core.package_discovery:discover_packages(recursive) check parameters
[0.250s] Level 1:colcon.colcon_core.package_discovery:discover_packages(ignore) check parameters
[0.250s] Level 1:colcon.colcon_core.package_discovery:discover_packages(path) check parameters
[0.250s] Level 1:colcon.colcon_core.package_discovery:discover_packages(colcon_meta) discover
[0.250s] Level 1:colcon.colcon_core.package_discovery:discover_packages(recursive) discover
[0.250s] INFO:colcon.colcon_core.package_discovery:Crawling recursively for packages in '/home/scv/SCV'
[0.250s] Level 1:colcon.colcon_core.package_identification:_identify(.) by extensions ['ignore', 'ignore_ament_install']
[0.250s] Level 1:colcon.colcon_core.package_identification:_identify(.) by extension 'ignore'
[0.250s] Level 1:colcon.colcon_core.package_identification:_identify(.) by extension 'ignore_ament_install'
[0.250s] Level 1:colcon.colcon_core.package_identification:_identify(.) by extensions ['colcon_pkg']
[0.250s] Level 1:colcon.colcon_core.package_identification:_identify(.) by extension 'colcon_pkg'
[0.250s] Level 1:colcon.colcon_core.package_identification:_identify(.) by extensions ['colcon_meta']
[0.250s] Level 1:colcon.colcon_core.package_identification:_identify(.) by extension 'colcon_meta'
[0.250s] Level 1:colcon.colcon_core.package_identification:_identify(.) by extensions ['ros']
[0.250s] Level 1:colcon.colcon_core.package_identification:_identify(.) by extension 'ros'
[0.260s] Level 1:colcon.colcon_core.package_identification:_identify(.) by extensions ['cmake', 'python']
[0.260s] Level 1:colcon.colcon_core.package_identification:_identify(.) by extension 'cmake'
[0.260s] Level 1:colcon.colcon_core.package_identification:_identify(.) by extension 'python'
[0.260s] Level 1:colcon.colcon_core.package_identification:_identify(.) by extensions ['python_setup_py']
[0.260s] Level 1:colcon.colcon_core.package_identification:_identify(.) by extension 'python_setup_py'
[0.260s] Level 1:colcon.colcon_core.package_identification:_identify(build) by extensions ['ignore', 'ignore_ament_install']
[0.260s] Level 1:colcon.colcon_core.package_identification:_identify(build) by extension 'ignore'
[0.260s] Level 1:colcon.colcon_core.package_identification:_identify(build) ignored
[0.260s] Level 1:colcon.colcon_core.package_identification:_identify(config) by extensions ['ignore', 'ignore_ament_install']
[0.260s] Level 1:colcon.colcon_core.package_identification:_identify(config) by extension 'ignore'
[0.260s] Level 1:colcon.colcon_core.package_identification:_identify(config) by extension 'ignore_ament_install'
[0.260s] Level 1:colcon.colcon_core.package_identification:_identify(config) by extensions ['colcon_pkg']
[0.260s] Level 1:colcon.colcon_core.package_identification:_identify(config) by extension 'colcon_pkg'
[0.261s] Level 1:colcon.colcon_core.package_identification:_identify(config) by extensions ['colcon_meta']
[0.261s] Level 1:colcon.colcon_core.package_identification:_identify(config) by extension 'colcon_meta'
[0.261s] Level 1:colcon.colcon_core.package_identification:_identify(config) by extensions ['ros']
[0.261s] Level 1:colcon.colcon_core.package_identification:_identify(config) by extension 'ros'
[0.261s] Level 1:colcon.colcon_core.package_identification:_identify(config) by extensions ['cmake', 'python']
[0.261s] Level 1:colcon.colcon_core.package_identification:_identify(config) by extension 'cmake'
[0.261s] Level 1:colcon.colcon_core.package_identification:_identify(config) by extension 'python'
[0.261s] Level 1:colcon.colcon_core.package_identification:_identify(config) by extensions ['python_setup_py']
[0.261s] Level 1:colcon.colcon_core.package_identification:_identify(config) by extension 'python_setup_py'
[0.261s] Level 1:colcon.colcon_core.package_identification:_identify(config/params) by extensions ['ignore', 'ignore_ament_install']
[0.261s] Level 1:colcon.colcon_core.package_identification:_identify(config/params) by extension 'ignore'
[0.261s] Level 1:colcon.colcon_core.package_identification:_identify(config/params) by extension 'ignore_ament_install'
[0.261s] Level 1:colcon.colcon_core.package_identification:_identify(config/params) by extensions ['colcon_pkg']
[0.261s] Level 1:colcon.colcon_core.package_identification:_identify(config/params) by extension 'colcon_pkg'
[0.261s] Level 1:colcon.colcon_core.package_identification:_identify(config/params) by extensions ['colcon_meta']
[0.261s] Level 1:colcon.colcon_core.package_identification:_identify(config/params) by extension 'colcon_meta'
[0.261s] Level 1:colcon.colcon_core.package_identification:_identify(config/params) by extensions ['ros']
[0.261s] Level 1:colcon.colcon_core.package_identification:_identify(config/params) by extension 'ros'
[0.261s] Level 1:colcon.colcon_core.package_identification:_identify(config/params) by extensions ['cmake', 'python']
[0.261s] Level 1:colcon.colcon_core.package_identification:_identify(config/params) by extension 'cmake'
[0.261s] Level 1:colcon.colcon_core.package_identification:_identify(config/params) by extension 'python'
[0.261s] Level 1:colcon.colcon_core.package_identification:_identify(config/params) by extensions ['python_setup_py']
[0.261s] Level 1:colcon.colcon_core.package_identification:_identify(config/params) by extension 'python_setup_py'
[0.261s] Level 1:colcon.colcon_core.package_identification:_identify(config/rviz) by extensions ['ignore', 'ignore_ament_install']
[0.262s] Level 1:colcon.colcon_core.package_identification:_identify(config/rviz) by extension 'ignore'
[0.262s] Level 1:colcon.colcon_core.package_identification:_identify(config/rviz) by extension 'ignore_ament_install'
[0.262s] Level 1:colcon.colcon_core.package_identification:_identify(config/rviz) by extensions ['colcon_pkg']
[0.262s] Level 1:colcon.colcon_core.package_identification:_identify(config/rviz) by extension 'colcon_pkg'
[0.262s] Level 1:colcon.colcon_core.package_identification:_identify(config/rviz) by extensions ['colcon_meta']
[0.262s] Level 1:colcon.colcon_core.package_identification:_identify(config/rviz) by extension 'colcon_meta'
[0.262s] Level 1:colcon.colcon_core.package_identification:_identify(config/rviz) by extensions ['ros']
[0.262s] Level 1:colcon.colcon_core.package_identification:_identify(config/rviz) by extension 'ros'
[0.262s] Level 1:colcon.colcon_core.package_identification:_identify(config/rviz) by extensions ['cmake', 'python']
[0.262s] Level 1:colcon.colcon_core.package_identification:_identify(config/rviz) by extension 'cmake'
[0.262s] Level 1:colcon.colcon_core.package_identification:_identify(config/rviz) by extension 'python'
[0.262s] Level 1:colcon.colcon_core.package_identification:_identify(config/rviz) by extensions ['python_setup_py']
[0.262s] Level 1:colcon.colcon_core.package_identification:_identify(config/rviz) by extension 'python_setup_py'
[0.262s] Level 1:colcon.colcon_core.package_identification:_identify(install) by extensions ['ignore', 'ignore_ament_install']
[0.262s] Level 1:colcon.colcon_core.package_identification:_identify(install) by extension 'ignore'
[0.262s] Level 1:colcon.colcon_core.package_identification:_identify(install) ignored
[0.262s] Level 1:colcon.colcon_core.package_identification:_identify(launch) by extensions ['ignore', 'ignore_ament_install']
[0.262s] Level 1:colcon.colcon_core.package_identification:_identify(launch) by extension 'ignore'
[0.262s] Level 1:colcon.colcon_core.package_identification:_identify(launch) by extension 'ignore_ament_install'
[0.262s] Level 1:colcon.colcon_core.package_identification:_identify(launch) by extensions ['colcon_pkg']
[0.262s] Level 1:colcon.colcon_core.package_identification:_identify(launch) by extension 'colcon_pkg'
[0.262s] Level 1:colcon.colcon_core.package_identification:_identify(launch) by extensions ['colcon_meta']
[0.263s] Level 1:colcon.colcon_core.package_identification:_identify(launch) by extension 'colcon_meta'
[0.263s] Level 1:colcon.colcon_core.package_identification:_identify(launch) by extensions ['ros']
[0.263s] Level 1:colcon.colcon_core.package_identification:_identify(launch) by extension 'ros'
[0.263s] Level 1:colcon.colcon_core.package_identification:_identify(launch) by extensions ['cmake', 'python']
[0.263s] Level 1:colcon.colcon_core.package_identification:_identify(launch) by extension 'cmake'
[0.263s] Level 1:colcon.colcon_core.package_identification:_identify(launch) by extension 'python'
[0.263s] Level 1:colcon.colcon_core.package_identification:_identify(launch) by extensions ['python_setup_py']
[0.263s] Level 1:colcon.colcon_core.package_identification:_identify(launch) by extension 'python_setup_py'
[0.263s] Level 1:colcon.colcon_core.package_identification:_identify(log) by extensions ['ignore', 'ignore_ament_install']
[0.263s] Level 1:colcon.colcon_core.package_identification:_identify(log) by extension 'ignore'
[0.263s] Level 1:colcon.colcon_core.package_identification:_identify(log) ignored
[0.263s] Level 1:colcon.colcon_core.package_identification:_identify(scripts) by extensions ['ignore', 'ignore_ament_install']
[0.263s] Level 1:colcon.colcon_core.package_identification:_identify(scripts) by extension 'ignore'
[0.263s] Level 1:colcon.colcon_core.package_identification:_identify(scripts) by extension 'ignore_ament_install'
[0.263s] Level 1:colcon.colcon_core.package_identification:_identify(scripts) by extensions ['colcon_pkg']
[0.263s] Level 1:colcon.colcon_core.package_identification:_identify(scripts) by extension 'colcon_pkg'
[0.263s] Level 1:colcon.colcon_core.package_identification:_identify(scripts) by extensions ['colcon_meta']
[0.263s] Level 1:colcon.colcon_core.package_identification:_identify(scripts) by extension 'colcon_meta'
[0.263s] Level 1:colcon.colcon_core.package_identification:_identify(scripts) by extensions ['ros']
[0.263s] Level 1:colcon.colcon_core.package_identification:_identify(scripts) by extension 'ros'
[0.263s] Level 1:colcon.colcon_core.package_identification:_identify(scripts) by extensions ['cmake', 'python']
[0.263s] Level 1:colcon.colcon_core.package_identification:_identify(scripts) by extension 'cmake'
[0.263s] Level 1:colcon.colcon_core.package_identification:_identify(scripts) by extension 'python'
[0.264s] Level 1:colcon.colcon_core.package_identification:_identify(scripts) by extensions ['python_setup_py']
[0.264s] Level 1:colcon.colcon_core.package_identification:_identify(scripts) by extension 'python_setup_py'
[0.264s] Level 1:colcon.colcon_core.package_identification:_identify(src) by extensions ['ignore', 'ignore_ament_install']
[0.264s] Level 1:colcon.colcon_core.package_identification:_identify(src) by extension 'ignore'
[0.264s] Level 1:colcon.colcon_core.package_identification:_identify(src) by extension 'ignore_ament_install'
[0.264s] Level 1:colcon.colcon_core.package_identification:_identify(src) by extensions ['colcon_pkg']
[0.264s] Level 1:colcon.colcon_core.package_identification:_identify(src) by extension 'colcon_pkg'
[0.264s] Level 1:colcon.colcon_core.package_identification:_identify(src) by extensions ['colcon_meta']
[0.264s] Level 1:colcon.colcon_core.package_identification:_identify(src) by extension 'colcon_meta'
[0.264s] Level 1:colcon.colcon_core.package_identification:_identify(src) by extensions ['ros']
[0.264s] Level 1:colcon.colcon_core.package_identification:_identify(src) by extension 'ros'
[0.264s] Level 1:colcon.colcon_core.package_identification:_identify(src) by extensions ['cmake', 'python']
[0.264s] Level 1:colcon.colcon_core.package_identification:_identify(src) by extension 'cmake'
[0.264s] Level 1:colcon.colcon_core.package_identification:_identify(src) by extension 'python'
[0.264s] Level 1:colcon.colcon_core.package_identification:_identify(src) by extensions ['python_setup_py']
[0.264s] Level 1:colcon.colcon_core.package_identification:_identify(src) by extension 'python_setup_py'
[0.264s] Level 1:colcon.colcon_core.package_identification:_identify(src/sensor_pkg) by extensions ['ignore', 'ignore_ament_install']
[0.264s] Level 1:colcon.colcon_core.package_identification:_identify(src/sensor_pkg) by extension 'ignore'
[0.264s] Level 1:colcon.colcon_core.package_identification:_identify(src/sensor_pkg) by extension 'ignore_ament_install'
[0.264s] Level 1:colcon.colcon_core.package_identification:_identify(src/sensor_pkg) by extensions ['colcon_pkg']
[0.264s] Level 1:colcon.colcon_core.package_identification:_identify(src/sensor_pkg) by extension 'colcon_pkg'
[0.264s] Level 1:colcon.colcon_core.package_identification:_identify(src/sensor_pkg) by extensions ['colcon_meta']
[0.264s] Level 1:colcon.colcon_core.package_identification:_identify(src/sensor_pkg) by extension 'colcon_meta'
[0.265s] Level 1:colcon.colcon_core.package_identification:_identify(src/sensor_pkg) by extensions ['ros']
[0.265s] Level 1:colcon.colcon_core.package_identification:_identify(src/sensor_pkg) by extension 'ros'
[0.265s] Level 1:colcon.colcon_core.package_identification:_identify(src/sensor_pkg) by extensions ['cmake', 'python']
[0.265s] Level 1:colcon.colcon_core.package_identification:_identify(src/sensor_pkg) by extension 'cmake'
[0.265s] Level 1:colcon.colcon_core.package_identification:_identify(src/sensor_pkg) by extension 'python'
[0.265s] Level 1:colcon.colcon_core.package_identification:_identify(src/sensor_pkg) by extensions ['python_setup_py']
[0.265s] Level 1:colcon.colcon_core.package_identification:_identify(src/sensor_pkg) by extension 'python_setup_py'
[0.265s] Level 1:colcon.colcon_core.package_identification:_identify(src/sensor_pkg/ublox) by extensions ['ignore', 'ignore_ament_install']
[0.265s] Level 1:colcon.colcon_core.package_identification:_identify(src/sensor_pkg/ublox) by extension 'ignore'
[0.265s] Level 1:colcon.colcon_core.package_identification:_identify(src/sensor_pkg/ublox) by extension 'ignore_ament_install'
[0.265s] Level 1:colcon.colcon_core.package_identification:_identify(src/sensor_pkg/ublox) by extensions ['colcon_pkg']
[0.265s] Level 1:colcon.colcon_core.package_identification:_identify(src/sensor_pkg/ublox) by extension 'colcon_pkg'
[0.265s] Level 1:colcon.colcon_core.package_identification:_identify(src/sensor_pkg/ublox) by extensions ['colcon_meta']
[0.265s] Level 1:colcon.colcon_core.package_identification:_identify(src/sensor_pkg/ublox) by extension 'colcon_meta'
[0.265s] Level 1:colcon.colcon_core.package_identification:_identify(src/sensor_pkg/ublox) by extensions ['ros']
[0.265s] Level 1:colcon.colcon_core.package_identification:_identify(src/sensor_pkg/ublox) by extension 'ros'
[0.265s] Level 1:colcon.colcon_core.package_identification:_identify(src/sensor_pkg/ublox) by extensions ['cmake', 'python']
[0.265s] Level 1:colcon.colcon_core.package_identification:_identify(src/sensor_pkg/ublox) by extension 'cmake'
[0.265s] Level 1:colcon.colcon_core.package_identification:_identify(src/sensor_pkg/ublox) by extension 'python'
[0.265s] Level 1:colcon.colcon_core.package_identification:_identify(src/sensor_pkg/ublox) by extensions ['python_setup_py']
[0.265s] Level 1:colcon.colcon_core.package_identification:_identify(src/sensor_pkg/ublox) by extension 'python_setup_py'
[0.265s] Level 1:colcon.colcon_core.package_identification:_identify(src/sensor_pkg/ublox/ublox) by extensions ['ignore', 'ignore_ament_install']
[0.266s] Level 1:colcon.colcon_core.package_identification:_identify(src/sensor_pkg/ublox/ublox) by extension 'ignore'
[0.266s] Level 1:colcon.colcon_core.package_identification:_identify(src/sensor_pkg/ublox/ublox) by extension 'ignore_ament_install'
[0.266s] Level 1:colcon.colcon_core.package_identification:_identify(src/sensor_pkg/ublox/ublox) by extensions ['colcon_pkg']
[0.266s] Level 1:colcon.colcon_core.package_identification:_identify(src/sensor_pkg/ublox/ublox) by extension 'colcon_pkg'
[0.266s] Level 1:colcon.colcon_core.package_identification:_identify(src/sensor_pkg/ublox/ublox) by extensions ['colcon_meta']
[0.266s] Level 1:colcon.colcon_core.package_identification:_identify(src/sensor_pkg/ublox/ublox) by extension 'colcon_meta'
[0.266s] Level 1:colcon.colcon_core.package_identification:_identify(src/sensor_pkg/ublox/ublox) by extensions ['ros']
[0.266s] Level 1:colcon.colcon_core.package_identification:_identify(src/sensor_pkg/ublox/ublox) by extension 'ros'
[0.268s] DEBUG:colcon.colcon_core.package_identification:Package 'src/sensor_pkg/ublox/ublox' with type 'ros.ament_cmake' and name 'ublox'
[0.268s] Level 1:colcon.colcon_core.package_identification:_identify(src/sensor_pkg/ublox/ublox_gps) by extensions ['ignore', 'ignore_ament_install']
[0.268s] Level 1:colcon.colcon_core.package_identification:_identify(src/sensor_pkg/ublox/ublox_gps) by extension 'ignore'
[0.268s] Level 1:colcon.colcon_core.package_identification:_identify(src/sensor_pkg/ublox/ublox_gps) by extension 'ignore_ament_install'
[0.268s] Level 1:colcon.colcon_core.package_identification:_identify(src/sensor_pkg/ublox/ublox_gps) by extensions ['colcon_pkg']
[0.268s] Level 1:colcon.colcon_core.package_identification:_identify(src/sensor_pkg/ublox/ublox_gps) by extension 'colcon_pkg'
[0.268s] Level 1:colcon.colcon_core.package_identification:_identify(src/sensor_pkg/ublox/ublox_gps) by extensions ['colcon_meta']
[0.268s] Level 1:colcon.colcon_core.package_identification:_identify(src/sensor_pkg/ublox/ublox_gps) by extension 'colcon_meta'
[0.268s] Level 1:colcon.colcon_core.package_identification:_identify(src/sensor_pkg/ublox/ublox_gps) by extensions ['ros']
[0.268s] Level 1:colcon.colcon_core.package_identification:_identify(src/sensor_pkg/ublox/ublox_gps) by extension 'ros'
[0.270s] DEBUG:colcon.colcon_core.package_identification:Package 'src/sensor_pkg/ublox/ublox_gps' with type 'ros.ament_cmake' and name 'ublox_gps'
[0.270s] Level 1:colcon.colcon_core.package_identification:_identify(src/sensor_pkg/ublox/ublox_msgs) by extensions ['ignore', 'ignore_ament_install']
[0.270s] Level 1:colcon.colcon_core.package_identification:_identify(src/sensor_pkg/ublox/ublox_msgs) by extension 'ignore'
[0.270s] Level 1:colcon.colcon_core.package_identification:_identify(src/sensor_pkg/ublox/ublox_msgs) by extension 'ignore_ament_install'
[0.270s] Level 1:colcon.colcon_core.package_identification:_identify(src/sensor_pkg/ublox/ublox_msgs) by extensions ['colcon_pkg']
[0.270s] Level 1:colcon.colcon_core.package_identification:_identify(src/sensor_pkg/ublox/ublox_msgs) by extension 'colcon_pkg'
[0.270s] Level 1:colcon.colcon_core.package_identification:_identify(src/sensor_pkg/ublox/ublox_msgs) by extensions ['colcon_meta']
[0.270s] Level 1:colcon.colcon_core.package_identification:_identify(src/sensor_pkg/ublox/ublox_msgs) by extension 'colcon_meta'
[0.270s] Level 1:colcon.colcon_core.package_identification:_identify(src/sensor_pkg/ublox/ublox_msgs) by extensions ['ros']
[0.270s] Level 1:colcon.colcon_core.package_identification:_identify(src/sensor_pkg/ublox/ublox_msgs) by extension 'ros'
[0.271s] DEBUG:colcon.colcon_core.package_identification:Package 'src/sensor_pkg/ublox/ublox_msgs' with type 'ros.ament_cmake' and name 'ublox_msgs'
[0.271s] Level 1:colcon.colcon_core.package_identification:_identify(src/sensor_pkg/ublox/ublox_serialization) by extensions ['ignore', 'ignore_ament_install']
[0.271s] Level 1:colcon.colcon_core.package_identification:_identify(src/sensor_pkg/ublox/ublox_serialization) by extension 'ignore'
[0.271s] Level 1:colcon.colcon_core.package_identification:_identify(src/sensor_pkg/ublox/ublox_serialization) by extension 'ignore_ament_install'
[0.271s] Level 1:colcon.colcon_core.package_identification:_identify(src/sensor_pkg/ublox/ublox_serialization) by extensions ['colcon_pkg']
[0.271s] Level 1:colcon.colcon_core.package_identification:_identify(src/sensor_pkg/ublox/ublox_serialization) by extension 'colcon_pkg'
[0.271s] Level 1:colcon.colcon_core.package_identification:_identify(src/sensor_pkg/ublox/ublox_serialization) by extensions ['colcon_meta']
[0.271s] Level 1:colcon.colcon_core.package_identification:_identify(src/sensor_pkg/ublox/ublox_serialization) by extension 'colcon_meta'
[0.271s] Level 1:colcon.colcon_core.package_identification:_identify(src/sensor_pkg/ublox/ublox_serialization) by extensions ['ros']
[0.271s] Level 1:colcon.colcon_core.package_identification:_identify(src/sensor_pkg/ublox/ublox_serialization) by extension 'ros'
[0.272s] DEBUG:colcon.colcon_core.package_identification:Package 'src/sensor_pkg/ublox/ublox_serialization' with type 'ros.ament_cmake' and name 'ublox_serialization'
[0.272s] Level 1:colcon.colcon_core.package_identification:_identify(src/sensor_pkg/usb_cam) by extensions ['ignore', 'ignore_ament_install']
[0.272s] Level 1:colcon.colcon_core.package_identification:_identify(src/sensor_pkg/usb_cam) by extension 'ignore'
[0.272s] Level 1:colcon.colcon_core.package_identification:_identify(src/sensor_pkg/usb_cam) by extension 'ignore_ament_install'
[0.272s] Level 1:colcon.colcon_core.package_identification:_identify(src/sensor_pkg/usb_cam) by extensions ['colcon_pkg']
[0.272s] Level 1:colcon.colcon_core.package_identification:_identify(src/sensor_pkg/usb_cam) by extension 'colcon_pkg'
[0.272s] Level 1:colcon.colcon_core.package_identification:_identify(src/sensor_pkg/usb_cam) by extensions ['colcon_meta']
[0.272s] Level 1:colcon.colcon_core.package_identification:_identify(src/sensor_pkg/usb_cam) by extension 'colcon_meta'
[0.272s] Level 1:colcon.colcon_core.package_identification:_identify(src/sensor_pkg/usb_cam) by extensions ['ros']
[0.272s] Level 1:colcon.colcon_core.package_identification:_identify(src/sensor_pkg/usb_cam) by extension 'ros'
[0.273s] DEBUG:colcon.colcon_core.package_identification:Package 'src/sensor_pkg/usb_cam' with type 'ros.ament_cmake' and name 'usb_cam'
[0.273s] Level 1:colcon.colcon_core.package_identification:_identify(src/sensor_pkg/zed-ros2-wrapper) by extensions ['ignore', 'ignore_ament_install']
[0.274s] Level 1:colcon.colcon_core.package_identification:_identify(src/sensor_pkg/zed-ros2-wrapper) by extension 'ignore'
[0.274s] Level 1:colcon.colcon_core.package_identification:_identify(src/sensor_pkg/zed-ros2-wrapper) by extension 'ignore_ament_install'
[0.274s] Level 1:colcon.colcon_core.package_identification:_identify(src/sensor_pkg/zed-ros2-wrapper) by extensions ['colcon_pkg']
[0.274s] Level 1:colcon.colcon_core.package_identification:_identify(src/sensor_pkg/zed-ros2-wrapper) by extension 'colcon_pkg'
[0.274s] Level 1:colcon.colcon_core.package_identification:_identify(src/sensor_pkg/zed-ros2-wrapper) by extensions ['colcon_meta']
[0.274s] Level 1:colcon.colcon_core.package_identification:_identify(src/sensor_pkg/zed-ros2-wrapper) by extension 'colcon_meta'
[0.274s] Level 1:colcon.colcon_core.package_identification:_identify(src/sensor_pkg/zed-ros2-wrapper) by extensions ['ros']
[0.274s] Level 1:colcon.colcon_core.package_identification:_identify(src/sensor_pkg/zed-ros2-wrapper) by extension 'ros'
[0.274s] Level 1:colcon.colcon_core.package_identification:_identify(src/sensor_pkg/zed-ros2-wrapper) by extensions ['cmake', 'python']
[0.274s] Level 1:colcon.colcon_core.package_identification:_identify(src/sensor_pkg/zed-ros2-wrapper) by extension 'cmake'
[0.274s] Level 1:colcon.colcon_core.package_identification:_identify(src/sensor_pkg/zed-ros2-wrapper) by extension 'python'
[0.274s] Level 1:colcon.colcon_core.package_identification:_identify(src/sensor_pkg/zed-ros2-wrapper) by extensions ['python_setup_py']
[0.274s] Level 1:colcon.colcon_core.package_identification:_identify(src/sensor_pkg/zed-ros2-wrapper) by extension 'python_setup_py'
[0.274s] Level 1:colcon.colcon_core.package_identification:_identify(src/sensor_pkg/zed-ros2-wrapper/docker) by extensions ['ignore', 'ignore_ament_install']
[0.274s] Level 1:colcon.colcon_core.package_identification:_identify(src/sensor_pkg/zed-ros2-wrapper/docker) by extension 'ignore'
[0.274s] Level 1:colcon.colcon_core.package_identification:_identify(src/sensor_pkg/zed-ros2-wrapper/docker) by extension 'ignore_ament_install'
[0.274s] Level 1:colcon.colcon_core.package_identification:_identify(src/sensor_pkg/zed-ros2-wrapper/docker) by extensions ['colcon_pkg']
[0.274s] Level 1:colcon.colcon_core.package_identification:_identify(src/sensor_pkg/zed-ros2-wrapper/docker) by extension 'colcon_pkg'
[0.274s] Level 1:colcon.colcon_core.package_identification:_identify(src/sensor_pkg/zed-ros2-wrapper/docker) by extensions ['colcon_meta']
[0.274s] Level 1:colcon.colcon_core.package_identification:_identify(src/sensor_pkg/zed-ros2-wrapper/docker) by extension 'colcon_meta'
[0.274s] Level 1:colcon.colcon_core.package_identification:_identify(src/sensor_pkg/zed-ros2-wrapper/docker) by extensions ['ros']
[0.274s] Level 1:colcon.colcon_core.package_identification:_identify(src/sensor_pkg/zed-ros2-wrapper/docker) by extension 'ros'
[0.274s] Level 1:colcon.colcon_core.package_identification:_identify(src/sensor_pkg/zed-ros2-wrapper/docker) by extensions ['cmake', 'python']
[0.275s] Level 1:colcon.colcon_core.package_identification:_identify(src/sensor_pkg/zed-ros2-wrapper/docker) by extension 'cmake'
[0.275s] Level 1:colcon.colcon_core.package_identification:_identify(src/sensor_pkg/zed-ros2-wrapper/docker) by extension 'python'
[0.275s] Level 1:colcon.colcon_core.package_identification:_identify(src/sensor_pkg/zed-ros2-wrapper/docker) by extensions ['python_setup_py']
[0.275s] Level 1:colcon.colcon_core.package_identification:_identify(src/sensor_pkg/zed-ros2-wrapper/docker) by extension 'python_setup_py'
[0.275s] Level 1:colcon.colcon_core.package_identification:_identify(src/sensor_pkg/zed-ros2-wrapper/images) by extensions ['ignore', 'ignore_ament_install']
[0.275s] Level 1:colcon.colcon_core.package_identification:_identify(src/sensor_pkg/zed-ros2-wrapper/images) by extension 'ignore'
[0.275s] Level 1:colcon.colcon_core.package_identification:_identify(src/sensor_pkg/zed-ros2-wrapper/images) by extension 'ignore_ament_install'
[0.275s] Level 1:colcon.colcon_core.package_identification:_identify(src/sensor_pkg/zed-ros2-wrapper/images) by extensions ['colcon_pkg']
[0.275s] Level 1:colcon.colcon_core.package_identification:_identify(src/sensor_pkg/zed-ros2-wrapper/images) by extension 'colcon_pkg'
[0.275s] Level 1:colcon.colcon_core.package_identification:_identify(src/sensor_pkg/zed-ros2-wrapper/images) by extensions ['colcon_meta']
[0.275s] Level 1:colcon.colcon_core.package_identification:_identify(src/sensor_pkg/zed-ros2-wrapper/images) by extension 'colcon_meta'
[0.275s] Level 1:colcon.colcon_core.package_identification:_identify(src/sensor_pkg/zed-ros2-wrapper/images) by extensions ['ros']
[0.275s] Level 1:colcon.colcon_core.package_identification:_identify(src/sensor_pkg/zed-ros2-wrapper/images) by extension 'ros'
[0.275s] Level 1:colcon.colcon_core.package_identification:_identify(src/sensor_pkg/zed-ros2-wrapper/images) by extensions ['cmake', 'python']
[0.275s] Level 1:colcon.colcon_core.package_identification:_identify(src/sensor_pkg/zed-ros2-wrapper/images) by extension 'cmake'
[0.275s] Level 1:colcon.colcon_core.package_identification:_identify(src/sensor_pkg/zed-ros2-wrapper/images) by extension 'python'
[0.275s] Level 1:colcon.colcon_core.package_identification:_identify(src/sensor_pkg/zed-ros2-wrapper/images) by extensions ['python_setup_py']
[0.275s] Level 1:colcon.colcon_core.package_identification:_identify(src/sensor_pkg/zed-ros2-wrapper/images) by extension 'python_setup_py'
[0.275s] Level 1:colcon.colcon_core.package_identification:_identify(src/sensor_pkg/zed-ros2-wrapper/zed_components) by extensions ['ignore', 'ignore_ament_install']
[0.275s] Level 1:colcon.colcon_core.package_identification:_identify(src/sensor_pkg/zed-ros2-wrapper/zed_components) by extension 'ignore'
[0.275s] Level 1:colcon.colcon_core.package_identification:_identify(src/sensor_pkg/zed-ros2-wrapper/zed_components) by extension 'ignore_ament_install'
[0.275s] Level 1:colcon.colcon_core.package_identification:_identify(src/sensor_pkg/zed-ros2-wrapper/zed_components) by extensions ['colcon_pkg']
[0.276s] Level 1:colcon.colcon_core.package_identification:_identify(src/sensor_pkg/zed-ros2-wrapper/zed_components) by extension 'colcon_pkg'
[0.276s] Level 1:colcon.colcon_core.package_identification:_identify(src/sensor_pkg/zed-ros2-wrapper/zed_components) by extensions ['colcon_meta']
[0.276s] Level 1:colcon.colcon_core.package_identification:_identify(src/sensor_pkg/zed-ros2-wrapper/zed_components) by extension 'colcon_meta'
[0.276s] Level 1:colcon.colcon_core.package_identification:_identify(src/sensor_pkg/zed-ros2-wrapper/zed_components) by extensions ['ros']
[0.276s] Level 1:colcon.colcon_core.package_identification:_identify(src/sensor_pkg/zed-ros2-wrapper/zed_components) by extension 'ros'
[0.277s] DEBUG:colcon.colcon_core.package_identification:Package 'src/sensor_pkg/zed-ros2-wrapper/zed_components' with type 'ros.ament_cmake' and name 'zed_components'
[0.277s] Level 1:colcon.colcon_core.package_identification:_identify(src/sensor_pkg/zed-ros2-wrapper/zed_ros2) by extensions ['ignore', 'ignore_ament_install']
[0.277s] Level 1:colcon.colcon_core.package_identification:_identify(src/sensor_pkg/zed-ros2-wrapper/zed_ros2) by extension 'ignore'
[0.277s] Level 1:colcon.colcon_core.package_identification:_identify(src/sensor_pkg/zed-ros2-wrapper/zed_ros2) by extension 'ignore_ament_install'
[0.277s] Level 1:colcon.colcon_core.package_identification:_identify(src/sensor_pkg/zed-ros2-wrapper/zed_ros2) by extensions ['colcon_pkg']
[0.277s] Level 1:colcon.colcon_core.package_identification:_identify(src/sensor_pkg/zed-ros2-wrapper/zed_ros2) by extension 'colcon_pkg'
[0.277s] Level 1:colcon.colcon_core.package_identification:_identify(src/sensor_pkg/zed-ros2-wrapper/zed_ros2) by extensions ['colcon_meta']
[0.277s] Level 1:colcon.colcon_core.package_identification:_identify(src/sensor_pkg/zed-ros2-wrapper/zed_ros2) by extension 'colcon_meta'
[0.277s] Level 1:colcon.colcon_core.package_identification:_identify(src/sensor_pkg/zed-ros2-wrapper/zed_ros2) by extensions ['ros']
[0.277s] Level 1:colcon.colcon_core.package_identification:_identify(src/sensor_pkg/zed-ros2-wrapper/zed_ros2) by extension 'ros'
[0.278s] DEBUG:colcon.colcon_core.package_identification:Package 'src/sensor_pkg/zed-ros2-wrapper/zed_ros2' with type 'ros.ament_cmake' and name 'zed_ros2'
[0.278s] Level 1:colcon.colcon_core.package_identification:_identify(src/sensor_pkg/zed-ros2-wrapper/zed_wrapper) by extensions ['ignore', 'ignore_ament_install']
[0.278s] Level 1:colcon.colcon_core.package_identification:_identify(src/sensor_pkg/zed-ros2-wrapper/zed_wrapper) by extension 'ignore'
[0.278s] Level 1:colcon.colcon_core.package_identification:_identify(src/sensor_pkg/zed-ros2-wrapper/zed_wrapper) by extension 'ignore_ament_install'
[0.278s] Level 1:colcon.colcon_core.package_identification:_identify(src/sensor_pkg/zed-ros2-wrapper/zed_wrapper) by extensions ['colcon_pkg']
[0.278s] Level 1:colcon.colcon_core.package_identification:_identify(src/sensor_pkg/zed-ros2-wrapper/zed_wrapper) by extension 'colcon_pkg'
[0.278s] Level 1:colcon.colcon_core.package_identification:_identify(src/sensor_pkg/zed-ros2-wrapper/zed_wrapper) by extensions ['colcon_meta']
[0.278s] Level 1:colcon.colcon_core.package_identification:_identify(src/sensor_pkg/zed-ros2-wrapper/zed_wrapper) by extension 'colcon_meta'
[0.278s] Level 1:colcon.colcon_core.package_identification:_identify(src/sensor_pkg/zed-ros2-wrapper/zed_wrapper) by extensions ['ros']
[0.278s] Level 1:colcon.colcon_core.package_identification:_identify(src/sensor_pkg/zed-ros2-wrapper/zed_wrapper) by extension 'ros'
[0.279s] DEBUG:colcon.colcon_core.package_identification:Package 'src/sensor_pkg/zed-ros2-wrapper/zed_wrapper' with type 'ros.ament_cmake' and name 'zed_wrapper'
[0.279s] Level 1:colcon.colcon_core.package_identification:_identify(src/vehicle) by extensions ['ignore', 'ignore_ament_install']
[0.279s] Level 1:colcon.colcon_core.package_identification:_identify(src/vehicle) by extension 'ignore'
[0.279s] Level 1:colcon.colcon_core.package_identification:_identify(src/vehicle) by extension 'ignore_ament_install'
[0.279s] Level 1:colcon.colcon_core.package_identification:_identify(src/vehicle) by extensions ['colcon_pkg']
[0.279s] Level 1:colcon.colcon_core.package_identification:_identify(src/vehicle) by extension 'colcon_pkg'
[0.279s] Level 1:colcon.colcon_core.package_identification:_identify(src/vehicle) by extensions ['colcon_meta']
[0.279s] Level 1:colcon.colcon_core.package_identification:_identify(src/vehicle) by extension 'colcon_meta'
[0.279s] Level 1:colcon.colcon_core.package_identification:_identify(src/vehicle) by extensions ['ros']
[0.279s] Level 1:colcon.colcon_core.package_identification:_identify(src/vehicle) by extension 'ros'
[0.279s] Level 1:colcon.colcon_core.package_identification:_identify(src/vehicle) by extensions ['cmake', 'python']
[0.279s] Level 1:colcon.colcon_core.package_identification:_identify(src/vehicle) by extension 'cmake'
[0.280s] Level 1:colcon.colcon_core.package_identification:_identify(src/vehicle) by extension 'python'
[0.280s] Level 1:colcon.colcon_core.package_identification:_identify(src/vehicle) by extensions ['python_setup_py']
[0.280s] Level 1:colcon.colcon_core.package_identification:_identify(src/vehicle) by extension 'python_setup_py'
[0.280s] Level 1:colcon.colcon_core.package_identification:_identify(src/vehicle/SCV_hunter_ros2) by extensions ['ignore', 'ignore_ament_install']
[0.280s] Level 1:colcon.colcon_core.package_identification:_identify(src/vehicle/SCV_hunter_ros2) by extension 'ignore'
[0.280s] Level 1:colcon.colcon_core.package_identification:_identify(src/vehicle/SCV_hunter_ros2) by extension 'ignore_ament_install'
[0.280s] Level 1:colcon.colcon_core.package_identification:_identify(src/vehicle/SCV_hunter_ros2) by extensions ['colcon_pkg']
[0.280s] Level 1:colcon.colcon_core.package_identification:_identify(src/vehicle/SCV_hunter_ros2) by extension 'colcon_pkg'
[0.280s] Level 1:colcon.colcon_core.package_identification:_identify(src/vehicle/SCV_hunter_ros2) by extensions ['colcon_meta']
[0.280s] Level 1:colcon.colcon_core.package_identification:_identify(src/vehicle/SCV_hunter_ros2) by extension 'colcon_meta'
[0.280s] Level 1:colcon.colcon_core.package_identification:_identify(src/vehicle/SCV_hunter_ros2) by extensions ['ros']
[0.280s] Level 1:colcon.colcon_core.package_identification:_identify(src/vehicle/SCV_hunter_ros2) by extension 'ros'
[0.280s] Level 1:colcon.colcon_core.package_identification:_identify(src/vehicle/SCV_hunter_ros2) by extensions ['cmake', 'python']
[0.280s] Level 1:colcon.colcon_core.package_identification:_identify(src/vehicle/SCV_hunter_ros2) by extension 'cmake'
[0.280s] Level 1:colcon.colcon_core.package_identification:_identify(src/vehicle/SCV_hunter_ros2) by extension 'python'
[0.280s] Level 1:colcon.colcon_core.package_identification:_identify(src/vehicle/SCV_hunter_ros2) by extensions ['python_setup_py']
[0.280s] Level 1:colcon.colcon_core.package_identification:_identify(src/vehicle/SCV_hunter_ros2) by extension 'python_setup_py'
[0.280s] Level 1:colcon.colcon_core.package_identification:_identify(src/vehicle/SCV_hunter_ros2/hunter_base) by extensions ['ignore', 'ignore_ament_install']
[0.280s] Level 1:colcon.colcon_core.package_identification:_identify(src/vehicle/SCV_hunter_ros2/hunter_base) by extension 'ignore'
[0.280s] Level 1:colcon.colcon_core.package_identification:_identify(src/vehicle/SCV_hunter_ros2/hunter_base) by extension 'ignore_ament_install'
[0.280s] Level 1:colcon.colcon_core.package_identification:_identify(src/vehicle/SCV_hunter_ros2/hunter_base) by extensions ['colcon_pkg']
[0.281s] Level 1:colcon.colcon_core.package_identification:_identify(src/vehicle/SCV_hunter_ros2/hunter_base) by extension 'colcon_pkg'
[0.281s] Level 1:colcon.colcon_core.package_identification:_identify(src/vehicle/SCV_hunter_ros2/hunter_base) by extensions ['colcon_meta']
[0.281s] Level 1:colcon.colcon_core.package_identification:_identify(src/vehicle/SCV_hunter_ros2/hunter_base) by extension 'colcon_meta'
[0.281s] Level 1:colcon.colcon_core.package_identification:_identify(src/vehicle/SCV_hunter_ros2/hunter_base) by extensions ['ros']
[0.281s] Level 1:colcon.colcon_core.package_identification:_identify(src/vehicle/SCV_hunter_ros2/hunter_base) by extension 'ros'
[0.282s] DEBUG:colcon.colcon_core.package_identification:Package 'src/vehicle/SCV_hunter_ros2/hunter_base' with type 'ros.ament_cmake' and name 'hunter_base'
[0.282s] Level 1:colcon.colcon_core.package_identification:_identify(src/vehicle/SCV_hunter_ros2/hunter_msgs) by extensions ['ignore', 'ignore_ament_install']
[0.282s] Level 1:colcon.colcon_core.package_identification:_identify(src/vehicle/SCV_hunter_ros2/hunter_msgs) by extension 'ignore'
[0.282s] Level 1:colcon.colcon_core.package_identification:_identify(src/vehicle/SCV_hunter_ros2/hunter_msgs) by extension 'ignore_ament_install'
[0.282s] Level 1:colcon.colcon_core.package_identification:_identify(src/vehicle/SCV_hunter_ros2/hunter_msgs) by extensions ['colcon_pkg']
[0.282s] Level 1:colcon.colcon_core.package_identification:_identify(src/vehicle/SCV_hunter_ros2/hunter_msgs) by extension 'colcon_pkg'
[0.282s] Level 1:colcon.colcon_core.package_identification:_identify(src/vehicle/SCV_hunter_ros2/hunter_msgs) by extensions ['colcon_meta']
[0.282s] Level 1:colcon.colcon_core.package_identification:_identify(src/vehicle/SCV_hunter_ros2/hunter_msgs) by extension 'colcon_meta'
[0.282s] Level 1:colcon.colcon_core.package_identification:_identify(src/vehicle/SCV_hunter_ros2/hunter_msgs) by extensions ['ros']
[0.282s] Level 1:colcon.colcon_core.package_identification:_identify(src/vehicle/SCV_hunter_ros2/hunter_msgs) by extension 'ros'
[0.283s] DEBUG:colcon.colcon_core.package_identification:Package 'src/vehicle/SCV_hunter_ros2/hunter_msgs' with type 'ros.ament_cmake' and name 'hunter_msgs'
[0.283s] Level 1:colcon.colcon_core.package_identification:_identify(src/vehicle/SCV_ugv_sdk) by extensions ['ignore', 'ignore_ament_install']
[0.283s] Level 1:colcon.colcon_core.package_identification:_identify(src/vehicle/SCV_ugv_sdk) by extension 'ignore'
[0.283s] Level 1:colcon.colcon_core.package_identification:_identify(src/vehicle/SCV_ugv_sdk) by extension 'ignore_ament_install'
[0.283s] Level 1:colcon.colcon_core.package_identification:_identify(src/vehicle/SCV_ugv_sdk) by extensions ['colcon_pkg']
[0.283s] Level 1:colcon.colcon_core.package_identification:_identify(src/vehicle/SCV_ugv_sdk) by extension 'colcon_pkg'
[0.283s] Level 1:colcon.colcon_core.package_identification:_identify(src/vehicle/SCV_ugv_sdk) by extensions ['colcon_meta']
[0.283s] Level 1:colcon.colcon_core.package_identification:_identify(src/vehicle/SCV_ugv_sdk) by extension 'colcon_meta'
[0.283s] Level 1:colcon.colcon_core.package_identification:_identify(src/vehicle/SCV_ugv_sdk) by extensions ['ros']
[0.283s] Level 1:colcon.colcon_core.package_identification:_identify(src/vehicle/SCV_ugv_sdk) by extension 'ros'
[0.284s] DEBUG:colcon.colcon_core.package_identification:Package 'src/vehicle/SCV_ugv_sdk' with type 'ros.catkin' and name 'ugv_sdk'
[0.284s] Level 1:colcon.colcon_core.package_identification:_identify(src/vehicle/urdf) by extensions ['ignore', 'ignore_ament_install']
[0.284s] Level 1:colcon.colcon_core.package_identification:_identify(src/vehicle/urdf) by extension 'ignore'
[0.284s] Level 1:colcon.colcon_core.package_identification:_identify(src/vehicle/urdf) by extension 'ignore_ament_install'
[0.284s] Level 1:colcon.colcon_core.package_identification:_identify(src/vehicle/urdf) by extensions ['colcon_pkg']
[0.284s] Level 1:colcon.colcon_core.package_identification:_identify(src/vehicle/urdf) by extension 'colcon_pkg'
[0.284s] Level 1:colcon.colcon_core.package_identification:_identify(src/vehicle/urdf) by extensions ['colcon_meta']
[0.284s] Level 1:colcon.colcon_core.package_identification:_identify(src/vehicle/urdf) by extension 'colcon_meta'
[0.284s] Level 1:colcon.colcon_core.package_identification:_identify(src/vehicle/urdf) by extensions ['ros']
[0.284s] Level 1:colcon.colcon_core.package_identification:_identify(src/vehicle/urdf) by extension 'ros'
[0.284s] Level 1:colcon.colcon_core.package_identification:_identify(src/vehicle/urdf) by extensions ['cmake', 'python']
[0.284s] Level 1:colcon.colcon_core.package_identification:_identify(src/vehicle/urdf) by extension 'cmake'
[0.284s] Level 1:colcon.colcon_core.package_identification:_identify(src/vehicle/urdf) by extension 'python'
[0.284s] Level 1:colcon.colcon_core.package_identification:_identify(src/vehicle/urdf) by extensions ['python_setup_py']
[0.284s] Level 1:colcon.colcon_core.package_identification:_identify(src/vehicle/urdf) by extension 'python_setup_py'
[0.284s] Level 1:colcon.colcon_core.package_discovery:discover_packages(recursive) using defaults
[0.284s] Level 1:colcon.colcon_core.package_discovery:discover_packages(ignore) discover
[0.284s] Level 1:colcon.colcon_core.package_discovery:discover_packages(ignore) using defaults
[0.284s] Level 1:colcon.colcon_core.package_discovery:discover_packages(path) discover
[0.284s] Level 1:colcon.colcon_core.package_discovery:discover_packages(path) using defaults
[0.311s] INFO:colcon.colcon_core.package_selection:Skipping not selected package 'ublox_serialization' in 'src/sensor_pkg/ublox/ublox_serialization'
[0.311s] INFO:colcon.colcon_core.package_selection:Skipping not selected package 'usb_cam' in 'src/sensor_pkg/usb_cam'
[0.311s] INFO:colcon.colcon_core.package_selection:Skipping not selected package 'zed_components' in 'src/sensor_pkg/zed-ros2-wrapper/zed_components'
[0.311s] INFO:colcon.colcon_core.package_selection:Skipping not selected package 'ublox_msgs' in 'src/sensor_pkg/ublox/ublox_msgs'
[0.311s] INFO:colcon.colcon_core.package_selection:Skipping not selected package 'zed_wrapper' in 'src/sensor_pkg/zed-ros2-wrapper/zed_wrapper'
[0.311s] INFO:colcon.colcon_core.package_selection:Skipping not selected package 'ublox_gps' in 'src/sensor_pkg/ublox/ublox_gps'
[0.311s] INFO:colcon.colcon_core.package_selection:Skipping not selected package 'zed_ros2' in 'src/sensor_pkg/zed-ros2-wrapper/zed_ros2'
[0.311s] INFO:colcon.colcon_core.package_selection:Skipping not selected package 'ublox' in 'src/sensor_pkg/ublox/ublox'
[0.311s] Level 1:colcon.colcon_core.package_discovery:discover_packages(prefix_path) check parameters
[0.311s] Level 1:colcon.colcon_core.package_discovery:discover_packages(prefix_path) discover
[0.313s] DEBUG:colcon.colcon_installed_package_information.package_discovery:Found 271 installed packages in /opt/ros/humble
[0.314s] Level 1:colcon.colcon_core.package_discovery:discover_packages(prefix_path) using defaults
[0.346s] Level 5:colcon.colcon_core.verb:set package 'hunter_msgs' build argument 'cmake_args' from command line to 'None'
[0.346s] Level 5:colcon.colcon_core.verb:set package 'hunter_msgs' build argument 'cmake_target' from command line to 'None'
[0.346s] Level 5:colcon.colcon_core.verb:set package 'hunter_msgs' build argument 'cmake_target_skip_unavailable' from command line to 'False'
[0.346s] Level 5:colcon.colcon_core.verb:set package 'hunter_msgs' build argument 'cmake_clean_cache' from command line to 'False'
[0.346s] Level 5:colcon.colcon_core.verb:set package 'hunter_msgs' build argument 'cmake_clean_first' from command line to 'False'
[0.346s] Level 5:colcon.colcon_core.verb:set package 'hunter_msgs' build argument 'cmake_force_configure' from command line to 'False'
[0.346s] Level 5:colcon.colcon_core.verb:set package 'hunter_msgs' build argument 'ament_cmake_args' from command line to 'None'
[0.346s] Level 5:colcon.colcon_core.verb:set package 'hunter_msgs' build argument 'catkin_cmake_args' from command line to 'None'
[0.346s] Level 5:colcon.colcon_core.verb:set package 'hunter_msgs' build argument 'catkin_skip_building_tests' from command line to 'False'
[0.346s] DEBUG:colcon.colcon_core.verb:Building package 'hunter_msgs' with the following arguments: {'ament_cmake_args': None, 'build_base': '/home/scv/SCV/build/hunter_msgs', 'catkin_cmake_args': None, 'catkin_skip_building_tests': False, 'cmake_args': None, 'cmake_clean_cache': False, 'cmake_clean_first': False, 'cmake_force_configure': False, 'cmake_target': None, 'cmake_target_skip_unavailable': False, 'install_base': '/home/scv/SCV/install/hunter_msgs', 'merge_install': False, 'path': '/home/scv/SCV/src/vehicle/SCV_hunter_ros2/hunter_msgs', 'symlink_install': False, 'test_result_base': None}
[0.346s] Level 5:colcon.colcon_core.verb:set package 'ugv_sdk' build argument 'cmake_args' from command line to 'None'
[0.346s] Level 5:colcon.colcon_core.verb:set package 'ugv_sdk' build argument 'cmake_target' from command line to 'None'
[0.346s] Level 5:colcon.colcon_core.verb:set package 'ugv_sdk' build argument 'cmake_target_skip_unavailable' from command line to 'False'
[0.346s] Level 5:colcon.colcon_core.verb:set package 'ugv_sdk' build argument 'cmake_clean_cache' from command line to 'False'
[0.346s] Level 5:colcon.colcon_core.verb:set package 'ugv_sdk' build argument 'cmake_clean_first' from command line to 'False'
[0.346s] Level 5:colcon.colcon_core.verb:set package 'ugv_sdk' build argument 'cmake_force_configure' from command line to 'False'
[0.346s] Level 5:colcon.colcon_core.verb:set package 'ugv_sdk' build argument 'ament_cmake_args' from command line to 'None'
[0.347s] Level 5:colcon.colcon_core.verb:set package 'ugv_sdk' build argument 'catkin_cmake_args' from command line to 'None'
[0.347s] Level 5:colcon.colcon_core.verb:set package 'ugv_sdk' build argument 'catkin_skip_building_tests' from command line to 'False'
[0.347s] DEBUG:colcon.colcon_core.verb:Building package 'ugv_sdk' with the following arguments: {'ament_cmake_args': None, 'build_base': '/home/scv/SCV/build/ugv_sdk', 'catkin_cmake_args': None, 'catkin_skip_building_tests': False, 'cmake_args': None, 'cmake_clean_cache': False, 'cmake_clean_first': False, 'cmake_force_configure': False, 'cmake_target': None, 'cmake_target_skip_unavailable': False, 'install_base': '/home/scv/SCV/install/ugv_sdk', 'merge_install': False, 'path': '/home/scv/SCV/src/vehicle/SCV_ugv_sdk', 'symlink_install': False, 'test_result_base': None}
[0.347s] Level 5:colcon.colcon_core.verb:set package 'hunter_base' build argument 'cmake_args' from command line to 'None'
[0.347s] Level 5:colcon.colcon_core.verb:set package 'hunter_base' build argument 'cmake_target' from command line to 'None'
[0.347s] Level 5:colcon.colcon_core.verb:set package 'hunter_base' build argument 'cmake_target_skip_unavailable' from command line to 'False'
[0.347s] Level 5:colcon.colcon_core.verb:set package 'hunter_base' build argument 'cmake_clean_cache' from command line to 'False'
[0.347s] Level 5:colcon.colcon_core.verb:set package 'hunter_base' build argument 'cmake_clean_first' from command line to 'False'
[0.347s] Level 5:colcon.colcon_core.verb:set package 'hunter_base' build argument 'cmake_force_configure' from command line to 'False'
[0.347s] Level 5:colcon.colcon_core.verb:set package 'hunter_base' build argument 'ament_cmake_args' from command line to 'None'
[0.347s] Level 5:colcon.colcon_core.verb:set package 'hunter_base' build argument 'catkin_cmake_args' from command line to 'None'
[0.347s] Level 5:colcon.colcon_core.verb:set package 'hunter_base' build argument 'catkin_skip_building_tests' from command line to 'False'
[0.347s] DEBUG:colcon.colcon_core.verb:Building package 'hunter_base' with the following arguments: {'ament_cmake_args': None, 'build_base': '/home/scv/SCV/build/hunter_base', 'catkin_cmake_args': None, 'catkin_skip_building_tests': False, 'cmake_args': None, 'cmake_clean_cache': False, 'cmake_clean_first': False, 'cmake_force_configure': False, 'cmake_target': None, 'cmake_target_skip_unavailable': False, 'install_base': '/home/scv/SCV/install/hunter_base', 'merge_install': False, 'path': '/home/scv/SCV/src/vehicle/SCV_hunter_ros2/hunter_base', 'symlink_install': False, 'test_result_base': None}
[0.347s] INFO:colcon.colcon_core.executor:Executing jobs using 'parallel' executor
[0.348s] DEBUG:colcon.colcon_parallel_executor.executor.parallel:run_until_complete
[0.348s] INFO:colcon.colcon_ros.task.ament_cmake.build:Building ROS package in '/home/scv/SCV/src/vehicle/SCV_hunter_ros2/hunter_msgs' with build type 'ament_cmake'
[0.348s] INFO:colcon.colcon_cmake.task.cmake.build:Building CMake package in '/home/scv/SCV/src/vehicle/SCV_hunter_ros2/hunter_msgs'
[0.350s] INFO:colcon.colcon_core.plugin_system:Skipping extension 'colcon_core.shell.bat': Not used on non-Windows systems
[0.350s] INFO:colcon.colcon_core.shell:Skip shell extension 'powershell' for command environment: Not usable outside of PowerShell
[0.350s] DEBUG:colcon.colcon_core.shell:Skip shell extension 'dsv' for command environment
[0.352s] INFO:colcon.colcon_ros.task.catkin.build:Building ROS package in '/home/scv/SCV/src/vehicle/SCV_ugv_sdk' with build type 'catkin'
[0.352s] INFO:colcon.colcon_cmake.task.cmake.build:Building CMake package in '/home/scv/SCV/src/vehicle/SCV_ugv_sdk'
[0.353s] INFO:colcon.colcon_core.shell:Skip shell extension 'powershell' for command environment: Not usable outside of PowerShell
[0.353s] DEBUG:colcon.colcon_core.shell:Skip shell extension 'dsv' for command environment
[0.357s] DEBUG:colcon.colcon_core.event_handler.log_command:Invoking command in '/home/scv/SCV/build/hunter_msgs': CMAKE_PREFIX_PATH=/opt/ros/humble /usr/bin/cmake --build /home/scv/SCV/build/hunter_msgs -- -j8 -l8
[0.359s] DEBUG:colcon.colcon_core.event_handler.log_command:Invoking command in '/home/scv/SCV/build/ugv_sdk': /usr/bin/cmake --build /home/scv/SCV/build/ugv_sdk -- -j8 -l8
[0.469s] DEBUG:colcon.colcon_core.event_handler.log_command:Invoked command in '/home/scv/SCV/build/ugv_sdk' returned '0': /usr/bin/cmake --build /home/scv/SCV/build/ugv_sdk -- -j8 -l8
[0.478s] DEBUG:colcon.colcon_core.event_handler.log_command:Invoking command in '/home/scv/SCV/build/ugv_sdk': /usr/bin/cmake --install /home/scv/SCV/build/ugv_sdk
[0.489s] DEBUG:colcon.colcon_core.event_handler.log_command:Invoked command in '/home/scv/SCV/build/ugv_sdk' returned '0': /usr/bin/cmake --install /home/scv/SCV/build/ugv_sdk
[0.489s] Level 1:colcon.colcon_core.shell:create_environment_hook('ugv_sdk', 'ros_package_path')
[0.490s] INFO:colcon.colcon_core.shell:Creating environment hook '/home/scv/SCV/install/ugv_sdk/share/ugv_sdk/hook/ros_package_path.ps1'
[0.490s] INFO:colcon.colcon_core.shell:Creating environment descriptor '/home/scv/SCV/install/ugv_sdk/share/ugv_sdk/hook/ros_package_path.dsv'
[0.491s] INFO:colcon.colcon_core.shell:Creating environment hook '/home/scv/SCV/install/ugv_sdk/share/ugv_sdk/hook/ros_package_path.sh'
[0.492s] Level 1:colcon.colcon_core.shell:create_environment_hook('ugv_sdk', 'pkg_config_path')
[0.492s] INFO:colcon.colcon_core.shell:Creating environment hook '/home/scv/SCV/install/ugv_sdk/share/ugv_sdk/hook/pkg_config_path.ps1'
[0.492s] INFO:colcon.colcon_core.shell:Creating environment descriptor '/home/scv/SCV/install/ugv_sdk/share/ugv_sdk/hook/pkg_config_path.dsv'
[0.493s] INFO:colcon.colcon_core.shell:Creating environment hook '/home/scv/SCV/install/ugv_sdk/share/ugv_sdk/hook/pkg_config_path.sh'
[0.494s] Level 1:colcon.colcon_core.shell:create_environment_hook('ugv_sdk', 'pkg_config_path_multiarch')
[0.495s] INFO:colcon.colcon_core.shell:Creating environment hook '/home/scv/SCV/install/ugv_sdk/share/ugv_sdk/hook/pkg_config_path_multiarch.ps1'
[0.495s] INFO:colcon.colcon_core.shell:Creating environment descriptor '/home/scv/SCV/install/ugv_sdk/share/ugv_sdk/hook/pkg_config_path_multiarch.dsv'
[0.495s] INFO:colcon.colcon_core.shell:Creating environment hook '/home/scv/SCV/install/ugv_sdk/share/ugv_sdk/hook/pkg_config_path_multiarch.sh'
[0.497s] Level 1:colcon.colcon_core.environment:create_environment_scripts_only(ugv_sdk)
[0.499s] Level 1:colcon.colcon_core.environment:checking '/home/scv/SCV/install/ugv_sdk' for CMake module files
[0.499s] Level 1:colcon.colcon_core.environment:checking '/home/scv/SCV/install/ugv_sdk' for CMake config files
[0.499s] Level 1:colcon.colcon_core.shell:create_environment_hook('ugv_sdk', 'cmake_prefix_path')
[0.500s] INFO:colcon.colcon_core.shell:Creating environment hook '/home/scv/SCV/install/ugv_sdk/share/ugv_sdk/hook/cmake_prefix_path.ps1'
[0.500s] INFO:colcon.colcon_core.shell:Creating environment descriptor '/home/scv/SCV/install/ugv_sdk/share/ugv_sdk/hook/cmake_prefix_path.dsv'
[0.500s] INFO:colcon.colcon_core.shell:Creating environment hook '/home/scv/SCV/install/ugv_sdk/share/ugv_sdk/hook/cmake_prefix_path.sh'
[0.501s] Level 1:colcon.colcon_core.environment:checking '/home/scv/SCV/install/ugv_sdk/lib'
[0.501s] Level 1:colcon.colcon_core.environment:checking '/home/scv/SCV/install/ugv_sdk/bin'
[0.501s] Level 1:colcon.colcon_core.environment:checking '/home/scv/SCV/install/ugv_sdk/lib/pkgconfig/ugv_sdk.pc'
[0.502s] Level 1:colcon.colcon_core.environment:checking '/home/scv/SCV/install/ugv_sdk/lib/python3.10/site-packages'
[0.502s] Level 1:colcon.colcon_core.environment:checking '/home/scv/SCV/install/ugv_sdk/bin'
[0.502s] INFO:colcon.colcon_core.shell:Creating package script '/home/scv/SCV/install/ugv_sdk/share/ugv_sdk/package.ps1'
[0.503s] INFO:colcon.colcon_core.shell:Creating package descriptor '/home/scv/SCV/install/ugv_sdk/share/ugv_sdk/package.dsv'
[0.504s] INFO:colcon.colcon_core.shell:Creating package script '/home/scv/SCV/install/ugv_sdk/share/ugv_sdk/package.sh'
[0.505s] INFO:colcon.colcon_core.shell:Creating package script '/home/scv/SCV/install/ugv_sdk/share/ugv_sdk/package.bash'
[0.506s] INFO:colcon.colcon_core.shell:Creating package script '/home/scv/SCV/install/ugv_sdk/share/ugv_sdk/package.zsh'
[0.506s] Level 1:colcon.colcon_core.environment:create_file_with_runtime_dependencies(/home/scv/SCV/install/ugv_sdk/share/colcon-core/packages/ugv_sdk)
[0.698s] DEBUG:colcon.colcon_core.event_handler.log_command:Invoked command in '/home/scv/SCV/build/hunter_msgs' returned '0': CMAKE_PREFIX_PATH=/opt/ros/humble /usr/bin/cmake --build /home/scv/SCV/build/hunter_msgs -- -j8 -l8
[0.699s] DEBUG:colcon.colcon_core.event_handler.log_command:Invoking command in '/home/scv/SCV/build/hunter_msgs': CMAKE_PREFIX_PATH=/opt/ros/humble /usr/bin/cmake --install /home/scv/SCV/build/hunter_msgs
[0.745s] Level 1:colcon.colcon_core.environment:create_environment_scripts_only(hunter_msgs)
[0.746s] Level 1:colcon.colcon_core.environment:checking '/home/scv/SCV/install/hunter_msgs' for CMake module files
[0.746s] DEBUG:colcon.colcon_core.event_handler.log_command:Invoked command in '/home/scv/SCV/build/hunter_msgs' returned '0': CMAKE_PREFIX_PATH=/opt/ros/humble /usr/bin/cmake --install /home/scv/SCV/build/hunter_msgs
[0.746s] Level 1:colcon.colcon_core.environment:checking '/home/scv/SCV/install/hunter_msgs' for CMake config files
[0.747s] Level 1:colcon.colcon_core.shell:create_environment_hook('hunter_msgs', 'cmake_prefix_path')
[0.747s] INFO:colcon.colcon_core.shell:Creating environment hook '/home/scv/SCV/install/hunter_msgs/share/hunter_msgs/hook/cmake_prefix_path.ps1'
[0.748s] INFO:colcon.colcon_core.shell:Creating environment descriptor '/home/scv/SCV/install/hunter_msgs/share/hunter_msgs/hook/cmake_prefix_path.dsv'
[0.748s] INFO:colcon.colcon_core.shell:Creating environment hook '/home/scv/SCV/install/hunter_msgs/share/hunter_msgs/hook/cmake_prefix_path.sh'
[0.748s] Level 1:colcon.colcon_core.environment:checking '/home/scv/SCV/install/hunter_msgs/lib'
[0.748s] Level 1:colcon.colcon_core.shell:create_environment_hook('hunter_msgs', 'ld_library_path_lib')
[0.749s] INFO:colcon.colcon_core.shell:Creating environment hook '/home/scv/SCV/install/hunter_msgs/share/hunter_msgs/hook/ld_library_path_lib.ps1'
[0.749s] INFO:colcon.colcon_core.shell:Creating environment descriptor '/home/scv/SCV/install/hunter_msgs/share/hunter_msgs/hook/ld_library_path_lib.dsv'
[0.749s] INFO:colcon.colcon_core.shell:Creating environment hook '/home/scv/SCV/install/hunter_msgs/share/hunter_msgs/hook/ld_library_path_lib.sh'
[0.750s] Level 1:colcon.colcon_core.environment:checking '/home/scv/SCV/install/hunter_msgs/bin'
[0.750s] Level 1:colcon.colcon_core.environment:checking '/home/scv/SCV/install/hunter_msgs/lib/pkgconfig/hunter_msgs.pc'
[0.750s] Level 1:colcon.colcon_core.environment:checking '/home/scv/SCV/install/hunter_msgs/lib/python3.10/site-packages'
[0.750s] Level 1:colcon.colcon_core.environment:checking '/home/scv/SCV/install/hunter_msgs/bin'
[0.750s] INFO:colcon.colcon_core.shell:Creating package script '/home/scv/SCV/install/hunter_msgs/share/hunter_msgs/package.ps1'
[0.751s] INFO:colcon.colcon_core.shell:Creating package descriptor '/home/scv/SCV/install/hunter_msgs/share/hunter_msgs/package.dsv'
[0.751s] INFO:colcon.colcon_core.shell:Creating package script '/home/scv/SCV/install/hunter_msgs/share/hunter_msgs/package.sh'
[0.752s] INFO:colcon.colcon_core.shell:Creating package script '/home/scv/SCV/install/hunter_msgs/share/hunter_msgs/package.bash'
[0.752s] INFO:colcon.colcon_core.shell:Creating package script '/home/scv/SCV/install/hunter_msgs/share/hunter_msgs/package.zsh'
[0.752s] Level 1:colcon.colcon_core.environment:create_file_with_runtime_dependencies(/home/scv/SCV/install/hunter_msgs/share/colcon-core/packages/hunter_msgs)
[0.753s] Level 1:colcon.colcon_core.environment:create_environment_scripts_only(hunter_msgs)
[0.753s] Level 1:colcon.colcon_core.environment:checking '/home/scv/SCV/install/hunter_msgs' for CMake module files
[0.753s] Level 1:colcon.colcon_core.environment:checking '/home/scv/SCV/install/hunter_msgs' for CMake config files
[0.754s] Level 1:colcon.colcon_core.shell:create_environment_hook('hunter_msgs', 'cmake_prefix_path')
[0.754s] INFO:colcon.colcon_core.shell:Creating environment hook '/home/scv/SCV/install/hunter_msgs/share/hunter_msgs/hook/cmake_prefix_path.ps1'
[0.754s] INFO:colcon.colcon_core.shell:Creating environment descriptor '/home/scv/SCV/install/hunter_msgs/share/hunter_msgs/hook/cmake_prefix_path.dsv'
[0.755s] INFO:colcon.colcon_core.shell:Creating environment hook '/home/scv/SCV/install/hunter_msgs/share/hunter_msgs/hook/cmake_prefix_path.sh'
[0.755s] Level 1:colcon.colcon_core.environment:checking '/home/scv/SCV/install/hunter_msgs/lib'
[0.755s] Level 1:colcon.colcon_core.shell:create_environment_hook('hunter_msgs', 'ld_library_path_lib')
[0.755s] INFO:colcon.colcon_core.shell:Creating environment hook '/home/scv/SCV/install/hunter_msgs/share/hunter_msgs/hook/ld_library_path_lib.ps1'
[0.756s] INFO:colcon.colcon_core.shell:Creating environment descriptor '/home/scv/SCV/install/hunter_msgs/share/hunter_msgs/hook/ld_library_path_lib.dsv'
[0.756s] INFO:colcon.colcon_core.shell:Creating environment hook '/home/scv/SCV/install/hunter_msgs/share/hunter_msgs/hook/ld_library_path_lib.sh'
[0.756s] Level 1:colcon.colcon_core.environment:checking '/home/scv/SCV/install/hunter_msgs/bin'
[0.756s] Level 1:colcon.colcon_core.environment:checking '/home/scv/SCV/install/hunter_msgs/lib/pkgconfig/hunter_msgs.pc'
[0.757s] Level 1:colcon.colcon_core.environment:checking '/home/scv/SCV/install/hunter_msgs/lib/python3.10/site-packages'
[0.757s] Level 1:colcon.colcon_core.environment:checking '/home/scv/SCV/install/hunter_msgs/bin'
[0.757s] INFO:colcon.colcon_core.shell:Creating package script '/home/scv/SCV/install/hunter_msgs/share/hunter_msgs/package.ps1'
[0.758s] INFO:colcon.colcon_core.shell:Creating package descriptor '/home/scv/SCV/install/hunter_msgs/share/hunter_msgs/package.dsv'
[0.758s] INFO:colcon.colcon_core.shell:Creating package script '/home/scv/SCV/install/hunter_msgs/share/hunter_msgs/package.sh'
[0.758s] INFO:colcon.colcon_core.shell:Creating package script '/home/scv/SCV/install/hunter_msgs/share/hunter_msgs/package.bash'
[0.759s] INFO:colcon.colcon_core.shell:Creating package script '/home/scv/SCV/install/hunter_msgs/share/hunter_msgs/package.zsh'
[0.759s] Level 1:colcon.colcon_core.environment:create_file_with_runtime_dependencies(/home/scv/SCV/install/hunter_msgs/share/colcon-core/packages/hunter_msgs)
[0.759s] INFO:colcon.colcon_ros.task.ament_cmake.build:Building ROS package in '/home/scv/SCV/src/vehicle/SCV_hunter_ros2/hunter_base' with build type 'ament_cmake'
[0.760s] INFO:colcon.colcon_cmake.task.cmake.build:Building CMake package in '/home/scv/SCV/src/vehicle/SCV_hunter_ros2/hunter_base'
[0.760s] INFO:colcon.colcon_core.shell:Skip shell extension 'powershell' for command environment: Not usable outside of PowerShell
[0.760s] DEBUG:colcon.colcon_core.shell:Skip shell extension 'dsv' for command environment
[0.768s] DEBUG:colcon.colcon_core.event_handler.log_command:Invoking command in '/home/scv/SCV/build/hunter_base': AMENT_PREFIX_PATH=/home/scv/SCV/install/hunter_msgs:${AMENT_PREFIX_PATH} CMAKE_PREFIX_PATH=/opt/ros/humble:/home/scv/SCV/install/ugv_sdk:/home/scv/SCV/install/hunter_msgs LD_LIBRARY_PATH=/home/scv/SCV/install/hunter_msgs/lib:${LD_LIBRARY_PATH} PKG_CONFIG_PATH=/home/scv/SCV/install/ugv_sdk/lib/x86_64-linux-gnu/pkgconfig:/home/scv/SCV/install/ugv_sdk/lib/pkgconfig PYTHONPATH=/home/scv/SCV/install/hunter_msgs/local/lib/python3.10/dist-packages:${PYTHONPATH} ROS_PACKAGE_PATH=/home/scv/SCV/install/ugv_sdk/share /usr/bin/cmake --build /home/scv/SCV/build/hunter_base -- -j8 -l8
[5.779s] Level 1:colcon.colcon_core.environment:create_environment_scripts_only(hunter_base)
[5.779s] Level 1:colcon.colcon_core.environment:checking '/home/scv/SCV/install/hunter_base' for CMake module files
[5.780s] DEBUG:colcon.colcon_core.event_handler.log_command:Invoked command in '/home/scv/SCV/build/hunter_base' returned '2': AMENT_PREFIX_PATH=/home/scv/SCV/install/hunter_msgs:${AMENT_PREFIX_PATH} CMAKE_PREFIX_PATH=/opt/ros/humble:/home/scv/SCV/install/ugv_sdk:/home/scv/SCV/install/hunter_msgs LD_LIBRARY_PATH=/home/scv/SCV/install/hunter_msgs/lib:${LD_LIBRARY_PATH} PKG_CONFIG_PATH=/home/scv/SCV/install/ugv_sdk/lib/x86_64-linux-gnu/pkgconfig:/home/scv/SCV/install/ugv_sdk/lib/pkgconfig PYTHONPATH=/home/scv/SCV/install/hunter_msgs/local/lib/python3.10/dist-packages:${PYTHONPATH} ROS_PACKAGE_PATH=/home/scv/SCV/install/ugv_sdk/share /usr/bin/cmake --build /home/scv/SCV/build/hunter_base -- -j8 -l8
[5.780s] Level 1:colcon.colcon_core.environment:checking '/home/scv/SCV/install/hunter_base' for CMake config files
[5.780s] Level 1:colcon.colcon_core.environment:checking '/home/scv/SCV/install/hunter_base/bin'
[5.780s] Level 1:colcon.colcon_core.environment:checking '/home/scv/SCV/install/hunter_base/lib/pkgconfig/hunter_base.pc'
[5.780s] Level 1:colcon.colcon_core.environment:checking '/home/scv/SCV/install/hunter_base/lib/python3.10/site-packages'
[5.781s] Level 1:colcon.colcon_core.environment:checking '/home/scv/SCV/install/hunter_base/bin'
[5.781s] INFO:colcon.colcon_core.shell:Creating package script '/home/scv/SCV/install/hunter_base/share/hunter_base/package.ps1'
[5.781s] INFO:colcon.colcon_core.shell:Creating package descriptor '/home/scv/SCV/install/hunter_base/share/hunter_base/package.dsv'
[5.781s] INFO:colcon.colcon_core.shell:Creating package script '/home/scv/SCV/install/hunter_base/share/hunter_base/package.sh'
[5.782s] INFO:colcon.colcon_core.shell:Creating package script '/home/scv/SCV/install/hunter_base/share/hunter_base/package.bash'
[5.782s] INFO:colcon.colcon_core.shell:Creating package script '/home/scv/SCV/install/hunter_base/share/hunter_base/package.zsh'
[5.782s] Level 1:colcon.colcon_core.environment:create_file_with_runtime_dependencies(/home/scv/SCV/install/hunter_base/share/colcon-core/packages/hunter_base)
[5.793s] DEBUG:colcon.colcon_parallel_executor.executor.parallel:closing loop
[5.793s] DEBUG:colcon.colcon_parallel_executor.executor.parallel:loop closed
[5.793s] DEBUG:colcon.colcon_parallel_executor.executor.parallel:run_until_complete finished with '2'
[5.793s] DEBUG:colcon.colcon_core.event_reactor:joining thread
[5.797s] INFO:colcon.colcon_core.plugin_system:Skipping extension 'colcon_notification.desktop_notification.terminal_notifier': Not used on non-Darwin systems
[5.797s] INFO:colcon.colcon_core.plugin_system:Skipping extension 'colcon_notification.desktop_notification.win32': Not used on non-Windows systems
[5.797s] INFO:colcon.colcon_notification.desktop_notification:Sending desktop notification using 'notify2'
[5.806s] DEBUG:colcon.colcon_core.event_reactor:joined thread
[5.807s] INFO:colcon.colcon_core.shell:Creating prefix script '/home/scv/SCV/install/local_setup.ps1'
[5.807s] INFO:colcon.colcon_core.shell:Creating prefix util module '/home/scv/SCV/install/_local_setup_util_ps1.py'
[5.809s] INFO:colcon.colcon_core.shell:Creating prefix chain script '/home/scv/SCV/install/setup.ps1'
[5.809s] INFO:colcon.colcon_core.shell:Creating prefix script '/home/scv/SCV/install/local_setup.sh'
[5.810s] INFO:colcon.colcon_core.shell:Creating prefix util module '/home/scv/SCV/install/_local_setup_util_sh.py'
[5.810s] INFO:colcon.colcon_core.shell:Creating prefix chain script '/home/scv/SCV/install/setup.sh'
[5.811s] INFO:colcon.colcon_core.shell:Creating prefix script '/home/scv/SCV/install/local_setup.bash'
[5.811s] INFO:colcon.colcon_core.shell:Creating prefix chain script '/home/scv/SCV/install/setup.bash'
[5.812s] INFO:colcon.colcon_core.shell:Creating prefix script '/home/scv/SCV/install/local_setup.zsh'
[5.812s] INFO:colcon.colcon_core.shell:Creating prefix chain script '/home/scv/SCV/install/setup.zsh'
