[0.014s] Invoking command in '/home/scv/SCV/build/zed_ros2': AMENT_PREFIX_PATH=/home/scv/SCV/install/zed_wrapper:/home/scv/SCV/install/zed_components:${AMENT_PREFIX_PATH} CMAKE_PREFIX_PATH=/home/scv/SCV/install/zed_wrapper:/home/scv/SCV/install/zed_components:/opt/ros/humble LD_LIBRARY_PATH=/home/scv/SCV/install/zed_components/lib:${LD_LIBRARY_PATH} /usr/bin/cmake --build /home/scv/SCV/build/zed_ros2 -- -j8 -l8
[0.075s] Invoked command in '/home/scv/SCV/build/zed_ros2' returned '0': AMENT_PREFIX_PATH=/home/scv/SCV/install/zed_wrapper:/home/scv/SCV/install/zed_components:${AMENT_PREFIX_PATH} CMAKE_PREFIX_PATH=/home/scv/SCV/install/zed_wrapper:/home/scv/SCV/install/zed_components:/opt/ros/humble LD_LIBRARY_PATH=/home/scv/SCV/install/zed_components/lib:${LD_LIBRARY_PATH} /usr/bin/cmake --build /home/scv/SCV/build/zed_ros2 -- -j8 -l8
[0.075s] Invoking command in '/home/scv/SCV/build/zed_ros2': AMENT_PREFIX_PATH=/home/scv/SCV/install/zed_wrapper:/home/scv/SCV/install/zed_components:${AMENT_PREFIX_PATH} CMAKE_PREFIX_PATH=/home/scv/SCV/install/zed_wrapper:/home/scv/SCV/install/zed_components:/opt/ros/humble LD_LIBRARY_PATH=/home/scv/SCV/install/zed_components/lib:${LD_LIBRARY_PATH} /usr/bin/cmake --install /home/scv/SCV/build/zed_ros2
[0.084s] -- Install configuration: "Release"
[0.085s] -- Execute custom install script
[0.085s] -- Up-to-date symlink: /home/scv/SCV/install/zed_ros2/share/ament_index/resource_index/package_run_dependencies/zed_ros2
[0.086s] -- Up-to-date symlink: /home/scv/SCV/install/zed_ros2/share/ament_index/resource_index/parent_prefix_path/zed_ros2
[0.086s] -- Up-to-date symlink: /home/scv/SCV/install/zed_ros2/share/zed_ros2/environment/ament_prefix_path.sh
[0.086s] -- Up-to-date symlink: /home/scv/SCV/install/zed_ros2/share/zed_ros2/environment/ament_prefix_path.dsv
[0.087s] -- Up-to-date symlink: /home/scv/SCV/install/zed_ros2/share/zed_ros2/environment/path.sh
[0.087s] -- Up-to-date symlink: /home/scv/SCV/install/zed_ros2/share/zed_ros2/environment/path.dsv
[0.088s] -- Up-to-date symlink: /home/scv/SCV/install/zed_ros2/share/zed_ros2/local_setup.bash
[0.088s] -- Up-to-date symlink: /home/scv/SCV/install/zed_ros2/share/zed_ros2/local_setup.sh
[0.088s] -- Up-to-date symlink: /home/scv/SCV/install/zed_ros2/share/zed_ros2/local_setup.zsh
[0.088s] -- Up-to-date symlink: /home/scv/SCV/install/zed_ros2/share/zed_ros2/local_setup.dsv
[0.088s] -- Symlinking: /home/scv/SCV/install/zed_ros2/share/zed_ros2/package.dsv
[0.098s] -- Up-to-date symlink: /home/scv/SCV/install/zed_ros2/share/ament_index/resource_index/packages/zed_ros2
[0.098s] -- Up-to-date symlink: /home/scv/SCV/install/zed_ros2/share/zed_ros2/cmake/zed_ros2Config.cmake
[0.098s] -- Up-to-date symlink: /home/scv/SCV/install/zed_ros2/share/zed_ros2/cmake/zed_ros2Config-version.cmake
[0.107s] -- Up-to-date symlink: /home/scv/SCV/install/zed_ros2/share/zed_ros2/package.xml
[0.107s] Invoked command in '/home/scv/SCV/build/zed_ros2' returned '0': AMENT_PREFIX_PATH=/home/scv/SCV/install/zed_wrapper:/home/scv/SCV/install/zed_components:${AMENT_PREFIX_PATH} CMAKE_PREFIX_PATH=/home/scv/SCV/install/zed_wrapper:/home/scv/SCV/install/zed_components:/opt/ros/humble LD_LIBRARY_PATH=/home/scv/SCV/install/zed_components/lib:${LD_LIBRARY_PATH} /usr/bin/cmake --install /home/scv/SCV/build/zed_ros2
