[0.016s] Invoking command in '/home/scv/SCV/build/ublox_serialization': CMAKE_PREFIX_PATH=${CMAKE_PREFIX_PATH}:/opt/ros/humble /usr/bin/cmake /home/scv/SCV/src/sensor_pkg/ublox/ublox_serialization -DCMAKE_INSTALL_PREFIX=/home/scv/SCV/install/ublox_serialization
[0.069s] -- The C compiler identification is GNU 11.4.0
[0.126s] -- The CXX compiler identification is GNU 11.4.0
[0.133s] -- Detecting C compiler ABI info
[0.200s] -- Detecting C compiler ABI info - done
[0.210s] -- Check for working C compiler: /usr/bin/cc - skipped
[0.210s] -- Detecting C compile features
[0.210s] -- Detecting C compile features - done
[0.212s] -- Detecting CXX compiler ABI info
[0.295s] -- Detecting CXX compiler ABI info - done
[0.306s] -- Check for working CXX compiler: /usr/bin/c++ - skipped
[0.306s] -- Detecting CXX compile features
[0.306s] -- Detecting CXX compile features - done
[0.306s] -- Found ament_cmake: 1.3.11 (/opt/ros/humble/share/ament_cmake/cmake)
[0.485s] -- Found Python3: /usr/bin/python3 (found version "3.10.12") found components: Interpreter 
[0.784s] -- Configuring done
[0.791s] -- Generating done
[0.791s] -- Build files have been written to: /home/scv/SCV/build/ublox_serialization
[0.800s] Invoked command in '/home/scv/SCV/build/ublox_serialization' returned '0': CMAKE_PREFIX_PATH=${CMAKE_PREFIX_PATH}:/opt/ros/humble /usr/bin/cmake /home/scv/SCV/src/sensor_pkg/ublox/ublox_serialization -DCMAKE_INSTALL_PREFIX=/home/scv/SCV/install/ublox_serialization
[0.801s] Invoking command in '/home/scv/SCV/build/ublox_serialization': CMAKE_PREFIX_PATH=${CMAKE_PREFIX_PATH}:/opt/ros/humble /usr/bin/cmake --build /home/scv/SCV/build/ublox_serialization -- -j8 -l8
[0.885s] Invoked command in '/home/scv/SCV/build/ublox_serialization' returned '0': CMAKE_PREFIX_PATH=${CMAKE_PREFIX_PATH}:/opt/ros/humble /usr/bin/cmake --build /home/scv/SCV/build/ublox_serialization -- -j8 -l8
[0.909s] Invoking command in '/home/scv/SCV/build/ublox_serialization': CMAKE_PREFIX_PATH=${CMAKE_PREFIX_PATH}:/opt/ros/humble /usr/bin/cmake --install /home/scv/SCV/build/ublox_serialization
[0.926s] -- Install configuration: ""
[0.927s] -- Installing: /home/scv/SCV/install/ublox_serialization/include/ublox_serialization
[0.930s] -- Installing: /home/scv/SCV/install/ublox_serialization/include/ublox_serialization/ublox_serialization
[0.931s] -- Installing: /home/scv/SCV/install/ublox_serialization/include/ublox_serialization/ublox_serialization/serialization.hpp
[0.931s] -- Installing: /home/scv/SCV/install/ublox_serialization/include/ublox_serialization/ublox_serialization/checksum.hpp
[0.934s] -- Installing: /home/scv/SCV/install/ublox_serialization/share/ament_index/resource_index/package_run_dependencies/ublox_serialization
[0.945s] -- Installing: /home/scv/SCV/install/ublox_serialization/share/ament_index/resource_index/parent_prefix_path/ublox_serialization
[0.945s] -- Installing: /home/scv/SCV/install/ublox_serialization/share/ublox_serialization/environment/ament_prefix_path.sh
[0.945s] -- Installing: /home/scv/SCV/install/ublox_serialization/share/ublox_serialization/environment/ament_prefix_path.dsv
[0.945s] -- Installing: /home/scv/SCV/install/ublox_serialization/share/ublox_serialization/environment/path.sh
[0.945s] -- Installing: /home/scv/SCV/install/ublox_serialization/share/ublox_serialization/environment/path.dsv
[0.945s] -- Installing: /home/scv/SCV/install/ublox_serialization/share/ublox_serialization/local_setup.bash
[0.945s] -- Installing: /home/scv/SCV/install/ublox_serialization/share/ublox_serialization/local_setup.sh
[0.945s] -- Installing: /home/scv/SCV/install/ublox_serialization/share/ublox_serialization/local_setup.zsh
[0.945s] -- Installing: /home/scv/SCV/install/ublox_serialization/share/ublox_serialization/local_setup.dsv
[0.945s] -- Installing: /home/scv/SCV/install/ublox_serialization/share/ublox_serialization/package.dsv
[0.946s] -- Installing: /home/scv/SCV/install/ublox_serialization/share/ament_index/resource_index/packages/ublox_serialization
[0.946s] -- Installing: /home/scv/SCV/install/ublox_serialization/share/ublox_serialization/cmake/export_ublox_serializationExport.cmake
[0.946s] -- Installing: /home/scv/SCV/install/ublox_serialization/share/ublox_serialization/cmake/ament_cmake_export_include_directories-extras.cmake
[0.946s] -- Installing: /home/scv/SCV/install/ublox_serialization/share/ublox_serialization/cmake/ament_cmake_export_targets-extras.cmake
[0.946s] -- Installing: /home/scv/SCV/install/ublox_serialization/share/ublox_serialization/cmake/ublox_serializationConfig.cmake
[0.946s] -- Installing: /home/scv/SCV/install/ublox_serialization/share/ublox_serialization/cmake/ublox_serializationConfig-version.cmake
[0.946s] -- Installing: /home/scv/SCV/install/ublox_serialization/share/ublox_serialization/package.xml
[0.946s] Invoked command in '/home/scv/SCV/build/ublox_serialization' returned '0': CMAKE_PREFIX_PATH=${CMAKE_PREFIX_PATH}:/opt/ros/humble /usr/bin/cmake --install /home/scv/SCV/build/ublox_serialization
