[0.007s] Invoking command in '/home/ssc/SCV/build/zed_components': CMAKE_PREFIX_PATH=${CMAKE_PREFIX_PATH}:/opt/ros/humble /usr/bin/cmake /home/ssc/SCV/src/sensor_pkg/zed-ros2-wrapper/zed_components -DCMAKE_BUILD_TYPE=Release -DAMENT_CMAKE_SYMLINK_INSTALL=1 -DCMAKE_INSTALL_PREFIX=/home/ssc/SCV/install/zed_components
[0.043s] -- Found CUDA: /usr/local/cuda (found suitable version "12.8", minimum required is "12") 
[0.071s] -- Found CUDA: /usr/local/cuda (found version "12.8") 
[0.072s] -- Found ament_cmake_auto: 1.3.11 (/opt/ros/humble/share/ament_cmake_auto/cmake)
[0.153s] -- Override CMake install command with custom implementation using symlinks instead of copying resources
[0.211s] -- Found rosidl_generator_c: 3.1.6 (/opt/ros/humble/share/rosidl_generator_c/cmake)
[0.213s] -- Found rosidl_adapter: 3.1.6 (/opt/ros/humble/share/rosidl_adapter/cmake)
[0.216s] -- Found rosidl_generator_cpp: 3.1.6 (/opt/ros/humble/share/rosidl_generator_cpp/cmake)
[0.223s] -- Using all available rosidl_typesupport_c: rosidl_typesupport_fastrtps_c;rosidl_typesupport_introspection_c
[0.230s] -- Using all available rosidl_typesupport_cpp: rosidl_typesupport_fastrtps_cpp;rosidl_typesupport_introspection_cpp
[0.286s] -- Found rmw_implementation_cmake: 6.1.2 (/opt/ros/humble/share/rmw_implementation_cmake/cmake)
[0.286s] -- Found rmw_fastrtps_cpp: 6.2.7 (/opt/ros/humble/share/rmw_fastrtps_cpp/cmake)
[0.353s] -- Using RMW implementation 'rmw_fastrtps_cpp' as default
[0.483s] -- Found eigen3_cmake_module: 0.1.1 (/opt/ros/humble/share/eigen3_cmake_module/cmake)
[0.484s] -- Ensuring Eigen3 include directory is part of orocos-kdl CMake target
[0.545s] -- Found ament_lint_auto: 0.12.12 (/opt/ros/humble/share/ament_lint_auto/cmake)
[0.567s] -- Added test 'copyright' to check source files copyright and LICENSE
[0.568s] -- Added test 'cppcheck' to perform static code analysis on C / C++ code
[0.568s] -- Configured cppcheck include dirs: /home/ssc/SCV/src/sensor_pkg/zed-ros2-wrapper/zed_components/src/include;/home/ssc/SCV/src/sensor_pkg/zed-ros2-wrapper/zed_components/src/zed_camera/include;/home/ssc/SCV/src/sensor_pkg/zed-ros2-wrapper/zed_components/src/tools/include
[0.568s] -- Configured cppcheck exclude dirs and/or files: 
[0.568s] -- Added test 'lint_cmake' to check CMake code style
[0.569s] -- Added test 'uncrustify' to check C / C++ code style
[0.569s] -- Configured uncrustify additional arguments: 
[0.569s] -- Added test 'xmllint' to check XML markup files
[0.571s] -- Configuring done
[0.588s] -- Generating done
[0.593s] -- Build files have been written to: /home/ssc/SCV/build/zed_components
[0.600s] Invoked command in '/home/ssc/SCV/build/zed_components' returned '0': CMAKE_PREFIX_PATH=${CMAKE_PREFIX_PATH}:/opt/ros/humble /usr/bin/cmake /home/ssc/SCV/src/sensor_pkg/zed-ros2-wrapper/zed_components -DCMAKE_BUILD_TYPE=Release -DAMENT_CMAKE_SYMLINK_INSTALL=1 -DCMAKE_INSTALL_PREFIX=/home/ssc/SCV/install/zed_components
[0.601s] Invoking command in '/home/ssc/SCV/build/zed_components': CMAKE_PREFIX_PATH=${CMAKE_PREFIX_PATH}:/opt/ros/humble /usr/bin/cmake --build /home/ssc/SCV/build/zed_components -- -j24 -l24
[0.639s] [35m[1mConsolidate compiler generated dependencies of target zed_camera_one_component[0m
[0.642s] [35m[1mConsolidate compiler generated dependencies of target zed_camera_component[0m
[0.660s] [  6%] [32m[1mLinking CXX shared library libzed_camera_one_component.so[0m
[0.668s] [ 13%] [32m[1mLinking CXX shared library libzed_camera_component.so[0m
[0.896s] [ 46%] Built target zed_camera_one_component
[1.072s] [100%] Built target zed_camera_component
[1.080s] Invoked command in '/home/ssc/SCV/build/zed_components' returned '0': CMAKE_PREFIX_PATH=${CMAKE_PREFIX_PATH}:/opt/ros/humble /usr/bin/cmake --build /home/ssc/SCV/build/zed_components -- -j24 -l24
[1.081s] Invoking command in '/home/ssc/SCV/build/zed_components': CMAKE_PREFIX_PATH=${CMAKE_PREFIX_PATH}:/opt/ros/humble /usr/bin/cmake --install /home/ssc/SCV/build/zed_components
[1.086s] -- Install configuration: "Release"
[1.087s] -- Execute custom install script
[1.087s] -- Symlinking: /home/ssc/SCV/install/zed_components/lib/libzed_camera_component.so
[1.093s] -- Symlinking: /home/ssc/SCV/install/zed_components/lib/libzed_camera_one_component.so
[1.101s] -- Symlinking: /home/ssc/SCV/install/zed_components/include/zed_components//cost_traversability.hpp
[1.107s] -- Symlinking: /home/ssc/SCV/install/zed_components/include/zed_components//zed_camera_component.hpp
[1.114s] -- Symlinking: /home/ssc/SCV/install/zed_components/include/zed_components//zed_camera_one_component.hpp
[1.121s] -- Symlinking: /home/ssc/SCV/install/zed_components/include/zed_components//gnss_replay.hpp
[1.128s] -- Symlinking: /home/ssc/SCV/install/zed_components/include/zed_components//json.hpp
[1.134s] -- Symlinking: /home/ssc/SCV/install/zed_components/include/zed_components//sl_logging.hpp
[1.140s] -- Symlinking: /home/ssc/SCV/install/zed_components/include/zed_components//sl_tools.hpp
[1.147s] -- Symlinking: /home/ssc/SCV/install/zed_components/include/zed_components//sl_types.hpp
[1.153s] -- Symlinking: /home/ssc/SCV/install/zed_components/include/zed_components//sl_win_avg.hpp
[1.159s] -- Symlinking: /home/ssc/SCV/install/zed_components/include/zed_components//visibility_control.hpp
[1.165s] -- Symlinking: /home/ssc/SCV/install/zed_components/share/zed_components/environment/library_path.sh
[1.171s] -- Symlinking: /home/ssc/SCV/install/zed_components/share/zed_components/environment/library_path.dsv
[1.177s] -- Symlinking: /home/ssc/SCV/install/zed_components/share/ament_index/resource_index/package_run_dependencies/zed_components
[1.183s] -- Symlinking: /home/ssc/SCV/install/zed_components/share/ament_index/resource_index/parent_prefix_path/zed_components
[1.189s] -- Symlinking: /home/ssc/SCV/install/zed_components/share/zed_components/environment/ament_prefix_path.sh
[1.195s] -- Symlinking: /home/ssc/SCV/install/zed_components/share/zed_components/environment/ament_prefix_path.dsv
[1.202s] -- Symlinking: /home/ssc/SCV/install/zed_components/share/zed_components/environment/path.sh
[1.207s] -- Symlinking: /home/ssc/SCV/install/zed_components/share/zed_components/environment/path.dsv
[1.213s] -- Symlinking: /home/ssc/SCV/install/zed_components/share/zed_components/local_setup.bash
[1.220s] -- Symlinking: /home/ssc/SCV/install/zed_components/share/zed_components/local_setup.sh
[1.226s] -- Symlinking: /home/ssc/SCV/install/zed_components/share/zed_components/local_setup.zsh
[1.232s] -- Symlinking: /home/ssc/SCV/install/zed_components/share/zed_components/local_setup.dsv
[1.239s] -- Symlinking: /home/ssc/SCV/install/zed_components/share/zed_components/package.dsv
[1.245s] -- Symlinking: /home/ssc/SCV/install/zed_components/share/ament_index/resource_index/packages/zed_components
[1.251s] -- Symlinking: /home/ssc/SCV/install/zed_components/share/ament_index/resource_index/rclcpp_components/zed_components
[1.257s] -- Symlinking: /home/ssc/SCV/install/zed_components/share/zed_components/cmake/ament_cmake_export_include_directories-extras.cmake
[1.262s] -- Symlinking: /home/ssc/SCV/install/zed_components/share/zed_components/cmake/ament_cmake_export_libraries-extras.cmake
[1.268s] -- Symlinking: /home/ssc/SCV/install/zed_components/share/zed_components/cmake/ament_cmake_export_dependencies-extras.cmake
[1.274s] -- Symlinking: /home/ssc/SCV/install/zed_components/share/zed_components/cmake/zed_componentsConfig.cmake
[1.280s] -- Symlinking: /home/ssc/SCV/install/zed_components/share/zed_components/cmake/zed_componentsConfig-version.cmake
[1.286s] -- Symlinking: /home/ssc/SCV/install/zed_components/share/zed_components/package.xml
[1.294s] Invoked command in '/home/ssc/SCV/build/zed_components' returned '0': CMAKE_PREFIX_PATH=${CMAKE_PREFIX_PATH}:/opt/ros/humble /usr/bin/cmake --install /home/ssc/SCV/build/zed_components
