[0.015s] Invoking command in '/home/scv/SCV/build/ugv_sdk': /usr/bin/cmake /home/scv/SCV/src/vehicle/SCV_ugv_sdk -DCATKIN_INSTALL_INTO_PREFIX_ROOT=0 -DCMAKE_INSTALL_PREFIX=/home/scv/SCV/install/ugv_sdk
[0.030s] -- Build package with cmake
[0.030s] -- Tests will not be built
[0.033s] -- Project will be installed to /home/scv/SCV/install/ugv_sdk with 'make install'
[0.034s] --  - To install LIB components to /home/scv/SCV/install/ugv_sdk/lib
[0.035s] --  - To install BIN components to /home/scv/SCV/install/ugv_sdk/bin
[0.035s] --  - To install INCLUDE components to /home/scv/SCV/install/ugv_sdk/include
[0.036s] --  - To install CMAKE components to /home/scv/SCV/install/ugv_sdk/share/cmake/ugv_sdk
[0.041s] -- Configuring done
[0.062s] -- Generating done
[0.068s] -- Build files have been written to: /home/scv/SCV/build/ugv_sdk
[0.073s] Invoked command in '/home/scv/SCV/build/ugv_sdk' returned '0': /usr/bin/cmake /home/scv/SCV/src/vehicle/SCV_ugv_sdk -DCATKIN_INSTALL_INTO_PREFIX_ROOT=0 -DCMAKE_INSTALL_PREFIX=/home/scv/SCV/install/ugv_sdk
[0.074s] Invoking command in '/home/scv/SCV/build/ugv_sdk': /usr/bin/cmake --build /home/scv/SCV/build/ugv_sdk -- -j8 -l8
[0.113s] [35m[1mConsolidate compiler generated dependencies of target ugv_sdk[0m
[0.152s] [ 41%] Built target ugv_sdk
[0.167s] [35m[1mConsolidate compiler generated dependencies of target demo_scout_mini_omni_robot[0m
[0.168s] [35m[1mConsolidate compiler generated dependencies of target demo_scout_robot[0m
[0.170s] [35m[1mConsolidate compiler generated dependencies of target demo_tracer_robot[0m
[0.175s] [35m[1mConsolidate compiler generated dependencies of target demo_ranger_robot[0m
[0.176s] [35m[1mConsolidate compiler generated dependencies of target demo_protocol_detector[0m
[0.177s] [35m[1mConsolidate compiler generated dependencies of target demo_bunker_robot[0m
[0.179s] [35m[1mConsolidate compiler generated dependencies of target demo_hunter_robot[0m
[0.184s] [ 50%] Built target demo_scout_robot
[0.193s] [ 58%] Built target demo_scout_mini_omni_robot
[0.197s] [ 66%] Built target demo_ranger_robot
[0.198s] [ 75%] Built target demo_hunter_robot
[0.200s] [ 83%] Built target demo_protocol_detector
[0.202s] [ 91%] Built target demo_tracer_robot
[0.203s] [100%] Built target demo_bunker_robot
[0.215s] Invoked command in '/home/scv/SCV/build/ugv_sdk' returned '0': /usr/bin/cmake --build /home/scv/SCV/build/ugv_sdk -- -j8 -l8
[0.226s] Invoking command in '/home/scv/SCV/build/ugv_sdk': /usr/bin/cmake --install /home/scv/SCV/build/ugv_sdk
[0.232s] -- Install configuration: "Release"
[0.234s] -- Up-to-date: /home/scv/SCV/install/ugv_sdk/lib/libugv_sdk.a
[0.234s] -- Up-to-date: /home/scv/SCV/install/ugv_sdk/include/ugv_sdk
[0.234s] -- Up-to-date: /home/scv/SCV/install/ugv_sdk/include/ugv_sdk/mobile_robot
[0.234s] -- Up-to-date: /home/scv/SCV/install/ugv_sdk/include/ugv_sdk/mobile_robot/ranger_robot.hpp
[0.234s] -- Up-to-date: /home/scv/SCV/install/ugv_sdk/include/ugv_sdk/mobile_robot/scout_robot.hpp
[0.234s] -- Up-to-date: /home/scv/SCV/install/ugv_sdk/include/ugv_sdk/mobile_robot/tracer_robot.hpp
[0.234s] -- Up-to-date: /home/scv/SCV/install/ugv_sdk/include/ugv_sdk/mobile_robot/hunter_robot.hpp
[0.235s] -- Up-to-date: /home/scv/SCV/install/ugv_sdk/include/ugv_sdk/mobile_robot/bunker_robot.hpp
[0.235s] -- Up-to-date: /home/scv/SCV/install/ugv_sdk/include/ugv_sdk/utilities
[0.235s] -- Up-to-date: /home/scv/SCV/install/ugv_sdk/include/ugv_sdk/utilities/protocol_detector.hpp
[0.235s] -- Up-to-date: /home/scv/SCV/install/ugv_sdk/include/ugv_sdk/utilities/stopwatch.hpp
[0.235s] -- Up-to-date: /home/scv/SCV/install/ugv_sdk/include/ugv_sdk/details
[0.235s] -- Up-to-date: /home/scv/SCV/install/ugv_sdk/include/ugv_sdk/details/robot_base
[0.235s] -- Up-to-date: /home/scv/SCV/install/ugv_sdk/include/ugv_sdk/details/robot_base/ranger_base.hpp
[0.235s] -- Up-to-date: /home/scv/SCV/install/ugv_sdk/include/ugv_sdk/details/robot_base/agilex_base.hpp
[0.235s] -- Up-to-date: /home/scv/SCV/install/ugv_sdk/include/ugv_sdk/details/robot_base/tracer_base.hpp
[0.235s] -- Up-to-date: /home/scv/SCV/install/ugv_sdk/include/ugv_sdk/details/robot_base/scout_base.hpp
[0.235s] -- Up-to-date: /home/scv/SCV/install/ugv_sdk/include/ugv_sdk/details/robot_base/bunker_base.hpp
[0.235s] -- Up-to-date: /home/scv/SCV/install/ugv_sdk/include/ugv_sdk/details/robot_base/hunter_base.hpp
[0.235s] -- Up-to-date: /home/scv/SCV/install/ugv_sdk/include/ugv_sdk/details/interface
[0.235s] -- Up-to-date: /home/scv/SCV/install/ugv_sdk/include/ugv_sdk/details/interface/agilex_types.h
[0.235s] -- Up-to-date: /home/scv/SCV/install/ugv_sdk/include/ugv_sdk/details/interface/scout_interface.hpp
[0.236s] -- Up-to-date: /home/scv/SCV/install/ugv_sdk/include/ugv_sdk/details/interface/tracer_interface.hpp
[0.236s] -- Up-to-date: /home/scv/SCV/install/ugv_sdk/include/ugv_sdk/details/interface/parser_interface.hpp
[0.236s] -- Up-to-date: /home/scv/SCV/install/ugv_sdk/include/ugv_sdk/details/interface/bunker_interface.hpp
[0.236s] -- Up-to-date: /home/scv/SCV/install/ugv_sdk/include/ugv_sdk/details/interface/agilex_message.h
[0.236s] -- Up-to-date: /home/scv/SCV/install/ugv_sdk/include/ugv_sdk/details/interface/robot_common_interface.hpp
[0.236s] -- Up-to-date: /home/scv/SCV/install/ugv_sdk/include/ugv_sdk/details/interface/hunter_interface.hpp
[0.236s] -- Up-to-date: /home/scv/SCV/install/ugv_sdk/include/ugv_sdk/details/interface/ranger_interface.hpp
[0.236s] -- Up-to-date: /home/scv/SCV/install/ugv_sdk/include/ugv_sdk/details/protocol_v1
[0.236s] -- Up-to-date: /home/scv/SCV/install/ugv_sdk/include/ugv_sdk/details/protocol_v1/protocol_v1_parser.hpp
[0.236s] -- Up-to-date: /home/scv/SCV/install/ugv_sdk/include/ugv_sdk/details/protocol_v1/robot_limits.hpp
[0.236s] -- Up-to-date: /home/scv/SCV/install/ugv_sdk/include/ugv_sdk/details/protocol_v1/agilex_msg_parser_v1.h
[0.236s] -- Up-to-date: /home/scv/SCV/install/ugv_sdk/include/ugv_sdk/details/protocol_v2
[0.236s] -- Up-to-date: /home/scv/SCV/install/ugv_sdk/include/ugv_sdk/details/protocol_v2/protocol_v2_parser.hpp
[0.236s] -- Up-to-date: /home/scv/SCV/install/ugv_sdk/include/ugv_sdk/details/async_port
[0.236s] -- Up-to-date: /home/scv/SCV/install/ugv_sdk/include/ugv_sdk/details/async_port/async_can.hpp
[0.237s] -- Up-to-date: /home/scv/SCV/install/ugv_sdk/include/ugv_sdk/details/async_port/async_port_base.hpp
[0.237s] -- Up-to-date: /home/scv/SCV/install/ugv_sdk/include/ugv_sdk/details/async_port/async_serial.hpp
[0.237s] -- Up-to-date: /home/scv/SCV/install/ugv_sdk/include/ugv_sdk/details/async_port/ring_buffer.hpp
[0.237s] -- Up-to-date: /home/scv/SCV/install/ugv_sdk/lib/cmake/ugv_sdk/ugv_sdkTargets.cmake
[0.237s] -- Up-to-date: /home/scv/SCV/install/ugv_sdk/lib/cmake/ugv_sdk/ugv_sdkTargets-release.cmake
[0.237s] -- Up-to-date: /home/scv/SCV/install/ugv_sdk/lib/cmake/ugv_sdk/ugv_sdkConfig.cmake
[0.237s] -- Up-to-date: /home/scv/SCV/install/ugv_sdk/lib/cmake/ugv_sdk/ugv_sdkConfigVersion.cmake
[0.238s] Invoked command in '/home/scv/SCV/build/ugv_sdk' returned '0': /usr/bin/cmake --install /home/scv/SCV/build/ugv_sdk
