[0.010s] Invoking command in '/home/scv/SCV/build/zed_wrapper': AMENT_PREFIX_PATH=/home/scv/SCV/install/zed_components:${AMENT_PREFIX_PATH} CMAKE_PREFIX_PATH=/home/scv/SCV/install/zed_components:/opt/ros/humble LD_LIBRARY_PATH=/home/scv/SCV/install/zed_components/lib:${LD_LIBRARY_PATH} /usr/bin/cmake /home/scv/SCV/src/sensor_pkg/zed-ros2-wrapper/zed_wrapper -DCMAKE_BUILD_TYPE=Release -DAMENT_CMAKE_SYMLINK_INSTALL=1 -DCMAKE_INSTALL_PREFIX=/home/scv/SCV/install/zed_wrapper
[0.090s] -- The C compiler identification is GNU 11.4.0
[0.157s] -- The CXX compiler identification is GNU 11.4.0
[0.165s] -- Detecting C compiler ABI info
[0.230s] -- Detecting C compiler ABI info - done
[0.239s] -- Check for working C compiler: /usr/bin/cc - skipped
[0.239s] -- Detecting C compile features
[0.239s] -- Detecting C compile features - done
[0.242s] -- Detecting CXX compiler ABI info
[0.318s] -- Detecting CXX compiler ABI info - done
[0.326s] -- Check for working CXX compiler: /usr/bin/c++ - skipped
[0.326s] -- Detecting CXX compile features
[0.327s] -- Detecting CXX compile features - done
[0.329s] -- Found ament_cmake_auto: 1.3.11 (/opt/ros/humble/share/ament_cmake_auto/cmake)
[0.481s] -- Found Python3: /usr/bin/python3 (found version "3.10.12") found components: Interpreter 
[0.544s] -- Override CMake install command with custom implementation using symlinks instead of copying resources
[0.665s] -- Found rosidl_generator_c: 3.1.6 (/opt/ros/humble/share/rosidl_generator_c/cmake)
[0.669s] -- Found rosidl_adapter: 3.1.6 (/opt/ros/humble/share/rosidl_adapter/cmake)
[0.677s] -- Found rosidl_generator_cpp: 3.1.6 (/opt/ros/humble/share/rosidl_generator_cpp/cmake)
[0.689s] -- Using all available rosidl_typesupport_c: rosidl_typesupport_fastrtps_c;rosidl_typesupport_introspection_c
[0.704s] -- Using all available rosidl_typesupport_cpp: rosidl_typesupport_fastrtps_cpp;rosidl_typesupport_introspection_cpp
[0.747s] -- Found rmw_implementation_cmake: 6.1.2 (/opt/ros/humble/share/rmw_implementation_cmake/cmake)
[0.749s] -- Found rmw_fastrtps_cpp: 6.2.7 (/opt/ros/humble/share/rmw_fastrtps_cpp/cmake)
[0.822s] -- Found OpenSSL: /usr/lib/x86_64-linux-gnu/libcrypto.so (found version "3.0.2")  
[0.845s] -- Found FastRTPS: /opt/ros/humble/include  
[0.880s] -- Using RMW implementation 'rmw_fastrtps_cpp' as default
[0.887s] -- Looking for pthread.h
[0.949s] -- Looking for pthread.h - found
[0.949s] -- Performing Test CMAKE_HAVE_LIBC_PTHREAD
[1.017s] -- Performing Test CMAKE_HAVE_LIBC_PTHREAD - Success
[1.018s] -- Found Threads: TRUE  
[1.244s] -- Found eigen3_cmake_module: 0.1.1 (/opt/ros/humble/share/eigen3_cmake_module/cmake)
[1.245s] -- Found Eigen3: TRUE (found version "3.4.0") 
[1.245s] -- Ensuring Eigen3 include directory is part of orocos-kdl CMake target
[1.476s] -- Configuring done
[1.479s] -- Generating done
[1.487s] -- Build files have been written to: /home/scv/SCV/build/zed_wrapper
[1.499s] Invoked command in '/home/scv/SCV/build/zed_wrapper' returned '0': AMENT_PREFIX_PATH=/home/scv/SCV/install/zed_components:${AMENT_PREFIX_PATH} CMAKE_PREFIX_PATH=/home/scv/SCV/install/zed_components:/opt/ros/humble LD_LIBRARY_PATH=/home/scv/SCV/install/zed_components/lib:${LD_LIBRARY_PATH} /usr/bin/cmake /home/scv/SCV/src/sensor_pkg/zed-ros2-wrapper/zed_wrapper -DCMAKE_BUILD_TYPE=Release -DAMENT_CMAKE_SYMLINK_INSTALL=1 -DCMAKE_INSTALL_PREFIX=/home/scv/SCV/install/zed_wrapper
[1.500s] Invoking command in '/home/scv/SCV/build/zed_wrapper': AMENT_PREFIX_PATH=/home/scv/SCV/install/zed_components:${AMENT_PREFIX_PATH} CMAKE_PREFIX_PATH=/home/scv/SCV/install/zed_components:/opt/ros/humble LD_LIBRARY_PATH=/home/scv/SCV/install/zed_components/lib:${LD_LIBRARY_PATH} /usr/bin/cmake --build /home/scv/SCV/build/zed_wrapper -- -j8 -l8
[1.544s] Invoked command in '/home/scv/SCV/build/zed_wrapper' returned '0': AMENT_PREFIX_PATH=/home/scv/SCV/install/zed_components:${AMENT_PREFIX_PATH} CMAKE_PREFIX_PATH=/home/scv/SCV/install/zed_components:/opt/ros/humble LD_LIBRARY_PATH=/home/scv/SCV/install/zed_components/lib:${LD_LIBRARY_PATH} /usr/bin/cmake --build /home/scv/SCV/build/zed_wrapper -- -j8 -l8
[1.545s] Invoking command in '/home/scv/SCV/build/zed_wrapper': AMENT_PREFIX_PATH=/home/scv/SCV/install/zed_components:${AMENT_PREFIX_PATH} CMAKE_PREFIX_PATH=/home/scv/SCV/install/zed_components:/opt/ros/humble LD_LIBRARY_PATH=/home/scv/SCV/install/zed_components/lib:${LD_LIBRARY_PATH} /usr/bin/cmake --install /home/scv/SCV/build/zed_wrapper
[1.550s] -- Install configuration: "Release"
[1.551s] -- Execute custom install script
[1.552s] -- Symlinking: /home/scv/SCV/install/zed_wrapper/share/zed_wrapper/config/common_mono.yaml
[1.562s] -- Symlinking: /home/scv/SCV/install/zed_wrapper/share/zed_wrapper/config/common_stereo.yaml
[1.571s] -- Symlinking: /home/scv/SCV/install/zed_wrapper/share/zed_wrapper/config/custom_object_detection.yaml
[1.581s] -- Symlinking: /home/scv/SCV/install/zed_wrapper/share/zed_wrapper/config/ffmpeg.yaml
[1.591s] -- Symlinking: /home/scv/SCV/install/zed_wrapper/share/zed_wrapper/config/object_detection.yaml
[1.600s] -- Symlinking: /home/scv/SCV/install/zed_wrapper/share/zed_wrapper/config/virtual.yaml
[1.609s] -- Symlinking: /home/scv/SCV/install/zed_wrapper/share/zed_wrapper/config/zed.yaml
[1.619s] -- Symlinking: /home/scv/SCV/install/zed_wrapper/share/zed_wrapper/config/zed2.yaml
[1.628s] -- Symlinking: /home/scv/SCV/install/zed_wrapper/share/zed_wrapper/config/zed2i.yaml
[1.638s] -- Symlinking: /home/scv/SCV/install/zed_wrapper/share/zed_wrapper/config/zedm.yaml
[1.650s] -- Symlinking: /home/scv/SCV/install/zed_wrapper/share/zed_wrapper/config/zedx.yaml
[1.658s] -- Symlinking: /home/scv/SCV/install/zed_wrapper/share/zed_wrapper/config/zedxm.yaml
[1.667s] -- Symlinking: /home/scv/SCV/install/zed_wrapper/share/zed_wrapper/config/zedxone4k.yaml
[1.675s] -- Symlinking: /home/scv/SCV/install/zed_wrapper/share/zed_wrapper/config/zedxonegs.yaml
[1.684s] -- Symlinking: /home/scv/SCV/install/zed_wrapper/share/zed_wrapper/urdf/include/materials.urdf.xacro
[1.692s] -- Symlinking: /home/scv/SCV/install/zed_wrapper/share/zed_wrapper/urdf/zed_descr.urdf.xacro
[1.701s] -- Symlinking: /home/scv/SCV/install/zed_wrapper/share/zed_wrapper/urdf/zed_macro.urdf.xacro
[1.710s] -- Symlinking: /home/scv/SCV/install/zed_wrapper/share/zed_wrapper/launch/zed_camera.launch.py
[1.718s] -- Symlinking: /home/scv/SCV/install/zed_wrapper/share/ament_index/resource_index/package_run_dependencies/zed_wrapper
[1.727s] -- Symlinking: /home/scv/SCV/install/zed_wrapper/share/ament_index/resource_index/parent_prefix_path/zed_wrapper
[1.734s] -- Symlinking: /home/scv/SCV/install/zed_wrapper/share/zed_wrapper/environment/ament_prefix_path.sh
[1.743s] -- Symlinking: /home/scv/SCV/install/zed_wrapper/share/zed_wrapper/environment/ament_prefix_path.dsv
[1.751s] -- Symlinking: /home/scv/SCV/install/zed_wrapper/share/zed_wrapper/environment/path.sh
[1.760s] -- Symlinking: /home/scv/SCV/install/zed_wrapper/share/zed_wrapper/environment/path.dsv
[1.768s] -- Symlinking: /home/scv/SCV/install/zed_wrapper/share/zed_wrapper/local_setup.bash
[1.777s] -- Symlinking: /home/scv/SCV/install/zed_wrapper/share/zed_wrapper/local_setup.sh
[1.785s] -- Symlinking: /home/scv/SCV/install/zed_wrapper/share/zed_wrapper/local_setup.zsh
[1.793s] -- Symlinking: /home/scv/SCV/install/zed_wrapper/share/zed_wrapper/local_setup.dsv
[1.800s] -- Symlinking: /home/scv/SCV/install/zed_wrapper/share/zed_wrapper/package.dsv
[1.809s] -- Symlinking: /home/scv/SCV/install/zed_wrapper/share/ament_index/resource_index/packages/zed_wrapper
[1.817s] -- Symlinking: /home/scv/SCV/install/zed_wrapper/share/zed_wrapper/cmake/zed_wrapperConfig.cmake
[1.826s] -- Symlinking: /home/scv/SCV/install/zed_wrapper/share/zed_wrapper/cmake/zed_wrapperConfig-version.cmake
[1.834s] -- Symlinking: /home/scv/SCV/install/zed_wrapper/share/zed_wrapper/package.xml
[1.844s] Invoked command in '/home/scv/SCV/build/zed_wrapper' returned '0': AMENT_PREFIX_PATH=/home/scv/SCV/install/zed_components:${AMENT_PREFIX_PATH} CMAKE_PREFIX_PATH=/home/scv/SCV/install/zed_components:/opt/ros/humble LD_LIBRARY_PATH=/home/scv/SCV/install/zed_components/lib:${LD_LIBRARY_PATH} /usr/bin/cmake --install /home/scv/SCV/build/zed_wrapper
