[0.020s] Invoking command in '/home/scv/SCV/build/ublox_serialization': CMAKE_PREFIX_PATH=/home/scv/SCV/install/hunter_base:/home/scv/SCV/install/hunter_msgs:/opt/ros/humble:/home/scv/SCV/install/ugv_sdk /usr/bin/cmake /home/scv/SCV/src/sensor_pkg/ublox/ublox_serialization -DCMAKE_INSTALL_PREFIX=/home/scv/SCV/install/ublox_serialization
[0.037s] -- Found ament_cmake: 1.3.11 (/opt/ros/humble/share/ament_cmake/cmake)
[0.164s] -- Override CMake install command with custom implementation using symlinks instead of copying resources
[0.264s] -- Configuring done
[0.266s] -- Generating done
[0.268s] -- Build files have been written to: /home/scv/SCV/build/ublox_serialization
[0.270s] Invoked command in '/home/scv/SCV/build/ublox_serialization' returned '0': CMAKE_PREFIX_PATH=/home/scv/SCV/install/hunter_base:/home/scv/SCV/install/hunter_msgs:/opt/ros/humble:/home/scv/SCV/install/ugv_sdk /usr/bin/cmake /home/scv/SCV/src/sensor_pkg/ublox/ublox_serialization -DCMAKE_INSTALL_PREFIX=/home/scv/SCV/install/ublox_serialization
[0.271s] Invoking command in '/home/scv/SCV/build/ublox_serialization': CMAKE_PREFIX_PATH=/home/scv/SCV/install/hunter_base:/home/scv/SCV/install/hunter_msgs:/opt/ros/humble:/home/scv/SCV/install/ugv_sdk /usr/bin/cmake --build /home/scv/SCV/build/ublox_serialization -- -j8 -l8
[0.309s] Invoked command in '/home/scv/SCV/build/ublox_serialization' returned '0': CMAKE_PREFIX_PATH=/home/scv/SCV/install/hunter_base:/home/scv/SCV/install/hunter_msgs:/opt/ros/humble:/home/scv/SCV/install/ugv_sdk /usr/bin/cmake --build /home/scv/SCV/build/ublox_serialization -- -j8 -l8
[0.309s] Invoking command in '/home/scv/SCV/build/ublox_serialization': CMAKE_PREFIX_PATH=/home/scv/SCV/install/hunter_base:/home/scv/SCV/install/hunter_msgs:/opt/ros/humble:/home/scv/SCV/install/ugv_sdk /usr/bin/cmake --install /home/scv/SCV/build/ublox_serialization
[0.315s] -- Install configuration: "Release"
[0.315s] -- Execute custom install script
[0.315s] -- Up-to-date symlink: /home/scv/SCV/install/ublox_serialization/include/ublox_serialization/ublox_serialization/checksum.hpp
[0.315s] -- Up-to-date symlink: /home/scv/SCV/install/ublox_serialization/include/ublox_serialization/ublox_serialization/serialization.hpp
[0.316s] -- Up-to-date symlink: /home/scv/SCV/install/ublox_serialization/share/ament_index/resource_index/package_run_dependencies/ublox_serialization
[0.316s] -- Up-to-date symlink: /home/scv/SCV/install/ublox_serialization/share/ament_index/resource_index/parent_prefix_path/ublox_serialization
[0.316s] -- Up-to-date symlink: /home/scv/SCV/install/ublox_serialization/share/ublox_serialization/environment/ament_prefix_path.sh
[0.316s] -- Up-to-date symlink: /home/scv/SCV/install/ublox_serialization/share/ublox_serialization/environment/ament_prefix_path.dsv
[0.316s] -- Up-to-date symlink: /home/scv/SCV/install/ublox_serialization/share/ublox_serialization/environment/path.sh
[0.316s] -- Up-to-date symlink: /home/scv/SCV/install/ublox_serialization/share/ublox_serialization/environment/path.dsv
[0.319s] -- Up-to-date symlink: /home/scv/SCV/install/ublox_serialization/share/ublox_serialization/local_setup.bash
[0.320s] -- Up-to-date symlink: /home/scv/SCV/install/ublox_serialization/share/ublox_serialization/local_setup.sh
[0.320s] -- Up-to-date symlink: /home/scv/SCV/install/ublox_serialization/share/ublox_serialization/local_setup.zsh
[0.320s] -- Up-to-date symlink: /home/scv/SCV/install/ublox_serialization/share/ublox_serialization/local_setup.dsv
[0.320s] -- Symlinking: /home/scv/SCV/install/ublox_serialization/share/ublox_serialization/package.dsv
[0.326s] -- Up-to-date symlink: /home/scv/SCV/install/ublox_serialization/share/ament_index/resource_index/packages/ublox_serialization
[0.326s] -- Up-to-date symlink: /home/scv/SCV/install/ublox_serialization/share/ublox_serialization/cmake/ament_cmake_export_include_directories-extras.cmake
[0.326s] -- Up-to-date symlink: /home/scv/SCV/install/ublox_serialization/share/ublox_serialization/cmake/ament_cmake_export_targets-extras.cmake
[0.327s] -- Up-to-date symlink: /home/scv/SCV/install/ublox_serialization/share/ublox_serialization/cmake/ublox_serializationConfig.cmake
[0.327s] -- Up-to-date symlink: /home/scv/SCV/install/ublox_serialization/share/ublox_serialization/cmake/ublox_serializationConfig-version.cmake
[0.327s] -- Up-to-date symlink: /home/scv/SCV/install/ublox_serialization/share/ublox_serialization/package.xml
[0.327s] -- Up-to-date: /home/scv/SCV/install/ublox_serialization/share/ublox_serialization/cmake/export_ublox_serializationExport.cmake
[0.329s] Invoked command in '/home/scv/SCV/build/ublox_serialization' returned '0': CMAKE_PREFIX_PATH=/home/scv/SCV/install/hunter_base:/home/scv/SCV/install/hunter_msgs:/opt/ros/humble:/home/scv/SCV/install/ugv_sdk /usr/bin/cmake --install /home/scv/SCV/build/ublox_serialization
