[0.008s] Invoking command in '/home/ssc/SCV/build/ublox_serialization': CMAKE_PREFIX_PATH=${CMAKE_PREFIX_PATH}:/opt/ros/humble /usr/bin/cmake /home/ssc/SCV/src/sensor_pkg/ublox/ublox_serialization -DCMAKE_BUILD_TYPE=Release -DAMENT_CMAKE_SYMLINK_INSTALL=1 -DCMAKE_INSTALL_PREFIX=/home/ssc/SCV/install/ublox_serialization
[0.051s] -- The C compiler identification is GNU 11.4.0
[0.090s] -- The CXX compiler identification is GNU 11.4.0
[0.094s] -- Detecting C compiler ABI info
[0.146s] -- Detecting C compiler ABI info - done
[0.153s] -- Check for working C compiler: /usr/bin/cc - skipped
[0.153s] -- Detecting C compile features
[0.153s] -- Detecting C compile features - done
[0.155s] -- Detecting CXX compiler ABI info
[0.208s] -- Detecting CXX compiler ABI info - done
[0.213s] -- Check for working CXX compiler: /usr/bin/c++ - skipped
[0.213s] -- Detecting CXX compile features
[0.214s] -- Detecting CXX compile features - done
[0.215s] -- Found ament_cmake: 1.3.11 (/opt/ros/humble/share/ament_cmake/cmake)
[0.319s] -- Found Python3: /usr/bin/python3 (found version "3.10.12") found components: Interpreter 
[0.360s] -- Override CMake install command with custom implementation using symlinks instead of copying resources
[0.414s] -- Configuring done
[0.415s] -- Generating done
[0.416s] -- Build files have been written to: /home/ssc/SCV/build/ublox_serialization
[0.420s] Invoked command in '/home/ssc/SCV/build/ublox_serialization' returned '0': CMAKE_PREFIX_PATH=${CMAKE_PREFIX_PATH}:/opt/ros/humble /usr/bin/cmake /home/ssc/SCV/src/sensor_pkg/ublox/ublox_serialization -DCMAKE_BUILD_TYPE=Release -DAMENT_CMAKE_SYMLINK_INSTALL=1 -DCMAKE_INSTALL_PREFIX=/home/ssc/SCV/install/ublox_serialization
[0.421s] Invoking command in '/home/ssc/SCV/build/ublox_serialization': CMAKE_PREFIX_PATH=${CMAKE_PREFIX_PATH}:/opt/ros/humble /usr/bin/cmake --build /home/ssc/SCV/build/ublox_serialization -- -j24 -l24
[0.446s] Invoked command in '/home/ssc/SCV/build/ublox_serialization' returned '0': CMAKE_PREFIX_PATH=${CMAKE_PREFIX_PATH}:/opt/ros/humble /usr/bin/cmake --build /home/ssc/SCV/build/ublox_serialization -- -j24 -l24
[0.453s] Invoking command in '/home/ssc/SCV/build/ublox_serialization': CMAKE_PREFIX_PATH=${CMAKE_PREFIX_PATH}:/opt/ros/humble /usr/bin/cmake --install /home/ssc/SCV/build/ublox_serialization
[0.457s] -- Install configuration: "Release"
[0.458s] -- Execute custom install script
[0.458s] -- Symlinking: /home/ssc/SCV/install/ublox_serialization/include/ublox_serialization/ublox_serialization/checksum.hpp
[0.463s] -- Symlinking: /home/ssc/SCV/install/ublox_serialization/include/ublox_serialization/ublox_serialization/serialization.hpp
[0.468s] -- Symlinking: /home/ssc/SCV/install/ublox_serialization/share/ament_index/resource_index/package_run_dependencies/ublox_serialization
[0.473s] -- Symlinking: /home/ssc/SCV/install/ublox_serialization/share/ament_index/resource_index/parent_prefix_path/ublox_serialization
[0.479s] -- Symlinking: /home/ssc/SCV/install/ublox_serialization/share/ublox_serialization/environment/ament_prefix_path.sh
[0.484s] -- Symlinking: /home/ssc/SCV/install/ublox_serialization/share/ublox_serialization/environment/ament_prefix_path.dsv
[0.490s] -- Symlinking: /home/ssc/SCV/install/ublox_serialization/share/ublox_serialization/environment/path.sh
[0.495s] -- Symlinking: /home/ssc/SCV/install/ublox_serialization/share/ublox_serialization/environment/path.dsv
[0.502s] -- Symlinking: /home/ssc/SCV/install/ublox_serialization/share/ublox_serialization/local_setup.bash
[0.508s] -- Symlinking: /home/ssc/SCV/install/ublox_serialization/share/ublox_serialization/local_setup.sh
[0.514s] -- Symlinking: /home/ssc/SCV/install/ublox_serialization/share/ublox_serialization/local_setup.zsh
[0.520s] -- Symlinking: /home/ssc/SCV/install/ublox_serialization/share/ublox_serialization/local_setup.dsv
[0.525s] -- Symlinking: /home/ssc/SCV/install/ublox_serialization/share/ublox_serialization/package.dsv
[0.532s] -- Symlinking: /home/ssc/SCV/install/ublox_serialization/share/ament_index/resource_index/packages/ublox_serialization
[0.537s] -- Symlinking: /home/ssc/SCV/install/ublox_serialization/share/ublox_serialization/cmake/ament_cmake_export_include_directories-extras.cmake
[0.543s] -- Symlinking: /home/ssc/SCV/install/ublox_serialization/share/ublox_serialization/cmake/ament_cmake_export_targets-extras.cmake
[0.549s] -- Symlinking: /home/ssc/SCV/install/ublox_serialization/share/ublox_serialization/cmake/ublox_serializationConfig.cmake
[0.556s] -- Symlinking: /home/ssc/SCV/install/ublox_serialization/share/ublox_serialization/cmake/ublox_serializationConfig-version.cmake
[0.561s] -- Symlinking: /home/ssc/SCV/install/ublox_serialization/share/ublox_serialization/package.xml
[0.566s] -- Installing: /home/ssc/SCV/install/ublox_serialization/share/ublox_serialization/cmake/export_ublox_serializationExport.cmake
[0.567s] Invoked command in '/home/ssc/SCV/build/ublox_serialization' returned '0': CMAKE_PREFIX_PATH=${CMAKE_PREFIX_PATH}:/opt/ros/humble /usr/bin/cmake --install /home/ssc/SCV/build/ublox_serialization
