[0.006s] Invoking command in '/home/ssc/SCV/build/zed_wrapper': CMAKE_PREFIX_PATH=/home/ssc/SCV/install/zed_components:/home/ssc/SCV/install/ublox:/home/ssc/SCV/install/ublox_gps:/home/ssc/SCV/install/ublox_msgs:/home/ssc/SCV/install/ublox_serialization:/home/ssc/SCV/install/zed_ros2:/home/ssc/SCV/install/zed_wrapper:/home/ssc/SCV/install/usb_cam:/opt/ros/humble /usr/bin/cmake /home/ssc/SCV/src/sensor_pkg/zed-ros2-wrapper/zed_wrapper -DCMAKE_BUILD_TYPE=Release -DAMENT_CMAKE_SYMLINK_INSTALL=1 -DCMAKE_INSTALL_PREFIX=/home/ssc/SCV/install/zed_wrapper
[0.047s] -- The C compiler identification is GNU 11.4.0
[0.086s] -- The CXX compiler identification is GNU 11.4.0
[0.091s] -- Detecting C compiler ABI info
[0.139s] -- Detecting C compiler ABI info - done
[0.144s] -- Check for working C compiler: /usr/bin/cc - skipped
[0.144s] -- Detecting C compile features
[0.144s] -- Detecting C compile features - done
[0.146s] -- Detecting CXX compiler ABI info
[0.203s] -- Detecting CXX compiler ABI info - done
[0.209s] -- Check for working CXX compiler: /usr/bin/c++ - skipped
[0.209s] -- Detecting CXX compile features
[0.210s] -- Detecting CXX compile features - done
[0.211s] -- Found ament_cmake_auto: 1.3.11 (/opt/ros/humble/share/ament_cmake_auto/cmake)
[0.319s] -- Found Python3: /usr/bin/python3 (found version "3.10.12") found components: Interpreter 
[0.361s] -- Override CMake install command with custom implementation using symlinks instead of copying resources
[0.448s] -- Found rosidl_generator_c: 3.1.6 (/opt/ros/humble/share/rosidl_generator_c/cmake)
[0.451s] -- Found rosidl_adapter: 3.1.6 (/opt/ros/humble/share/rosidl_adapter/cmake)
[0.456s] -- Found rosidl_generator_cpp: 3.1.6 (/opt/ros/humble/share/rosidl_generator_cpp/cmake)
[0.464s] -- Using all available rosidl_typesupport_c: rosidl_typesupport_fastrtps_c;rosidl_typesupport_introspection_c
[0.474s] -- Using all available rosidl_typesupport_cpp: rosidl_typesupport_fastrtps_cpp;rosidl_typesupport_introspection_cpp
[0.502s] -- Found rmw_implementation_cmake: 6.1.2 (/opt/ros/humble/share/rmw_implementation_cmake/cmake)
[0.504s] -- Found rmw_fastrtps_cpp: 6.2.7 (/opt/ros/humble/share/rmw_fastrtps_cpp/cmake)
[0.566s] -- Found OpenSSL: /usr/lib/x86_64-linux-gnu/libcrypto.so (found version "3.0.2")  
[0.583s] -- Found FastRTPS: /opt/ros/humble/include  
[0.609s] -- Using RMW implementation 'rmw_fastrtps_cpp' as default
[0.614s] -- Looking for pthread.h
[0.664s] -- Looking for pthread.h - found
[0.664s] -- Performing Test CMAKE_HAVE_LIBC_PTHREAD
[0.716s] -- Performing Test CMAKE_HAVE_LIBC_PTHREAD - Success
[0.717s] -- Found Threads: TRUE  
[0.860s] -- Found eigen3_cmake_module: 0.1.1 (/opt/ros/humble/share/eigen3_cmake_module/cmake)
[0.861s] -- Found Eigen3: TRUE (found version "3.4.0") 
[0.861s] -- Ensuring Eigen3 include directory is part of orocos-kdl CMake target
[0.990s] -- Configuring done
[0.992s] -- Generating done
[0.994s] -- Build files have been written to: /home/ssc/SCV/build/zed_wrapper
[1.000s] Invoked command in '/home/ssc/SCV/build/zed_wrapper' returned '0': CMAKE_PREFIX_PATH=/home/ssc/SCV/install/zed_components:/home/ssc/SCV/install/ublox:/home/ssc/SCV/install/ublox_gps:/home/ssc/SCV/install/ublox_msgs:/home/ssc/SCV/install/ublox_serialization:/home/ssc/SCV/install/zed_ros2:/home/ssc/SCV/install/zed_wrapper:/home/ssc/SCV/install/usb_cam:/opt/ros/humble /usr/bin/cmake /home/ssc/SCV/src/sensor_pkg/zed-ros2-wrapper/zed_wrapper -DCMAKE_BUILD_TYPE=Release -DAMENT_CMAKE_SYMLINK_INSTALL=1 -DCMAKE_INSTALL_PREFIX=/home/ssc/SCV/install/zed_wrapper
[1.001s] Invoking command in '/home/ssc/SCV/build/zed_wrapper': CMAKE_PREFIX_PATH=/home/ssc/SCV/install/zed_components:/home/ssc/SCV/install/ublox:/home/ssc/SCV/install/ublox_gps:/home/ssc/SCV/install/ublox_msgs:/home/ssc/SCV/install/ublox_serialization:/home/ssc/SCV/install/zed_ros2:/home/ssc/SCV/install/zed_wrapper:/home/ssc/SCV/install/usb_cam:/opt/ros/humble /usr/bin/cmake --build /home/ssc/SCV/build/zed_wrapper -- -j24 -l24
[1.031s] Invoked command in '/home/ssc/SCV/build/zed_wrapper' returned '0': CMAKE_PREFIX_PATH=/home/ssc/SCV/install/zed_components:/home/ssc/SCV/install/ublox:/home/ssc/SCV/install/ublox_gps:/home/ssc/SCV/install/ublox_msgs:/home/ssc/SCV/install/ublox_serialization:/home/ssc/SCV/install/zed_ros2:/home/ssc/SCV/install/zed_wrapper:/home/ssc/SCV/install/usb_cam:/opt/ros/humble /usr/bin/cmake --build /home/ssc/SCV/build/zed_wrapper -- -j24 -l24
[1.032s] Invoking command in '/home/ssc/SCV/build/zed_wrapper': CMAKE_PREFIX_PATH=/home/ssc/SCV/install/zed_components:/home/ssc/SCV/install/ublox:/home/ssc/SCV/install/ublox_gps:/home/ssc/SCV/install/ublox_msgs:/home/ssc/SCV/install/ublox_serialization:/home/ssc/SCV/install/zed_ros2:/home/ssc/SCV/install/zed_wrapper:/home/ssc/SCV/install/usb_cam:/opt/ros/humble /usr/bin/cmake --install /home/ssc/SCV/build/zed_wrapper
[1.037s] -- Install configuration: "Release"
[1.037s] -- Execute custom install script
[1.037s] -- Symlinking: /home/ssc/SCV/install/zed_wrapper/share/zed_wrapper/config/common_mono.yaml
[1.044s] -- Symlinking: /home/ssc/SCV/install/zed_wrapper/share/zed_wrapper/config/common_stereo.yaml
[1.050s] -- Symlinking: /home/ssc/SCV/install/zed_wrapper/share/zed_wrapper/config/custom_object_detection.yaml
[1.055s] -- Symlinking: /home/ssc/SCV/install/zed_wrapper/share/zed_wrapper/config/ffmpeg.yaml
[1.060s] -- Symlinking: /home/ssc/SCV/install/zed_wrapper/share/zed_wrapper/config/object_detection.yaml
[1.065s] -- Symlinking: /home/ssc/SCV/install/zed_wrapper/share/zed_wrapper/config/virtual.yaml
[1.072s] -- Symlinking: /home/ssc/SCV/install/zed_wrapper/share/zed_wrapper/config/zed.yaml
[1.077s] -- Symlinking: /home/ssc/SCV/install/zed_wrapper/share/zed_wrapper/config/zed2.yaml
[1.082s] -- Symlinking: /home/ssc/SCV/install/zed_wrapper/share/zed_wrapper/config/zed2i.yaml
[1.087s] -- Symlinking: /home/ssc/SCV/install/zed_wrapper/share/zed_wrapper/config/zedm.yaml
[1.093s] -- Symlinking: /home/ssc/SCV/install/zed_wrapper/share/zed_wrapper/config/zedx.yaml
[1.098s] -- Symlinking: /home/ssc/SCV/install/zed_wrapper/share/zed_wrapper/config/zedxm.yaml
[1.103s] -- Symlinking: /home/ssc/SCV/install/zed_wrapper/share/zed_wrapper/config/zedxone4k.yaml
[1.108s] -- Symlinking: /home/ssc/SCV/install/zed_wrapper/share/zed_wrapper/config/zedxonegs.yaml
[1.114s] -- Symlinking: /home/ssc/SCV/install/zed_wrapper/share/zed_wrapper/urdf/include/materials.urdf.xacro
[1.119s] -- Symlinking: /home/ssc/SCV/install/zed_wrapper/share/zed_wrapper/urdf/zed_descr.urdf.xacro
[1.124s] -- Symlinking: /home/ssc/SCV/install/zed_wrapper/share/zed_wrapper/urdf/zed_macro.urdf.xacro
[1.129s] -- Symlinking: /home/ssc/SCV/install/zed_wrapper/share/zed_wrapper/launch/zed_camera.launch.py
[1.134s] -- Symlinking: /home/ssc/SCV/install/zed_wrapper/share/ament_index/resource_index/package_run_dependencies/zed_wrapper
[1.140s] -- Symlinking: /home/ssc/SCV/install/zed_wrapper/share/ament_index/resource_index/parent_prefix_path/zed_wrapper
[1.146s] -- Symlinking: /home/ssc/SCV/install/zed_wrapper/share/zed_wrapper/environment/ament_prefix_path.sh
[1.151s] -- Symlinking: /home/ssc/SCV/install/zed_wrapper/share/zed_wrapper/environment/ament_prefix_path.dsv
[1.157s] -- Symlinking: /home/ssc/SCV/install/zed_wrapper/share/zed_wrapper/environment/path.sh
[1.163s] -- Symlinking: /home/ssc/SCV/install/zed_wrapper/share/zed_wrapper/environment/path.dsv
[1.169s] -- Symlinking: /home/ssc/SCV/install/zed_wrapper/share/zed_wrapper/local_setup.bash
[1.175s] -- Symlinking: /home/ssc/SCV/install/zed_wrapper/share/zed_wrapper/local_setup.sh
[1.181s] -- Symlinking: /home/ssc/SCV/install/zed_wrapper/share/zed_wrapper/local_setup.zsh
[1.186s] -- Symlinking: /home/ssc/SCV/install/zed_wrapper/share/zed_wrapper/local_setup.dsv
[1.191s] -- Symlinking: /home/ssc/SCV/install/zed_wrapper/share/zed_wrapper/package.dsv
[1.196s] -- Symlinking: /home/ssc/SCV/install/zed_wrapper/share/ament_index/resource_index/packages/zed_wrapper
[1.202s] -- Symlinking: /home/ssc/SCV/install/zed_wrapper/share/zed_wrapper/cmake/zed_wrapperConfig.cmake
[1.209s] -- Symlinking: /home/ssc/SCV/install/zed_wrapper/share/zed_wrapper/cmake/zed_wrapperConfig-version.cmake
[1.214s] -- Symlinking: /home/ssc/SCV/install/zed_wrapper/share/zed_wrapper/package.xml
[1.221s] Invoked command in '/home/ssc/SCV/build/zed_wrapper' returned '0': CMAKE_PREFIX_PATH=/home/ssc/SCV/install/zed_components:/home/ssc/SCV/install/ublox:/home/ssc/SCV/install/ublox_gps:/home/ssc/SCV/install/ublox_msgs:/home/ssc/SCV/install/ublox_serialization:/home/ssc/SCV/install/zed_ros2:/home/ssc/SCV/install/zed_wrapper:/home/ssc/SCV/install/usb_cam:/opt/ros/humble /usr/bin/cmake --install /home/ssc/SCV/build/zed_wrapper
