[0.007s] Invoking command in '/home/scv/SCV/build/ublox_gps': AMENT_PREFIX_PATH=/home/scv/SCV/install/ublox_msgs:/home/scv/SCV/install/ublox_serialization:${AMENT_PREFIX_PATH} CMAKE_PREFIX_PATH=/home/scv/SCV/install/ublox_msgs:/home/scv/SCV/install/ublox_serialization:/opt/ros/humble LD_LIBRARY_PATH=/home/scv/SCV/install/ublox_msgs/lib:${LD_LIBRARY_PATH} PYTHONPATH=/home/scv/SCV/install/ublox_msgs/local/lib/python3.10/dist-packages:${PYTHONPATH} /usr/bin/cmake /home/scv/SCV/src/sensor_pkg/ublox/ublox_gps -DCMAKE_BUILD_TYPE=Release -DAMENT_CMAKE_SYMLINK_INSTALL=1 -DCMAKE_INSTALL_PREFIX=/home/scv/SCV/install/ublox_gps
[0.017s] -- Found ament_cmake_ros: 0.10.0 (/opt/ros/humble/share/ament_cmake_ros/cmake)
[0.120s] -- Override CMake install command with custom implementation using symlinks instead of copying resources
[0.128s] -- Found diagnostic_msgs: 4.9.0 (/opt/ros/humble/share/diagnostic_msgs/cmake)
[0.148s] -- Found rosidl_generator_c: 3.1.6 (/opt/ros/humble/share/rosidl_generator_c/cmake)
[0.150s] -- Found rosidl_adapter: 3.1.6 (/opt/ros/humble/share/rosidl_adapter/cmake)
[0.155s] -- Found rosidl_generator_cpp: 3.1.6 (/opt/ros/humble/share/rosidl_generator_cpp/cmake)
[0.163s] -- Using all available rosidl_typesupport_c: rosidl_typesupport_fastrtps_c;rosidl_typesupport_introspection_c
[0.174s] -- Using all available rosidl_typesupport_cpp: rosidl_typesupport_fastrtps_cpp;rosidl_typesupport_introspection_cpp
[0.208s] -- Found diagnostic_updater: 4.0.6 (/opt/ros/humble/share/diagnostic_updater/cmake)
[0.233s] -- Found rmw_implementation_cmake: 6.1.2 (/opt/ros/humble/share/rmw_implementation_cmake/cmake)
[0.234s] -- Found rmw_fastrtps_cpp: 6.2.7 (/opt/ros/humble/share/rmw_fastrtps_cpp/cmake)
[0.312s] -- Using RMW implementation 'rmw_fastrtps_cpp' as default
[0.347s] -- Found geometry_msgs: 4.9.0 (/opt/ros/humble/share/geometry_msgs/cmake)
[0.358s] -- Found nmea_msgs: 2.0.0 (/opt/ros/humble/share/nmea_msgs/cmake)
[0.370s] -- Found rclcpp_components: 16.0.12 (/opt/ros/humble/share/rclcpp_components/cmake)
[0.386s] -- Found rtcm_msgs: 1.1.6 (/opt/ros/humble/share/rtcm_msgs/cmake)
[0.398s] -- Found sensor_msgs: 4.9.0 (/opt/ros/humble/share/sensor_msgs/cmake)
[0.414s] -- Found tf2: 0.25.13 (/opt/ros/humble/share/tf2/cmake)
[0.417s] -- Found ublox_msgs: 2.3.0 (/home/scv/SCV/install/ublox_msgs/share/ublox_msgs/cmake)
[0.493s] -- Configuring done
[0.543s] -- Generating done
[0.553s] -- Build files have been written to: /home/scv/SCV/build/ublox_gps
[0.559s] Invoked command in '/home/scv/SCV/build/ublox_gps' returned '0': AMENT_PREFIX_PATH=/home/scv/SCV/install/ublox_msgs:/home/scv/SCV/install/ublox_serialization:${AMENT_PREFIX_PATH} CMAKE_PREFIX_PATH=/home/scv/SCV/install/ublox_msgs:/home/scv/SCV/install/ublox_serialization:/opt/ros/humble LD_LIBRARY_PATH=/home/scv/SCV/install/ublox_msgs/lib:${LD_LIBRARY_PATH} PYTHONPATH=/home/scv/SCV/install/ublox_msgs/local/lib/python3.10/dist-packages:${PYTHONPATH} /usr/bin/cmake /home/scv/SCV/src/sensor_pkg/ublox/ublox_gps -DCMAKE_BUILD_TYPE=Release -DAMENT_CMAKE_SYMLINK_INSTALL=1 -DCMAKE_INSTALL_PREFIX=/home/scv/SCV/install/ublox_gps
[0.561s] Invoking command in '/home/scv/SCV/build/ublox_gps': AMENT_PREFIX_PATH=/home/scv/SCV/install/ublox_msgs:/home/scv/SCV/install/ublox_serialization:${AMENT_PREFIX_PATH} CMAKE_PREFIX_PATH=/home/scv/SCV/install/ublox_msgs:/home/scv/SCV/install/ublox_serialization:/opt/ros/humble LD_LIBRARY_PATH=/home/scv/SCV/install/ublox_msgs/lib:${LD_LIBRARY_PATH} PYTHONPATH=/home/scv/SCV/install/ublox_msgs/local/lib/python3.10/dist-packages:${PYTHONPATH} /usr/bin/cmake --build /home/scv/SCV/build/ublox_gps -- -j8 -l8
[0.632s] Consolidate compiler generated dependencies of target ublox_gps
[0.663s] [ 77%] Built target ublox_gps
[0.683s] Consolidate compiler generated dependencies of target ublox_logger
[0.697s] [ 90%] Built target ublox_logger
[0.697s] Consolidate compiler generated dependencies of target ublox_gps_node
[0.719s] [100%] Built target ublox_gps_node
[0.734s] Invoked command in '/home/scv/SCV/build/ublox_gps' returned '0': AMENT_PREFIX_PATH=/home/scv/SCV/install/ublox_msgs:/home/scv/SCV/install/ublox_serialization:${AMENT_PREFIX_PATH} CMAKE_PREFIX_PATH=/home/scv/SCV/install/ublox_msgs:/home/scv/SCV/install/ublox_serialization:/opt/ros/humble LD_LIBRARY_PATH=/home/scv/SCV/install/ublox_msgs/lib:${LD_LIBRARY_PATH} PYTHONPATH=/home/scv/SCV/install/ublox_msgs/local/lib/python3.10/dist-packages:${PYTHONPATH} /usr/bin/cmake --build /home/scv/SCV/build/ublox_gps -- -j8 -l8
[0.735s] Invoking command in '/home/scv/SCV/build/ublox_gps': AMENT_PREFIX_PATH=/home/scv/SCV/install/ublox_msgs:/home/scv/SCV/install/ublox_serialization:${AMENT_PREFIX_PATH} CMAKE_PREFIX_PATH=/home/scv/SCV/install/ublox_msgs:/home/scv/SCV/install/ublox_serialization:/opt/ros/humble LD_LIBRARY_PATH=/home/scv/SCV/install/ublox_msgs/lib:${LD_LIBRARY_PATH} PYTHONPATH=/home/scv/SCV/install/ublox_msgs/local/lib/python3.10/dist-packages:${PYTHONPATH} /usr/bin/cmake --install /home/scv/SCV/build/ublox_gps
[0.746s] -- Install configuration: "Release"
[0.747s] -- Execute custom install script
[0.747s] -- Up-to-date symlink: /home/scv/SCV/install/ublox_gps/lib/ublox_gps/ublox_gps_node
[0.747s] -- Up-to-date symlink: /home/scv/SCV/install/ublox_gps/lib/ublox_gps/ublox_logger
[0.747s] -- Up-to-date symlink: /home/scv/SCV/install/ublox_gps/include/ublox_gps/ublox_gps/adr_udr_product.hpp
[0.747s] -- Up-to-date symlink: /home/scv/SCV/install/ublox_gps/include/ublox_gps/ublox_gps/async_worker.hpp
[0.747s] -- Up-to-date symlink: /home/scv/SCV/install/ublox_gps/include/ublox_gps/ublox_gps/callback.hpp
[0.747s] -- Up-to-date symlink: /home/scv/SCV/install/ublox_gps/include/ublox_gps/ublox_gps/component_interface.hpp
[0.747s] -- Up-to-date symlink: /home/scv/SCV/install/ublox_gps/include/ublox_gps/ublox_gps/fix_diagnostic.hpp
[0.747s] -- Up-to-date symlink: /home/scv/SCV/install/ublox_gps/include/ublox_gps/ublox_gps/fts_product.hpp
[0.747s] -- Up-to-date symlink: /home/scv/SCV/install/ublox_gps/include/ublox_gps/ublox_gps/gnss.hpp
[0.747s] -- Up-to-date symlink: /home/scv/SCV/install/ublox_gps/include/ublox_gps/ublox_gps/gps.hpp
[0.747s] -- Up-to-date symlink: /home/scv/SCV/install/ublox_gps/include/ublox_gps/ublox_gps/hp_pos_rec_product.hpp
[0.748s] -- Up-to-date symlink: /home/scv/SCV/install/ublox_gps/include/ublox_gps/ublox_gps/hpg_ref_product.hpp
[0.748s] -- Up-to-date symlink: /home/scv/SCV/install/ublox_gps/include/ublox_gps/ublox_gps/hpg_rov_product.hpp
[0.748s] -- Up-to-date symlink: /home/scv/SCV/install/ublox_gps/include/ublox_gps/ublox_gps/mkgmtime.h
[0.748s] -- Up-to-date symlink: /home/scv/SCV/install/ublox_gps/include/ublox_gps/ublox_gps/node.hpp
[0.748s] -- Up-to-date symlink: /home/scv/SCV/install/ublox_gps/include/ublox_gps/ublox_gps/raw_data_pa.hpp
[0.748s] -- Up-to-date symlink: /home/scv/SCV/install/ublox_gps/include/ublox_gps/ublox_gps/raw_data_product.hpp
[0.748s] -- Up-to-date symlink: /home/scv/SCV/install/ublox_gps/include/ublox_gps/ublox_gps/rtcm.hpp
[0.748s] -- Up-to-date symlink: /home/scv/SCV/install/ublox_gps/include/ublox_gps/ublox_gps/tim_product.hpp
[0.749s] -- Up-to-date symlink: /home/scv/SCV/install/ublox_gps/include/ublox_gps/ublox_gps/ublox_firmware.hpp
[0.749s] -- Up-to-date symlink: /home/scv/SCV/install/ublox_gps/include/ublox_gps/ublox_gps/ublox_firmware6.hpp
[0.749s] -- Up-to-date symlink: /home/scv/SCV/install/ublox_gps/include/ublox_gps/ublox_gps/ublox_firmware7.hpp
[0.750s] -- Up-to-date symlink: /home/scv/SCV/install/ublox_gps/include/ublox_gps/ublox_gps/ublox_firmware7plus.hpp
[0.750s] -- Up-to-date symlink: /home/scv/SCV/install/ublox_gps/include/ublox_gps/ublox_gps/ublox_firmware8.hpp
[0.750s] -- Up-to-date symlink: /home/scv/SCV/install/ublox_gps/include/ublox_gps/ublox_gps/ublox_firmware9.hpp
[0.751s] -- Up-to-date symlink: /home/scv/SCV/install/ublox_gps/include/ublox_gps/ublox_gps/ublox_topic_diagnostic.hpp
[0.751s] -- Up-to-date symlink: /home/scv/SCV/install/ublox_gps/include/ublox_gps/ublox_gps/utils.hpp
[0.753s] -- Up-to-date symlink: /home/scv/SCV/install/ublox_gps/include/ublox_gps/ublox_gps/worker.hpp
[0.753s] -- Up-to-date symlink: /home/scv/SCV/install/ublox_gps/share/ublox_gps/launch/ublox_gps_node-composed-launch.py
[0.754s] -- Up-to-date symlink: /home/scv/SCV/install/ublox_gps/share/ublox_gps/launch/ublox_gps_node-launch.py
[0.754s] -- Up-to-date symlink: /home/scv/SCV/install/ublox_gps/share/ublox_gps/config/c94_m8p_base.yaml
[0.754s] -- Up-to-date symlink: /home/scv/SCV/install/ublox_gps/share/ublox_gps/config/c94_m8p_rover.yaml
[0.754s] -- Up-to-date symlink: /home/scv/SCV/install/ublox_gps/share/ublox_gps/config/c94_m8t_base.yaml
[0.754s] -- Up-to-date symlink: /home/scv/SCV/install/ublox_gps/share/ublox_gps/config/c94_m8t_rover.yaml
[0.754s] -- Up-to-date symlink: /home/scv/SCV/install/ublox_gps/share/ublox_gps/config/neo_m8u_rover.yaml
[0.754s] -- Up-to-date symlink: /home/scv/SCV/install/ublox_gps/share/ublox_gps/config/nmea.yaml
[0.754s] -- Up-to-date symlink: /home/scv/SCV/install/ublox_gps/share/ublox_gps/config/zed_f9p.yaml
[0.754s] -- Up-to-date symlink: /home/scv/SCV/install/ublox_gps/share/ament_index/resource_index/package_run_dependencies/ublox_gps
[0.754s] -- Up-to-date symlink: /home/scv/SCV/install/ublox_gps/share/ament_index/resource_index/parent_prefix_path/ublox_gps
[0.755s] -- Up-to-date symlink: /home/scv/SCV/install/ublox_gps/share/ublox_gps/environment/ament_prefix_path.sh
[0.755s] -- Up-to-date symlink: /home/scv/SCV/install/ublox_gps/share/ublox_gps/environment/ament_prefix_path.dsv
[0.756s] -- Up-to-date symlink: /home/scv/SCV/install/ublox_gps/share/ublox_gps/environment/path.sh
[0.756s] -- Up-to-date symlink: /home/scv/SCV/install/ublox_gps/share/ublox_gps/environment/path.dsv
[0.757s] -- Up-to-date symlink: /home/scv/SCV/install/ublox_gps/share/ublox_gps/local_setup.bash
[0.757s] -- Up-to-date symlink: /home/scv/SCV/install/ublox_gps/share/ublox_gps/local_setup.sh
[0.757s] -- Up-to-date symlink: /home/scv/SCV/install/ublox_gps/share/ublox_gps/local_setup.zsh
[0.758s] -- Up-to-date symlink: /home/scv/SCV/install/ublox_gps/share/ublox_gps/local_setup.dsv
[0.759s] -- Symlinking: /home/scv/SCV/install/ublox_gps/share/ublox_gps/package.dsv
[0.767s] -- Up-to-date symlink: /home/scv/SCV/install/ublox_gps/share/ament_index/resource_index/packages/ublox_gps
[0.768s] -- Up-to-date symlink: /home/scv/SCV/install/ublox_gps/share/ament_index/resource_index/rclcpp_components/ublox_gps
[0.771s] -- Up-to-date symlink: /home/scv/SCV/install/ublox_gps/share/ublox_gps/cmake/ament_cmake_export_include_directories-extras.cmake
[0.771s] -- Up-to-date symlink: /home/scv/SCV/install/ublox_gps/share/ublox_gps/cmake/ament_cmake_export_targets-extras.cmake
[0.771s] -- Up-to-date symlink: /home/scv/SCV/install/ublox_gps/share/ublox_gps/cmake/ublox_gpsConfig.cmake
[0.771s] -- Up-to-date symlink: /home/scv/SCV/install/ublox_gps/share/ublox_gps/cmake/ublox_gpsConfig-version.cmake
[0.771s] -- Up-to-date symlink: /home/scv/SCV/install/ublox_gps/share/ublox_gps/package.xml
[0.771s] -- Up-to-date: /home/scv/SCV/install/ublox_gps/lib/libublox_gps.so
[0.771s] -- Up-to-date: /home/scv/SCV/install/ublox_gps/share/ublox_gps/cmake/export_ublox_gpsExport.cmake
[0.771s] -- Up-to-date: /home/scv/SCV/install/ublox_gps/share/ublox_gps/cmake/export_ublox_gpsExport-release.cmake
[0.771s] Invoked command in '/home/scv/SCV/build/ublox_gps' returned '0': AMENT_PREFIX_PATH=/home/scv/SCV/install/ublox_msgs:/home/scv/SCV/install/ublox_serialization:${AMENT_PREFIX_PATH} CMAKE_PREFIX_PATH=/home/scv/SCV/install/ublox_msgs:/home/scv/SCV/install/ublox_serialization:/opt/ros/humble LD_LIBRARY_PATH=/home/scv/SCV/install/ublox_msgs/lib:${LD_LIBRARY_PATH} PYTHONPATH=/home/scv/SCV/install/ublox_msgs/local/lib/python3.10/dist-packages:${PYTHONPATH} /usr/bin/cmake --install /home/scv/SCV/build/ublox_gps
