[0.008s] Invoking command in '/home/ssc/SCV/build/zed_components': CMAKE_PREFIX_PATH=${CMAKE_PREFIX_PATH}:/opt/ros/humble /usr/bin/cmake /home/ssc/SCV/src/sensor_pkg/zed-ros2-wrapper/zed_components -DCMAKE_INSTALL_PREFIX=/home/ssc/SCV/install/zed_components
[0.046s] -- The C compiler identification is GNU 11.4.0
[0.083s] -- The CXX compiler identification is GNU 11.4.0
[0.087s] -- Detecting C compiler ABI info
[0.134s] -- Detecting C compiler ABI info - done
[0.141s] -- Check for working C compiler: /usr/bin/cc - skipped
[0.141s] -- Detecting C compile features
[0.142s] -- Detecting C compile features - done
[0.144s] -- Detecting CXX compiler ABI info
[0.201s] -- Detecting CXX compiler ABI info - done
[0.206s] -- Check for working CXX compiler: /usr/bin/c++ - skipped
[0.206s] -- Detecting CXX compile features
[0.206s] -- Detecting CXX compile features - done
[0.209s] -- Looking for sgemm_
[0.257s] -- Looking for sgemm_ - not found
[0.258s] -- Looking for pthread.h
[0.308s] -- Looking for pthread.h - found
[0.308s] -- Performing Test CMAKE_HAVE_LIBC_PTHREAD
[0.357s] -- Performing Test CMAKE_HAVE_LIBC_PTHREAD - Success
[0.358s] -- Found Threads: TRUE  
[0.374s] -- Looking for sgemm_
[0.442s] -- Looking for sgemm_ - found
[0.442s] -- Found BLAS: /usr/lib/x86_64-linux-gnu/libopenblas.so  
[0.458s] -- Found CUDA: /usr/local/cuda (found suitable version "12.8", minimum required is "12") 
[0.487s] -- Found CUDA: /usr/local/cuda (found version "12.8") 
[0.489s] -- Found ament_cmake_auto: 1.3.11 (/opt/ros/humble/share/ament_cmake_auto/cmake)
[0.603s] -- Found Python3: /usr/bin/python3 (found version "3.10.12") found components: Interpreter 
[0.718s] -- Found rosidl_generator_c: 3.1.6 (/opt/ros/humble/share/rosidl_generator_c/cmake)
[0.720s] -- Found rosidl_adapter: 3.1.6 (/opt/ros/humble/share/rosidl_adapter/cmake)
[0.725s] -- Found rosidl_generator_cpp: 3.1.6 (/opt/ros/humble/share/rosidl_generator_cpp/cmake)
[0.732s] -- Using all available rosidl_typesupport_c: rosidl_typesupport_fastrtps_c;rosidl_typesupport_introspection_c
[0.741s] -- Using all available rosidl_typesupport_cpp: rosidl_typesupport_fastrtps_cpp;rosidl_typesupport_introspection_cpp
[0.805s] -- Found rmw_implementation_cmake: 6.1.2 (/opt/ros/humble/share/rmw_implementation_cmake/cmake)
[0.806s] -- Found rmw_fastrtps_cpp: 6.2.7 (/opt/ros/humble/share/rmw_fastrtps_cpp/cmake)
[0.861s] -- Found OpenSSL: /usr/lib/x86_64-linux-gnu/libcrypto.so (found version "3.0.2")  
[0.879s] -- Found FastRTPS: /opt/ros/humble/include  
[0.906s] -- Using RMW implementation 'rmw_fastrtps_cpp' as default
[1.059s] -- Found eigen3_cmake_module: 0.1.1 (/opt/ros/humble/share/eigen3_cmake_module/cmake)
[1.060s] -- Found Eigen3: TRUE (found version "3.4.0") 
[1.060s] -- Ensuring Eigen3 include directory is part of orocos-kdl CMake target
[1.127s] -- Found ament_lint_auto: 0.12.12 (/opt/ros/humble/share/ament_lint_auto/cmake)
[1.149s] -- Added test 'copyright' to check source files copyright and LICENSE
[1.150s] -- Added test 'cppcheck' to perform static code analysis on C / C++ code
[1.150s] -- Configured cppcheck include dirs: /home/ssc/SCV/src/sensor_pkg/zed-ros2-wrapper/zed_components/src/include;/home/ssc/SCV/src/sensor_pkg/zed-ros2-wrapper/zed_components/src/zed_camera/include;/home/ssc/SCV/src/sensor_pkg/zed-ros2-wrapper/zed_components/src/tools/include
[1.150s] -- Configured cppcheck exclude dirs and/or files: 
[1.151s] -- Added test 'lint_cmake' to check CMake code style
[1.152s] -- Added test 'uncrustify' to check C / C++ code style
[1.152s] -- Configured uncrustify additional arguments: 
[1.152s] -- Added test 'xmllint' to check XML markup files
[1.153s] -- Configuring done
[1.170s] -- Generating done
[1.177s] -- Build files have been written to: /home/ssc/SCV/build/zed_components
[1.184s] Invoked command in '/home/ssc/SCV/build/zed_components' returned '0': CMAKE_PREFIX_PATH=${CMAKE_PREFIX_PATH}:/opt/ros/humble /usr/bin/cmake /home/ssc/SCV/src/sensor_pkg/zed-ros2-wrapper/zed_components -DCMAKE_INSTALL_PREFIX=/home/ssc/SCV/install/zed_components
[1.186s] Invoking command in '/home/ssc/SCV/build/zed_components': CMAKE_PREFIX_PATH=${CMAKE_PREFIX_PATH}:/opt/ros/humble /usr/bin/cmake --build /home/ssc/SCV/build/zed_components -- -j24 -l24
[1.228s] [  6%] [32mBuilding CXX object CMakeFiles/zed_camera_one_component.dir/src/tools/src/sl_types.cpp.o[0m
[1.228s] [ 13%] [32mBuilding CXX object CMakeFiles/zed_camera_one_component.dir/src/tools/src/gnss_replay.cpp.o[0m
[1.228s] [ 26%] [32mBuilding CXX object CMakeFiles/zed_camera_component.dir/src/zed_camera/src/zed_camera_component_video_depth.cpp.o[0m
[1.229s] [ 26%] [32mBuilding CXX object CMakeFiles/zed_camera_component.dir/src/tools/src/gnss_replay.cpp.o[0m
[1.229s] [ 33%] [32mBuilding CXX object CMakeFiles/zed_camera_component.dir/src/tools/src/sl_tools.cpp.o[0m
[1.229s] [ 40%] [32mBuilding CXX object CMakeFiles/zed_camera_component.dir/src/tools/src/sl_win_avg.cpp.o[0m
[1.229s] [ 46%] [32mBuilding CXX object CMakeFiles/zed_camera_one_component.dir/src/tools/src/sl_win_avg.cpp.o[0m
[1.229s] [ 60%] [32mBuilding CXX object CMakeFiles/zed_camera_one_component.dir/src/zed_camera/src/zed_camera_one_component.cpp.o[0m
[1.229s] [ 60%] [32mBuilding CXX object CMakeFiles/zed_camera_component.dir/src/zed_camera/src/zed_camera_component_main.cpp.o[0m
[1.229s] [ 66%] [32mBuilding CXX object CMakeFiles/zed_camera_component.dir/src/tools/src/sl_types.cpp.o[0m
[1.229s] [ 73%] [32mBuilding CXX object CMakeFiles/zed_camera_one_component.dir/src/tools/src/sl_tools.cpp.o[0m
[1.230s] [ 80%] [32mBuilding CXX object CMakeFiles/zed_camera_component.dir/src/zed_camera/src/zed_camera_component_objdet.cpp.o[0m
[1.233s] [ 86%] [32mBuilding CXX object CMakeFiles/zed_camera_component.dir/src/zed_camera/src/zed_camera_component_bodytrk.cpp.o[0m
[16.404s] [ 93%] [32m[1mLinking CXX shared library libzed_camera_one_component.so[0m
[16.698s] [ 93%] Built target zed_camera_one_component
[58.601s] [100%] [32m[1mLinking CXX shared library libzed_camera_component.so[0m
[59.017s] [100%] Built target zed_camera_component
[59.028s] Invoked command in '/home/ssc/SCV/build/zed_components' returned '0': CMAKE_PREFIX_PATH=${CMAKE_PREFIX_PATH}:/opt/ros/humble /usr/bin/cmake --build /home/ssc/SCV/build/zed_components -- -j24 -l24
[59.030s] Invoking command in '/home/ssc/SCV/build/zed_components': CMAKE_PREFIX_PATH=${CMAKE_PREFIX_PATH}:/opt/ros/humble /usr/bin/cmake --install /home/ssc/SCV/build/zed_components
[59.035s] -- Install configuration: "Release"
[59.035s] -- Installing: /home/ssc/SCV/install/zed_components/lib/libzed_camera_component.so
[59.039s] -- Set runtime path of "/home/ssc/SCV/install/zed_components/lib/libzed_camera_component.so" to ""
[59.039s] -- Installing: /home/ssc/SCV/install/zed_components/lib/libzed_camera_one_component.so
[59.039s] -- Set runtime path of "/home/ssc/SCV/install/zed_components/lib/libzed_camera_one_component.so" to ""
[59.040s] -- Installing: /home/ssc/SCV/install/zed_components/include/zed_components/
[59.040s] -- Installing: /home/ssc/SCV/install/zed_components/include/zed_components//zed_camera_one_component.hpp
[59.040s] -- Installing: /home/ssc/SCV/install/zed_components/include/zed_components//zed_camera_component.hpp
[59.040s] -- Installing: /home/ssc/SCV/install/zed_components/include/zed_components//cost_traversability.hpp
[59.040s] -- Up-to-date: /home/ssc/SCV/install/zed_components/include/zed_components/
[59.040s] -- Installing: /home/ssc/SCV/install/zed_components/include/zed_components//sl_types.hpp
[59.040s] -- Installing: /home/ssc/SCV/install/zed_components/include/zed_components//json.hpp
[59.040s] -- Installing: /home/ssc/SCV/install/zed_components/include/zed_components//sl_win_avg.hpp
[59.040s] -- Installing: /home/ssc/SCV/install/zed_components/include/zed_components//sl_logging.hpp
[59.040s] -- Installing: /home/ssc/SCV/install/zed_components/include/zed_components//gnss_replay.hpp
[59.040s] -- Installing: /home/ssc/SCV/install/zed_components/include/zed_components//sl_tools.hpp
[59.041s] -- Up-to-date: /home/ssc/SCV/install/zed_components/include/zed_components/
[59.041s] -- Installing: /home/ssc/SCV/install/zed_components/include/zed_components//visibility_control.hpp
[59.041s] -- Installing: /home/ssc/SCV/install/zed_components/share/zed_components/environment/library_path.sh
[59.041s] -- Installing: /home/ssc/SCV/install/zed_components/share/zed_components/environment/library_path.dsv
[59.041s] -- Installing: /home/ssc/SCV/install/zed_components/share/ament_index/resource_index/package_run_dependencies/zed_components
[59.041s] -- Installing: /home/ssc/SCV/install/zed_components/share/ament_index/resource_index/parent_prefix_path/zed_components
[59.041s] -- Installing: /home/ssc/SCV/install/zed_components/share/zed_components/environment/ament_prefix_path.sh
[59.041s] -- Installing: /home/ssc/SCV/install/zed_components/share/zed_components/environment/ament_prefix_path.dsv
[59.041s] -- Installing: /home/ssc/SCV/install/zed_components/share/zed_components/environment/path.sh
[59.041s] -- Installing: /home/ssc/SCV/install/zed_components/share/zed_components/environment/path.dsv
[59.041s] -- Installing: /home/ssc/SCV/install/zed_components/share/zed_components/local_setup.bash
[59.041s] -- Installing: /home/ssc/SCV/install/zed_components/share/zed_components/local_setup.sh
[59.041s] -- Installing: /home/ssc/SCV/install/zed_components/share/zed_components/local_setup.zsh
[59.042s] -- Installing: /home/ssc/SCV/install/zed_components/share/zed_components/local_setup.dsv
[59.042s] -- Installing: /home/ssc/SCV/install/zed_components/share/zed_components/package.dsv
[59.042s] -- Installing: /home/ssc/SCV/install/zed_components/share/ament_index/resource_index/packages/zed_components
[59.042s] -- Installing: /home/ssc/SCV/install/zed_components/share/ament_index/resource_index/rclcpp_components/zed_components
[59.042s] -- Installing: /home/ssc/SCV/install/zed_components/share/zed_components/cmake/ament_cmake_export_include_directories-extras.cmake
[59.042s] -- Installing: /home/ssc/SCV/install/zed_components/share/zed_components/cmake/ament_cmake_export_libraries-extras.cmake
[59.042s] -- Installing: /home/ssc/SCV/install/zed_components/share/zed_components/cmake/ament_cmake_export_dependencies-extras.cmake
[59.042s] -- Installing: /home/ssc/SCV/install/zed_components/share/zed_components/cmake/zed_componentsConfig.cmake
[59.042s] -- Installing: /home/ssc/SCV/install/zed_components/share/zed_components/cmake/zed_componentsConfig-version.cmake
[59.042s] -- Installing: /home/ssc/SCV/install/zed_components/share/zed_components/package.xml
[59.043s] Invoked command in '/home/ssc/SCV/build/zed_components' returned '0': CMAKE_PREFIX_PATH=${CMAKE_PREFIX_PATH}:/opt/ros/humble /usr/bin/cmake --install /home/ssc/SCV/build/zed_components
