[0.008s] Invoking command in '/home/ssc/SCV/build/ublox': AMENT_PREFIX_PATH=/home/ssc/SCV/install/ublox_gps:/home/ssc/SCV/install/ublox_msgs:/home/ssc/SCV/install/ublox_serialization:${AMENT_PREFIX_PATH} CMAKE_PREFIX_PATH=/home/ssc/SCV/install/ublox_gps:/home/ssc/SCV/install/ublox_msgs:/home/ssc/SCV/install/ublox_serialization:/home/ssc/SCV/install/zed_ros2:/home/ssc/SCV/install/zed_wrapper:/home/ssc/SCV/install/zed_components:/home/ssc/SCV/install/usb_cam:/opt/ros/humble LD_LIBRARY_PATH=/home/ssc/SCV/install/ublox_gps/lib:/home/ssc/SCV/install/ublox_msgs/lib:${LD_LIBRARY_PATH} PYTHONPATH=/home/ssc/SCV/install/ublox_msgs/local/lib/python3.10/dist-packages:${PYTHONPATH} /usr/bin/cmake /home/ssc/SCV/src/sensor_pkg/ublox/ublox -DCMAKE_INSTALL_PREFIX=/home/ssc/SCV/install/ublox
[0.046s] -- The C compiler identification is GNU 11.4.0
[0.080s] -- The CXX compiler identification is GNU 11.4.0
[0.085s] -- Detecting C compiler ABI info
[0.129s] -- Detecting C compiler ABI info - done
[0.134s] -- Check for working C compiler: /usr/bin/cc - skipped
[0.134s] -- Detecting C compile features
[0.134s] -- Detecting C compile features - done
[0.136s] -- Detecting CXX compiler ABI info
[0.184s] -- Detecting CXX compiler ABI info - done
[0.189s] -- Check for working CXX compiler: /usr/bin/c++ - skipped
[0.190s] -- Detecting CXX compile features
[0.190s] -- Detecting CXX compile features - done
[0.191s] -- Found ament_cmake: 1.3.11 (/opt/ros/humble/share/ament_cmake/cmake)
[0.290s] -- Found Python3: /usr/bin/python3 (found version "3.10.12") found components: Interpreter 
[0.385s] -- Configuring done
[0.386s] -- Generating done
[0.387s] -- Build files have been written to: /home/ssc/SCV/build/ublox
[0.390s] Invoked command in '/home/ssc/SCV/build/ublox' returned '0': AMENT_PREFIX_PATH=/home/ssc/SCV/install/ublox_gps:/home/ssc/SCV/install/ublox_msgs:/home/ssc/SCV/install/ublox_serialization:${AMENT_PREFIX_PATH} CMAKE_PREFIX_PATH=/home/ssc/SCV/install/ublox_gps:/home/ssc/SCV/install/ublox_msgs:/home/ssc/SCV/install/ublox_serialization:/home/ssc/SCV/install/zed_ros2:/home/ssc/SCV/install/zed_wrapper:/home/ssc/SCV/install/zed_components:/home/ssc/SCV/install/usb_cam:/opt/ros/humble LD_LIBRARY_PATH=/home/ssc/SCV/install/ublox_gps/lib:/home/ssc/SCV/install/ublox_msgs/lib:${LD_LIBRARY_PATH} PYTHONPATH=/home/ssc/SCV/install/ublox_msgs/local/lib/python3.10/dist-packages:${PYTHONPATH} /usr/bin/cmake /home/ssc/SCV/src/sensor_pkg/ublox/ublox -DCMAKE_INSTALL_PREFIX=/home/ssc/SCV/install/ublox
[0.391s] Invoking command in '/home/ssc/SCV/build/ublox': AMENT_PREFIX_PATH=/home/ssc/SCV/install/ublox_gps:/home/ssc/SCV/install/ublox_msgs:/home/ssc/SCV/install/ublox_serialization:${AMENT_PREFIX_PATH} CMAKE_PREFIX_PATH=/home/ssc/SCV/install/ublox_gps:/home/ssc/SCV/install/ublox_msgs:/home/ssc/SCV/install/ublox_serialization:/home/ssc/SCV/install/zed_ros2:/home/ssc/SCV/install/zed_wrapper:/home/ssc/SCV/install/zed_components:/home/ssc/SCV/install/usb_cam:/opt/ros/humble LD_LIBRARY_PATH=/home/ssc/SCV/install/ublox_gps/lib:/home/ssc/SCV/install/ublox_msgs/lib:${LD_LIBRARY_PATH} PYTHONPATH=/home/ssc/SCV/install/ublox_msgs/local/lib/python3.10/dist-packages:${PYTHONPATH} /usr/bin/cmake --build /home/ssc/SCV/build/ublox -- -j24 -l24
[0.415s] Invoked command in '/home/ssc/SCV/build/ublox' returned '0': AMENT_PREFIX_PATH=/home/ssc/SCV/install/ublox_gps:/home/ssc/SCV/install/ublox_msgs:/home/ssc/SCV/install/ublox_serialization:${AMENT_PREFIX_PATH} CMAKE_PREFIX_PATH=/home/ssc/SCV/install/ublox_gps:/home/ssc/SCV/install/ublox_msgs:/home/ssc/SCV/install/ublox_serialization:/home/ssc/SCV/install/zed_ros2:/home/ssc/SCV/install/zed_wrapper:/home/ssc/SCV/install/zed_components:/home/ssc/SCV/install/usb_cam:/opt/ros/humble LD_LIBRARY_PATH=/home/ssc/SCV/install/ublox_gps/lib:/home/ssc/SCV/install/ublox_msgs/lib:${LD_LIBRARY_PATH} PYTHONPATH=/home/ssc/SCV/install/ublox_msgs/local/lib/python3.10/dist-packages:${PYTHONPATH} /usr/bin/cmake --build /home/ssc/SCV/build/ublox -- -j24 -l24
[0.416s] Invoking command in '/home/ssc/SCV/build/ublox': AMENT_PREFIX_PATH=/home/ssc/SCV/install/ublox_gps:/home/ssc/SCV/install/ublox_msgs:/home/ssc/SCV/install/ublox_serialization:${AMENT_PREFIX_PATH} CMAKE_PREFIX_PATH=/home/ssc/SCV/install/ublox_gps:/home/ssc/SCV/install/ublox_msgs:/home/ssc/SCV/install/ublox_serialization:/home/ssc/SCV/install/zed_ros2:/home/ssc/SCV/install/zed_wrapper:/home/ssc/SCV/install/zed_components:/home/ssc/SCV/install/usb_cam:/opt/ros/humble LD_LIBRARY_PATH=/home/ssc/SCV/install/ublox_gps/lib:/home/ssc/SCV/install/ublox_msgs/lib:${LD_LIBRARY_PATH} PYTHONPATH=/home/ssc/SCV/install/ublox_msgs/local/lib/python3.10/dist-packages:${PYTHONPATH} /usr/bin/cmake --install /home/ssc/SCV/build/ublox
[0.421s] -- Install configuration: ""
[0.421s] -- Installing: /home/ssc/SCV/install/ublox/share/ament_index/resource_index/package_run_dependencies/ublox
[0.421s] -- Installing: /home/ssc/SCV/install/ublox/share/ament_index/resource_index/parent_prefix_path/ublox
[0.421s] -- Installing: /home/ssc/SCV/install/ublox/share/ublox/environment/ament_prefix_path.sh
[0.421s] -- Installing: /home/ssc/SCV/install/ublox/share/ublox/environment/ament_prefix_path.dsv
[0.421s] -- Installing: /home/ssc/SCV/install/ublox/share/ublox/environment/path.sh
[0.421s] -- Installing: /home/ssc/SCV/install/ublox/share/ublox/environment/path.dsv
[0.421s] -- Installing: /home/ssc/SCV/install/ublox/share/ublox/local_setup.bash
[0.421s] -- Installing: /home/ssc/SCV/install/ublox/share/ublox/local_setup.sh
[0.421s] -- Installing: /home/ssc/SCV/install/ublox/share/ublox/local_setup.zsh
[0.421s] -- Installing: /home/ssc/SCV/install/ublox/share/ublox/local_setup.dsv
[0.421s] -- Installing: /home/ssc/SCV/install/ublox/share/ublox/package.dsv
[0.421s] -- Installing: /home/ssc/SCV/install/ublox/share/ament_index/resource_index/packages/ublox
[0.421s] -- Installing: /home/ssc/SCV/install/ublox/share/ublox/cmake/ubloxConfig.cmake
[0.421s] -- Installing: /home/ssc/SCV/install/ublox/share/ublox/cmake/ubloxConfig-version.cmake
[0.421s] -- Installing: /home/ssc/SCV/install/ublox/share/ublox/package.xml
[0.422s] Invoked command in '/home/ssc/SCV/build/ublox' returned '0': AMENT_PREFIX_PATH=/home/ssc/SCV/install/ublox_gps:/home/ssc/SCV/install/ublox_msgs:/home/ssc/SCV/install/ublox_serialization:${AMENT_PREFIX_PATH} CMAKE_PREFIX_PATH=/home/ssc/SCV/install/ublox_gps:/home/ssc/SCV/install/ublox_msgs:/home/ssc/SCV/install/ublox_serialization:/home/ssc/SCV/install/zed_ros2:/home/ssc/SCV/install/zed_wrapper:/home/ssc/SCV/install/zed_components:/home/ssc/SCV/install/usb_cam:/opt/ros/humble LD_LIBRARY_PATH=/home/ssc/SCV/install/ublox_gps/lib:/home/ssc/SCV/install/ublox_msgs/lib:${LD_LIBRARY_PATH} PYTHONPATH=/home/ssc/SCV/install/ublox_msgs/local/lib/python3.10/dist-packages:${PYTHONPATH} /usr/bin/cmake --install /home/ssc/SCV/build/ublox
