[0.017s] Invoking command in '/home/scv/SCV/build/usb_cam': CMAKE_PREFIX_PATH=/opt/ros/humble /usr/bin/cmake /home/scv/SCV/src/sensor_pkg/usb_cam -DCMAKE_BUILD_TYPE=Release -DAMENT_CMAKE_SYMLINK_INSTALL=1 -DCMAKE_INSTALL_PREFIX=/home/scv/SCV/install/usb_cam
[0.027s] -- Found ament_cmake_auto: 1.3.11 (/opt/ros/humble/share/ament_cmake_auto/cmake)
[0.159s] -- Override CMake install command with custom implementation using symlinks instead of copying resources
[0.276s] -- Found rosidl_generator_c: 3.1.6 (/opt/ros/humble/share/rosidl_generator_c/cmake)
[0.279s] -- Found rosidl_adapter: 3.1.6 (/opt/ros/humble/share/rosidl_adapter/cmake)
[0.287s] -- Found rosidl_generator_cpp: 3.1.6 (/opt/ros/humble/share/rosidl_generator_cpp/cmake)
[0.298s] -- Using all available rosidl_typesupport_c: rosidl_typesupport_fastrtps_c;rosidl_typesupport_introspection_c
[0.314s] -- Using all available rosidl_typesupport_cpp: rosidl_typesupport_fastrtps_cpp;rosidl_typesupport_introspection_cpp
[0.350s] -- Found rmw_implementation_cmake: 6.1.2 (/opt/ros/humble/share/rmw_implementation_cmake/cmake)
[0.351s] -- Found rmw_fastrtps_cpp: 6.2.7 (/opt/ros/humble/share/rmw_fastrtps_cpp/cmake)
[0.447s] -- Using RMW implementation 'rmw_fastrtps_cpp' as default
[0.651s] -- Found ament_lint_auto: 0.12.12 (/opt/ros/humble/share/ament_lint_auto/cmake)
[0.657s] -- Found gtest sources under '/opt/ros/humble/src/gtest_vendor': C++ tests using 'Google Test' will be built
[0.669s] -- Added test 'copyright' to check source files copyright and LICENSE
[0.672s] -- Added test 'cppcheck' to perform static code analysis on C / C++ code
[0.672s] -- Configured cppcheck include dirs: /home/scv/SCV/src/sensor_pkg/usb_cam/include
[0.672s] -- Configured cppcheck exclude dirs and/or files: 
[0.674s] -- Added test 'cpplint' to check C / C++ code against the Google style
[0.674s] -- Configured cpplint exclude dirs and/or files: 
[0.675s] -- Added test 'flake8' to check Python code syntax and style conventions
[0.676s] -- Added test 'lint_cmake' to check CMake code style
[0.676s] -- Added test 'pep257' to check Python code against some of the docstring style conventions in PEP 257
[0.678s] -- Added test 'uncrustify' to check C / C++ code style
[0.678s] -- Configured uncrustify additional arguments: 
[0.679s] -- Added test 'xmllint' to check XML markup files
[0.681s] -- Configuring done
[0.711s] -- Generating done
[0.722s] -- Build files have been written to: /home/scv/SCV/build/usb_cam
[0.731s] Invoked command in '/home/scv/SCV/build/usb_cam' returned '0': CMAKE_PREFIX_PATH=/opt/ros/humble /usr/bin/cmake /home/scv/SCV/src/sensor_pkg/usb_cam -DCMAKE_BUILD_TYPE=Release -DAMENT_CMAKE_SYMLINK_INSTALL=1 -DCMAKE_INSTALL_PREFIX=/home/scv/SCV/install/usb_cam
[0.733s] Invoking command in '/home/scv/SCV/build/usb_cam': CMAKE_PREFIX_PATH=/opt/ros/humble /usr/bin/cmake --build /home/scv/SCV/build/usb_cam -- -j8 -l8
[0.772s] [35m[1mConsolidate compiler generated dependencies of target usb_cam[0m
[0.772s] [35m[1mConsolidate compiler generated dependencies of target gtest[0m
[0.773s] [35m[1mConsolidate compiler generated dependencies of target usb_cam_node_exe[0m
[0.773s] [35m[1mConsolidate compiler generated dependencies of target gtest_main[0m
[0.784s] [  7%] [32mBuilding CXX object gtest/CMakeFiles/gtest.dir/src/gtest-all.cc.o[0m
[0.786s] [ 14%] [32mBuilding CXX object CMakeFiles/usb_cam.dir/src/usb_cam.cpp.o[0m
[0.787s] [ 21%] [32mBuilding CXX object gtest/CMakeFiles/gtest_main.dir/src/gtest_main.cc.o[0m
[0.797s] [ 28%] [32mBuilding CXX object CMakeFiles/usb_cam_node_exe.dir/rclcpp_components/node_main_usb_cam_node_exe.cpp.o[0m
[2.696s] [ 35%] [32m[1mLinking CXX static library libgtest_main.a[0m
[2.768s] [ 35%] Built target gtest_main
[8.457s] [ 42%] [32m[1mLinking CXX executable usb_cam_node_exe[0m
[8.463s] [ 50%] [32m[1mLinking CXX shared library libusb_cam.so[0m
[9.021s] [ 50%] Built target usb_cam
[9.063s] [ 57%] [32mBuilding CXX object CMakeFiles/usb_cam_node.dir/src/usb_cam_node.cpp.o[0m
[9.226s] [ 57%] Built target usb_cam_node_exe
[16.509s] [ 64%] [32m[1mLinking CXX static library libgtest.a[0m
[16.595s] [ 64%] Built target gtest
[16.639s] [ 71%] [32mBuilding CXX object CMakeFiles/test_pixel_formats.dir/test/test_pixel_formats.cpp.o[0m
[16.643s] [ 78%] [32mBuilding CXX object CMakeFiles/test_usb_cam_utils.dir/test/test_usb_cam_utils.cpp.o[0m
[19.785s] [ 85%] [32m[1mLinking CXX executable test_pixel_formats[0m
[20.120s] [ 85%] Built target test_pixel_formats
[20.384s] [ 92%] [32m[1mLinking CXX executable test_usb_cam_utils[0m
[20.944s] [ 92%] Built target test_usb_cam_utils
[26.069s] [100%] [32m[1mLinking CXX shared library libusb_cam_node.so[0m
[26.278s] [100%] Built target usb_cam_node
