[0.008s] Invoking command in '/home/ssc/SCV/build/zed_wrapper': CMAKE_PREFIX_PATH=/home/ssc/SCV/install/zed_components:/home/ssc/SCV/install/ublox:/home/ssc/SCV/install/ublox_gps:/home/ssc/SCV/install/ublox_msgs:/home/ssc/SCV/install/ublox_serialization:/home/ssc/SCV/install/zed_ros2:/home/ssc/SCV/install/zed_wrapper:/home/ssc/SCV/install/usb_cam:/opt/ros/humble /usr/bin/cmake /home/ssc/SCV/src/sensor_pkg/zed-ros2-wrapper/zed_wrapper -DCMAKE_BUILD_TYPE=Release -DAMENT_CMAKE_SYMLINK_INSTALL=1 -DCMAKE_INSTALL_PREFIX=/home/ssc/SCV/install/zed_wrapper
[0.017s] -- Found ament_cmake_auto: 1.3.11 (/opt/ros/humble/share/ament_cmake_auto/cmake)
[0.098s] -- Override CMake install command with custom implementation using symlinks instead of copying resources
[0.160s] -- Found rosidl_generator_c: 3.1.6 (/opt/ros/humble/share/rosidl_generator_c/cmake)
[0.161s] -- Found rosidl_adapter: 3.1.6 (/opt/ros/humble/share/rosidl_adapter/cmake)
[0.165s] -- Found rosidl_generator_cpp: 3.1.6 (/opt/ros/humble/share/rosidl_generator_cpp/cmake)
[0.170s] -- Using all available rosidl_typesupport_c: rosidl_typesupport_fastrtps_c;rosidl_typesupport_introspection_c
[0.178s] -- Using all available rosidl_typesupport_cpp: rosidl_typesupport_fastrtps_cpp;rosidl_typesupport_introspection_cpp
[0.198s] -- Found rmw_implementation_cmake: 6.1.2 (/opt/ros/humble/share/rmw_implementation_cmake/cmake)
[0.199s] -- Found rmw_fastrtps_cpp: 6.2.7 (/opt/ros/humble/share/rmw_fastrtps_cpp/cmake)
[0.268s] -- Using RMW implementation 'rmw_fastrtps_cpp' as default
[0.378s] -- Found eigen3_cmake_module: 0.1.1 (/opt/ros/humble/share/eigen3_cmake_module/cmake)
[0.379s] -- Ensuring Eigen3 include directory is part of orocos-kdl CMake target
[0.490s] -- Configuring done
[0.492s] -- Generating done
[0.494s] -- Build files have been written to: /home/ssc/SCV/build/zed_wrapper
[0.503s] Invoked command in '/home/ssc/SCV/build/zed_wrapper' returned '0': CMAKE_PREFIX_PATH=/home/ssc/SCV/install/zed_components:/home/ssc/SCV/install/ublox:/home/ssc/SCV/install/ublox_gps:/home/ssc/SCV/install/ublox_msgs:/home/ssc/SCV/install/ublox_serialization:/home/ssc/SCV/install/zed_ros2:/home/ssc/SCV/install/zed_wrapper:/home/ssc/SCV/install/usb_cam:/opt/ros/humble /usr/bin/cmake /home/ssc/SCV/src/sensor_pkg/zed-ros2-wrapper/zed_wrapper -DCMAKE_BUILD_TYPE=Release -DAMENT_CMAKE_SYMLINK_INSTALL=1 -DCMAKE_INSTALL_PREFIX=/home/ssc/SCV/install/zed_wrapper
[0.506s] Invoking command in '/home/ssc/SCV/build/zed_wrapper': CMAKE_PREFIX_PATH=/home/ssc/SCV/install/zed_components:/home/ssc/SCV/install/ublox:/home/ssc/SCV/install/ublox_gps:/home/ssc/SCV/install/ublox_msgs:/home/ssc/SCV/install/ublox_serialization:/home/ssc/SCV/install/zed_ros2:/home/ssc/SCV/install/zed_wrapper:/home/ssc/SCV/install/usb_cam:/opt/ros/humble /usr/bin/cmake --build /home/ssc/SCV/build/zed_wrapper -- -j24 -l24
[0.557s] Invoked command in '/home/ssc/SCV/build/zed_wrapper' returned '0': CMAKE_PREFIX_PATH=/home/ssc/SCV/install/zed_components:/home/ssc/SCV/install/ublox:/home/ssc/SCV/install/ublox_gps:/home/ssc/SCV/install/ublox_msgs:/home/ssc/SCV/install/ublox_serialization:/home/ssc/SCV/install/zed_ros2:/home/ssc/SCV/install/zed_wrapper:/home/ssc/SCV/install/usb_cam:/opt/ros/humble /usr/bin/cmake --build /home/ssc/SCV/build/zed_wrapper -- -j24 -l24
[0.558s] Invoking command in '/home/ssc/SCV/build/zed_wrapper': CMAKE_PREFIX_PATH=/home/ssc/SCV/install/zed_components:/home/ssc/SCV/install/ublox:/home/ssc/SCV/install/ublox_gps:/home/ssc/SCV/install/ublox_msgs:/home/ssc/SCV/install/ublox_serialization:/home/ssc/SCV/install/zed_ros2:/home/ssc/SCV/install/zed_wrapper:/home/ssc/SCV/install/usb_cam:/opt/ros/humble /usr/bin/cmake --install /home/ssc/SCV/build/zed_wrapper
[0.569s] -- Install configuration: "Release"
[0.570s] -- Execute custom install script
[0.570s] -- Symlinking: /home/ssc/SCV/install/zed_wrapper/share/zed_wrapper/config/common_mono.yaml
[0.596s] -- Symlinking: /home/ssc/SCV/install/zed_wrapper/share/zed_wrapper/config/common_stereo.yaml
[0.606s] -- Symlinking: /home/ssc/SCV/install/zed_wrapper/share/zed_wrapper/config/custom_object_detection.yaml
[0.616s] -- Symlinking: /home/ssc/SCV/install/zed_wrapper/share/zed_wrapper/config/ffmpeg.yaml
[0.624s] -- Symlinking: /home/ssc/SCV/install/zed_wrapper/share/zed_wrapper/config/object_detection.yaml
[0.636s] -- Symlinking: /home/ssc/SCV/install/zed_wrapper/share/zed_wrapper/config/virtual.yaml
[0.642s] -- Symlinking: /home/ssc/SCV/install/zed_wrapper/share/zed_wrapper/config/zed.yaml
[0.652s] -- Symlinking: /home/ssc/SCV/install/zed_wrapper/share/zed_wrapper/config/zed2.yaml
[0.662s] -- Symlinking: /home/ssc/SCV/install/zed_wrapper/share/zed_wrapper/config/zed2i.yaml
[0.671s] -- Symlinking: /home/ssc/SCV/install/zed_wrapper/share/zed_wrapper/config/zedm.yaml
[0.681s] -- Symlinking: /home/ssc/SCV/install/zed_wrapper/share/zed_wrapper/config/zedx.yaml
[0.691s] -- Symlinking: /home/ssc/SCV/install/zed_wrapper/share/zed_wrapper/config/zedxm.yaml
[0.700s] -- Symlinking: /home/ssc/SCV/install/zed_wrapper/share/zed_wrapper/config/zedxone4k.yaml
[0.710s] -- Symlinking: /home/ssc/SCV/install/zed_wrapper/share/zed_wrapper/config/zedxonegs.yaml
[0.722s] -- Symlinking: /home/ssc/SCV/install/zed_wrapper/share/zed_wrapper/urdf/include/materials.urdf.xacro
[0.734s] -- Symlinking: /home/ssc/SCV/install/zed_wrapper/share/zed_wrapper/urdf/zed_descr.urdf.xacro
[0.742s] -- Symlinking: /home/ssc/SCV/install/zed_wrapper/share/zed_wrapper/urdf/zed_macro.urdf.xacro
[0.753s] -- Symlinking: /home/ssc/SCV/install/zed_wrapper/share/zed_wrapper/launch/zed_camera.launch.py
[0.761s] -- Symlinking: /home/ssc/SCV/install/zed_wrapper/share/ament_index/resource_index/package_run_dependencies/zed_wrapper
[0.771s] -- Symlinking: /home/ssc/SCV/install/zed_wrapper/share/ament_index/resource_index/parent_prefix_path/zed_wrapper
[0.780s] -- Symlinking: /home/ssc/SCV/install/zed_wrapper/share/zed_wrapper/environment/ament_prefix_path.sh
[0.795s] -- Symlinking: /home/ssc/SCV/install/zed_wrapper/share/zed_wrapper/environment/ament_prefix_path.dsv
[0.805s] -- Symlinking: /home/ssc/SCV/install/zed_wrapper/share/zed_wrapper/environment/path.sh
[0.814s] -- Symlinking: /home/ssc/SCV/install/zed_wrapper/share/zed_wrapper/environment/path.dsv
[0.826s] -- Symlinking: /home/ssc/SCV/install/zed_wrapper/share/zed_wrapper/local_setup.bash
[0.834s] -- Symlinking: /home/ssc/SCV/install/zed_wrapper/share/zed_wrapper/local_setup.sh
[0.845s] -- Symlinking: /home/ssc/SCV/install/zed_wrapper/share/zed_wrapper/local_setup.zsh
[0.858s] -- Symlinking: /home/ssc/SCV/install/zed_wrapper/share/zed_wrapper/local_setup.dsv
[0.865s] -- Symlinking: /home/ssc/SCV/install/zed_wrapper/share/zed_wrapper/package.dsv
[0.873s] -- Symlinking: /home/ssc/SCV/install/zed_wrapper/share/ament_index/resource_index/packages/zed_wrapper
[0.882s] -- Symlinking: /home/ssc/SCV/install/zed_wrapper/share/zed_wrapper/cmake/zed_wrapperConfig.cmake
[0.888s] -- Symlinking: /home/ssc/SCV/install/zed_wrapper/share/zed_wrapper/cmake/zed_wrapperConfig-version.cmake
[0.897s] -- Symlinking: /home/ssc/SCV/install/zed_wrapper/share/zed_wrapper/package.xml
[0.909s] Invoked command in '/home/ssc/SCV/build/zed_wrapper' returned '0': CMAKE_PREFIX_PATH=/home/ssc/SCV/install/zed_components:/home/ssc/SCV/install/ublox:/home/ssc/SCV/install/ublox_gps:/home/ssc/SCV/install/ublox_msgs:/home/ssc/SCV/install/ublox_serialization:/home/ssc/SCV/install/zed_ros2:/home/ssc/SCV/install/zed_wrapper:/home/ssc/SCV/install/usb_cam:/opt/ros/humble /usr/bin/cmake --install /home/ssc/SCV/build/zed_wrapper
