[0.013s] Invoking command in '/home/scv/SCV/build/zed_components': CMAKE_PREFIX_PATH=/opt/ros/humble /usr/bin/cmake /home/scv/SCV/src/sensor_pkg/zed-ros2-wrapper/zed_components -DCMAKE_BUILD_TYPE=Release -DAMENT_CMAKE_SYMLINK_INSTALL=1 -DCMAKE_INSTALL_PREFIX=/home/scv/SCV/install/zed_components
[0.072s] -- Found CUDA: /usr/local/cuda (found suitable version "12.8", minimum required is "12") 
[0.122s] -- Found CUDA: /usr/local/cuda (found version "12.8") 
[0.122s] -- Found ament_cmake_auto: 1.3.11 (/opt/ros/humble/share/ament_cmake_auto/cmake)
[0.287s] -- Override CMake install command with custom implementation using symlinks instead of copying resources
[0.390s] -- Found rosidl_generator_c: 3.1.6 (/opt/ros/humble/share/rosidl_generator_c/cmake)
[0.392s] -- Found rosidl_adapter: 3.1.6 (/opt/ros/humble/share/rosidl_adapter/cmake)
[0.398s] -- Found rosidl_generator_cpp: 3.1.6 (/opt/ros/humble/share/rosidl_generator_cpp/cmake)
[0.408s] -- Using all available rosidl_typesupport_c: rosidl_typesupport_fastrtps_c;rosidl_typesupport_introspection_c
[0.422s] -- Using all available rosidl_typesupport_cpp: rosidl_typesupport_fastrtps_cpp;rosidl_typesupport_introspection_cpp
[0.525s] -- Found rmw_implementation_cmake: 6.1.2 (/opt/ros/humble/share/rmw_implementation_cmake/cmake)
[0.526s] -- Found rmw_fastrtps_cpp: 6.2.7 (/opt/ros/humble/share/rmw_fastrtps_cpp/cmake)
[0.621s] -- Using RMW implementation 'rmw_fastrtps_cpp' as default
[0.865s] -- Found eigen3_cmake_module: 0.1.1 (/opt/ros/humble/share/eigen3_cmake_module/cmake)
[0.867s] -- Ensuring Eigen3 include directory is part of orocos-kdl CMake target
[0.976s] -- Found ament_lint_auto: 0.12.12 (/opt/ros/humble/share/ament_lint_auto/cmake)
[1.007s] -- Added test 'copyright' to check source files copyright and LICENSE
[1.009s] -- Added test 'cppcheck' to perform static code analysis on C / C++ code
[1.009s] -- Configured cppcheck include dirs: /home/scv/SCV/src/sensor_pkg/zed-ros2-wrapper/zed_components/src/include;/home/scv/SCV/src/sensor_pkg/zed-ros2-wrapper/zed_components/src/zed_camera/include;/home/scv/SCV/src/sensor_pkg/zed-ros2-wrapper/zed_components/src/tools/include
[1.009s] -- Configured cppcheck exclude dirs and/or files: 
[1.010s] -- Added test 'lint_cmake' to check CMake code style
[1.011s] -- Added test 'uncrustify' to check C / C++ code style
[1.011s] -- Configured uncrustify additional arguments: 
[1.012s] -- Added test 'xmllint' to check XML markup files
[1.014s] -- Configuring done
[1.043s] -- Generating done
[1.053s] -- Build files have been written to: /home/scv/SCV/build/zed_components
[1.062s] Invoked command in '/home/scv/SCV/build/zed_components' returned '0': CMAKE_PREFIX_PATH=/opt/ros/humble /usr/bin/cmake /home/scv/SCV/src/sensor_pkg/zed-ros2-wrapper/zed_components -DCMAKE_BUILD_TYPE=Release -DAMENT_CMAKE_SYMLINK_INSTALL=1 -DCMAKE_INSTALL_PREFIX=/home/scv/SCV/install/zed_components
[1.064s] Invoking command in '/home/scv/SCV/build/zed_components': CMAKE_PREFIX_PATH=/opt/ros/humble /usr/bin/cmake --build /home/scv/SCV/build/zed_components -- -j8 -l8
[1.113s] Consolidate compiler generated dependencies of target zed_camera_one_component
[1.122s] Consolidate compiler generated dependencies of target zed_camera_component
[1.131s] [ 40%] Built target zed_camera_one_component
[1.145s] [100%] Built target zed_camera_component
[1.157s] Invoked command in '/home/scv/SCV/build/zed_components' returned '0': CMAKE_PREFIX_PATH=/opt/ros/humble /usr/bin/cmake --build /home/scv/SCV/build/zed_components -- -j8 -l8
[1.159s] Invoking command in '/home/scv/SCV/build/zed_components': CMAKE_PREFIX_PATH=/opt/ros/humble /usr/bin/cmake --install /home/scv/SCV/build/zed_components
[1.165s] -- Install configuration: "Release"
[1.165s] -- Execute custom install script
[1.169s] -- Up-to-date symlink: /home/scv/SCV/install/zed_components/lib/libzed_camera_component.so
[1.170s] -- Up-to-date symlink: /home/scv/SCV/install/zed_components/lib/libzed_camera_one_component.so
[1.170s] -- Up-to-date symlink: /home/scv/SCV/install/zed_components/include/zed_components//cost_traversability.hpp
[1.171s] -- Up-to-date symlink: /home/scv/SCV/install/zed_components/include/zed_components//zed_camera_component.hpp
[1.171s] -- Up-to-date symlink: /home/scv/SCV/install/zed_components/include/zed_components//zed_camera_one_component.hpp
[1.171s] -- Up-to-date symlink: /home/scv/SCV/install/zed_components/include/zed_components//gnss_replay.hpp
[1.171s] -- Up-to-date symlink: /home/scv/SCV/install/zed_components/include/zed_components//json.hpp
[1.171s] -- Up-to-date symlink: /home/scv/SCV/install/zed_components/include/zed_components//sl_logging.hpp
[1.171s] -- Up-to-date symlink: /home/scv/SCV/install/zed_components/include/zed_components//sl_tools.hpp
[1.172s] -- Up-to-date symlink: /home/scv/SCV/install/zed_components/include/zed_components//sl_types.hpp
[1.172s] -- Up-to-date symlink: /home/scv/SCV/install/zed_components/include/zed_components//sl_win_avg.hpp
[1.172s] -- Up-to-date symlink: /home/scv/SCV/install/zed_components/include/zed_components//visibility_control.hpp
[1.172s] -- Up-to-date symlink: /home/scv/SCV/install/zed_components/share/zed_components/environment/library_path.sh
[1.172s] -- Up-to-date symlink: /home/scv/SCV/install/zed_components/share/zed_components/environment/library_path.dsv
[1.172s] -- Up-to-date symlink: /home/scv/SCV/install/zed_components/share/ament_index/resource_index/package_run_dependencies/zed_components
[1.172s] -- Up-to-date symlink: /home/scv/SCV/install/zed_components/share/ament_index/resource_index/parent_prefix_path/zed_components
[1.172s] -- Up-to-date symlink: /home/scv/SCV/install/zed_components/share/zed_components/environment/ament_prefix_path.sh
[1.172s] -- Up-to-date symlink: /home/scv/SCV/install/zed_components/share/zed_components/environment/ament_prefix_path.dsv
[1.172s] -- Up-to-date symlink: /home/scv/SCV/install/zed_components/share/zed_components/environment/path.sh
[1.172s] -- Up-to-date symlink: /home/scv/SCV/install/zed_components/share/zed_components/environment/path.dsv
[1.172s] -- Up-to-date symlink: /home/scv/SCV/install/zed_components/share/zed_components/local_setup.bash
[1.172s] -- Up-to-date symlink: /home/scv/SCV/install/zed_components/share/zed_components/local_setup.sh
[1.172s] -- Up-to-date symlink: /home/scv/SCV/install/zed_components/share/zed_components/local_setup.zsh
[1.172s] -- Up-to-date symlink: /home/scv/SCV/install/zed_components/share/zed_components/local_setup.dsv
[1.173s] -- Symlinking: /home/scv/SCV/install/zed_components/share/zed_components/package.dsv
[1.179s] -- Up-to-date symlink: /home/scv/SCV/install/zed_components/share/ament_index/resource_index/packages/zed_components
[1.180s] -- Up-to-date symlink: /home/scv/SCV/install/zed_components/share/ament_index/resource_index/rclcpp_components/zed_components
[1.180s] -- Up-to-date symlink: /home/scv/SCV/install/zed_components/share/zed_components/cmake/ament_cmake_export_include_directories-extras.cmake
[1.180s] -- Up-to-date symlink: /home/scv/SCV/install/zed_components/share/zed_components/cmake/ament_cmake_export_libraries-extras.cmake
[1.180s] -- Up-to-date symlink: /home/scv/SCV/install/zed_components/share/zed_components/cmake/ament_cmake_export_dependencies-extras.cmake
[1.180s] -- Up-to-date symlink: /home/scv/SCV/install/zed_components/share/zed_components/cmake/zed_componentsConfig.cmake
[1.180s] -- Up-to-date symlink: /home/scv/SCV/install/zed_components/share/zed_components/cmake/zed_componentsConfig-version.cmake
[1.180s] -- Up-to-date symlink: /home/scv/SCV/install/zed_components/share/zed_components/package.xml
[1.185s] Invoked command in '/home/scv/SCV/build/zed_components' returned '0': CMAKE_PREFIX_PATH=/opt/ros/humble /usr/bin/cmake --install /home/scv/SCV/build/zed_components
