[0.010s] Invoking command in '/home/scv/SCV/build/ublox': AMENT_PREFIX_PATH=/home/scv/SCV/install/ublox_gps:/home/scv/SCV/install/ublox_msgs:/home/scv/SCV/install/ublox_serialization:${AMENT_PREFIX_PATH} CMAKE_PREFIX_PATH=/home/scv/SCV/install/ublox_gps:/home/scv/SCV/install/ublox_msgs:/home/scv/SCV/install/ublox_serialization:/home/scv/SCV/install/hunter_base:/home/scv/SCV/install/hunter_msgs:/opt/ros/humble:/home/scv/SCV/install/ugv_sdk LD_LIBRARY_PATH=/home/scv/SCV/install/ublox_gps/lib:/home/scv/SCV/install/ublox_msgs/lib:${LD_LIBRARY_PATH} PYTHONPATH=/home/scv/SCV/install/ublox_msgs/local/lib/python3.10/dist-packages:${PYTHONPATH} /usr/bin/cmake /home/scv/SCV/src/sensor_pkg/ublox/ublox -DCMAKE_INSTALL_PREFIX=/home/scv/SCV/install/ublox
[0.058s] -- The C compiler identification is GNU 11.4.0
[0.110s] -- The CXX compiler identification is GNU 11.4.0
[0.116s] -- Detecting C compiler ABI info
[0.175s] -- Detecting C compiler ABI info - done
[0.183s] -- Check for working C compiler: /usr/bin/cc - skipped
[0.183s] -- Detecting C compile features
[0.183s] -- Detecting C compile features - done
[0.186s] -- Detecting CXX compiler ABI info
[0.255s] -- Detecting CXX compiler ABI info - done
[0.262s] -- Check for working CXX compiler: /usr/bin/c++ - skipped
[0.262s] -- Detecting CXX compile features
[0.263s] -- Detecting CXX compile features - done
[0.265s] -- Found ament_cmake: 1.3.11 (/opt/ros/humble/share/ament_cmake/cmake)
[0.406s] -- Found Python3: /usr/bin/python3 (found version "3.10.12") found components: Interpreter 
[0.545s] -- Configuring done
[0.547s] -- Generating done
[0.548s] -- Build files have been written to: /home/scv/SCV/build/ublox
[0.552s] Invoked command in '/home/scv/SCV/build/ublox' returned '0': AMENT_PREFIX_PATH=/home/scv/SCV/install/ublox_gps:/home/scv/SCV/install/ublox_msgs:/home/scv/SCV/install/ublox_serialization:${AMENT_PREFIX_PATH} CMAKE_PREFIX_PATH=/home/scv/SCV/install/ublox_gps:/home/scv/SCV/install/ublox_msgs:/home/scv/SCV/install/ublox_serialization:/home/scv/SCV/install/hunter_base:/home/scv/SCV/install/hunter_msgs:/opt/ros/humble:/home/scv/SCV/install/ugv_sdk LD_LIBRARY_PATH=/home/scv/SCV/install/ublox_gps/lib:/home/scv/SCV/install/ublox_msgs/lib:${LD_LIBRARY_PATH} PYTHONPATH=/home/scv/SCV/install/ublox_msgs/local/lib/python3.10/dist-packages:${PYTHONPATH} /usr/bin/cmake /home/scv/SCV/src/sensor_pkg/ublox/ublox -DCMAKE_INSTALL_PREFIX=/home/scv/SCV/install/ublox
[0.552s] Invoking command in '/home/scv/SCV/build/ublox': AMENT_PREFIX_PATH=/home/scv/SCV/install/ublox_gps:/home/scv/SCV/install/ublox_msgs:/home/scv/SCV/install/ublox_serialization:${AMENT_PREFIX_PATH} CMAKE_PREFIX_PATH=/home/scv/SCV/install/ublox_gps:/home/scv/SCV/install/ublox_msgs:/home/scv/SCV/install/ublox_serialization:/home/scv/SCV/install/hunter_base:/home/scv/SCV/install/hunter_msgs:/opt/ros/humble:/home/scv/SCV/install/ugv_sdk LD_LIBRARY_PATH=/home/scv/SCV/install/ublox_gps/lib:/home/scv/SCV/install/ublox_msgs/lib:${LD_LIBRARY_PATH} PYTHONPATH=/home/scv/SCV/install/ublox_msgs/local/lib/python3.10/dist-packages:${PYTHONPATH} /usr/bin/cmake --build /home/scv/SCV/build/ublox -- -j8 -l8
[0.582s] Invoked command in '/home/scv/SCV/build/ublox' returned '0': AMENT_PREFIX_PATH=/home/scv/SCV/install/ublox_gps:/home/scv/SCV/install/ublox_msgs:/home/scv/SCV/install/ublox_serialization:${AMENT_PREFIX_PATH} CMAKE_PREFIX_PATH=/home/scv/SCV/install/ublox_gps:/home/scv/SCV/install/ublox_msgs:/home/scv/SCV/install/ublox_serialization:/home/scv/SCV/install/hunter_base:/home/scv/SCV/install/hunter_msgs:/opt/ros/humble:/home/scv/SCV/install/ugv_sdk LD_LIBRARY_PATH=/home/scv/SCV/install/ublox_gps/lib:/home/scv/SCV/install/ublox_msgs/lib:${LD_LIBRARY_PATH} PYTHONPATH=/home/scv/SCV/install/ublox_msgs/local/lib/python3.10/dist-packages:${PYTHONPATH} /usr/bin/cmake --build /home/scv/SCV/build/ublox -- -j8 -l8
[0.584s] Invoking command in '/home/scv/SCV/build/ublox': AMENT_PREFIX_PATH=/home/scv/SCV/install/ublox_gps:/home/scv/SCV/install/ublox_msgs:/home/scv/SCV/install/ublox_serialization:${AMENT_PREFIX_PATH} CMAKE_PREFIX_PATH=/home/scv/SCV/install/ublox_gps:/home/scv/SCV/install/ublox_msgs:/home/scv/SCV/install/ublox_serialization:/home/scv/SCV/install/hunter_base:/home/scv/SCV/install/hunter_msgs:/opt/ros/humble:/home/scv/SCV/install/ugv_sdk LD_LIBRARY_PATH=/home/scv/SCV/install/ublox_gps/lib:/home/scv/SCV/install/ublox_msgs/lib:${LD_LIBRARY_PATH} PYTHONPATH=/home/scv/SCV/install/ublox_msgs/local/lib/python3.10/dist-packages:${PYTHONPATH} /usr/bin/cmake --install /home/scv/SCV/build/ublox
[0.590s] -- Install configuration: ""
[0.590s] -- Installing: /home/scv/SCV/install/ublox/share/ament_index/resource_index/package_run_dependencies/ublox
[0.590s] -- Installing: /home/scv/SCV/install/ublox/share/ament_index/resource_index/parent_prefix_path/ublox
[0.590s] -- Installing: /home/scv/SCV/install/ublox/share/ublox/environment/ament_prefix_path.sh
[0.590s] -- Installing: /home/scv/SCV/install/ublox/share/ublox/environment/ament_prefix_path.dsv
[0.590s] -- Installing: /home/scv/SCV/install/ublox/share/ublox/environment/path.sh
[0.590s] -- Installing: /home/scv/SCV/install/ublox/share/ublox/environment/path.dsv
[0.590s] -- Installing: /home/scv/SCV/install/ublox/share/ublox/local_setup.bash
[0.590s] -- Installing: /home/scv/SCV/install/ublox/share/ublox/local_setup.sh
[0.590s] -- Installing: /home/scv/SCV/install/ublox/share/ublox/local_setup.zsh
[0.590s] -- Installing: /home/scv/SCV/install/ublox/share/ublox/local_setup.dsv
[0.591s] -- Installing: /home/scv/SCV/install/ublox/share/ublox/package.dsv
[0.591s] -- Installing: /home/scv/SCV/install/ublox/share/ament_index/resource_index/packages/ublox
[0.591s] -- Installing: /home/scv/SCV/install/ublox/share/ublox/cmake/ubloxConfig.cmake
[0.591s] -- Installing: /home/scv/SCV/install/ublox/share/ublox/cmake/ubloxConfig-version.cmake
[0.591s] -- Installing: /home/scv/SCV/install/ublox/share/ublox/package.xml
[0.593s] Invoked command in '/home/scv/SCV/build/ublox' returned '0': AMENT_PREFIX_PATH=/home/scv/SCV/install/ublox_gps:/home/scv/SCV/install/ublox_msgs:/home/scv/SCV/install/ublox_serialization:${AMENT_PREFIX_PATH} CMAKE_PREFIX_PATH=/home/scv/SCV/install/ublox_gps:/home/scv/SCV/install/ublox_msgs:/home/scv/SCV/install/ublox_serialization:/home/scv/SCV/install/hunter_base:/home/scv/SCV/install/hunter_msgs:/opt/ros/humble:/home/scv/SCV/install/ugv_sdk LD_LIBRARY_PATH=/home/scv/SCV/install/ublox_gps/lib:/home/scv/SCV/install/ublox_msgs/lib:${LD_LIBRARY_PATH} PYTHONPATH=/home/scv/SCV/install/ublox_msgs/local/lib/python3.10/dist-packages:${PYTHONPATH} /usr/bin/cmake --install /home/scv/SCV/build/ublox
