[0.012s] Invoking command in '/home/scv/SCV/build/hunter_msgs': CMAKE_PREFIX_PATH=${CMAKE_PREFIX_PATH}:/opt/ros/humble /usr/bin/cmake /home/scv/SCV/src/vehicle/SCV_hunter_ros2/hunter_msgs -DCMAKE_INSTALL_PREFIX=/home/scv/SCV/install/hunter_msgs
[0.066s] -- The C compiler identification is GNU 11.4.0
[0.125s] -- The CXX compiler identification is GNU 11.4.0
[0.140s] -- Detecting C compiler ABI info
[0.209s] -- Detecting C compiler ABI info - done
[0.217s] -- Check for working C compiler: /usr/bin/cc - skipped
[0.217s] -- Detecting C compile features
[0.221s] -- Detecting C compile features - done
[0.221s] -- Detecting CXX compiler ABI info
[0.298s] -- Detecting CXX compiler ABI info - done
[0.307s] -- Check for working CXX compiler: /usr/bin/c++ - skipped
[0.307s] -- Detecting CXX compile features
[0.307s] -- Detecting CXX compile features - done
[0.311s] -- Found ament_cmake: 1.3.11 (/opt/ros/humble/share/ament_cmake/cmake)
[0.478s] -- Found Python3: /usr/bin/python3 (found version "3.10.12") found components: Interpreter 
[0.575s] -- Found builtin_interfaces: 1.2.1 (/opt/ros/humble/share/builtin_interfaces/cmake)
[0.643s] -- Found rosidl_generator_c: 3.1.6 (/opt/ros/humble/share/rosidl_generator_c/cmake)
[0.657s] -- Found rosidl_adapter: 3.1.6 (/opt/ros/humble/share/rosidl_adapter/cmake)
[0.672s] -- Found rosidl_generator_cpp: 3.1.6 (/opt/ros/humble/share/rosidl_generator_cpp/cmake)
[0.705s] -- Using all available rosidl_typesupport_c: rosidl_typesupport_fastrtps_c;rosidl_typesupport_introspection_c
[0.739s] -- Using all available rosidl_typesupport_cpp: rosidl_typesupport_fastrtps_cpp;rosidl_typesupport_introspection_cpp
[0.773s] -- Found rosidl_default_generators: 1.2.0 (/opt/ros/humble/share/rosidl_default_generators/cmake)
[0.795s] -- Found std_msgs: 4.9.0 (/opt/ros/humble/share/std_msgs/cmake)
[1.484s] -- Found ament_cmake_ros: 0.10.0 (/opt/ros/humble/share/ament_cmake_ros/cmake)
[2.306s] -- Using all available rosidl_typesupport_c: rosidl_typesupport_fastrtps_c;rosidl_typesupport_introspection_c
[2.573s] -- Using all available rosidl_typesupport_cpp: rosidl_typesupport_fastrtps_cpp;rosidl_typesupport_introspection_cpp
[2.635s] -- Found PythonInterp: /usr/bin/python3 (found suitable version "3.10.12", minimum required is "3.6") 
[2.636s] -- Found python_cmake_module: 0.10.0 (/opt/ros/humble/share/python_cmake_module/cmake)
[2.693s] -- Found PythonLibs: /usr/lib/x86_64-linux-gnu/libpython3.10.so (found suitable version "3.10.12", minimum required is "3.5") 
[2.694s] -- Using PYTHON_EXECUTABLE: /usr/bin/python3
[2.694s] -- Using PYTHON_INCLUDE_DIRS: /usr/include/python3.10
[2.697s] -- Using PYTHON_LIBRARIES: /usr/lib/x86_64-linux-gnu/libpython3.10.so
[2.750s] -- Found PythonExtra: .so  
[2.865s] -- Found ament_lint_auto: 0.12.12 (/opt/ros/humble/share/ament_lint_auto/cmake)
[2.898s] -- Added test 'copyright' to check source files copyright and LICENSE
[2.904s] -- Added test 'lint_cmake' to check CMake code style
[2.907s] -- Added test 'xmllint' to check XML markup files
[2.916s] -- Configuring done
[3.045s] -- Generating done
[3.077s] -- Build files have been written to: /home/scv/SCV/build/hunter_msgs
[3.103s] Invoked command in '/home/scv/SCV/build/hunter_msgs' returned '0': CMAKE_PREFIX_PATH=${CMAKE_PREFIX_PATH}:/opt/ros/humble /usr/bin/cmake /home/scv/SCV/src/vehicle/SCV_hunter_ros2/hunter_msgs -DCMAKE_INSTALL_PREFIX=/home/scv/SCV/install/hunter_msgs
[3.103s] Invoking command in '/home/scv/SCV/build/hunter_msgs': CMAKE_PREFIX_PATH=${CMAKE_PREFIX_PATH}:/opt/ros/humble /usr/bin/cmake --build /home/scv/SCV/build/hunter_msgs -- -j8 -l8
[3.213s] [  1%] [34m[1mGenerating C code for ROS interfaces[0m
[3.239s] [  3%] [34m[1mGenerating C++ code for ROS interfaces[0m
[3.263s] [  3%] Built target ament_cmake_python_copy_hunter_msgs
[3.978s] running egg_info
[3.980s] creating hunter_msgs.egg-info
[3.980s] writing hunter_msgs.egg-info/PKG-INFO
[3.981s] writing dependency_links to hunter_msgs.egg-info/dependency_links.txt
[3.981s] writing top-level names to hunter_msgs.egg-info/top_level.txt
[3.982s] writing manifest file 'hunter_msgs.egg-info/SOURCES.txt'
[3.984s] reading manifest file 'hunter_msgs.egg-info/SOURCES.txt'
[3.985s] writing manifest file 'hunter_msgs.egg-info/SOURCES.txt'
[4.031s] [  3%] Built target ament_cmake_python_build_hunter_msgs_egg
[4.787s] [  4%] [32mBuilding C object CMakeFiles/hunter_msgs__rosidl_generator_c.dir/rosidl_generator_c/hunter_msgs/msg/detail/hunter_actuator_state__functions.c.o[0m
[4.787s] [  6%] [32mBuilding C object CMakeFiles/hunter_msgs__rosidl_generator_c.dir/rosidl_generator_c/hunter_msgs/msg/detail/hunter_light_cmd__functions.c.o[0m
[4.788s] [  7%] [32mBuilding C object CMakeFiles/hunter_msgs__rosidl_generator_c.dir/rosidl_generator_c/hunter_msgs/msg/detail/hunter_light_state__functions.c.o[0m
[4.792s] [  9%] [32mBuilding C object CMakeFiles/hunter_msgs__rosidl_generator_c.dir/rosidl_generator_c/hunter_msgs/msg/detail/hunter_rc_state__functions.c.o[0m
[4.823s] [ 11%] [32mBuilding C object CMakeFiles/hunter_msgs__rosidl_generator_c.dir/rosidl_generator_c/hunter_msgs/msg/detail/hunter_status__functions.c.o[0m
[4.917s] [ 11%] Built target hunter_msgs__cpp
[4.924s] [ 12%] [32m[1mLinking C shared library libhunter_msgs__rosidl_generator_c.so[0m
[4.937s] [ 15%] [34m[1mGenerating C++ type support dispatch for ROS interfaces[0m
[4.937s] [ 17%] [34m[1mGenerating C++ type support for eProsima Fast-RTPS[0m
[4.942s] [ 17%] [34m[1mGenerating C++ introspection for ROS interfaces[0m
[5.023s] [ 17%] Built target hunter_msgs__rosidl_generator_c
[5.047s] [ 19%] [34m[1mGenerating C introspection for ROS interfaces[0m
[5.052s] [ 20%] [34m[1mGenerating C type support for eProsima Fast-RTPS[0m
[5.052s] [ 22%] [34m[1mGenerating C type support dispatch for ROS interfaces[0m
[5.798s] [ 23%] [32mBuilding CXX object CMakeFiles/hunter_msgs__rosidl_typesupport_cpp.dir/rosidl_typesupport_cpp/hunter_msgs/msg/hunter_actuator_state__type_support.cpp.o[0m
[5.829s] [ 25%] [32mBuilding CXX object CMakeFiles/hunter_msgs__rosidl_typesupport_cpp.dir/rosidl_typesupport_cpp/hunter_msgs/msg/hunter_light_cmd__type_support.cpp.o[0m
[5.842s] [ 26%] [32mBuilding CXX object CMakeFiles/hunter_msgs__rosidl_typesupport_cpp.dir/rosidl_typesupport_cpp/hunter_msgs/msg/hunter_light_state__type_support.cpp.o[0m
[5.885s] [ 28%] [32mBuilding CXX object CMakeFiles/hunter_msgs__rosidl_typesupport_introspection_cpp.dir/rosidl_typesupport_introspection_cpp/hunter_msgs/msg/detail/hunter_actuator_state__type_support.cpp.o[0m
[6.245s] [ 30%] [32mBuilding C object CMakeFiles/hunter_msgs__rosidl_typesupport_introspection_c.dir/rosidl_typesupport_introspection_c/hunter_msgs/msg/detail/hunter_actuator_state__type_support.c.o[0m
[6.282s] [ 31%] [32mBuilding C object CMakeFiles/hunter_msgs__rosidl_typesupport_introspection_c.dir/rosidl_typesupport_introspection_c/hunter_msgs/msg/detail/hunter_light_cmd__type_support.c.o[0m
[6.318s] [ 33%] [32mBuilding CXX object CMakeFiles/hunter_msgs__rosidl_typesupport_fastrtps_c.dir/rosidl_typesupport_fastrtps_c/hunter_msgs/msg/detail/hunter_actuator_state__type_support_c.cpp.o[0m
[6.325s] [ 34%] [32mBuilding CXX object CMakeFiles/hunter_msgs__rosidl_typesupport_fastrtps_c.dir/rosidl_typesupport_fastrtps_c/hunter_msgs/msg/detail/hunter_light_cmd__type_support_c.cpp.o[0m
[6.344s] [ 36%] [32mBuilding CXX object CMakeFiles/hunter_msgs__rosidl_typesupport_c.dir/rosidl_typesupport_c/hunter_msgs/msg/hunter_actuator_state__type_support.cpp.o[0m
[6.345s] [ 38%] [32mBuilding CXX object CMakeFiles/hunter_msgs__rosidl_typesupport_fastrtps_cpp.dir/rosidl_typesupport_fastrtps_cpp/hunter_msgs/msg/detail/dds_fastrtps/hunter_actuator_state__type_support.cpp.o[0m
[6.383s] [ 39%] [32mBuilding C object CMakeFiles/hunter_msgs__rosidl_typesupport_introspection_c.dir/rosidl_typesupport_introspection_c/hunter_msgs/msg/detail/hunter_light_state__type_support.c.o[0m
[6.414s] [ 41%] [32mBuilding CXX object CMakeFiles/hunter_msgs__rosidl_typesupport_c.dir/rosidl_typesupport_c/hunter_msgs/msg/hunter_light_cmd__type_support.cpp.o[0m
[6.428s] [ 42%] [32mBuilding CXX object CMakeFiles/hunter_msgs__rosidl_typesupport_fastrtps_cpp.dir/rosidl_typesupport_fastrtps_cpp/hunter_msgs/msg/detail/dds_fastrtps/hunter_light_cmd__type_support.cpp.o[0m
[6.465s] [ 44%] [32mBuilding CXX object CMakeFiles/hunter_msgs__rosidl_typesupport_cpp.dir/rosidl_typesupport_cpp/hunter_msgs/msg/hunter_rc_state__type_support.cpp.o[0m
[6.482s] [ 46%] [32mBuilding C object CMakeFiles/hunter_msgs__rosidl_typesupport_introspection_c.dir/rosidl_typesupport_introspection_c/hunter_msgs/msg/detail/hunter_rc_state__type_support.c.o[0m
[6.504s] [ 47%] [32mBuilding CXX object CMakeFiles/hunter_msgs__rosidl_typesupport_c.dir/rosidl_typesupport_c/hunter_msgs/msg/hunter_light_state__type_support.cpp.o[0m
[6.577s] [ 49%] [32mBuilding CXX object CMakeFiles/hunter_msgs__rosidl_typesupport_c.dir/rosidl_typesupport_c/hunter_msgs/msg/hunter_rc_state__type_support.cpp.o[0m
[6.628s] [ 50%] [32mBuilding C object CMakeFiles/hunter_msgs__rosidl_typesupport_introspection_c.dir/rosidl_typesupport_introspection_c/hunter_msgs/msg/detail/hunter_status__type_support.c.o[0m
[6.689s] [ 52%] [32mBuilding CXX object CMakeFiles/hunter_msgs__rosidl_typesupport_c.dir/rosidl_typesupport_c/hunter_msgs/msg/hunter_status__type_support.cpp.o[0m
[6.832s] [ 53%] [32m[1mLinking C shared library libhunter_msgs__rosidl_typesupport_introspection_c.so[0m
[6.877s] [ 55%] [32m[1mLinking CXX shared library libhunter_msgs__rosidl_typesupport_c.so[0m
[6.893s] [ 57%] [32mBuilding CXX object CMakeFiles/hunter_msgs__rosidl_typesupport_introspection_cpp.dir/rosidl_typesupport_introspection_cpp/hunter_msgs/msg/detail/hunter_light_cmd__type_support.cpp.o[0m
[6.940s] [ 57%] Built target hunter_msgs__rosidl_typesupport_introspection_c
[6.976s] [ 58%] [32mBuilding CXX object CMakeFiles/hunter_msgs__rosidl_typesupport_introspection_cpp.dir/rosidl_typesupport_introspection_cpp/hunter_msgs/msg/detail/hunter_light_state__type_support.cpp.o[0m
[7.016s] [ 58%] Built target hunter_msgs__rosidl_typesupport_c
[7.054s] [ 60%] [32mBuilding CXX object CMakeFiles/hunter_msgs__rosidl_typesupport_fastrtps_cpp.dir/rosidl_typesupport_fastrtps_cpp/hunter_msgs/msg/detail/dds_fastrtps/hunter_light_state__type_support.cpp.o[0m
[7.067s] [ 61%] [32mBuilding CXX object CMakeFiles/hunter_msgs__rosidl_typesupport_cpp.dir/rosidl_typesupport_cpp/hunter_msgs/msg/hunter_status__type_support.cpp.o[0m
[7.462s] [ 63%] [32mBuilding CXX object CMakeFiles/hunter_msgs__rosidl_typesupport_fastrtps_c.dir/rosidl_typesupport_fastrtps_c/hunter_msgs/msg/detail/hunter_light_state__type_support_c.cpp.o[0m
[7.571s] [ 65%] [32mBuilding CXX object CMakeFiles/hunter_msgs__rosidl_typesupport_fastrtps_c.dir/rosidl_typesupport_fastrtps_c/hunter_msgs/msg/detail/hunter_rc_state__type_support_c.cpp.o[0m
[7.593s] [ 66%] [32mBuilding CXX object CMakeFiles/hunter_msgs__rosidl_typesupport_fastrtps_cpp.dir/rosidl_typesupport_fastrtps_cpp/hunter_msgs/msg/detail/dds_fastrtps/hunter_rc_state__type_support.cpp.o[0m
[7.642s] [ 68%] [32mBuilding CXX object CMakeFiles/hunter_msgs__rosidl_typesupport_introspection_cpp.dir/rosidl_typesupport_introspection_cpp/hunter_msgs/msg/detail/hunter_rc_state__type_support.cpp.o[0m
[7.847s] [ 69%] [32m[1mLinking CXX shared library libhunter_msgs__rosidl_typesupport_cpp.so[0m
[8.006s] [ 69%] Built target hunter_msgs__rosidl_typesupport_cpp
[8.027s] [ 71%] [32mBuilding CXX object CMakeFiles/hunter_msgs__rosidl_typesupport_fastrtps_c.dir/rosidl_typesupport_fastrtps_c/hunter_msgs/msg/detail/hunter_status__type_support_c.cpp.o[0m
[8.090s] [ 73%] [32mBuilding CXX object CMakeFiles/hunter_msgs__rosidl_typesupport_introspection_cpp.dir/rosidl_typesupport_introspection_cpp/hunter_msgs/msg/detail/hunter_status__type_support.cpp.o[0m
[8.140s] [ 74%] [32mBuilding CXX object CMakeFiles/hunter_msgs__rosidl_typesupport_fastrtps_cpp.dir/rosidl_typesupport_fastrtps_cpp/hunter_msgs/msg/detail/dds_fastrtps/hunter_status__type_support.cpp.o[0m
[8.709s] [ 76%] [32m[1mLinking CXX shared library libhunter_msgs__rosidl_typesupport_fastrtps_c.so[0m
[8.938s] [ 76%] Built target hunter_msgs__rosidl_typesupport_fastrtps_c
[9.003s] [ 77%] [32m[1mLinking CXX shared library libhunter_msgs__rosidl_typesupport_introspection_cpp.so[0m
[9.140s] [ 79%] [32m[1mLinking CXX shared library libhunter_msgs__rosidl_typesupport_fastrtps_cpp.so[0m
[9.200s] [ 79%] Built target hunter_msgs__rosidl_typesupport_introspection_cpp
[9.347s] [ 79%] Built target hunter_msgs__rosidl_typesupport_fastrtps_cpp
[9.390s] [ 79%] Built target hunter_msgs
[9.441s] [ 80%] [34m[1mGenerating Python code for ROS interfaces[0m
[10.772s] [ 80%] Built target hunter_msgs__py
[10.791s] [ 85%] [32mBuilding C object CMakeFiles/hunter_msgs__rosidl_generator_py.dir/rosidl_generator_py/hunter_msgs/msg/_hunter_light_state_s.c.o[0m
[10.791s] [ 85%] [32mBuilding C object CMakeFiles/hunter_msgs__rosidl_generator_py.dir/rosidl_generator_py/hunter_msgs/msg/_hunter_actuator_state_s.c.o[0m
[10.791s] [ 85%] [32mBuilding C object CMakeFiles/hunter_msgs__rosidl_generator_py.dir/rosidl_generator_py/hunter_msgs/msg/_hunter_light_cmd_s.c.o[0m
[10.791s] [ 87%] [32mBuilding C object CMakeFiles/hunter_msgs__rosidl_generator_py.dir/rosidl_generator_py/hunter_msgs/msg/_hunter_status_s.c.o[0m
[10.792s] [ 88%] [32mBuilding C object CMakeFiles/hunter_msgs__rosidl_generator_py.dir/rosidl_generator_py/hunter_msgs/msg/_hunter_rc_state_s.c.o[0m
[10.908s] [ 90%] [32m[1mLinking C shared library rosidl_generator_py/hunter_msgs/libhunter_msgs__rosidl_generator_py.so[0m
[10.943s] [ 90%] Built target hunter_msgs__rosidl_generator_py
[10.961s] [ 95%] [32mBuilding C object CMakeFiles/hunter_msgs__rosidl_typesupport_fastrtps_c__pyext.dir/rosidl_generator_py/hunter_msgs/_hunter_msgs_s.ep.rosidl_typesupport_fastrtps_c.c.o[0m
[10.961s] [ 95%] [32mBuilding C object CMakeFiles/hunter_msgs__rosidl_typesupport_introspection_c__pyext.dir/rosidl_generator_py/hunter_msgs/_hunter_msgs_s.ep.rosidl_typesupport_introspection_c.c.o[0m
[10.961s] [ 95%] [32mBuilding C object CMakeFiles/hunter_msgs__rosidl_typesupport_c__pyext.dir/rosidl_generator_py/hunter_msgs/_hunter_msgs_s.ep.rosidl_typesupport_c.c.o[0m
[11.066s] [ 98%] [32m[1mLinking C shared library rosidl_generator_py/hunter_msgs/hunter_msgs_s__rosidl_typesupport_introspection_c.cpython-310-x86_64-linux-gnu.so[0m
[11.067s] [ 98%] [32m[1mLinking C shared library rosidl_generator_py/hunter_msgs/hunter_msgs_s__rosidl_typesupport_fastrtps_c.cpython-310-x86_64-linux-gnu.so[0m
[11.067s] [100%] [32m[1mLinking C shared library rosidl_generator_py/hunter_msgs/hunter_msgs_s__rosidl_typesupport_c.cpython-310-x86_64-linux-gnu.so[0m
[11.100s] [100%] Built target hunter_msgs__rosidl_typesupport_introspection_c__pyext
[11.100s] [100%] Built target hunter_msgs__rosidl_typesupport_fastrtps_c__pyext
[11.100s] [100%] Built target hunter_msgs__rosidl_typesupport_c__pyext
