[0.007s] Invoking command in '/home/scv/SCV/build/ublox_gps': AMENT_PREFIX_PATH=/home/scv/SCV/install/ublox_msgs:/home/scv/SCV/install/ublox_serialization:${AMENT_PREFIX_PATH} CMAKE_PREFIX_PATH=/home/scv/SCV/install/ublox_msgs:/home/scv/SCV/install/ublox_serialization:/opt/ros/humble LD_LIBRARY_PATH=/home/scv/SCV/install/ublox_msgs/lib:${LD_LIBRARY_PATH} PYTHONPATH=/home/scv/SCV/install/ublox_msgs/local/lib/python3.10/dist-packages:${PYTHONPATH} /usr/bin/cmake /home/scv/SCV/src/sensor_pkg/ublox/ublox_gps -DCMAKE_BUILD_TYPE=Release -DAMENT_CMAKE_SYMLINK_INSTALL=1 -DCMAKE_INSTALL_PREFIX=/home/scv/SCV/install/ublox_gps
[0.050s] -- The C compiler identification is GNU 11.4.0
[0.096s] -- The CXX compiler identification is GNU 11.4.0
[0.101s] -- Detecting C compiler ABI info
[0.155s] -- Detecting C compiler ABI info - done
[0.162s] -- Check for working C compiler: /usr/bin/cc - skipped
[0.162s] -- Detecting C compile features
[0.162s] -- Detecting C compile features - done
[0.165s] -- Detecting CXX compiler ABI info
[0.230s] -- Detecting CXX compiler ABI info - done
[0.238s] -- Check for working CXX compiler: /usr/bin/c++ - skipped
[0.238s] -- Detecting CXX compile features
[0.239s] -- Detecting CXX compile features - done
[0.240s] -- Found ament_cmake_ros: 0.10.0 (/opt/ros/humble/share/ament_cmake_ros/cmake)
[0.375s] -- Found Python3: /usr/bin/python3 (found version "3.10.12") found components: Interpreter 
[0.431s] -- Override CMake install command with custom implementation using symlinks instead of copying resources
[0.450s] -- Found asio: /usr/include  
[0.451s] -- Found diagnostic_msgs: 4.9.0 (/opt/ros/humble/share/diagnostic_msgs/cmake)
[0.479s] -- Found rosidl_generator_c: 3.1.6 (/opt/ros/humble/share/rosidl_generator_c/cmake)
[0.483s] -- Found rosidl_adapter: 3.1.6 (/opt/ros/humble/share/rosidl_adapter/cmake)
[0.489s] -- Found rosidl_generator_cpp: 3.1.6 (/opt/ros/humble/share/rosidl_generator_cpp/cmake)
[0.499s] -- Using all available rosidl_typesupport_c: rosidl_typesupport_fastrtps_c;rosidl_typesupport_introspection_c
[0.512s] -- Using all available rosidl_typesupport_cpp: rosidl_typesupport_fastrtps_cpp;rosidl_typesupport_introspection_cpp
[0.547s] -- Found diagnostic_updater: 4.0.6 (/opt/ros/humble/share/diagnostic_updater/cmake)
[0.580s] -- Found rmw_implementation_cmake: 6.1.2 (/opt/ros/humble/share/rmw_implementation_cmake/cmake)
[0.582s] -- Found rmw_fastrtps_cpp: 6.2.7 (/opt/ros/humble/share/rmw_fastrtps_cpp/cmake)
[0.648s] -- Found OpenSSL: /usr/lib/x86_64-linux-gnu/libcrypto.so (found version "3.0.2")  
[0.670s] -- Found FastRTPS: /opt/ros/humble/include  
[0.702s] -- Using RMW implementation 'rmw_fastrtps_cpp' as default
[0.709s] -- Looking for pthread.h
[0.763s] -- Looking for pthread.h - found
[0.764s] -- Performing Test CMAKE_HAVE_LIBC_PTHREAD
[0.819s] -- Performing Test CMAKE_HAVE_LIBC_PTHREAD - Success
[0.820s] -- Found Threads: TRUE  
[0.856s] -- Found geometry_msgs: 4.9.0 (/opt/ros/humble/share/geometry_msgs/cmake)
[0.869s] -- Found nmea_msgs: 2.0.0 (/opt/ros/humble/share/nmea_msgs/cmake)
[0.881s] -- Found rclcpp_components: 16.0.12 (/opt/ros/humble/share/rclcpp_components/cmake)
[0.903s] -- Found rtcm_msgs: 1.1.6 (/opt/ros/humble/share/rtcm_msgs/cmake)
[0.917s] -- Found sensor_msgs: 4.9.0 (/opt/ros/humble/share/sensor_msgs/cmake)
[0.934s] -- Found tf2: 0.25.13 (/opt/ros/humble/share/tf2/cmake)
[0.938s] -- Found ublox_msgs: 2.3.0 (/home/scv/SCV/install/ublox_msgs/share/ublox_msgs/cmake)
[1.019s] -- Configuring done
[1.066s] -- Generating done
[1.076s] -- Build files have been written to: /home/scv/SCV/build/ublox_gps
[1.084s] Invoked command in '/home/scv/SCV/build/ublox_gps' returned '0': AMENT_PREFIX_PATH=/home/scv/SCV/install/ublox_msgs:/home/scv/SCV/install/ublox_serialization:${AMENT_PREFIX_PATH} CMAKE_PREFIX_PATH=/home/scv/SCV/install/ublox_msgs:/home/scv/SCV/install/ublox_serialization:/opt/ros/humble LD_LIBRARY_PATH=/home/scv/SCV/install/ublox_msgs/lib:${LD_LIBRARY_PATH} PYTHONPATH=/home/scv/SCV/install/ublox_msgs/local/lib/python3.10/dist-packages:${PYTHONPATH} /usr/bin/cmake /home/scv/SCV/src/sensor_pkg/ublox/ublox_gps -DCMAKE_BUILD_TYPE=Release -DAMENT_CMAKE_SYMLINK_INSTALL=1 -DCMAKE_INSTALL_PREFIX=/home/scv/SCV/install/ublox_gps
[1.085s] Invoking command in '/home/scv/SCV/build/ublox_gps': AMENT_PREFIX_PATH=/home/scv/SCV/install/ublox_msgs:/home/scv/SCV/install/ublox_serialization:${AMENT_PREFIX_PATH} CMAKE_PREFIX_PATH=/home/scv/SCV/install/ublox_msgs:/home/scv/SCV/install/ublox_serialization:/opt/ros/humble LD_LIBRARY_PATH=/home/scv/SCV/install/ublox_msgs/lib:${LD_LIBRARY_PATH} PYTHONPATH=/home/scv/SCV/install/ublox_msgs/local/lib/python3.10/dist-packages:${PYTHONPATH} /usr/bin/cmake --build /home/scv/SCV/build/ublox_gps -- -j8 -l8
[1.125s] [  9%] Building CXX object CMakeFiles/ublox_gps.dir/src/adr_udr_product.cpp.o
[1.125s] [  9%] Building CXX object CMakeFiles/ublox_gps.dir/src/hp_pos_rec_product.cpp.o
[1.125s] [ 13%] Building CXX object CMakeFiles/ublox_gps.dir/src/gps.cpp.o
[1.126s] [ 18%] Building CXX object CMakeFiles/ublox_gps.dir/src/hpg_ref_product.cpp.o
[1.129s] [ 22%] Building CXX object CMakeFiles/ublox_gps.dir/src/hpg_rov_product.cpp.o
[1.130s] [ 27%] Building CXX object CMakeFiles/ublox_gps.dir/src/gnss.cpp.o
[1.131s] [ 31%] Building C object CMakeFiles/ublox_gps.dir/src/mkgmtime.c.o
[1.138s] [ 36%] Building CXX object CMakeFiles/ublox_gps.dir/src/node.cpp.o
[1.192s] [ 40%] Building CXX object CMakeFiles/ublox_gps.dir/src/raw_data_pa.cpp.o
[1.618s] [ 45%] Building CXX object CMakeFiles/ublox_gps.dir/src/raw_data_product.cpp.o
[7.984s] In file included from /home/scv/SCV/src/sensor_pkg/ublox/ublox_gps/src/adr_udr_product.cpp:20:
[7.985s] /home/scv/SCV/src/sensor_pkg/ublox/ublox_gps/include/ublox_gps/adr_udr_product.hpp: In constructor ‘ublox_node::AdrUdrProduct::AdrUdrProduct(float, uint16_t, uint16_t, const string&, std::shared_ptr<diagnostic_updater::Updater>, rclcpp::Node*)’:
[7.985s] /home/scv/SCV/src/sensor_pkg/ublox/ublox_gps/include/ublox_gps/adr_udr_product.hpp:67:9: warning: ‘ublox_node::AdrUdrProduct::protocol_version_’ will be initialized after [-Wreorder]
[7.986s]    67 |   float protocol_version_;
[7.986s]       |         ^~~~~~~~~~~~~~~~~
[7.987s] /home/scv/SCV/src/sensor_pkg/ublox/ublox_gps/include/ublox_gps/adr_udr_product.hpp:66:8: warning:   ‘bool ublox_node::AdrUdrProduct::use_adr_’ [-Wreorder]
[7.987s]    66 |   bool use_adr_;
[7.988s]       |        ^~~~~~~~
[7.988s] /home/scv/SCV/src/sensor_pkg/ublox/ublox_gps/src/adr_udr_product.cpp:28:1: warning:   when initialized here [-Wreorder]
[7.989s]    28 | AdrUdrProduct::AdrUdrProduct(float protocol_version, uint16_t nav_rate, uint16_t meas_rate, const std::string & frame_id, std::shared_ptr<diagnostic_updater::Updater> updater, rclcpp::Node* node)
[7.989s]       | ^~~~~~~~~~~~~
[15.040s] [ 50%] Building CXX object CMakeFiles/ublox_gps.dir/src/tim_product.cpp.o
[15.634s] [ 54%] Building CXX object CMakeFiles/ublox_gps.dir/src/ublox_firmware.cpp.o
[16.032s] [ 59%] Building CXX object CMakeFiles/ublox_gps.dir/src/ublox_firmware6.cpp.o
[17.767s] [ 63%] Building CXX object CMakeFiles/ublox_gps.dir/src/ublox_firmware7.cpp.o
[18.904s] [ 68%] Building CXX object CMakeFiles/ublox_gps.dir/src/ublox_firmware8.cpp.o
[20.654s] [ 72%] Building CXX object CMakeFiles/ublox_gps.dir/src/ublox_firmware9.cpp.o
[43.298s] [ 77%] Linking CXX shared library libublox_gps.so
[43.766s] [ 77%] Built target ublox_gps
[43.782s] [ 86%] Building CXX object CMakeFiles/ublox_logger.dir/src/logger_node_pa.cpp.o
[43.782s] [ 86%] Building CXX object CMakeFiles/ublox_logger.dir/src/raw_data_pa.cpp.o
[43.782s] [ 90%] Building CXX object CMakeFiles/ublox_gps_node.dir/src/node_main.cpp.o
[49.817s] [ 95%] Linking CXX executable ublox_gps_node
[50.042s] [ 95%] Built target ublox_gps_node
[54.059s] [100%] Linking CXX executable ublox_logger
[54.276s] [100%] Built target ublox_logger
