Performing C SOURCE FILE Test CMAKE_HAVE_LIBC_PTHREAD failed with the following output:
Change Dir: /home/dong/Development/SCV/build/CMakeFiles/CMakeTmp

Run Build Command(s):/usr/bin/make cmTC_33f0a/fast && /usr/bin/make -f CMakeFiles/cmTC_33f0a.dir/build.make CMakeFiles/cmTC_33f0a.dir/build
make[1]: 디렉터리 '/home/dong/Development/SCV/build/CMakeFiles/CMakeTmp' 들어감
Building C object CMakeFiles/cmTC_33f0a.dir/src.c.o
/usr/bin/cc   -DCMAKE_HAVE_LIBC_PTHREAD   -o CMakeFiles/cmTC_33f0a.dir/src.c.o   -c /home/dong/Development/SCV/build/CMakeFiles/CMakeTmp/src.c
Linking C executable cmTC_33f0a
/usr/bin/cmake -E cmake_link_script CMakeFiles/cmTC_33f0a.dir/link.txt --verbose=1
/usr/bin/cc  -DCMAKE_HAVE_LIBC_PTHREAD    -rdynamic CMakeFiles/cmTC_33f0a.dir/src.c.o  -o cmTC_33f0a 
/usr/bin/ld: CMakeFiles/cmTC_33f0a.dir/src.c.o: in function `main':
src.c:(.text+0x46): undefined reference to `pthread_create'
/usr/bin/ld: src.c:(.text+0x52): undefined reference to `pthread_detach'
/usr/bin/ld: src.c:(.text+0x63): undefined reference to `pthread_join'
collect2: error: ld returned 1 exit status
make[1]: *** [CMakeFiles/cmTC_33f0a.dir/build.make:87: cmTC_33f0a] 오류 1
make[1]: 디렉터리 '/home/dong/Development/SCV/build/CMakeFiles/CMakeTmp' 나감
make: *** [Makefile:121: cmTC_33f0a/fast] 오류 2


Source file was:
#include <pthread.h>

void* test_func(void* data)
{
  return data;
}

int main(void)
{
  pthread_t thread;
  pthread_create(&thread, NULL, test_func, NULL);
  pthread_detach(thread);
  pthread_join(thread, NULL);
  pthread_atfork(NULL, NULL, NULL);
  pthread_exit(NULL);

  return 0;
}

Determining if the function pthread_create exists in the pthreads failed with the following output:
Change Dir: /home/dong/Development/SCV/build/CMakeFiles/CMakeTmp

Run Build Command(s):/usr/bin/make cmTC_e73a5/fast && /usr/bin/make -f CMakeFiles/cmTC_e73a5.dir/build.make CMakeFiles/cmTC_e73a5.dir/build
make[1]: 디렉터리 '/home/dong/Development/SCV/build/CMakeFiles/CMakeTmp' 들어감
Building C object CMakeFiles/cmTC_e73a5.dir/CheckFunctionExists.c.o
/usr/bin/cc   -DCHECK_FUNCTION_EXISTS=pthread_create   -o CMakeFiles/cmTC_e73a5.dir/CheckFunctionExists.c.o   -c /usr/share/cmake-3.16/Modules/CheckFunctionExists.c
Linking C executable cmTC_e73a5
/usr/bin/cmake -E cmake_link_script CMakeFiles/cmTC_e73a5.dir/link.txt --verbose=1
/usr/bin/cc  -DCHECK_FUNCTION_EXISTS=pthread_create    -rdynamic CMakeFiles/cmTC_e73a5.dir/CheckFunctionExists.c.o  -o cmTC_e73a5  -lpthreads 
/usr/bin/ld: cannot find -lpthreads
collect2: error: ld returned 1 exit status
make[1]: *** [CMakeFiles/cmTC_e73a5.dir/build.make:87: cmTC_e73a5] 오류 1
make[1]: 디렉터리 '/home/dong/Development/SCV/build/CMakeFiles/CMakeTmp' 나감
make: *** [Makefile:121: cmTC_e73a5/fast] 오류 2



Determining if the function sgemm_ exists failed with the following output:
Change Dir: /home/dong/Development/SCV/build/CMakeFiles/CMakeTmp

Run Build Command(s):/usr/bin/make cmTC_bf060/fast && /usr/bin/make -f CMakeFiles/cmTC_bf060.dir/build.make CMakeFiles/cmTC_bf060.dir/build
make[1]: 디렉터리 '/home/dong/Development/SCV/build/CMakeFiles/CMakeTmp' 들어감
Building C object CMakeFiles/cmTC_bf060.dir/CheckFunctionExists.c.o
/usr/bin/cc   -DCHECK_FUNCTION_EXISTS=sgemm_   -o CMakeFiles/cmTC_bf060.dir/CheckFunctionExists.c.o   -c /usr/share/cmake-3.16/Modules/CheckFunctionExists.c
Linking C executable cmTC_bf060
/usr/bin/cmake -E cmake_link_script CMakeFiles/cmTC_bf060.dir/link.txt --verbose=1
/usr/bin/cc  -DCHECK_FUNCTION_EXISTS=sgemm_    CMakeFiles/cmTC_bf060.dir/CheckFunctionExists.c.o  -o cmTC_bf060 
/usr/bin/ld: CMakeFiles/cmTC_bf060.dir/CheckFunctionExists.c.o: in function `main':
CheckFunctionExists.c:(.text+0x14): undefined reference to `sgemm_'
collect2: error: ld returned 1 exit status
make[1]: *** [CMakeFiles/cmTC_bf060.dir/build.make:87: cmTC_bf060] 오류 1
make[1]: 디렉터리 '/home/dong/Development/SCV/build/CMakeFiles/CMakeTmp' 나감
make: *** [Makefile:121: cmTC_bf060/fast] 오류 2



