-- Build package with cmake
-- Tests will not be built
-- Project will be installed to /home/scv/SCV/install/ugv_sdk with 'make install'
--  - To install LIB components to /home/scv/SCV/install/ugv_sdk/lib
--  - To install BIN components to /home/scv/SCV/install/ugv_sdk/bin
--  - To install INCLUDE components to /home/scv/SCV/install/ugv_sdk/include
--  - To install CMAKE components to /home/scv/SCV/install/ugv_sdk/share/cmake/ugv_sdk
-- Configuring done
-- Generating done
-- Build files have been written to: /home/scv/SCV/build/ugv_sdk
[35m[1mConsolidate compiler generated dependencies of target ugv_sdk[0m
[ 41%] Built target ugv_sdk
[35m[1mConsolidate compiler generated dependencies of target demo_tracer_robot[0m
[35m[1mConsolidate compiler generated dependencies of target demo_ranger_robot[0m
[35m[1mConsolidate compiler generated dependencies of target demo_scout_robot[0m
[35m[1mConsolidate compiler generated dependencies of target demo_bunker_robot[0m
[35m[1mConsolidate compiler generated dependencies of target demo_protocol_detector[0m
[35m[1mConsolidate compiler generated dependencies of target demo_scout_mini_omni_robot[0m
[35m[1mConsolidate compiler generated dependencies of target demo_hunter_robot[0m
[ 50%] Built target demo_tracer_robot
[ 58%] Built target demo_ranger_robot
[ 66%] Built target demo_scout_robot
[ 83%] Built target demo_scout_mini_omni_robot
[ 83%] Built target demo_hunter_robot
[ 91%] Built target demo_bunker_robot
[100%] Built target demo_protocol_detector
-- Install configuration: "Release"
-- Installing: /home/scv/SCV/install/ugv_sdk/lib/libugv_sdk.a
-- Installing: /home/scv/SCV/install/ugv_sdk/include/ugv_sdk
-- Installing: /home/scv/SCV/install/ugv_sdk/include/ugv_sdk/mobile_robot
-- Installing: /home/scv/SCV/install/ugv_sdk/include/ugv_sdk/mobile_robot/ranger_robot.hpp
-- Installing: /home/scv/SCV/install/ugv_sdk/include/ugv_sdk/mobile_robot/scout_robot.hpp
-- Installing: /home/scv/SCV/install/ugv_sdk/include/ugv_sdk/mobile_robot/tracer_robot.hpp
-- Installing: /home/scv/SCV/install/ugv_sdk/include/ugv_sdk/mobile_robot/hunter_robot.hpp
-- Installing: /home/scv/SCV/install/ugv_sdk/include/ugv_sdk/mobile_robot/bunker_robot.hpp
-- Installing: /home/scv/SCV/install/ugv_sdk/include/ugv_sdk/utilities
-- Installing: /home/scv/SCV/install/ugv_sdk/include/ugv_sdk/utilities/protocol_detector.hpp
-- Installing: /home/scv/SCV/install/ugv_sdk/include/ugv_sdk/utilities/stopwatch.hpp
-- Installing: /home/scv/SCV/install/ugv_sdk/include/ugv_sdk/details
-- Installing: /home/scv/SCV/install/ugv_sdk/include/ugv_sdk/details/robot_base
-- Installing: /home/scv/SCV/install/ugv_sdk/include/ugv_sdk/details/robot_base/ranger_base.hpp
-- Installing: /home/scv/SCV/install/ugv_sdk/include/ugv_sdk/details/robot_base/agilex_base.hpp
-- Installing: /home/scv/SCV/install/ugv_sdk/include/ugv_sdk/details/robot_base/tracer_base.hpp
-- Installing: /home/scv/SCV/install/ugv_sdk/include/ugv_sdk/details/robot_base/scout_base.hpp
-- Installing: /home/scv/SCV/install/ugv_sdk/include/ugv_sdk/details/robot_base/bunker_base.hpp
-- Installing: /home/scv/SCV/install/ugv_sdk/include/ugv_sdk/details/robot_base/hunter_base.hpp
-- Installing: /home/scv/SCV/install/ugv_sdk/include/ugv_sdk/details/interface
-- Installing: /home/scv/SCV/install/ugv_sdk/include/ugv_sdk/details/interface/agilex_types.h
-- Installing: /home/scv/SCV/install/ugv_sdk/include/ugv_sdk/details/interface/scout_interface.hpp
-- Installing: /home/scv/SCV/install/ugv_sdk/include/ugv_sdk/details/interface/tracer_interface.hpp
-- Installing: /home/scv/SCV/install/ugv_sdk/include/ugv_sdk/details/interface/parser_interface.hpp
-- Installing: /home/scv/SCV/install/ugv_sdk/include/ugv_sdk/details/interface/bunker_interface.hpp
-- Installing: /home/scv/SCV/install/ugv_sdk/include/ugv_sdk/details/interface/agilex_message.h
-- Installing: /home/scv/SCV/install/ugv_sdk/include/ugv_sdk/details/interface/robot_common_interface.hpp
-- Installing: /home/scv/SCV/install/ugv_sdk/include/ugv_sdk/details/interface/hunter_interface.hpp
-- Installing: /home/scv/SCV/install/ugv_sdk/include/ugv_sdk/details/interface/ranger_interface.hpp
-- Installing: /home/scv/SCV/install/ugv_sdk/include/ugv_sdk/details/protocol_v1
-- Installing: /home/scv/SCV/install/ugv_sdk/include/ugv_sdk/details/protocol_v1/protocol_v1_parser.hpp
-- Installing: /home/scv/SCV/install/ugv_sdk/include/ugv_sdk/details/protocol_v1/robot_limits.hpp
-- Installing: /home/scv/SCV/install/ugv_sdk/include/ugv_sdk/details/protocol_v1/agilex_msg_parser_v1.h
-- Installing: /home/scv/SCV/install/ugv_sdk/include/ugv_sdk/details/protocol_v2
-- Installing: /home/scv/SCV/install/ugv_sdk/include/ugv_sdk/details/protocol_v2/protocol_v2_parser.hpp
-- Installing: /home/scv/SCV/install/ugv_sdk/include/ugv_sdk/details/async_port
-- Installing: /home/scv/SCV/install/ugv_sdk/include/ugv_sdk/details/async_port/async_can.hpp
-- Installing: /home/scv/SCV/install/ugv_sdk/include/ugv_sdk/details/async_port/async_port_base.hpp
-- Installing: /home/scv/SCV/install/ugv_sdk/include/ugv_sdk/details/async_port/async_serial.hpp
-- Installing: /home/scv/SCV/install/ugv_sdk/include/ugv_sdk/details/async_port/ring_buffer.hpp
-- Installing: /home/scv/SCV/install/ugv_sdk/lib/cmake/ugv_sdk/ugv_sdkTargets.cmake
-- Installing: /home/scv/SCV/install/ugv_sdk/lib/cmake/ugv_sdk/ugv_sdkTargets-release.cmake
-- Installing: /home/scv/SCV/install/ugv_sdk/lib/cmake/ugv_sdk/ugv_sdkConfig.cmake
-- Installing: /home/scv/SCV/install/ugv_sdk/lib/cmake/ugv_sdk/ugv_sdkConfigVersion.cmake
