[0.014s] Invoking command in '/home/scv/SCV/build/ugv_sdk': /usr/bin/cmake /home/scv/SCV/src/vehicle/SCV_ugv_sdk -DCMAKE_BUILD_TYPE=Release -DCATKIN_INSTALL_INTO_PREFIX_ROOT=0 -DCATKIN_SYMLINK_INSTALL=ON -DCMAKE_INSTALL_PREFIX=/home/scv/SCV/install/ugv_sdk
[0.027s] -- Build package with cmake
[0.027s] -- Tests will not be built
[0.032s] -- Project will be installed to /home/scv/SCV/install/ugv_sdk with 'make install'
[0.032s] --  - To install LIB components to /home/scv/SCV/install/ugv_sdk/lib
[0.032s] --  - To install BIN components to /home/scv/SCV/install/ugv_sdk/bin
[0.032s] --  - To install INCLUDE components to /home/scv/SCV/install/ugv_sdk/include
[0.032s] --  - To install CMAKE components to /home/scv/SCV/install/ugv_sdk/share/cmake/ugv_sdk
[0.039s] -- Configuring done
[0.060s] -- Generating done
[0.063s] [33mCMake Warning:
[0.063s]   Manually-specified variables were not used by the project:
[0.063s] 
[0.063s]     CATKIN_SYMLINK_INSTALL
[0.063s] 
[0.063s] [0m
[0.066s] -- Build files have been written to: /home/scv/SCV/build/ugv_sdk
[0.068s] Invoked command in '/home/scv/SCV/build/ugv_sdk' returned '0': /usr/bin/cmake /home/scv/SCV/src/vehicle/SCV_ugv_sdk -DCMAKE_BUILD_TYPE=Release -DCATKIN_INSTALL_INTO_PREFIX_ROOT=0 -DCATKIN_SYMLINK_INSTALL=ON -DCMAKE_INSTALL_PREFIX=/home/scv/SCV/install/ugv_sdk
[0.073s] Invoking command in '/home/scv/SCV/build/ugv_sdk': /usr/bin/cmake --build /home/scv/SCV/build/ugv_sdk -- -j8 -l8
[0.112s] [35m[1mConsolidate compiler generated dependencies of target ugv_sdk[0m
[0.141s] [ 41%] Built target ugv_sdk
[0.155s] [35m[1mConsolidate compiler generated dependencies of target demo_tracer_robot[0m
[0.156s] [35m[1mConsolidate compiler generated dependencies of target demo_ranger_robot[0m
[0.160s] [35m[1mConsolidate compiler generated dependencies of target demo_scout_robot[0m
[0.164s] [35m[1mConsolidate compiler generated dependencies of target demo_bunker_robot[0m
[0.165s] [35m[1mConsolidate compiler generated dependencies of target demo_protocol_detector[0m
[0.171s] [35m[1mConsolidate compiler generated dependencies of target demo_scout_mini_omni_robot[0m
[0.172s] [35m[1mConsolidate compiler generated dependencies of target demo_hunter_robot[0m
[0.173s] [ 50%] Built target demo_tracer_robot
[0.175s] [ 58%] Built target demo_ranger_robot
[0.184s] [ 66%] Built target demo_scout_robot
[0.192s] [ 83%] Built target demo_scout_mini_omni_robot
[0.193s] [ 83%] Built target demo_hunter_robot
[0.194s] [ 91%] Built target demo_bunker_robot
[0.194s] [100%] Built target demo_protocol_detector
[0.209s] Invoked command in '/home/scv/SCV/build/ugv_sdk' returned '0': /usr/bin/cmake --build /home/scv/SCV/build/ugv_sdk -- -j8 -l8
[0.218s] Invoking command in '/home/scv/SCV/build/ugv_sdk': /usr/bin/cmake --install /home/scv/SCV/build/ugv_sdk
[0.225s] -- Install configuration: "Release"
[0.225s] -- Installing: /home/scv/SCV/install/ugv_sdk/lib/libugv_sdk.a
[0.226s] -- Installing: /home/scv/SCV/install/ugv_sdk/include/ugv_sdk
[0.226s] -- Installing: /home/scv/SCV/install/ugv_sdk/include/ugv_sdk/mobile_robot
[0.227s] -- Installing: /home/scv/SCV/install/ugv_sdk/include/ugv_sdk/mobile_robot/ranger_robot.hpp
[0.227s] -- Installing: /home/scv/SCV/install/ugv_sdk/include/ugv_sdk/mobile_robot/scout_robot.hpp
[0.227s] -- Installing: /home/scv/SCV/install/ugv_sdk/include/ugv_sdk/mobile_robot/tracer_robot.hpp
[0.227s] -- Installing: /home/scv/SCV/install/ugv_sdk/include/ugv_sdk/mobile_robot/hunter_robot.hpp
[0.227s] -- Installing: /home/scv/SCV/install/ugv_sdk/include/ugv_sdk/mobile_robot/bunker_robot.hpp
[0.227s] -- Installing: /home/scv/SCV/install/ugv_sdk/include/ugv_sdk/utilities
[0.227s] -- Installing: /home/scv/SCV/install/ugv_sdk/include/ugv_sdk/utilities/protocol_detector.hpp
[0.227s] -- Installing: /home/scv/SCV/install/ugv_sdk/include/ugv_sdk/utilities/stopwatch.hpp
[0.227s] -- Installing: /home/scv/SCV/install/ugv_sdk/include/ugv_sdk/details
[0.227s] -- Installing: /home/scv/SCV/install/ugv_sdk/include/ugv_sdk/details/robot_base
[0.228s] -- Installing: /home/scv/SCV/install/ugv_sdk/include/ugv_sdk/details/robot_base/ranger_base.hpp
[0.228s] -- Installing: /home/scv/SCV/install/ugv_sdk/include/ugv_sdk/details/robot_base/agilex_base.hpp
[0.228s] -- Installing: /home/scv/SCV/install/ugv_sdk/include/ugv_sdk/details/robot_base/tracer_base.hpp
[0.228s] -- Installing: /home/scv/SCV/install/ugv_sdk/include/ugv_sdk/details/robot_base/scout_base.hpp
[0.228s] -- Installing: /home/scv/SCV/install/ugv_sdk/include/ugv_sdk/details/robot_base/bunker_base.hpp
[0.228s] -- Installing: /home/scv/SCV/install/ugv_sdk/include/ugv_sdk/details/robot_base/hunter_base.hpp
[0.229s] -- Installing: /home/scv/SCV/install/ugv_sdk/include/ugv_sdk/details/interface
[0.229s] -- Installing: /home/scv/SCV/install/ugv_sdk/include/ugv_sdk/details/interface/agilex_types.h
[0.229s] -- Installing: /home/scv/SCV/install/ugv_sdk/include/ugv_sdk/details/interface/scout_interface.hpp
[0.229s] -- Installing: /home/scv/SCV/install/ugv_sdk/include/ugv_sdk/details/interface/tracer_interface.hpp
[0.229s] -- Installing: /home/scv/SCV/install/ugv_sdk/include/ugv_sdk/details/interface/parser_interface.hpp
[0.229s] -- Installing: /home/scv/SCV/install/ugv_sdk/include/ugv_sdk/details/interface/bunker_interface.hpp
[0.229s] -- Installing: /home/scv/SCV/install/ugv_sdk/include/ugv_sdk/details/interface/agilex_message.h
[0.229s] -- Installing: /home/scv/SCV/install/ugv_sdk/include/ugv_sdk/details/interface/robot_common_interface.hpp
[0.229s] -- Installing: /home/scv/SCV/install/ugv_sdk/include/ugv_sdk/details/interface/hunter_interface.hpp
[0.229s] -- Installing: /home/scv/SCV/install/ugv_sdk/include/ugv_sdk/details/interface/ranger_interface.hpp
[0.230s] -- Installing: /home/scv/SCV/install/ugv_sdk/include/ugv_sdk/details/protocol_v1
[0.230s] -- Installing: /home/scv/SCV/install/ugv_sdk/include/ugv_sdk/details/protocol_v1/protocol_v1_parser.hpp
[0.230s] -- Installing: /home/scv/SCV/install/ugv_sdk/include/ugv_sdk/details/protocol_v1/robot_limits.hpp
[0.230s] -- Installing: /home/scv/SCV/install/ugv_sdk/include/ugv_sdk/details/protocol_v1/agilex_msg_parser_v1.h
[0.230s] -- Installing: /home/scv/SCV/install/ugv_sdk/include/ugv_sdk/details/protocol_v2
[0.230s] -- Installing: /home/scv/SCV/install/ugv_sdk/include/ugv_sdk/details/protocol_v2/protocol_v2_parser.hpp
[0.230s] -- Installing: /home/scv/SCV/install/ugv_sdk/include/ugv_sdk/details/async_port
[0.230s] -- Installing: /home/scv/SCV/install/ugv_sdk/include/ugv_sdk/details/async_port/async_can.hpp
[0.230s] -- Installing: /home/scv/SCV/install/ugv_sdk/include/ugv_sdk/details/async_port/async_port_base.hpp
[0.230s] -- Installing: /home/scv/SCV/install/ugv_sdk/include/ugv_sdk/details/async_port/async_serial.hpp
[0.231s] -- Installing: /home/scv/SCV/install/ugv_sdk/include/ugv_sdk/details/async_port/ring_buffer.hpp
[0.231s] -- Installing: /home/scv/SCV/install/ugv_sdk/lib/cmake/ugv_sdk/ugv_sdkTargets.cmake
[0.231s] -- Installing: /home/scv/SCV/install/ugv_sdk/lib/cmake/ugv_sdk/ugv_sdkTargets-release.cmake
[0.231s] -- Installing: /home/scv/SCV/install/ugv_sdk/lib/cmake/ugv_sdk/ugv_sdkConfig.cmake
[0.231s] -- Installing: /home/scv/SCV/install/ugv_sdk/lib/cmake/ugv_sdk/ugv_sdkConfigVersion.cmake
[0.234s] Invoked command in '/home/scv/SCV/build/ugv_sdk' returned '0': /usr/bin/cmake --install /home/scv/SCV/build/ugv_sdk
