[0.017s] Invoking command in '/home/scv/SCV/build/zed_components': CMAKE_PREFIX_PATH=/home/scv/SCV/install/hunter_base:/home/scv/SCV/install/hunter_msgs:/opt/ros/humble:/home/scv/SCV/install/ugv_sdk /usr/bin/cmake /home/scv/SCV/src/sensor_pkg/zed-ros2-wrapper/zed_components -DCMAKE_INSTALL_PREFIX=/home/scv/SCV/install/zed_components
[0.069s] -- Found CUDA: /usr/local/cuda (found suitable version "12.8", minimum required is "12") 
[0.109s] -- Found CUDA: /usr/local/cuda (found version "12.8") 
[0.111s] -- Found ament_cmake_auto: 1.3.11 (/opt/ros/humble/share/ament_cmake_auto/cmake)
[0.257s] -- Override CMake install command with custom implementation using symlinks instead of copying resources
[0.347s] -- Found rosidl_generator_c: 3.1.6 (/opt/ros/humble/share/rosidl_generator_c/cmake)
[0.350s] -- Found rosidl_adapter: 3.1.6 (/opt/ros/humble/share/rosidl_adapter/cmake)
[0.356s] -- Found rosidl_generator_cpp: 3.1.6 (/opt/ros/humble/share/rosidl_generator_cpp/cmake)
[0.367s] -- Using all available rosidl_typesupport_c: rosidl_typesupport_fastrtps_c;rosidl_typesupport_introspection_c
[0.381s] -- Using all available rosidl_typesupport_cpp: rosidl_typesupport_fastrtps_cpp;rosidl_typesupport_introspection_cpp
[0.483s] -- Found rmw_implementation_cmake: 6.1.2 (/opt/ros/humble/share/rmw_implementation_cmake/cmake)
[0.484s] -- Found rmw_fastrtps_cpp: 6.2.7 (/opt/ros/humble/share/rmw_fastrtps_cpp/cmake)
[0.575s] -- Using RMW implementation 'rmw_fastrtps_cpp' as default
[0.822s] -- Found eigen3_cmake_module: 0.1.1 (/opt/ros/humble/share/eigen3_cmake_module/cmake)
[0.824s] -- Ensuring Eigen3 include directory is part of orocos-kdl CMake target
[0.939s] -- Found ament_lint_auto: 0.12.12 (/opt/ros/humble/share/ament_lint_auto/cmake)
[0.974s] -- Added test 'copyright' to check source files copyright and LICENSE
[0.975s] -- Added test 'cppcheck' to perform static code analysis on C / C++ code
[0.976s] -- Configured cppcheck include dirs: /home/scv/SCV/src/sensor_pkg/zed-ros2-wrapper/zed_components/src/include;/home/scv/SCV/src/sensor_pkg/zed-ros2-wrapper/zed_components/src/zed_camera/include;/home/scv/SCV/src/sensor_pkg/zed-ros2-wrapper/zed_components/src/tools/include
[0.976s] -- Configured cppcheck exclude dirs and/or files: 
[0.977s] -- Added test 'lint_cmake' to check CMake code style
[0.978s] -- Added test 'uncrustify' to check C / C++ code style
[0.978s] -- Configured uncrustify additional arguments: 
[0.979s] -- Added test 'xmllint' to check XML markup files
[0.981s] -- Configuring done
[1.012s] -- Generating done
[1.022s] -- Build files have been written to: /home/scv/SCV/build/zed_components
[1.032s] Invoked command in '/home/scv/SCV/build/zed_components' returned '0': CMAKE_PREFIX_PATH=/home/scv/SCV/install/hunter_base:/home/scv/SCV/install/hunter_msgs:/opt/ros/humble:/home/scv/SCV/install/ugv_sdk /usr/bin/cmake /home/scv/SCV/src/sensor_pkg/zed-ros2-wrapper/zed_components -DCMAKE_INSTALL_PREFIX=/home/scv/SCV/install/zed_components
[1.034s] Invoking command in '/home/scv/SCV/build/zed_components': CMAKE_PREFIX_PATH=/home/scv/SCV/install/hunter_base:/home/scv/SCV/install/hunter_msgs:/opt/ros/humble:/home/scv/SCV/install/ugv_sdk /usr/bin/cmake --build /home/scv/SCV/build/zed_components -- -j8 -l8
[1.073s] [35m[1mConsolidate compiler generated dependencies of target zed_camera_one_component[0m
[1.076s] [35m[1mConsolidate compiler generated dependencies of target zed_camera_component[0m
[1.100s] [ 40%] Built target zed_camera_one_component
[1.111s] [100%] Built target zed_camera_component
[1.122s] Invoked command in '/home/scv/SCV/build/zed_components' returned '0': CMAKE_PREFIX_PATH=/home/scv/SCV/install/hunter_base:/home/scv/SCV/install/hunter_msgs:/opt/ros/humble:/home/scv/SCV/install/ugv_sdk /usr/bin/cmake --build /home/scv/SCV/build/zed_components -- -j8 -l8
[1.123s] Invoking command in '/home/scv/SCV/build/zed_components': CMAKE_PREFIX_PATH=/home/scv/SCV/install/hunter_base:/home/scv/SCV/install/hunter_msgs:/opt/ros/humble:/home/scv/SCV/install/ugv_sdk /usr/bin/cmake --install /home/scv/SCV/build/zed_components
[1.129s] -- Install configuration: "Release"
[1.130s] -- Execute custom install script
[1.130s] -- Up-to-date symlink: /home/scv/SCV/install/zed_components/lib/libzed_camera_component.so
[1.130s] -- Up-to-date symlink: /home/scv/SCV/install/zed_components/lib/libzed_camera_one_component.so
[1.130s] -- Up-to-date symlink: /home/scv/SCV/install/zed_components/include/zed_components//cost_traversability.hpp
[1.131s] -- Up-to-date symlink: /home/scv/SCV/install/zed_components/include/zed_components//zed_camera_component.hpp
[1.131s] -- Up-to-date symlink: /home/scv/SCV/install/zed_components/include/zed_components//zed_camera_one_component.hpp
[1.131s] -- Up-to-date symlink: /home/scv/SCV/install/zed_components/include/zed_components//gnss_replay.hpp
[1.131s] -- Up-to-date symlink: /home/scv/SCV/install/zed_components/include/zed_components//json.hpp
[1.131s] -- Up-to-date symlink: /home/scv/SCV/install/zed_components/include/zed_components//sl_logging.hpp
[1.131s] -- Up-to-date symlink: /home/scv/SCV/install/zed_components/include/zed_components//sl_tools.hpp
[1.131s] -- Up-to-date symlink: /home/scv/SCV/install/zed_components/include/zed_components//sl_types.hpp
[1.131s] -- Up-to-date symlink: /home/scv/SCV/install/zed_components/include/zed_components//sl_win_avg.hpp
[1.132s] -- Up-to-date symlink: /home/scv/SCV/install/zed_components/include/zed_components//visibility_control.hpp
[1.132s] -- Up-to-date symlink: /home/scv/SCV/install/zed_components/share/zed_components/environment/library_path.sh
[1.132s] -- Up-to-date symlink: /home/scv/SCV/install/zed_components/share/zed_components/environment/library_path.dsv
[1.132s] -- Up-to-date symlink: /home/scv/SCV/install/zed_components/share/ament_index/resource_index/package_run_dependencies/zed_components
[1.132s] -- Up-to-date symlink: /home/scv/SCV/install/zed_components/share/ament_index/resource_index/parent_prefix_path/zed_components
[1.132s] -- Up-to-date symlink: /home/scv/SCV/install/zed_components/share/zed_components/environment/ament_prefix_path.sh
[1.133s] -- Up-to-date symlink: /home/scv/SCV/install/zed_components/share/zed_components/environment/ament_prefix_path.dsv
[1.133s] -- Up-to-date symlink: /home/scv/SCV/install/zed_components/share/zed_components/environment/path.sh
[1.133s] -- Up-to-date symlink: /home/scv/SCV/install/zed_components/share/zed_components/environment/path.dsv
[1.133s] -- Up-to-date symlink: /home/scv/SCV/install/zed_components/share/zed_components/local_setup.bash
[1.133s] -- Up-to-date symlink: /home/scv/SCV/install/zed_components/share/zed_components/local_setup.sh
[1.133s] -- Up-to-date symlink: /home/scv/SCV/install/zed_components/share/zed_components/local_setup.zsh
[1.133s] -- Up-to-date symlink: /home/scv/SCV/install/zed_components/share/zed_components/local_setup.dsv
[1.133s] -- Symlinking: /home/scv/SCV/install/zed_components/share/zed_components/package.dsv
[1.141s] -- Up-to-date symlink: /home/scv/SCV/install/zed_components/share/ament_index/resource_index/packages/zed_components
[1.141s] -- Up-to-date symlink: /home/scv/SCV/install/zed_components/share/ament_index/resource_index/rclcpp_components/zed_components
[1.142s] -- Up-to-date symlink: /home/scv/SCV/install/zed_components/share/zed_components/cmake/ament_cmake_export_include_directories-extras.cmake
[1.142s] -- Up-to-date symlink: /home/scv/SCV/install/zed_components/share/zed_components/cmake/ament_cmake_export_libraries-extras.cmake
[1.142s] -- Up-to-date symlink: /home/scv/SCV/install/zed_components/share/zed_components/cmake/ament_cmake_export_dependencies-extras.cmake
[1.142s] -- Up-to-date symlink: /home/scv/SCV/install/zed_components/share/zed_components/cmake/zed_componentsConfig.cmake
[1.142s] -- Up-to-date symlink: /home/scv/SCV/install/zed_components/share/zed_components/cmake/zed_componentsConfig-version.cmake
[1.142s] -- Up-to-date symlink: /home/scv/SCV/install/zed_components/share/zed_components/package.xml
[1.144s] Invoked command in '/home/scv/SCV/build/zed_components' returned '0': CMAKE_PREFIX_PATH=/home/scv/SCV/install/hunter_base:/home/scv/SCV/install/hunter_msgs:/opt/ros/humble:/home/scv/SCV/install/ugv_sdk /usr/bin/cmake --install /home/scv/SCV/build/zed_components
