-- Found ament_cmake: 1.3.11 (/opt/ros/humble/share/ament_cmake/cmake)
-- Override CMake install command with custom implementation using symlinks instead of copying resources
-- Configuring done
-- Generating done
-- Build files have been written to: /home/scv/SCV/build/ublox
-- Install configuration: "Release"
-- Execute custom install script
-- Up-to-date symlink: /home/scv/SCV/install/ublox/share/ament_index/resource_index/package_run_dependencies/ublox
-- Up-to-date symlink: /home/scv/SCV/install/ublox/share/ament_index/resource_index/parent_prefix_path/ublox
-- Up-to-date symlink: /home/scv/SCV/install/ublox/share/ublox/environment/ament_prefix_path.sh
-- Up-to-date symlink: /home/scv/SCV/install/ublox/share/ublox/environment/ament_prefix_path.dsv
-- Up-to-date symlink: /home/scv/SCV/install/ublox/share/ublox/environment/path.sh
-- Up-to-date symlink: /home/scv/SCV/install/ublox/share/ublox/environment/path.dsv
-- Up-to-date symlink: /home/scv/SCV/install/ublox/share/ublox/local_setup.bash
-- Up-to-date symlink: /home/scv/SCV/install/ublox/share/ublox/local_setup.sh
-- Up-to-date symlink: /home/scv/SCV/install/ublox/share/ublox/local_setup.zsh
-- Up-to-date symlink: /home/scv/SCV/install/ublox/share/ublox/local_setup.dsv
-- Symlinking: /home/scv/SCV/install/ublox/share/ublox/package.dsv
-- Up-to-date symlink: /home/scv/SCV/install/ublox/share/ament_index/resource_index/packages/ublox
-- Up-to-date symlink: /home/scv/SCV/install/ublox/share/ublox/cmake/ubloxConfig.cmake
-- Up-to-date symlink: /home/scv/SCV/install/ublox/share/ublox/cmake/ubloxConfig-version.cmake
-- Up-to-date symlink: /home/scv/SCV/install/ublox/share/ublox/package.xml
