[0.009s] Invoking command in '/home/scv/SCV/build/ublox': AMENT_PREFIX_PATH=/home/scv/SCV/install/ublox_gps:/home/scv/SCV/install/ublox_msgs:/home/scv/SCV/install/ublox_serialization:${AMENT_PREFIX_PATH} CMAKE_PREFIX_PATH=/home/scv/SCV/install/ublox_gps:/home/scv/SCV/install/ublox_msgs:/home/scv/SCV/install/ublox_serialization:/home/scv/SCV/install/hunter_base:/home/scv/SCV/install/hunter_msgs:/opt/ros/humble:/home/scv/SCV/install/ugv_sdk LD_LIBRARY_PATH=/home/scv/SCV/install/ublox_gps/lib:/home/scv/SCV/install/ublox_msgs/lib:${LD_LIBRARY_PATH} PYTHONPATH=/home/scv/SCV/install/ublox_msgs/local/lib/python3.10/dist-packages:${PYTHONPATH} /usr/bin/cmake /home/scv/SCV/src/sensor_pkg/ublox/ublox -DCMAKE_INSTALL_PREFIX=/home/scv/SCV/install/ublox
[0.018s] -- Found ament_cmake: 1.3.11 (/opt/ros/humble/share/ament_cmake/cmake)
[0.119s] -- Override CMake install command with custom implementation using symlinks instead of copying resources
[0.178s] -- Configuring done
[0.180s] -- Generating done
[0.181s] -- Build files have been written to: /home/scv/SCV/build/ublox
[0.184s] Invoked command in '/home/scv/SCV/build/ublox' returned '0': AMENT_PREFIX_PATH=/home/scv/SCV/install/ublox_gps:/home/scv/SCV/install/ublox_msgs:/home/scv/SCV/install/ublox_serialization:${AMENT_PREFIX_PATH} CMAKE_PREFIX_PATH=/home/scv/SCV/install/ublox_gps:/home/scv/SCV/install/ublox_msgs:/home/scv/SCV/install/ublox_serialization:/home/scv/SCV/install/hunter_base:/home/scv/SCV/install/hunter_msgs:/opt/ros/humble:/home/scv/SCV/install/ugv_sdk LD_LIBRARY_PATH=/home/scv/SCV/install/ublox_gps/lib:/home/scv/SCV/install/ublox_msgs/lib:${LD_LIBRARY_PATH} PYTHONPATH=/home/scv/SCV/install/ublox_msgs/local/lib/python3.10/dist-packages:${PYTHONPATH} /usr/bin/cmake /home/scv/SCV/src/sensor_pkg/ublox/ublox -DCMAKE_INSTALL_PREFIX=/home/scv/SCV/install/ublox
[0.184s] Invoking command in '/home/scv/SCV/build/ublox': AMENT_PREFIX_PATH=/home/scv/SCV/install/ublox_gps:/home/scv/SCV/install/ublox_msgs:/home/scv/SCV/install/ublox_serialization:${AMENT_PREFIX_PATH} CMAKE_PREFIX_PATH=/home/scv/SCV/install/ublox_gps:/home/scv/SCV/install/ublox_msgs:/home/scv/SCV/install/ublox_serialization:/home/scv/SCV/install/hunter_base:/home/scv/SCV/install/hunter_msgs:/opt/ros/humble:/home/scv/SCV/install/ugv_sdk LD_LIBRARY_PATH=/home/scv/SCV/install/ublox_gps/lib:/home/scv/SCV/install/ublox_msgs/lib:${LD_LIBRARY_PATH} PYTHONPATH=/home/scv/SCV/install/ublox_msgs/local/lib/python3.10/dist-packages:${PYTHONPATH} /usr/bin/cmake --build /home/scv/SCV/build/ublox -- -j8 -l8
[0.211s] Invoked command in '/home/scv/SCV/build/ublox' returned '0': AMENT_PREFIX_PATH=/home/scv/SCV/install/ublox_gps:/home/scv/SCV/install/ublox_msgs:/home/scv/SCV/install/ublox_serialization:${AMENT_PREFIX_PATH} CMAKE_PREFIX_PATH=/home/scv/SCV/install/ublox_gps:/home/scv/SCV/install/ublox_msgs:/home/scv/SCV/install/ublox_serialization:/home/scv/SCV/install/hunter_base:/home/scv/SCV/install/hunter_msgs:/opt/ros/humble:/home/scv/SCV/install/ugv_sdk LD_LIBRARY_PATH=/home/scv/SCV/install/ublox_gps/lib:/home/scv/SCV/install/ublox_msgs/lib:${LD_LIBRARY_PATH} PYTHONPATH=/home/scv/SCV/install/ublox_msgs/local/lib/python3.10/dist-packages:${PYTHONPATH} /usr/bin/cmake --build /home/scv/SCV/build/ublox -- -j8 -l8
[0.212s] Invoking command in '/home/scv/SCV/build/ublox': AMENT_PREFIX_PATH=/home/scv/SCV/install/ublox_gps:/home/scv/SCV/install/ublox_msgs:/home/scv/SCV/install/ublox_serialization:${AMENT_PREFIX_PATH} CMAKE_PREFIX_PATH=/home/scv/SCV/install/ublox_gps:/home/scv/SCV/install/ublox_msgs:/home/scv/SCV/install/ublox_serialization:/home/scv/SCV/install/hunter_base:/home/scv/SCV/install/hunter_msgs:/opt/ros/humble:/home/scv/SCV/install/ugv_sdk LD_LIBRARY_PATH=/home/scv/SCV/install/ublox_gps/lib:/home/scv/SCV/install/ublox_msgs/lib:${LD_LIBRARY_PATH} PYTHONPATH=/home/scv/SCV/install/ublox_msgs/local/lib/python3.10/dist-packages:${PYTHONPATH} /usr/bin/cmake --install /home/scv/SCV/build/ublox
[0.217s] -- Install configuration: "Release"
[0.217s] -- Execute custom install script
[0.218s] -- Up-to-date symlink: /home/scv/SCV/install/ublox/share/ament_index/resource_index/package_run_dependencies/ublox
[0.218s] -- Up-to-date symlink: /home/scv/SCV/install/ublox/share/ament_index/resource_index/parent_prefix_path/ublox
[0.218s] -- Up-to-date symlink: /home/scv/SCV/install/ublox/share/ublox/environment/ament_prefix_path.sh
[0.218s] -- Up-to-date symlink: /home/scv/SCV/install/ublox/share/ublox/environment/ament_prefix_path.dsv
[0.218s] -- Up-to-date symlink: /home/scv/SCV/install/ublox/share/ublox/environment/path.sh
[0.218s] -- Up-to-date symlink: /home/scv/SCV/install/ublox/share/ublox/environment/path.dsv
[0.218s] -- Up-to-date symlink: /home/scv/SCV/install/ublox/share/ublox/local_setup.bash
[0.218s] -- Up-to-date symlink: /home/scv/SCV/install/ublox/share/ublox/local_setup.sh
[0.219s] -- Up-to-date symlink: /home/scv/SCV/install/ublox/share/ublox/local_setup.zsh
[0.219s] -- Up-to-date symlink: /home/scv/SCV/install/ublox/share/ublox/local_setup.dsv
[0.219s] -- Symlinking: /home/scv/SCV/install/ublox/share/ublox/package.dsv
[0.225s] -- Up-to-date symlink: /home/scv/SCV/install/ublox/share/ament_index/resource_index/packages/ublox
[0.226s] -- Up-to-date symlink: /home/scv/SCV/install/ublox/share/ublox/cmake/ubloxConfig.cmake
[0.226s] -- Up-to-date symlink: /home/scv/SCV/install/ublox/share/ublox/cmake/ubloxConfig-version.cmake
[0.226s] -- Up-to-date symlink: /home/scv/SCV/install/ublox/share/ublox/package.xml
[0.227s] Invoked command in '/home/scv/SCV/build/ublox' returned '0': AMENT_PREFIX_PATH=/home/scv/SCV/install/ublox_gps:/home/scv/SCV/install/ublox_msgs:/home/scv/SCV/install/ublox_serialization:${AMENT_PREFIX_PATH} CMAKE_PREFIX_PATH=/home/scv/SCV/install/ublox_gps:/home/scv/SCV/install/ublox_msgs:/home/scv/SCV/install/ublox_serialization:/home/scv/SCV/install/hunter_base:/home/scv/SCV/install/hunter_msgs:/opt/ros/humble:/home/scv/SCV/install/ugv_sdk LD_LIBRARY_PATH=/home/scv/SCV/install/ublox_gps/lib:/home/scv/SCV/install/ublox_msgs/lib:${LD_LIBRARY_PATH} PYTHONPATH=/home/scv/SCV/install/ublox_msgs/local/lib/python3.10/dist-packages:${PYTHONPATH} /usr/bin/cmake --install /home/scv/SCV/build/ublox
