[0.007s] Invoking command in '/home/ssc/SCV/build/usb_cam': CMAKE_PREFIX_PATH=${CMAKE_PREFIX_PATH}:/opt/ros/humble /usr/bin/cmake /home/ssc/SCV/src/sensor_pkg/usb_cam -DCMAKE_INSTALL_PREFIX=/home/ssc/SCV/install/usb_cam
[0.044s] -- The C compiler identification is GNU 11.4.0
[0.082s] -- The CXX compiler identification is GNU 11.4.0
[0.086s] -- Detecting C compiler ABI info
[0.135s] -- Detecting C compiler ABI info - done
[0.140s] -- Check for working C compiler: /usr/bin/cc - skipped
[0.140s] -- Detecting C compile features
[0.140s] -- Detecting C compile features - done
[0.142s] -- Detecting CXX compiler ABI info
[0.202s] -- Detecting CXX compiler ABI info - done
[0.206s] -- Check for working CXX compiler: /usr/bin/c++ - skipped
[0.207s] -- Detecting CXX compile features
[0.207s] -- Detecting CXX compile features - done
[0.208s] -- Found ament_cmake_auto: 1.3.11 (/opt/ros/humble/share/ament_cmake_auto/cmake)
[0.304s] -- Found Python3: /usr/bin/python3 (found version "3.10.12") found components: Interpreter 
[0.417s] -- Found rosidl_generator_c: 3.1.6 (/opt/ros/humble/share/rosidl_generator_c/cmake)
[0.420s] -- Found rosidl_adapter: 3.1.6 (/opt/ros/humble/share/rosidl_adapter/cmake)
[0.425s] -- Found rosidl_generator_cpp: 3.1.6 (/opt/ros/humble/share/rosidl_generator_cpp/cmake)
[0.431s] -- Using all available rosidl_typesupport_c: rosidl_typesupport_fastrtps_c;rosidl_typesupport_introspection_c
[0.441s] -- Using all available rosidl_typesupport_cpp: rosidl_typesupport_fastrtps_cpp;rosidl_typesupport_introspection_cpp
[0.465s] -- Found rmw_implementation_cmake: 6.1.2 (/opt/ros/humble/share/rmw_implementation_cmake/cmake)
[0.467s] -- Found rmw_fastrtps_cpp: 6.2.7 (/opt/ros/humble/share/rmw_fastrtps_cpp/cmake)
[0.522s] -- Found OpenSSL: /usr/lib/x86_64-linux-gnu/libcrypto.so (found version "3.0.2")  
[0.541s] -- Found FastRTPS: /opt/ros/humble/include  
[0.571s] -- Using RMW implementation 'rmw_fastrtps_cpp' as default
[0.576s] -- Looking for pthread.h
[0.626s] -- Looking for pthread.h - found
[0.626s] -- Performing Test CMAKE_HAVE_LIBC_PTHREAD
[0.675s] -- Performing Test CMAKE_HAVE_LIBC_PTHREAD - Success
[0.676s] -- Found Threads: TRUE  
[0.797s] -- Found OpenCV: /usr (found version "4.5.4") 
[0.800s] -- Found PkgConfig: /usr/bin/pkg-config (found version "0.29.2") 
[0.801s] -- Checking for module 'libavcodec'
[0.810s] --   Found libavcodec, version 58.134.100
[0.833s] -- Checking for module 'libavutil'
[0.842s] --   Found libavutil, version 56.70.100
[0.864s] -- Checking for module 'libswscale'
[0.873s] --   Found libswscale, version 5.9.100
[0.900s] -- Found ament_lint_auto: 0.12.12 (/opt/ros/humble/share/ament_lint_auto/cmake)
[0.909s] -- Found gtest sources under '/opt/ros/humble/src/gtest_vendor': C++ tests using 'Google Test' will be built
[0.916s] -- Added test 'copyright' to check source files copyright and LICENSE
[0.917s] -- Added test 'cppcheck' to perform static code analysis on C / C++ code
[0.917s] -- Configured cppcheck include dirs: /home/ssc/SCV/src/sensor_pkg/usb_cam/include
[0.917s] -- Configured cppcheck exclude dirs and/or files: 
[0.919s] -- Added test 'cpplint' to check C / C++ code against the Google style
[0.919s] -- Configured cpplint exclude dirs and/or files: 
[0.919s] -- Added test 'flake8' to check Python code syntax and style conventions
[0.920s] -- Added test 'lint_cmake' to check CMake code style
[0.920s] -- Added test 'pep257' to check Python code against some of the docstring style conventions in PEP 257
[0.921s] -- Added test 'uncrustify' to check C / C++ code style
[0.921s] -- Configured uncrustify additional arguments: 
[0.922s] -- Added test 'xmllint' to check XML markup files
[0.923s] -- Configuring done
[0.939s] -- Generating done
[0.945s] -- Build files have been written to: /home/ssc/SCV/build/usb_cam
[0.953s] Invoked command in '/home/ssc/SCV/build/usb_cam' returned '0': CMAKE_PREFIX_PATH=${CMAKE_PREFIX_PATH}:/opt/ros/humble /usr/bin/cmake /home/ssc/SCV/src/sensor_pkg/usb_cam -DCMAKE_INSTALL_PREFIX=/home/ssc/SCV/install/usb_cam
[0.954s] Invoking command in '/home/ssc/SCV/build/usb_cam': CMAKE_PREFIX_PATH=${CMAKE_PREFIX_PATH}:/opt/ros/humble /usr/bin/cmake --build /home/ssc/SCV/build/usb_cam -- -j24 -l24
[0.990s] [  7%] [32mBuilding CXX object CMakeFiles/usb_cam_node_exe.dir/rclcpp_components/node_main_usb_cam_node_exe.cpp.o[0m
[0.991s] [ 28%] [32mBuilding CXX object gtest/CMakeFiles/gtest_main.dir/src/gtest_main.cc.o[0m
[0.991s] [ 28%] [32mBuilding CXX object CMakeFiles/usb_cam.dir/src/usb_cam.cpp.o[0m
[0.991s] [ 28%] [32mBuilding CXX object gtest/CMakeFiles/gtest.dir/src/gtest-all.cc.o[0m
[1.531s] [ 35%] [32m[1mLinking CXX static library libgtest_main.a[0m
[1.562s] [ 35%] Built target gtest_main
[2.810s] [ 42%] [32m[1mLinking CXX shared library libusb_cam.so[0m
[2.946s] [ 42%] Built target usb_cam
[2.959s] [ 50%] [32mBuilding CXX object CMakeFiles/usb_cam_node.dir/src/usb_cam_node.cpp.o[0m
[4.123s] [ 57%] [32m[1mLinking CXX static library libgtest.a[0m
[4.177s] [ 57%] Built target gtest
[4.192s] [ 64%] [32m[1mLinking CXX executable usb_cam_node_exe[0m
[4.195s] [ 78%] [32mBuilding CXX object CMakeFiles/test_usb_cam_utils.dir/test/test_usb_cam_utils.cpp.o[0m
[4.195s] [ 78%] [32mBuilding CXX object CMakeFiles/test_pixel_formats.dir/test/test_pixel_formats.cpp.o[0m
[4.391s] [ 78%] Built target usb_cam_node_exe
[5.122s] [ 85%] [32m[1mLinking CXX executable test_usb_cam_utils[0m
[5.337s] [ 85%] Built target test_usb_cam_utils
[5.789s] [ 92%] [32m[1mLinking CXX executable test_pixel_formats[0m
[5.993s] [ 92%] Built target test_pixel_formats
[7.972s] [100%] [32m[1mLinking CXX shared library libusb_cam_node.so[0m
[8.243s] [100%] Built target usb_cam_node
[8.254s] Invoked command in '/home/ssc/SCV/build/usb_cam' returned '0': CMAKE_PREFIX_PATH=${CMAKE_PREFIX_PATH}:/opt/ros/humble /usr/bin/cmake --build /home/ssc/SCV/build/usb_cam -- -j24 -l24
[8.255s] Invoking command in '/home/ssc/SCV/build/usb_cam': CMAKE_PREFIX_PATH=${CMAKE_PREFIX_PATH}:/opt/ros/humble /usr/bin/cmake --install /home/ssc/SCV/build/usb_cam
[8.262s] -- Install configuration: ""
[8.262s] -- Installing: /home/ssc/SCV/install/usb_cam/share/usb_cam/environment/library_path.sh
[8.262s] -- Installing: /home/ssc/SCV/install/usb_cam/share/usb_cam/environment/library_path.dsv
[8.262s] -- Installing: /home/ssc/SCV/install/usb_cam/lib/usb_cam/usb_cam_node_exe
[8.263s] -- Set runtime path of "/home/ssc/SCV/install/usb_cam/lib/usb_cam/usb_cam_node_exe" to ""
[8.263s] -- Installing: /home/ssc/SCV/install/usb_cam/lib/usb_cam/show_image.py
[8.263s] -- Installing: /home/ssc/SCV/install/usb_cam/lib/libusb_cam.so
[8.263s] -- Installing: /home/ssc/SCV/install/usb_cam/lib/libusb_cam_node.so
[8.267s] -- Set runtime path of "/home/ssc/SCV/install/usb_cam/lib/libusb_cam_node.so" to ""
[8.267s] -- Installing: /home/ssc/SCV/install/usb_cam/include
[8.267s] -- Installing: /home/ssc/SCV/install/usb_cam/include/usb_cam
[8.267s] -- Installing: /home/ssc/SCV/install/usb_cam/include/usb_cam/usb_cam.hpp
[8.267s] -- Installing: /home/ssc/SCV/install/usb_cam/include/usb_cam/utils.hpp
[8.267s] -- Installing: /home/ssc/SCV/install/usb_cam/include/usb_cam/formats
[8.267s] -- Installing: /home/ssc/SCV/install/usb_cam/include/usb_cam/formats/m420.hpp
[8.267s] -- Installing: /home/ssc/SCV/install/usb_cam/include/usb_cam/formats/yuyv.hpp
[8.267s] -- Installing: /home/ssc/SCV/install/usb_cam/include/usb_cam/formats/utils.hpp
[8.267s] -- Installing: /home/ssc/SCV/install/usb_cam/include/usb_cam/formats/pixel_format_base.hpp
[8.267s] -- Installing: /home/ssc/SCV/install/usb_cam/include/usb_cam/formats/mono.hpp
[8.267s] -- Installing: /home/ssc/SCV/install/usb_cam/include/usb_cam/formats/av_pixel_format_helper.hpp
[8.267s] -- Installing: /home/ssc/SCV/install/usb_cam/include/usb_cam/formats/rgb.hpp
[8.268s] -- Installing: /home/ssc/SCV/install/usb_cam/include/usb_cam/formats/mjpeg.hpp
[8.268s] -- Installing: /home/ssc/SCV/install/usb_cam/include/usb_cam/formats/uyvy.hpp
[8.268s] -- Installing: /home/ssc/SCV/install/usb_cam/include/usb_cam/usb_cam_node.hpp
[8.268s] -- Installing: /home/ssc/SCV/install/usb_cam/include/usb_cam/conversions.hpp
[8.268s] -- Installing: /home/ssc/SCV/install/usb_cam/include/usb_cam/constants.hpp
[8.268s] -- Up-to-date: /home/ssc/SCV/install/usb_cam/lib/libusb_cam_node.so
[8.268s] -- Installing: /home/ssc/SCV/install/usb_cam/share/usb_cam/launch
[8.268s] -- Installing: /home/ssc/SCV/install/usb_cam/share/usb_cam/launch/camera.launch.py
[8.268s] -- Installing: /home/ssc/SCV/install/usb_cam/share/usb_cam/launch/camera_config.py
[8.268s] -- Installing: /home/ssc/SCV/install/usb_cam/share/usb_cam/launch/__init__.py
[8.268s] -- Installing: /home/ssc/SCV/install/usb_cam/share/usb_cam/config
[8.268s] -- Installing: /home/ssc/SCV/install/usb_cam/share/usb_cam/config/params_1.yaml
[8.269s] -- Installing: /home/ssc/SCV/install/usb_cam/share/usb_cam/config/params_2.yaml
[8.269s] -- Installing: /home/ssc/SCV/install/usb_cam/share/usb_cam/config/camera_info.yaml
[8.269s] -- Installing: /home/ssc/SCV/install/usb_cam/share/ament_index/resource_index/package_run_dependencies/usb_cam
[8.269s] -- Installing: /home/ssc/SCV/install/usb_cam/share/ament_index/resource_index/parent_prefix_path/usb_cam
[8.269s] -- Installing: /home/ssc/SCV/install/usb_cam/share/usb_cam/environment/ament_prefix_path.sh
[8.269s] -- Installing: /home/ssc/SCV/install/usb_cam/share/usb_cam/environment/ament_prefix_path.dsv
[8.269s] -- Installing: /home/ssc/SCV/install/usb_cam/share/usb_cam/environment/path.sh
[8.269s] -- Installing: /home/ssc/SCV/install/usb_cam/share/usb_cam/environment/path.dsv
[8.269s] -- Installing: /home/ssc/SCV/install/usb_cam/share/usb_cam/local_setup.bash
[8.270s] -- Installing: /home/ssc/SCV/install/usb_cam/share/usb_cam/local_setup.sh
[8.270s] -- Installing: /home/ssc/SCV/install/usb_cam/share/usb_cam/local_setup.zsh
[8.270s] -- Installing: /home/ssc/SCV/install/usb_cam/share/usb_cam/local_setup.dsv
[8.270s] -- Installing: /home/ssc/SCV/install/usb_cam/share/usb_cam/package.dsv
[8.270s] -- Installing: /home/ssc/SCV/install/usb_cam/share/ament_index/resource_index/packages/usb_cam
[8.270s] -- Installing: /home/ssc/SCV/install/usb_cam/share/ament_index/resource_index/rclcpp_components/usb_cam
[8.270s] -- Installing: /home/ssc/SCV/install/usb_cam/share/usb_cam/cmake/ament_cmake_export_libraries-extras.cmake
[8.270s] -- Installing: /home/ssc/SCV/install/usb_cam/share/usb_cam/cmake/ament_cmake_export_dependencies-extras.cmake
[8.270s] -- Installing: /home/ssc/SCV/install/usb_cam/share/usb_cam/cmake/ament_cmake_export_include_directories-extras.cmake
[8.271s] -- Installing: /home/ssc/SCV/install/usb_cam/share/usb_cam/cmake/usb_camConfig.cmake
[8.271s] -- Installing: /home/ssc/SCV/install/usb_cam/share/usb_cam/cmake/usb_camConfig-version.cmake
[8.271s] -- Installing: /home/ssc/SCV/install/usb_cam/share/usb_cam/package.xml
[8.273s] Invoked command in '/home/ssc/SCV/build/usb_cam' returned '0': CMAKE_PREFIX_PATH=${CMAKE_PREFIX_PATH}:/opt/ros/humble /usr/bin/cmake --install /home/ssc/SCV/build/usb_cam
