[0.101s] DEBUG:colcon:Command line arguments: ['/usr/bin/colcon', 'build']
[0.101s] DEBUG:colcon:Parsed command line arguments: Namespace(log_base=None, log_level=None, verb_name='build', build_base='build', install_base='install', merge_install=False, symlink_install=False, test_result_base=None, continue_on_error=False, executor='parallel', parallel_workers=8, event_handlers=None, ignore_user_meta=False, metas=['./colcon.meta'], base_paths=['.'], packages_ignore=None, packages_ignore_regex=None, paths=None, packages_up_to=None, packages_up_to_regex=None, packages_above=None, packages_above_and_dependencies=None, packages_above_depth=None, packages_select_by_dep=None, packages_skip_by_dep=None, packages_skip_up_to=None, packages_select_build_failed=False, packages_skip_build_finished=False, packages_select_test_failures=False, packages_skip_test_passed=False, packages_select=None, packages_skip=None, packages_select_regex=None, packages_skip_regex=None, packages_start=None, packages_end=None, allow_overriding=[], cmake_args=None, cmake_target=None, cmake_target_skip_unavailable=False, cmake_clean_cache=False, cmake_clean_first=False, cmake_force_configure=False, ament_cmake_args=None, catkin_cmake_args=None, catkin_skip_building_tests=False, mixin_files=None, mixin=None, verb_parser=<colcon_mixin.mixin.mixin_argument.MixinArgumentDecorator object at 0x74f3ab93dba0>, verb_extension=<colcon_core.verb.build.BuildVerb object at 0x74f3ab93d630>, main=<bound method BuildVerb.main of <colcon_core.verb.build.BuildVerb object at 0x74f3ab93d630>>, mixin_verb=('build',))
[0.260s] Level 1:colcon.colcon_core.package_discovery:discover_packages(colcon_meta) check parameters
[0.260s] Level 1:colcon.colcon_core.package_discovery:discover_packages(recursive) check parameters
[0.260s] Level 1:colcon.colcon_core.package_discovery:discover_packages(ignore) check parameters
[0.260s] Level 1:colcon.colcon_core.package_discovery:discover_packages(path) check parameters
[0.260s] Level 1:colcon.colcon_core.package_discovery:discover_packages(colcon_meta) discover
[0.260s] Level 1:colcon.colcon_core.package_discovery:discover_packages(recursive) discover
[0.260s] INFO:colcon.colcon_core.package_discovery:Crawling recursively for packages in '/home/scv/SCV'
[0.260s] Level 1:colcon.colcon_core.package_identification:_identify(.) by extensions ['ignore', 'ignore_ament_install']
[0.260s] Level 1:colcon.colcon_core.package_identification:_identify(.) by extension 'ignore'
[0.260s] Level 1:colcon.colcon_core.package_identification:_identify(.) by extension 'ignore_ament_install'
[0.260s] Level 1:colcon.colcon_core.package_identification:_identify(.) by extensions ['colcon_pkg']
[0.260s] Level 1:colcon.colcon_core.package_identification:_identify(.) by extension 'colcon_pkg'
[0.260s] Level 1:colcon.colcon_core.package_identification:_identify(.) by extensions ['colcon_meta']
[0.260s] Level 1:colcon.colcon_core.package_identification:_identify(.) by extension 'colcon_meta'
[0.260s] Level 1:colcon.colcon_core.package_identification:_identify(.) by extensions ['ros']
[0.260s] Level 1:colcon.colcon_core.package_identification:_identify(.) by extension 'ros'
[0.270s] Level 1:colcon.colcon_core.package_identification:_identify(.) by extensions ['cmake', 'python']
[0.271s] Level 1:colcon.colcon_core.package_identification:_identify(.) by extension 'cmake'
[0.271s] Level 1:colcon.colcon_core.package_identification:_identify(.) by extension 'python'
[0.271s] Level 1:colcon.colcon_core.package_identification:_identify(.) by extensions ['python_setup_py']
[0.271s] Level 1:colcon.colcon_core.package_identification:_identify(.) by extension 'python_setup_py'
[0.271s] Level 1:colcon.colcon_core.package_identification:_identify(build) by extensions ['ignore', 'ignore_ament_install']
[0.271s] Level 1:colcon.colcon_core.package_identification:_identify(build) by extension 'ignore'
[0.271s] Level 1:colcon.colcon_core.package_identification:_identify(build) ignored
[0.271s] Level 1:colcon.colcon_core.package_identification:_identify(config) by extensions ['ignore', 'ignore_ament_install']
[0.271s] Level 1:colcon.colcon_core.package_identification:_identify(config) by extension 'ignore'
[0.271s] Level 1:colcon.colcon_core.package_identification:_identify(config) by extension 'ignore_ament_install'
[0.271s] Level 1:colcon.colcon_core.package_identification:_identify(config) by extensions ['colcon_pkg']
[0.271s] Level 1:colcon.colcon_core.package_identification:_identify(config) by extension 'colcon_pkg'
[0.271s] Level 1:colcon.colcon_core.package_identification:_identify(config) by extensions ['colcon_meta']
[0.271s] Level 1:colcon.colcon_core.package_identification:_identify(config) by extension 'colcon_meta'
[0.271s] Level 1:colcon.colcon_core.package_identification:_identify(config) by extensions ['ros']
[0.271s] Level 1:colcon.colcon_core.package_identification:_identify(config) by extension 'ros'
[0.271s] Level 1:colcon.colcon_core.package_identification:_identify(config) by extensions ['cmake', 'python']
[0.271s] Level 1:colcon.colcon_core.package_identification:_identify(config) by extension 'cmake'
[0.272s] Level 1:colcon.colcon_core.package_identification:_identify(config) by extension 'python'
[0.272s] Level 1:colcon.colcon_core.package_identification:_identify(config) by extensions ['python_setup_py']
[0.272s] Level 1:colcon.colcon_core.package_identification:_identify(config) by extension 'python_setup_py'
[0.272s] Level 1:colcon.colcon_core.package_identification:_identify(config/params) by extensions ['ignore', 'ignore_ament_install']
[0.272s] Level 1:colcon.colcon_core.package_identification:_identify(config/params) by extension 'ignore'
[0.272s] Level 1:colcon.colcon_core.package_identification:_identify(config/params) by extension 'ignore_ament_install'
[0.272s] Level 1:colcon.colcon_core.package_identification:_identify(config/params) by extensions ['colcon_pkg']
[0.272s] Level 1:colcon.colcon_core.package_identification:_identify(config/params) by extension 'colcon_pkg'
[0.272s] Level 1:colcon.colcon_core.package_identification:_identify(config/params) by extensions ['colcon_meta']
[0.272s] Level 1:colcon.colcon_core.package_identification:_identify(config/params) by extension 'colcon_meta'
[0.272s] Level 1:colcon.colcon_core.package_identification:_identify(config/params) by extensions ['ros']
[0.272s] Level 1:colcon.colcon_core.package_identification:_identify(config/params) by extension 'ros'
[0.272s] Level 1:colcon.colcon_core.package_identification:_identify(config/params) by extensions ['cmake', 'python']
[0.272s] Level 1:colcon.colcon_core.package_identification:_identify(config/params) by extension 'cmake'
[0.272s] Level 1:colcon.colcon_core.package_identification:_identify(config/params) by extension 'python'
[0.272s] Level 1:colcon.colcon_core.package_identification:_identify(config/params) by extensions ['python_setup_py']
[0.272s] Level 1:colcon.colcon_core.package_identification:_identify(config/params) by extension 'python_setup_py'
[0.272s] Level 1:colcon.colcon_core.package_identification:_identify(config/rviz) by extensions ['ignore', 'ignore_ament_install']
[0.272s] Level 1:colcon.colcon_core.package_identification:_identify(config/rviz) by extension 'ignore'
[0.272s] Level 1:colcon.colcon_core.package_identification:_identify(config/rviz) by extension 'ignore_ament_install'
[0.272s] Level 1:colcon.colcon_core.package_identification:_identify(config/rviz) by extensions ['colcon_pkg']
[0.272s] Level 1:colcon.colcon_core.package_identification:_identify(config/rviz) by extension 'colcon_pkg'
[0.273s] Level 1:colcon.colcon_core.package_identification:_identify(config/rviz) by extensions ['colcon_meta']
[0.273s] Level 1:colcon.colcon_core.package_identification:_identify(config/rviz) by extension 'colcon_meta'
[0.273s] Level 1:colcon.colcon_core.package_identification:_identify(config/rviz) by extensions ['ros']
[0.273s] Level 1:colcon.colcon_core.package_identification:_identify(config/rviz) by extension 'ros'
[0.273s] Level 1:colcon.colcon_core.package_identification:_identify(config/rviz) by extensions ['cmake', 'python']
[0.273s] Level 1:colcon.colcon_core.package_identification:_identify(config/rviz) by extension 'cmake'
[0.273s] Level 1:colcon.colcon_core.package_identification:_identify(config/rviz) by extension 'python'
[0.273s] Level 1:colcon.colcon_core.package_identification:_identify(config/rviz) by extensions ['python_setup_py']
[0.273s] Level 1:colcon.colcon_core.package_identification:_identify(config/rviz) by extension 'python_setup_py'
[0.273s] Level 1:colcon.colcon_core.package_identification:_identify(install) by extensions ['ignore', 'ignore_ament_install']
[0.273s] Level 1:colcon.colcon_core.package_identification:_identify(install) by extension 'ignore'
[0.273s] Level 1:colcon.colcon_core.package_identification:_identify(install) ignored
[0.273s] Level 1:colcon.colcon_core.package_identification:_identify(launch) by extensions ['ignore', 'ignore_ament_install']
[0.273s] Level 1:colcon.colcon_core.package_identification:_identify(launch) by extension 'ignore'
[0.273s] Level 1:colcon.colcon_core.package_identification:_identify(launch) by extension 'ignore_ament_install'
[0.273s] Level 1:colcon.colcon_core.package_identification:_identify(launch) by extensions ['colcon_pkg']
[0.273s] Level 1:colcon.colcon_core.package_identification:_identify(launch) by extension 'colcon_pkg'
[0.273s] Level 1:colcon.colcon_core.package_identification:_identify(launch) by extensions ['colcon_meta']
[0.273s] Level 1:colcon.colcon_core.package_identification:_identify(launch) by extension 'colcon_meta'
[0.273s] Level 1:colcon.colcon_core.package_identification:_identify(launch) by extensions ['ros']
[0.273s] Level 1:colcon.colcon_core.package_identification:_identify(launch) by extension 'ros'
[0.273s] Level 1:colcon.colcon_core.package_identification:_identify(launch) by extensions ['cmake', 'python']
[0.274s] Level 1:colcon.colcon_core.package_identification:_identify(launch) by extension 'cmake'
[0.274s] Level 1:colcon.colcon_core.package_identification:_identify(launch) by extension 'python'
[0.274s] Level 1:colcon.colcon_core.package_identification:_identify(launch) by extensions ['python_setup_py']
[0.274s] Level 1:colcon.colcon_core.package_identification:_identify(launch) by extension 'python_setup_py'
[0.274s] Level 1:colcon.colcon_core.package_identification:_identify(log) by extensions ['ignore', 'ignore_ament_install']
[0.274s] Level 1:colcon.colcon_core.package_identification:_identify(log) by extension 'ignore'
[0.274s] Level 1:colcon.colcon_core.package_identification:_identify(log) ignored
[0.274s] Level 1:colcon.colcon_core.package_identification:_identify(scripts) by extensions ['ignore', 'ignore_ament_install']
[0.274s] Level 1:colcon.colcon_core.package_identification:_identify(scripts) by extension 'ignore'
[0.274s] Level 1:colcon.colcon_core.package_identification:_identify(scripts) by extension 'ignore_ament_install'
[0.274s] Level 1:colcon.colcon_core.package_identification:_identify(scripts) by extensions ['colcon_pkg']
[0.274s] Level 1:colcon.colcon_core.package_identification:_identify(scripts) by extension 'colcon_pkg'
[0.274s] Level 1:colcon.colcon_core.package_identification:_identify(scripts) by extensions ['colcon_meta']
[0.274s] Level 1:colcon.colcon_core.package_identification:_identify(scripts) by extension 'colcon_meta'
[0.274s] Level 1:colcon.colcon_core.package_identification:_identify(scripts) by extensions ['ros']
[0.274s] Level 1:colcon.colcon_core.package_identification:_identify(scripts) by extension 'ros'
[0.274s] Level 1:colcon.colcon_core.package_identification:_identify(scripts) by extensions ['cmake', 'python']
[0.274s] Level 1:colcon.colcon_core.package_identification:_identify(scripts) by extension 'cmake'
[0.274s] Level 1:colcon.colcon_core.package_identification:_identify(scripts) by extension 'python'
[0.274s] Level 1:colcon.colcon_core.package_identification:_identify(scripts) by extensions ['python_setup_py']
[0.274s] Level 1:colcon.colcon_core.package_identification:_identify(scripts) by extension 'python_setup_py'
[0.274s] Level 1:colcon.colcon_core.package_identification:_identify(src) by extensions ['ignore', 'ignore_ament_install']
[0.275s] Level 1:colcon.colcon_core.package_identification:_identify(src) by extension 'ignore'
[0.275s] Level 1:colcon.colcon_core.package_identification:_identify(src) by extension 'ignore_ament_install'
[0.275s] Level 1:colcon.colcon_core.package_identification:_identify(src) by extensions ['colcon_pkg']
[0.275s] Level 1:colcon.colcon_core.package_identification:_identify(src) by extension 'colcon_pkg'
[0.275s] Level 1:colcon.colcon_core.package_identification:_identify(src) by extensions ['colcon_meta']
[0.275s] Level 1:colcon.colcon_core.package_identification:_identify(src) by extension 'colcon_meta'
[0.275s] Level 1:colcon.colcon_core.package_identification:_identify(src) by extensions ['ros']
[0.275s] Level 1:colcon.colcon_core.package_identification:_identify(src) by extension 'ros'
[0.275s] Level 1:colcon.colcon_core.package_identification:_identify(src) by extensions ['cmake', 'python']
[0.275s] Level 1:colcon.colcon_core.package_identification:_identify(src) by extension 'cmake'
[0.275s] Level 1:colcon.colcon_core.package_identification:_identify(src) by extension 'python'
[0.275s] Level 1:colcon.colcon_core.package_identification:_identify(src) by extensions ['python_setup_py']
[0.275s] Level 1:colcon.colcon_core.package_identification:_identify(src) by extension 'python_setup_py'
[0.275s] Level 1:colcon.colcon_core.package_identification:_identify(src/sensor_pkg) by extensions ['ignore', 'ignore_ament_install']
[0.275s] Level 1:colcon.colcon_core.package_identification:_identify(src/sensor_pkg) by extension 'ignore'
[0.275s] Level 1:colcon.colcon_core.package_identification:_identify(src/sensor_pkg) by extension 'ignore_ament_install'
[0.275s] Level 1:colcon.colcon_core.package_identification:_identify(src/sensor_pkg) by extensions ['colcon_pkg']
[0.275s] Level 1:colcon.colcon_core.package_identification:_identify(src/sensor_pkg) by extension 'colcon_pkg'
[0.275s] Level 1:colcon.colcon_core.package_identification:_identify(src/sensor_pkg) by extensions ['colcon_meta']
[0.275s] Level 1:colcon.colcon_core.package_identification:_identify(src/sensor_pkg) by extension 'colcon_meta'
[0.275s] Level 1:colcon.colcon_core.package_identification:_identify(src/sensor_pkg) by extensions ['ros']
[0.275s] Level 1:colcon.colcon_core.package_identification:_identify(src/sensor_pkg) by extension 'ros'
[0.276s] Level 1:colcon.colcon_core.package_identification:_identify(src/sensor_pkg) by extensions ['cmake', 'python']
[0.276s] Level 1:colcon.colcon_core.package_identification:_identify(src/sensor_pkg) by extension 'cmake'
[0.276s] Level 1:colcon.colcon_core.package_identification:_identify(src/sensor_pkg) by extension 'python'
[0.276s] Level 1:colcon.colcon_core.package_identification:_identify(src/sensor_pkg) by extensions ['python_setup_py']
[0.276s] Level 1:colcon.colcon_core.package_identification:_identify(src/sensor_pkg) by extension 'python_setup_py'
[0.276s] Level 1:colcon.colcon_core.package_identification:_identify(src/sensor_pkg/ublox) by extensions ['ignore', 'ignore_ament_install']
[0.276s] Level 1:colcon.colcon_core.package_identification:_identify(src/sensor_pkg/ublox) by extension 'ignore'
[0.276s] Level 1:colcon.colcon_core.package_identification:_identify(src/sensor_pkg/ublox) by extension 'ignore_ament_install'
[0.276s] Level 1:colcon.colcon_core.package_identification:_identify(src/sensor_pkg/ublox) by extensions ['colcon_pkg']
[0.276s] Level 1:colcon.colcon_core.package_identification:_identify(src/sensor_pkg/ublox) by extension 'colcon_pkg'
[0.276s] Level 1:colcon.colcon_core.package_identification:_identify(src/sensor_pkg/ublox) by extensions ['colcon_meta']
[0.276s] Level 1:colcon.colcon_core.package_identification:_identify(src/sensor_pkg/ublox) by extension 'colcon_meta'
[0.276s] Level 1:colcon.colcon_core.package_identification:_identify(src/sensor_pkg/ublox) by extensions ['ros']
[0.276s] Level 1:colcon.colcon_core.package_identification:_identify(src/sensor_pkg/ublox) by extension 'ros'
[0.276s] Level 1:colcon.colcon_core.package_identification:_identify(src/sensor_pkg/ublox) by extensions ['cmake', 'python']
[0.276s] Level 1:colcon.colcon_core.package_identification:_identify(src/sensor_pkg/ublox) by extension 'cmake'
[0.276s] Level 1:colcon.colcon_core.package_identification:_identify(src/sensor_pkg/ublox) by extension 'python'
[0.276s] Level 1:colcon.colcon_core.package_identification:_identify(src/sensor_pkg/ublox) by extensions ['python_setup_py']
[0.276s] Level 1:colcon.colcon_core.package_identification:_identify(src/sensor_pkg/ublox) by extension 'python_setup_py'
[0.276s] Level 1:colcon.colcon_core.package_identification:_identify(src/sensor_pkg/ublox/ublox) by extensions ['ignore', 'ignore_ament_install']
[0.276s] Level 1:colcon.colcon_core.package_identification:_identify(src/sensor_pkg/ublox/ublox) by extension 'ignore'
[0.276s] Level 1:colcon.colcon_core.package_identification:_identify(src/sensor_pkg/ublox/ublox) by extension 'ignore_ament_install'
[0.277s] Level 1:colcon.colcon_core.package_identification:_identify(src/sensor_pkg/ublox/ublox) by extensions ['colcon_pkg']
[0.277s] Level 1:colcon.colcon_core.package_identification:_identify(src/sensor_pkg/ublox/ublox) by extension 'colcon_pkg'
[0.277s] Level 1:colcon.colcon_core.package_identification:_identify(src/sensor_pkg/ublox/ublox) by extensions ['colcon_meta']
[0.277s] Level 1:colcon.colcon_core.package_identification:_identify(src/sensor_pkg/ublox/ublox) by extension 'colcon_meta'
[0.277s] Level 1:colcon.colcon_core.package_identification:_identify(src/sensor_pkg/ublox/ublox) by extensions ['ros']
[0.277s] Level 1:colcon.colcon_core.package_identification:_identify(src/sensor_pkg/ublox/ublox) by extension 'ros'
[0.279s] DEBUG:colcon.colcon_core.package_identification:Package 'src/sensor_pkg/ublox/ublox' with type 'ros.ament_cmake' and name 'ublox'
[0.279s] Level 1:colcon.colcon_core.package_identification:_identify(src/sensor_pkg/ublox/ublox_gps) by extensions ['ignore', 'ignore_ament_install']
[0.279s] Level 1:colcon.colcon_core.package_identification:_identify(src/sensor_pkg/ublox/ublox_gps) by extension 'ignore'
[0.279s] Level 1:colcon.colcon_core.package_identification:_identify(src/sensor_pkg/ublox/ublox_gps) by extension 'ignore_ament_install'
[0.279s] Level 1:colcon.colcon_core.package_identification:_identify(src/sensor_pkg/ublox/ublox_gps) by extensions ['colcon_pkg']
[0.279s] Level 1:colcon.colcon_core.package_identification:_identify(src/sensor_pkg/ublox/ublox_gps) by extension 'colcon_pkg'
[0.279s] Level 1:colcon.colcon_core.package_identification:_identify(src/sensor_pkg/ublox/ublox_gps) by extensions ['colcon_meta']
[0.280s] Level 1:colcon.colcon_core.package_identification:_identify(src/sensor_pkg/ublox/ublox_gps) by extension 'colcon_meta'
[0.280s] Level 1:colcon.colcon_core.package_identification:_identify(src/sensor_pkg/ublox/ublox_gps) by extensions ['ros']
[0.280s] Level 1:colcon.colcon_core.package_identification:_identify(src/sensor_pkg/ublox/ublox_gps) by extension 'ros'
[0.281s] DEBUG:colcon.colcon_core.package_identification:Package 'src/sensor_pkg/ublox/ublox_gps' with type 'ros.ament_cmake' and name 'ublox_gps'
[0.281s] Level 1:colcon.colcon_core.package_identification:_identify(src/sensor_pkg/ublox/ublox_msgs) by extensions ['ignore', 'ignore_ament_install']
[0.281s] Level 1:colcon.colcon_core.package_identification:_identify(src/sensor_pkg/ublox/ublox_msgs) by extension 'ignore'
[0.281s] Level 1:colcon.colcon_core.package_identification:_identify(src/sensor_pkg/ublox/ublox_msgs) by extension 'ignore_ament_install'
[0.281s] Level 1:colcon.colcon_core.package_identification:_identify(src/sensor_pkg/ublox/ublox_msgs) by extensions ['colcon_pkg']
[0.281s] Level 1:colcon.colcon_core.package_identification:_identify(src/sensor_pkg/ublox/ublox_msgs) by extension 'colcon_pkg'
[0.281s] Level 1:colcon.colcon_core.package_identification:_identify(src/sensor_pkg/ublox/ublox_msgs) by extensions ['colcon_meta']
[0.281s] Level 1:colcon.colcon_core.package_identification:_identify(src/sensor_pkg/ublox/ublox_msgs) by extension 'colcon_meta'
[0.282s] Level 1:colcon.colcon_core.package_identification:_identify(src/sensor_pkg/ublox/ublox_msgs) by extensions ['ros']
[0.282s] Level 1:colcon.colcon_core.package_identification:_identify(src/sensor_pkg/ublox/ublox_msgs) by extension 'ros'
[0.282s] DEBUG:colcon.colcon_core.package_identification:Package 'src/sensor_pkg/ublox/ublox_msgs' with type 'ros.ament_cmake' and name 'ublox_msgs'
[0.282s] Level 1:colcon.colcon_core.package_identification:_identify(src/sensor_pkg/ublox/ublox_serialization) by extensions ['ignore', 'ignore_ament_install']
[0.282s] Level 1:colcon.colcon_core.package_identification:_identify(src/sensor_pkg/ublox/ublox_serialization) by extension 'ignore'
[0.282s] Level 1:colcon.colcon_core.package_identification:_identify(src/sensor_pkg/ublox/ublox_serialization) by extension 'ignore_ament_install'
[0.283s] Level 1:colcon.colcon_core.package_identification:_identify(src/sensor_pkg/ublox/ublox_serialization) by extensions ['colcon_pkg']
[0.283s] Level 1:colcon.colcon_core.package_identification:_identify(src/sensor_pkg/ublox/ublox_serialization) by extension 'colcon_pkg'
[0.283s] Level 1:colcon.colcon_core.package_identification:_identify(src/sensor_pkg/ublox/ublox_serialization) by extensions ['colcon_meta']
[0.283s] Level 1:colcon.colcon_core.package_identification:_identify(src/sensor_pkg/ublox/ublox_serialization) by extension 'colcon_meta'
[0.283s] Level 1:colcon.colcon_core.package_identification:_identify(src/sensor_pkg/ublox/ublox_serialization) by extensions ['ros']
[0.283s] Level 1:colcon.colcon_core.package_identification:_identify(src/sensor_pkg/ublox/ublox_serialization) by extension 'ros'
[0.283s] DEBUG:colcon.colcon_core.package_identification:Package 'src/sensor_pkg/ublox/ublox_serialization' with type 'ros.ament_cmake' and name 'ublox_serialization'
[0.283s] Level 1:colcon.colcon_core.package_identification:_identify(src/sensor_pkg/usb_cam) by extensions ['ignore', 'ignore_ament_install']
[0.283s] Level 1:colcon.colcon_core.package_identification:_identify(src/sensor_pkg/usb_cam) by extension 'ignore'
[0.283s] Level 1:colcon.colcon_core.package_identification:_identify(src/sensor_pkg/usb_cam) by extension 'ignore_ament_install'
[0.283s] Level 1:colcon.colcon_core.package_identification:_identify(src/sensor_pkg/usb_cam) by extensions ['colcon_pkg']
[0.284s] Level 1:colcon.colcon_core.package_identification:_identify(src/sensor_pkg/usb_cam) by extension 'colcon_pkg'
[0.284s] Level 1:colcon.colcon_core.package_identification:_identify(src/sensor_pkg/usb_cam) by extensions ['colcon_meta']
[0.284s] Level 1:colcon.colcon_core.package_identification:_identify(src/sensor_pkg/usb_cam) by extension 'colcon_meta'
[0.284s] Level 1:colcon.colcon_core.package_identification:_identify(src/sensor_pkg/usb_cam) by extensions ['ros']
[0.284s] Level 1:colcon.colcon_core.package_identification:_identify(src/sensor_pkg/usb_cam) by extension 'ros'
[0.285s] DEBUG:colcon.colcon_core.package_identification:Package 'src/sensor_pkg/usb_cam' with type 'ros.ament_cmake' and name 'usb_cam'
[0.285s] Level 1:colcon.colcon_core.package_identification:_identify(src/sensor_pkg/zed-ros2-wrapper) by extensions ['ignore', 'ignore_ament_install']
[0.285s] Level 1:colcon.colcon_core.package_identification:_identify(src/sensor_pkg/zed-ros2-wrapper) by extension 'ignore'
[0.285s] Level 1:colcon.colcon_core.package_identification:_identify(src/sensor_pkg/zed-ros2-wrapper) by extension 'ignore_ament_install'
[0.285s] Level 1:colcon.colcon_core.package_identification:_identify(src/sensor_pkg/zed-ros2-wrapper) by extensions ['colcon_pkg']
[0.285s] Level 1:colcon.colcon_core.package_identification:_identify(src/sensor_pkg/zed-ros2-wrapper) by extension 'colcon_pkg'
[0.285s] Level 1:colcon.colcon_core.package_identification:_identify(src/sensor_pkg/zed-ros2-wrapper) by extensions ['colcon_meta']
[0.286s] Level 1:colcon.colcon_core.package_identification:_identify(src/sensor_pkg/zed-ros2-wrapper) by extension 'colcon_meta'
[0.286s] Level 1:colcon.colcon_core.package_identification:_identify(src/sensor_pkg/zed-ros2-wrapper) by extensions ['ros']
[0.286s] Level 1:colcon.colcon_core.package_identification:_identify(src/sensor_pkg/zed-ros2-wrapper) by extension 'ros'
[0.286s] Level 1:colcon.colcon_core.package_identification:_identify(src/sensor_pkg/zed-ros2-wrapper) by extensions ['cmake', 'python']
[0.286s] Level 1:colcon.colcon_core.package_identification:_identify(src/sensor_pkg/zed-ros2-wrapper) by extension 'cmake'
[0.286s] Level 1:colcon.colcon_core.package_identification:_identify(src/sensor_pkg/zed-ros2-wrapper) by extension 'python'
[0.286s] Level 1:colcon.colcon_core.package_identification:_identify(src/sensor_pkg/zed-ros2-wrapper) by extensions ['python_setup_py']
[0.286s] Level 1:colcon.colcon_core.package_identification:_identify(src/sensor_pkg/zed-ros2-wrapper) by extension 'python_setup_py'
[0.286s] Level 1:colcon.colcon_core.package_identification:_identify(src/sensor_pkg/zed-ros2-wrapper/docker) by extensions ['ignore', 'ignore_ament_install']
[0.286s] Level 1:colcon.colcon_core.package_identification:_identify(src/sensor_pkg/zed-ros2-wrapper/docker) by extension 'ignore'
[0.286s] Level 1:colcon.colcon_core.package_identification:_identify(src/sensor_pkg/zed-ros2-wrapper/docker) by extension 'ignore_ament_install'
[0.286s] Level 1:colcon.colcon_core.package_identification:_identify(src/sensor_pkg/zed-ros2-wrapper/docker) by extensions ['colcon_pkg']
[0.286s] Level 1:colcon.colcon_core.package_identification:_identify(src/sensor_pkg/zed-ros2-wrapper/docker) by extension 'colcon_pkg'
[0.286s] Level 1:colcon.colcon_core.package_identification:_identify(src/sensor_pkg/zed-ros2-wrapper/docker) by extensions ['colcon_meta']
[0.286s] Level 1:colcon.colcon_core.package_identification:_identify(src/sensor_pkg/zed-ros2-wrapper/docker) by extension 'colcon_meta'
[0.286s] Level 1:colcon.colcon_core.package_identification:_identify(src/sensor_pkg/zed-ros2-wrapper/docker) by extensions ['ros']
[0.286s] Level 1:colcon.colcon_core.package_identification:_identify(src/sensor_pkg/zed-ros2-wrapper/docker) by extension 'ros'
[0.286s] Level 1:colcon.colcon_core.package_identification:_identify(src/sensor_pkg/zed-ros2-wrapper/docker) by extensions ['cmake', 'python']
[0.286s] Level 1:colcon.colcon_core.package_identification:_identify(src/sensor_pkg/zed-ros2-wrapper/docker) by extension 'cmake'
[0.286s] Level 1:colcon.colcon_core.package_identification:_identify(src/sensor_pkg/zed-ros2-wrapper/docker) by extension 'python'
[0.286s] Level 1:colcon.colcon_core.package_identification:_identify(src/sensor_pkg/zed-ros2-wrapper/docker) by extensions ['python_setup_py']
[0.287s] Level 1:colcon.colcon_core.package_identification:_identify(src/sensor_pkg/zed-ros2-wrapper/docker) by extension 'python_setup_py'
[0.287s] Level 1:colcon.colcon_core.package_identification:_identify(src/sensor_pkg/zed-ros2-wrapper/images) by extensions ['ignore', 'ignore_ament_install']
[0.287s] Level 1:colcon.colcon_core.package_identification:_identify(src/sensor_pkg/zed-ros2-wrapper/images) by extension 'ignore'
[0.287s] Level 1:colcon.colcon_core.package_identification:_identify(src/sensor_pkg/zed-ros2-wrapper/images) by extension 'ignore_ament_install'
[0.287s] Level 1:colcon.colcon_core.package_identification:_identify(src/sensor_pkg/zed-ros2-wrapper/images) by extensions ['colcon_pkg']
[0.287s] Level 1:colcon.colcon_core.package_identification:_identify(src/sensor_pkg/zed-ros2-wrapper/images) by extension 'colcon_pkg'
[0.287s] Level 1:colcon.colcon_core.package_identification:_identify(src/sensor_pkg/zed-ros2-wrapper/images) by extensions ['colcon_meta']
[0.287s] Level 1:colcon.colcon_core.package_identification:_identify(src/sensor_pkg/zed-ros2-wrapper/images) by extension 'colcon_meta'
[0.287s] Level 1:colcon.colcon_core.package_identification:_identify(src/sensor_pkg/zed-ros2-wrapper/images) by extensions ['ros']
[0.287s] Level 1:colcon.colcon_core.package_identification:_identify(src/sensor_pkg/zed-ros2-wrapper/images) by extension 'ros'
[0.287s] Level 1:colcon.colcon_core.package_identification:_identify(src/sensor_pkg/zed-ros2-wrapper/images) by extensions ['cmake', 'python']
[0.287s] Level 1:colcon.colcon_core.package_identification:_identify(src/sensor_pkg/zed-ros2-wrapper/images) by extension 'cmake'
[0.287s] Level 1:colcon.colcon_core.package_identification:_identify(src/sensor_pkg/zed-ros2-wrapper/images) by extension 'python'
[0.287s] Level 1:colcon.colcon_core.package_identification:_identify(src/sensor_pkg/zed-ros2-wrapper/images) by extensions ['python_setup_py']
[0.287s] Level 1:colcon.colcon_core.package_identification:_identify(src/sensor_pkg/zed-ros2-wrapper/images) by extension 'python_setup_py'
[0.287s] Level 1:colcon.colcon_core.package_identification:_identify(src/sensor_pkg/zed-ros2-wrapper/zed_components) by extensions ['ignore', 'ignore_ament_install']
[0.287s] Level 1:colcon.colcon_core.package_identification:_identify(src/sensor_pkg/zed-ros2-wrapper/zed_components) by extension 'ignore'
[0.287s] Level 1:colcon.colcon_core.package_identification:_identify(src/sensor_pkg/zed-ros2-wrapper/zed_components) by extension 'ignore_ament_install'
[0.288s] Level 1:colcon.colcon_core.package_identification:_identify(src/sensor_pkg/zed-ros2-wrapper/zed_components) by extensions ['colcon_pkg']
[0.288s] Level 1:colcon.colcon_core.package_identification:_identify(src/sensor_pkg/zed-ros2-wrapper/zed_components) by extension 'colcon_pkg'
[0.288s] Level 1:colcon.colcon_core.package_identification:_identify(src/sensor_pkg/zed-ros2-wrapper/zed_components) by extensions ['colcon_meta']
[0.288s] Level 1:colcon.colcon_core.package_identification:_identify(src/sensor_pkg/zed-ros2-wrapper/zed_components) by extension 'colcon_meta'
[0.288s] Level 1:colcon.colcon_core.package_identification:_identify(src/sensor_pkg/zed-ros2-wrapper/zed_components) by extensions ['ros']
[0.288s] Level 1:colcon.colcon_core.package_identification:_identify(src/sensor_pkg/zed-ros2-wrapper/zed_components) by extension 'ros'
[0.289s] DEBUG:colcon.colcon_core.package_identification:Package 'src/sensor_pkg/zed-ros2-wrapper/zed_components' with type 'ros.ament_cmake' and name 'zed_components'
[0.289s] Level 1:colcon.colcon_core.package_identification:_identify(src/sensor_pkg/zed-ros2-wrapper/zed_ros2) by extensions ['ignore', 'ignore_ament_install']
[0.289s] Level 1:colcon.colcon_core.package_identification:_identify(src/sensor_pkg/zed-ros2-wrapper/zed_ros2) by extension 'ignore'
[0.289s] Level 1:colcon.colcon_core.package_identification:_identify(src/sensor_pkg/zed-ros2-wrapper/zed_ros2) by extension 'ignore_ament_install'
[0.289s] Level 1:colcon.colcon_core.package_identification:_identify(src/sensor_pkg/zed-ros2-wrapper/zed_ros2) by extensions ['colcon_pkg']
[0.289s] Level 1:colcon.colcon_core.package_identification:_identify(src/sensor_pkg/zed-ros2-wrapper/zed_ros2) by extension 'colcon_pkg'
[0.289s] Level 1:colcon.colcon_core.package_identification:_identify(src/sensor_pkg/zed-ros2-wrapper/zed_ros2) by extensions ['colcon_meta']
[0.289s] Level 1:colcon.colcon_core.package_identification:_identify(src/sensor_pkg/zed-ros2-wrapper/zed_ros2) by extension 'colcon_meta'
[0.289s] Level 1:colcon.colcon_core.package_identification:_identify(src/sensor_pkg/zed-ros2-wrapper/zed_ros2) by extensions ['ros']
[0.289s] Level 1:colcon.colcon_core.package_identification:_identify(src/sensor_pkg/zed-ros2-wrapper/zed_ros2) by extension 'ros'
[0.290s] DEBUG:colcon.colcon_core.package_identification:Package 'src/sensor_pkg/zed-ros2-wrapper/zed_ros2' with type 'ros.ament_cmake' and name 'zed_ros2'
[0.290s] Level 1:colcon.colcon_core.package_identification:_identify(src/sensor_pkg/zed-ros2-wrapper/zed_wrapper) by extensions ['ignore', 'ignore_ament_install']
[0.290s] Level 1:colcon.colcon_core.package_identification:_identify(src/sensor_pkg/zed-ros2-wrapper/zed_wrapper) by extension 'ignore'
[0.290s] Level 1:colcon.colcon_core.package_identification:_identify(src/sensor_pkg/zed-ros2-wrapper/zed_wrapper) by extension 'ignore_ament_install'
[0.290s] Level 1:colcon.colcon_core.package_identification:_identify(src/sensor_pkg/zed-ros2-wrapper/zed_wrapper) by extensions ['colcon_pkg']
[0.290s] Level 1:colcon.colcon_core.package_identification:_identify(src/sensor_pkg/zed-ros2-wrapper/zed_wrapper) by extension 'colcon_pkg'
[0.291s] Level 1:colcon.colcon_core.package_identification:_identify(src/sensor_pkg/zed-ros2-wrapper/zed_wrapper) by extensions ['colcon_meta']
[0.291s] Level 1:colcon.colcon_core.package_identification:_identify(src/sensor_pkg/zed-ros2-wrapper/zed_wrapper) by extension 'colcon_meta'
[0.291s] Level 1:colcon.colcon_core.package_identification:_identify(src/sensor_pkg/zed-ros2-wrapper/zed_wrapper) by extensions ['ros']
[0.291s] Level 1:colcon.colcon_core.package_identification:_identify(src/sensor_pkg/zed-ros2-wrapper/zed_wrapper) by extension 'ros'
[0.291s] DEBUG:colcon.colcon_core.package_identification:Package 'src/sensor_pkg/zed-ros2-wrapper/zed_wrapper' with type 'ros.ament_cmake' and name 'zed_wrapper'
[0.292s] Level 1:colcon.colcon_core.package_identification:_identify(src/vehicle) by extensions ['ignore', 'ignore_ament_install']
[0.292s] Level 1:colcon.colcon_core.package_identification:_identify(src/vehicle) by extension 'ignore'
[0.292s] Level 1:colcon.colcon_core.package_identification:_identify(src/vehicle) by extension 'ignore_ament_install'
[0.292s] Level 1:colcon.colcon_core.package_identification:_identify(src/vehicle) by extensions ['colcon_pkg']
[0.292s] Level 1:colcon.colcon_core.package_identification:_identify(src/vehicle) by extension 'colcon_pkg'
[0.292s] Level 1:colcon.colcon_core.package_identification:_identify(src/vehicle) by extensions ['colcon_meta']
[0.292s] Level 1:colcon.colcon_core.package_identification:_identify(src/vehicle) by extension 'colcon_meta'
[0.292s] Level 1:colcon.colcon_core.package_identification:_identify(src/vehicle) by extensions ['ros']
[0.292s] Level 1:colcon.colcon_core.package_identification:_identify(src/vehicle) by extension 'ros'
[0.292s] Level 1:colcon.colcon_core.package_identification:_identify(src/vehicle) by extensions ['cmake', 'python']
[0.292s] Level 1:colcon.colcon_core.package_identification:_identify(src/vehicle) by extension 'cmake'
[0.292s] Level 1:colcon.colcon_core.package_identification:_identify(src/vehicle) by extension 'python'
[0.292s] Level 1:colcon.colcon_core.package_identification:_identify(src/vehicle) by extensions ['python_setup_py']
[0.292s] Level 1:colcon.colcon_core.package_identification:_identify(src/vehicle) by extension 'python_setup_py'
[0.292s] Level 1:colcon.colcon_core.package_identification:_identify(src/vehicle/SCV_hunter_ros2) by extensions ['ignore', 'ignore_ament_install']
[0.292s] Level 1:colcon.colcon_core.package_identification:_identify(src/vehicle/SCV_hunter_ros2) by extension 'ignore'
[0.292s] Level 1:colcon.colcon_core.package_identification:_identify(src/vehicle/SCV_hunter_ros2) by extension 'ignore_ament_install'
[0.292s] Level 1:colcon.colcon_core.package_identification:_identify(src/vehicle/SCV_hunter_ros2) by extensions ['colcon_pkg']
[0.292s] Level 1:colcon.colcon_core.package_identification:_identify(src/vehicle/SCV_hunter_ros2) by extension 'colcon_pkg'
[0.292s] Level 1:colcon.colcon_core.package_identification:_identify(src/vehicle/SCV_hunter_ros2) by extensions ['colcon_meta']
[0.292s] Level 1:colcon.colcon_core.package_identification:_identify(src/vehicle/SCV_hunter_ros2) by extension 'colcon_meta'
[0.293s] Level 1:colcon.colcon_core.package_identification:_identify(src/vehicle/SCV_hunter_ros2) by extensions ['ros']
[0.293s] Level 1:colcon.colcon_core.package_identification:_identify(src/vehicle/SCV_hunter_ros2) by extension 'ros'
[0.293s] Level 1:colcon.colcon_core.package_identification:_identify(src/vehicle/SCV_hunter_ros2) by extensions ['cmake', 'python']
[0.293s] Level 1:colcon.colcon_core.package_identification:_identify(src/vehicle/SCV_hunter_ros2) by extension 'cmake'
[0.293s] Level 1:colcon.colcon_core.package_identification:_identify(src/vehicle/SCV_hunter_ros2) by extension 'python'
[0.293s] Level 1:colcon.colcon_core.package_identification:_identify(src/vehicle/SCV_hunter_ros2) by extensions ['python_setup_py']
[0.293s] Level 1:colcon.colcon_core.package_identification:_identify(src/vehicle/SCV_hunter_ros2) by extension 'python_setup_py'
[0.293s] Level 1:colcon.colcon_core.package_identification:_identify(src/vehicle/SCV_hunter_ros2/hunter_base) by extensions ['ignore', 'ignore_ament_install']
[0.293s] Level 1:colcon.colcon_core.package_identification:_identify(src/vehicle/SCV_hunter_ros2/hunter_base) by extension 'ignore'
[0.293s] Level 1:colcon.colcon_core.package_identification:_identify(src/vehicle/SCV_hunter_ros2/hunter_base) by extension 'ignore_ament_install'
[0.293s] Level 1:colcon.colcon_core.package_identification:_identify(src/vehicle/SCV_hunter_ros2/hunter_base) by extensions ['colcon_pkg']
[0.293s] Level 1:colcon.colcon_core.package_identification:_identify(src/vehicle/SCV_hunter_ros2/hunter_base) by extension 'colcon_pkg'
[0.293s] Level 1:colcon.colcon_core.package_identification:_identify(src/vehicle/SCV_hunter_ros2/hunter_base) by extensions ['colcon_meta']
[0.293s] Level 1:colcon.colcon_core.package_identification:_identify(src/vehicle/SCV_hunter_ros2/hunter_base) by extension 'colcon_meta'
[0.293s] Level 1:colcon.colcon_core.package_identification:_identify(src/vehicle/SCV_hunter_ros2/hunter_base) by extensions ['ros']
[0.293s] Level 1:colcon.colcon_core.package_identification:_identify(src/vehicle/SCV_hunter_ros2/hunter_base) by extension 'ros'
[0.294s] DEBUG:colcon.colcon_core.package_identification:Package 'src/vehicle/SCV_hunter_ros2/hunter_base' with type 'ros.ament_cmake' and name 'hunter_base'
[0.294s] Level 1:colcon.colcon_core.package_identification:_identify(src/vehicle/SCV_hunter_ros2/hunter_msgs) by extensions ['ignore', 'ignore_ament_install']
[0.294s] Level 1:colcon.colcon_core.package_identification:_identify(src/vehicle/SCV_hunter_ros2/hunter_msgs) by extension 'ignore'
[0.295s] Level 1:colcon.colcon_core.package_identification:_identify(src/vehicle/SCV_hunter_ros2/hunter_msgs) by extension 'ignore_ament_install'
[0.295s] Level 1:colcon.colcon_core.package_identification:_identify(src/vehicle/SCV_hunter_ros2/hunter_msgs) by extensions ['colcon_pkg']
[0.295s] Level 1:colcon.colcon_core.package_identification:_identify(src/vehicle/SCV_hunter_ros2/hunter_msgs) by extension 'colcon_pkg'
[0.295s] Level 1:colcon.colcon_core.package_identification:_identify(src/vehicle/SCV_hunter_ros2/hunter_msgs) by extensions ['colcon_meta']
[0.295s] Level 1:colcon.colcon_core.package_identification:_identify(src/vehicle/SCV_hunter_ros2/hunter_msgs) by extension 'colcon_meta'
[0.295s] Level 1:colcon.colcon_core.package_identification:_identify(src/vehicle/SCV_hunter_ros2/hunter_msgs) by extensions ['ros']
[0.295s] Level 1:colcon.colcon_core.package_identification:_identify(src/vehicle/SCV_hunter_ros2/hunter_msgs) by extension 'ros'
[0.295s] DEBUG:colcon.colcon_core.package_identification:Package 'src/vehicle/SCV_hunter_ros2/hunter_msgs' with type 'ros.ament_cmake' and name 'hunter_msgs'
[0.295s] Level 1:colcon.colcon_core.package_identification:_identify(src/vehicle/SCV_ugv_sdk) by extensions ['ignore', 'ignore_ament_install']
[0.296s] Level 1:colcon.colcon_core.package_identification:_identify(src/vehicle/SCV_ugv_sdk) by extension 'ignore'
[0.296s] Level 1:colcon.colcon_core.package_identification:_identify(src/vehicle/SCV_ugv_sdk) by extension 'ignore_ament_install'
[0.296s] Level 1:colcon.colcon_core.package_identification:_identify(src/vehicle/SCV_ugv_sdk) by extensions ['colcon_pkg']
[0.296s] Level 1:colcon.colcon_core.package_identification:_identify(src/vehicle/SCV_ugv_sdk) by extension 'colcon_pkg'
[0.296s] Level 1:colcon.colcon_core.package_identification:_identify(src/vehicle/SCV_ugv_sdk) by extensions ['colcon_meta']
[0.296s] Level 1:colcon.colcon_core.package_identification:_identify(src/vehicle/SCV_ugv_sdk) by extension 'colcon_meta'
[0.296s] Level 1:colcon.colcon_core.package_identification:_identify(src/vehicle/SCV_ugv_sdk) by extensions ['ros']
[0.296s] Level 1:colcon.colcon_core.package_identification:_identify(src/vehicle/SCV_ugv_sdk) by extension 'ros'
[0.296s] DEBUG:colcon.colcon_core.package_identification:Package 'src/vehicle/SCV_ugv_sdk' with type 'ros.catkin' and name 'ugv_sdk'
[0.297s] Level 1:colcon.colcon_core.package_identification:_identify(src/vehicle/urdf) by extensions ['ignore', 'ignore_ament_install']
[0.297s] Level 1:colcon.colcon_core.package_identification:_identify(src/vehicle/urdf) by extension 'ignore'
[0.297s] Level 1:colcon.colcon_core.package_identification:_identify(src/vehicle/urdf) by extension 'ignore_ament_install'
[0.297s] Level 1:colcon.colcon_core.package_identification:_identify(src/vehicle/urdf) by extensions ['colcon_pkg']
[0.297s] Level 1:colcon.colcon_core.package_identification:_identify(src/vehicle/urdf) by extension 'colcon_pkg'
[0.297s] Level 1:colcon.colcon_core.package_identification:_identify(src/vehicle/urdf) by extensions ['colcon_meta']
[0.297s] Level 1:colcon.colcon_core.package_identification:_identify(src/vehicle/urdf) by extension 'colcon_meta'
[0.297s] Level 1:colcon.colcon_core.package_identification:_identify(src/vehicle/urdf) by extensions ['ros']
[0.297s] Level 1:colcon.colcon_core.package_identification:_identify(src/vehicle/urdf) by extension 'ros'
[0.297s] Level 1:colcon.colcon_core.package_identification:_identify(src/vehicle/urdf) by extensions ['cmake', 'python']
[0.297s] Level 1:colcon.colcon_core.package_identification:_identify(src/vehicle/urdf) by extension 'cmake'
[0.297s] Level 1:colcon.colcon_core.package_identification:_identify(src/vehicle/urdf) by extension 'python'
[0.297s] Level 1:colcon.colcon_core.package_identification:_identify(src/vehicle/urdf) by extensions ['python_setup_py']
[0.297s] Level 1:colcon.colcon_core.package_identification:_identify(src/vehicle/urdf) by extension 'python_setup_py'
[0.297s] Level 1:colcon.colcon_core.package_discovery:discover_packages(recursive) using defaults
[0.297s] Level 1:colcon.colcon_core.package_discovery:discover_packages(ignore) discover
[0.297s] Level 1:colcon.colcon_core.package_discovery:discover_packages(ignore) using defaults
[0.297s] Level 1:colcon.colcon_core.package_discovery:discover_packages(path) discover
[0.297s] Level 1:colcon.colcon_core.package_discovery:discover_packages(path) using defaults
[0.326s] Level 1:colcon.colcon_core.package_discovery:discover_packages(prefix_path) check parameters
[0.326s] Level 1:colcon.colcon_core.package_discovery:discover_packages(prefix_path) discover
[0.328s] DEBUG:colcon.colcon_installed_package_information.package_discovery:Found 271 installed packages in /opt/ros/humble
[0.329s] Level 1:colcon.colcon_core.package_discovery:discover_packages(prefix_path) using defaults
[0.362s] Level 5:colcon.colcon_core.verb:set package 'hunter_msgs' build argument 'cmake_args' from command line to 'None'
[0.362s] Level 5:colcon.colcon_core.verb:set package 'hunter_msgs' build argument 'cmake_target' from command line to 'None'
[0.362s] Level 5:colcon.colcon_core.verb:set package 'hunter_msgs' build argument 'cmake_target_skip_unavailable' from command line to 'False'
[0.362s] Level 5:colcon.colcon_core.verb:set package 'hunter_msgs' build argument 'cmake_clean_cache' from command line to 'False'
[0.362s] Level 5:colcon.colcon_core.verb:set package 'hunter_msgs' build argument 'cmake_clean_first' from command line to 'False'
[0.362s] Level 5:colcon.colcon_core.verb:set package 'hunter_msgs' build argument 'cmake_force_configure' from command line to 'False'
[0.362s] Level 5:colcon.colcon_core.verb:set package 'hunter_msgs' build argument 'ament_cmake_args' from command line to 'None'
[0.362s] Level 5:colcon.colcon_core.verb:set package 'hunter_msgs' build argument 'catkin_cmake_args' from command line to 'None'
[0.362s] Level 5:colcon.colcon_core.verb:set package 'hunter_msgs' build argument 'catkin_skip_building_tests' from command line to 'False'
[0.362s] DEBUG:colcon.colcon_core.verb:Building package 'hunter_msgs' with the following arguments: {'ament_cmake_args': None, 'build_base': '/home/scv/SCV/build/hunter_msgs', 'catkin_cmake_args': None, 'catkin_skip_building_tests': False, 'cmake_args': None, 'cmake_clean_cache': False, 'cmake_clean_first': False, 'cmake_force_configure': False, 'cmake_target': None, 'cmake_target_skip_unavailable': False, 'install_base': '/home/scv/SCV/install/hunter_msgs', 'merge_install': False, 'path': '/home/scv/SCV/src/vehicle/SCV_hunter_ros2/hunter_msgs', 'symlink_install': False, 'test_result_base': None}
[0.362s] Level 5:colcon.colcon_core.verb:set package 'ublox_serialization' build argument 'cmake_args' from command line to 'None'
[0.362s] Level 5:colcon.colcon_core.verb:set package 'ublox_serialization' build argument 'cmake_target' from command line to 'None'
[0.362s] Level 5:colcon.colcon_core.verb:set package 'ublox_serialization' build argument 'cmake_target_skip_unavailable' from command line to 'False'
[0.363s] Level 5:colcon.colcon_core.verb:set package 'ublox_serialization' build argument 'cmake_clean_cache' from command line to 'False'
[0.363s] Level 5:colcon.colcon_core.verb:set package 'ublox_serialization' build argument 'cmake_clean_first' from command line to 'False'
[0.363s] Level 5:colcon.colcon_core.verb:set package 'ublox_serialization' build argument 'cmake_force_configure' from command line to 'False'
[0.363s] Level 5:colcon.colcon_core.verb:set package 'ublox_serialization' build argument 'ament_cmake_args' from command line to 'None'
[0.363s] Level 5:colcon.colcon_core.verb:set package 'ublox_serialization' build argument 'catkin_cmake_args' from command line to 'None'
[0.363s] Level 5:colcon.colcon_core.verb:set package 'ublox_serialization' build argument 'catkin_skip_building_tests' from command line to 'False'
[0.363s] DEBUG:colcon.colcon_core.verb:Building package 'ublox_serialization' with the following arguments: {'ament_cmake_args': None, 'build_base': '/home/scv/SCV/build/ublox_serialization', 'catkin_cmake_args': None, 'catkin_skip_building_tests': False, 'cmake_args': None, 'cmake_clean_cache': False, 'cmake_clean_first': False, 'cmake_force_configure': False, 'cmake_target': None, 'cmake_target_skip_unavailable': False, 'install_base': '/home/scv/SCV/install/ublox_serialization', 'merge_install': False, 'path': '/home/scv/SCV/src/sensor_pkg/ublox/ublox_serialization', 'symlink_install': False, 'test_result_base': None}
[0.363s] Level 5:colcon.colcon_core.verb:set package 'ugv_sdk' build argument 'cmake_args' from command line to 'None'
[0.363s] Level 5:colcon.colcon_core.verb:set package 'ugv_sdk' build argument 'cmake_target' from command line to 'None'
[0.363s] Level 5:colcon.colcon_core.verb:set package 'ugv_sdk' build argument 'cmake_target_skip_unavailable' from command line to 'False'
[0.363s] Level 5:colcon.colcon_core.verb:set package 'ugv_sdk' build argument 'cmake_clean_cache' from command line to 'False'
[0.363s] Level 5:colcon.colcon_core.verb:set package 'ugv_sdk' build argument 'cmake_clean_first' from command line to 'False'
[0.363s] Level 5:colcon.colcon_core.verb:set package 'ugv_sdk' build argument 'cmake_force_configure' from command line to 'False'
[0.363s] Level 5:colcon.colcon_core.verb:set package 'ugv_sdk' build argument 'ament_cmake_args' from command line to 'None'
[0.363s] Level 5:colcon.colcon_core.verb:set package 'ugv_sdk' build argument 'catkin_cmake_args' from command line to 'None'
[0.363s] Level 5:colcon.colcon_core.verb:set package 'ugv_sdk' build argument 'catkin_skip_building_tests' from command line to 'False'
[0.363s] DEBUG:colcon.colcon_core.verb:Building package 'ugv_sdk' with the following arguments: {'ament_cmake_args': None, 'build_base': '/home/scv/SCV/build/ugv_sdk', 'catkin_cmake_args': None, 'catkin_skip_building_tests': False, 'cmake_args': None, 'cmake_clean_cache': False, 'cmake_clean_first': False, 'cmake_force_configure': False, 'cmake_target': None, 'cmake_target_skip_unavailable': False, 'install_base': '/home/scv/SCV/install/ugv_sdk', 'merge_install': False, 'path': '/home/scv/SCV/src/vehicle/SCV_ugv_sdk', 'symlink_install': False, 'test_result_base': None}
[0.363s] Level 5:colcon.colcon_core.verb:set package 'usb_cam' build argument 'cmake_args' from command line to 'None'
[0.363s] Level 5:colcon.colcon_core.verb:set package 'usb_cam' build argument 'cmake_target' from command line to 'None'
[0.364s] Level 5:colcon.colcon_core.verb:set package 'usb_cam' build argument 'cmake_target_skip_unavailable' from command line to 'False'
[0.364s] Level 5:colcon.colcon_core.verb:set package 'usb_cam' build argument 'cmake_clean_cache' from command line to 'False'
[0.364s] Level 5:colcon.colcon_core.verb:set package 'usb_cam' build argument 'cmake_clean_first' from command line to 'False'
[0.364s] Level 5:colcon.colcon_core.verb:set package 'usb_cam' build argument 'cmake_force_configure' from command line to 'False'
[0.364s] Level 5:colcon.colcon_core.verb:set package 'usb_cam' build argument 'ament_cmake_args' from command line to 'None'
[0.364s] Level 5:colcon.colcon_core.verb:set package 'usb_cam' build argument 'catkin_cmake_args' from command line to 'None'
[0.364s] Level 5:colcon.colcon_core.verb:set package 'usb_cam' build argument 'catkin_skip_building_tests' from command line to 'False'
[0.364s] DEBUG:colcon.colcon_core.verb:Building package 'usb_cam' with the following arguments: {'ament_cmake_args': None, 'build_base': '/home/scv/SCV/build/usb_cam', 'catkin_cmake_args': None, 'catkin_skip_building_tests': False, 'cmake_args': None, 'cmake_clean_cache': False, 'cmake_clean_first': False, 'cmake_force_configure': False, 'cmake_target': None, 'cmake_target_skip_unavailable': False, 'install_base': '/home/scv/SCV/install/usb_cam', 'merge_install': False, 'path': '/home/scv/SCV/src/sensor_pkg/usb_cam', 'symlink_install': False, 'test_result_base': None}
[0.364s] Level 5:colcon.colcon_core.verb:set package 'zed_components' build argument 'cmake_args' from command line to 'None'
[0.364s] Level 5:colcon.colcon_core.verb:set package 'zed_components' build argument 'cmake_target' from command line to 'None'
[0.364s] Level 5:colcon.colcon_core.verb:set package 'zed_components' build argument 'cmake_target_skip_unavailable' from command line to 'False'
[0.364s] Level 5:colcon.colcon_core.verb:set package 'zed_components' build argument 'cmake_clean_cache' from command line to 'False'
[0.364s] Level 5:colcon.colcon_core.verb:set package 'zed_components' build argument 'cmake_clean_first' from command line to 'False'
[0.364s] Level 5:colcon.colcon_core.verb:set package 'zed_components' build argument 'cmake_force_configure' from command line to 'False'
[0.364s] Level 5:colcon.colcon_core.verb:set package 'zed_components' build argument 'ament_cmake_args' from command line to 'None'
[0.364s] Level 5:colcon.colcon_core.verb:set package 'zed_components' build argument 'catkin_cmake_args' from command line to 'None'
[0.364s] Level 5:colcon.colcon_core.verb:set package 'zed_components' build argument 'catkin_skip_building_tests' from command line to 'False'
[0.364s] DEBUG:colcon.colcon_core.verb:Building package 'zed_components' with the following arguments: {'ament_cmake_args': None, 'build_base': '/home/scv/SCV/build/zed_components', 'catkin_cmake_args': None, 'catkin_skip_building_tests': False, 'cmake_args': None, 'cmake_clean_cache': False, 'cmake_clean_first': False, 'cmake_force_configure': False, 'cmake_target': None, 'cmake_target_skip_unavailable': False, 'install_base': '/home/scv/SCV/install/zed_components', 'merge_install': False, 'path': '/home/scv/SCV/src/sensor_pkg/zed-ros2-wrapper/zed_components', 'symlink_install': False, 'test_result_base': None}
[0.364s] Level 5:colcon.colcon_core.verb:set package 'hunter_base' build argument 'cmake_args' from command line to 'None'
[0.365s] Level 5:colcon.colcon_core.verb:set package 'hunter_base' build argument 'cmake_target' from command line to 'None'
[0.365s] Level 5:colcon.colcon_core.verb:set package 'hunter_base' build argument 'cmake_target_skip_unavailable' from command line to 'False'
[0.365s] Level 5:colcon.colcon_core.verb:set package 'hunter_base' build argument 'cmake_clean_cache' from command line to 'False'
[0.365s] Level 5:colcon.colcon_core.verb:set package 'hunter_base' build argument 'cmake_clean_first' from command line to 'False'
[0.365s] Level 5:colcon.colcon_core.verb:set package 'hunter_base' build argument 'cmake_force_configure' from command line to 'False'
[0.365s] Level 5:colcon.colcon_core.verb:set package 'hunter_base' build argument 'ament_cmake_args' from command line to 'None'
[0.365s] Level 5:colcon.colcon_core.verb:set package 'hunter_base' build argument 'catkin_cmake_args' from command line to 'None'
[0.365s] Level 5:colcon.colcon_core.verb:set package 'hunter_base' build argument 'catkin_skip_building_tests' from command line to 'False'
[0.365s] DEBUG:colcon.colcon_core.verb:Building package 'hunter_base' with the following arguments: {'ament_cmake_args': None, 'build_base': '/home/scv/SCV/build/hunter_base', 'catkin_cmake_args': None, 'catkin_skip_building_tests': False, 'cmake_args': None, 'cmake_clean_cache': False, 'cmake_clean_first': False, 'cmake_force_configure': False, 'cmake_target': None, 'cmake_target_skip_unavailable': False, 'install_base': '/home/scv/SCV/install/hunter_base', 'merge_install': False, 'path': '/home/scv/SCV/src/vehicle/SCV_hunter_ros2/hunter_base', 'symlink_install': False, 'test_result_base': None}
[0.365s] Level 5:colcon.colcon_core.verb:set package 'ublox_msgs' build argument 'cmake_args' from command line to 'None'
[0.365s] Level 5:colcon.colcon_core.verb:set package 'ublox_msgs' build argument 'cmake_target' from command line to 'None'
[0.365s] Level 5:colcon.colcon_core.verb:set package 'ublox_msgs' build argument 'cmake_target_skip_unavailable' from command line to 'False'
[0.365s] Level 5:colcon.colcon_core.verb:set package 'ublox_msgs' build argument 'cmake_clean_cache' from command line to 'False'
[0.365s] Level 5:colcon.colcon_core.verb:set package 'ublox_msgs' build argument 'cmake_clean_first' from command line to 'False'
[0.365s] Level 5:colcon.colcon_core.verb:set package 'ublox_msgs' build argument 'cmake_force_configure' from command line to 'False'
[0.365s] Level 5:colcon.colcon_core.verb:set package 'ublox_msgs' build argument 'ament_cmake_args' from command line to 'None'
[0.365s] Level 5:colcon.colcon_core.verb:set package 'ublox_msgs' build argument 'catkin_cmake_args' from command line to 'None'
[0.365s] Level 5:colcon.colcon_core.verb:set package 'ublox_msgs' build argument 'catkin_skip_building_tests' from command line to 'False'
[0.365s] DEBUG:colcon.colcon_core.verb:Building package 'ublox_msgs' with the following arguments: {'ament_cmake_args': None, 'build_base': '/home/scv/SCV/build/ublox_msgs', 'catkin_cmake_args': None, 'catkin_skip_building_tests': False, 'cmake_args': None, 'cmake_clean_cache': False, 'cmake_clean_first': False, 'cmake_force_configure': False, 'cmake_target': None, 'cmake_target_skip_unavailable': False, 'install_base': '/home/scv/SCV/install/ublox_msgs', 'merge_install': False, 'path': '/home/scv/SCV/src/sensor_pkg/ublox/ublox_msgs', 'symlink_install': False, 'test_result_base': None}
[0.365s] Level 5:colcon.colcon_core.verb:set package 'zed_wrapper' build argument 'cmake_args' from command line to 'None'
[0.366s] Level 5:colcon.colcon_core.verb:set package 'zed_wrapper' build argument 'cmake_target' from command line to 'None'
[0.366s] Level 5:colcon.colcon_core.verb:set package 'zed_wrapper' build argument 'cmake_target_skip_unavailable' from command line to 'False'
[0.366s] Level 5:colcon.colcon_core.verb:set package 'zed_wrapper' build argument 'cmake_clean_cache' from command line to 'False'
[0.366s] Level 5:colcon.colcon_core.verb:set package 'zed_wrapper' build argument 'cmake_clean_first' from command line to 'False'
[0.366s] Level 5:colcon.colcon_core.verb:set package 'zed_wrapper' build argument 'cmake_force_configure' from command line to 'False'
[0.366s] Level 5:colcon.colcon_core.verb:set package 'zed_wrapper' build argument 'ament_cmake_args' from command line to 'None'
[0.366s] Level 5:colcon.colcon_core.verb:set package 'zed_wrapper' build argument 'catkin_cmake_args' from command line to 'None'
[0.366s] Level 5:colcon.colcon_core.verb:set package 'zed_wrapper' build argument 'catkin_skip_building_tests' from command line to 'False'
[0.366s] DEBUG:colcon.colcon_core.verb:Building package 'zed_wrapper' with the following arguments: {'ament_cmake_args': None, 'build_base': '/home/scv/SCV/build/zed_wrapper', 'catkin_cmake_args': None, 'catkin_skip_building_tests': False, 'cmake_args': None, 'cmake_clean_cache': False, 'cmake_clean_first': False, 'cmake_force_configure': False, 'cmake_target': None, 'cmake_target_skip_unavailable': False, 'install_base': '/home/scv/SCV/install/zed_wrapper', 'merge_install': False, 'path': '/home/scv/SCV/src/sensor_pkg/zed-ros2-wrapper/zed_wrapper', 'symlink_install': False, 'test_result_base': None}
[0.366s] Level 5:colcon.colcon_core.verb:set package 'ublox_gps' build argument 'cmake_args' from command line to 'None'
[0.366s] Level 5:colcon.colcon_core.verb:set package 'ublox_gps' build argument 'cmake_target' from command line to 'None'
[0.366s] Level 5:colcon.colcon_core.verb:set package 'ublox_gps' build argument 'cmake_target_skip_unavailable' from command line to 'False'
[0.366s] Level 5:colcon.colcon_core.verb:set package 'ublox_gps' build argument 'cmake_clean_cache' from command line to 'False'
[0.366s] Level 5:colcon.colcon_core.verb:set package 'ublox_gps' build argument 'cmake_clean_first' from command line to 'False'
[0.366s] Level 5:colcon.colcon_core.verb:set package 'ublox_gps' build argument 'cmake_force_configure' from command line to 'False'
[0.366s] Level 5:colcon.colcon_core.verb:set package 'ublox_gps' build argument 'ament_cmake_args' from command line to 'None'
[0.366s] Level 5:colcon.colcon_core.verb:set package 'ublox_gps' build argument 'catkin_cmake_args' from command line to 'None'
[0.366s] Level 5:colcon.colcon_core.verb:set package 'ublox_gps' build argument 'catkin_skip_building_tests' from command line to 'False'
[0.366s] DEBUG:colcon.colcon_core.verb:Building package 'ublox_gps' with the following arguments: {'ament_cmake_args': None, 'build_base': '/home/scv/SCV/build/ublox_gps', 'catkin_cmake_args': None, 'catkin_skip_building_tests': False, 'cmake_args': None, 'cmake_clean_cache': False, 'cmake_clean_first': False, 'cmake_force_configure': False, 'cmake_target': None, 'cmake_target_skip_unavailable': False, 'install_base': '/home/scv/SCV/install/ublox_gps', 'merge_install': False, 'path': '/home/scv/SCV/src/sensor_pkg/ublox/ublox_gps', 'symlink_install': False, 'test_result_base': None}
[0.367s] Level 5:colcon.colcon_core.verb:set package 'zed_ros2' build argument 'cmake_args' from command line to 'None'
[0.367s] Level 5:colcon.colcon_core.verb:set package 'zed_ros2' build argument 'cmake_target' from command line to 'None'
[0.367s] Level 5:colcon.colcon_core.verb:set package 'zed_ros2' build argument 'cmake_target_skip_unavailable' from command line to 'False'
[0.367s] Level 5:colcon.colcon_core.verb:set package 'zed_ros2' build argument 'cmake_clean_cache' from command line to 'False'
[0.367s] Level 5:colcon.colcon_core.verb:set package 'zed_ros2' build argument 'cmake_clean_first' from command line to 'False'
[0.367s] Level 5:colcon.colcon_core.verb:set package 'zed_ros2' build argument 'cmake_force_configure' from command line to 'False'
[0.367s] Level 5:colcon.colcon_core.verb:set package 'zed_ros2' build argument 'ament_cmake_args' from command line to 'None'
[0.367s] Level 5:colcon.colcon_core.verb:set package 'zed_ros2' build argument 'catkin_cmake_args' from command line to 'None'
[0.367s] Level 5:colcon.colcon_core.verb:set package 'zed_ros2' build argument 'catkin_skip_building_tests' from command line to 'False'
[0.367s] DEBUG:colcon.colcon_core.verb:Building package 'zed_ros2' with the following arguments: {'ament_cmake_args': None, 'build_base': '/home/scv/SCV/build/zed_ros2', 'catkin_cmake_args': None, 'catkin_skip_building_tests': False, 'cmake_args': None, 'cmake_clean_cache': False, 'cmake_clean_first': False, 'cmake_force_configure': False, 'cmake_target': None, 'cmake_target_skip_unavailable': False, 'install_base': '/home/scv/SCV/install/zed_ros2', 'merge_install': False, 'path': '/home/scv/SCV/src/sensor_pkg/zed-ros2-wrapper/zed_ros2', 'symlink_install': False, 'test_result_base': None}
[0.367s] Level 5:colcon.colcon_core.verb:set package 'ublox' build argument 'cmake_args' from command line to 'None'
[0.367s] Level 5:colcon.colcon_core.verb:set package 'ublox' build argument 'cmake_target' from command line to 'None'
[0.367s] Level 5:colcon.colcon_core.verb:set package 'ublox' build argument 'cmake_target_skip_unavailable' from command line to 'False'
[0.367s] Level 5:colcon.colcon_core.verb:set package 'ublox' build argument 'cmake_clean_cache' from command line to 'False'
[0.367s] Level 5:colcon.colcon_core.verb:set package 'ublox' build argument 'cmake_clean_first' from command line to 'False'
[0.367s] Level 5:colcon.colcon_core.verb:set package 'ublox' build argument 'cmake_force_configure' from command line to 'False'
[0.367s] Level 5:colcon.colcon_core.verb:set package 'ublox' build argument 'ament_cmake_args' from command line to 'None'
[0.367s] Level 5:colcon.colcon_core.verb:set package 'ublox' build argument 'catkin_cmake_args' from command line to 'None'
[0.367s] Level 5:colcon.colcon_core.verb:set package 'ublox' build argument 'catkin_skip_building_tests' from command line to 'False'
[0.367s] DEBUG:colcon.colcon_core.verb:Building package 'ublox' with the following arguments: {'ament_cmake_args': None, 'build_base': '/home/scv/SCV/build/ublox', 'catkin_cmake_args': None, 'catkin_skip_building_tests': False, 'cmake_args': None, 'cmake_clean_cache': False, 'cmake_clean_first': False, 'cmake_force_configure': False, 'cmake_target': None, 'cmake_target_skip_unavailable': False, 'install_base': '/home/scv/SCV/install/ublox', 'merge_install': False, 'path': '/home/scv/SCV/src/sensor_pkg/ublox/ublox', 'symlink_install': False, 'test_result_base': None}
[0.367s] INFO:colcon.colcon_core.executor:Executing jobs using 'parallel' executor
[0.368s] DEBUG:colcon.colcon_parallel_executor.executor.parallel:run_until_complete
[0.369s] INFO:colcon.colcon_ros.task.ament_cmake.build:Building ROS package in '/home/scv/SCV/src/sensor_pkg/ublox/ublox_serialization' with build type 'ament_cmake'
[0.369s] INFO:colcon.colcon_cmake.task.cmake.build:Building CMake package in '/home/scv/SCV/src/sensor_pkg/ublox/ublox_serialization'
[0.370s] INFO:colcon.colcon_core.plugin_system:Skipping extension 'colcon_core.shell.bat': Not used on non-Windows systems
[0.370s] INFO:colcon.colcon_core.shell:Skip shell extension 'powershell' for command environment: Not usable outside of PowerShell
[0.371s] DEBUG:colcon.colcon_core.shell:Skip shell extension 'dsv' for command environment
[0.373s] INFO:colcon.colcon_ros.task.ament_cmake.build:Building ROS package in '/home/scv/SCV/src/sensor_pkg/zed-ros2-wrapper/zed_components' with build type 'ament_cmake'
[0.373s] INFO:colcon.colcon_cmake.task.cmake.build:Building CMake package in '/home/scv/SCV/src/sensor_pkg/zed-ros2-wrapper/zed_components'
[0.373s] INFO:colcon.colcon_core.shell:Skip shell extension 'powershell' for command environment: Not usable outside of PowerShell
[0.373s] DEBUG:colcon.colcon_core.shell:Skip shell extension 'dsv' for command environment
[0.375s] INFO:colcon.colcon_ros.task.ament_cmake.build:Building ROS package in '/home/scv/SCV/src/vehicle/SCV_hunter_ros2/hunter_msgs' with build type 'ament_cmake'
[0.375s] INFO:colcon.colcon_cmake.task.cmake.build:Building CMake package in '/home/scv/SCV/src/vehicle/SCV_hunter_ros2/hunter_msgs'
[0.375s] INFO:colcon.colcon_core.shell:Skip shell extension 'powershell' for command environment: Not usable outside of PowerShell
[0.375s] DEBUG:colcon.colcon_core.shell:Skip shell extension 'dsv' for command environment
[0.377s] INFO:colcon.colcon_ros.task.catkin.build:Building ROS package in '/home/scv/SCV/src/vehicle/SCV_ugv_sdk' with build type 'catkin'
[0.377s] INFO:colcon.colcon_cmake.task.cmake.build:Building CMake package in '/home/scv/SCV/src/vehicle/SCV_ugv_sdk'
[0.377s] INFO:colcon.colcon_core.shell:Skip shell extension 'powershell' for command environment: Not usable outside of PowerShell
[0.377s] DEBUG:colcon.colcon_core.shell:Skip shell extension 'dsv' for command environment
[0.379s] INFO:colcon.colcon_ros.task.ament_cmake.build:Building ROS package in '/home/scv/SCV/src/sensor_pkg/usb_cam' with build type 'ament_cmake'
[0.379s] INFO:colcon.colcon_cmake.task.cmake.build:Building CMake package in '/home/scv/SCV/src/sensor_pkg/usb_cam'
[0.380s] INFO:colcon.colcon_core.shell:Skip shell extension 'powershell' for command environment: Not usable outside of PowerShell
[0.380s] DEBUG:colcon.colcon_core.shell:Skip shell extension 'dsv' for command environment
[0.385s] DEBUG:colcon.colcon_core.event_handler.log_command:Invoking command in '/home/scv/SCV/build/ublox_serialization': CMAKE_PREFIX_PATH=/opt/ros/humble /usr/bin/cmake /home/scv/SCV/src/sensor_pkg/ublox/ublox_serialization -DCMAKE_INSTALL_PREFIX=/home/scv/SCV/install/ublox_serialization
[0.386s] DEBUG:colcon.colcon_core.event_handler.log_command:Invoking command in '/home/scv/SCV/build/zed_components': CMAKE_PREFIX_PATH=/opt/ros/humble /usr/bin/cmake /home/scv/SCV/src/sensor_pkg/zed-ros2-wrapper/zed_components -DCMAKE_INSTALL_PREFIX=/home/scv/SCV/install/zed_components
[0.388s] DEBUG:colcon.colcon_core.event_handler.log_command:Invoking command in '/home/scv/SCV/build/hunter_msgs': CMAKE_PREFIX_PATH=/opt/ros/humble /usr/bin/cmake --build /home/scv/SCV/build/hunter_msgs -- -j8 -l8
[0.391s] DEBUG:colcon.colcon_core.event_handler.log_command:Invoking command in '/home/scv/SCV/build/ugv_sdk': /usr/bin/cmake --build /home/scv/SCV/build/ugv_sdk -- -j8 -l8
[0.393s] DEBUG:colcon.colcon_core.event_handler.log_command:Invoking command in '/home/scv/SCV/build/usb_cam': CMAKE_PREFIX_PATH=/opt/ros/humble /usr/bin/cmake /home/scv/SCV/src/sensor_pkg/usb_cam -DCMAKE_INSTALL_PREFIX=/home/scv/SCV/install/usb_cam
[0.579s] DEBUG:colcon.colcon_core.event_handler.log_command:Invoked command in '/home/scv/SCV/build/ugv_sdk' returned '0': /usr/bin/cmake --build /home/scv/SCV/build/ugv_sdk -- -j8 -l8
[0.589s] DEBUG:colcon.colcon_core.event_handler.log_command:Invoking command in '/home/scv/SCV/build/ugv_sdk': /usr/bin/cmake --install /home/scv/SCV/build/ugv_sdk
[0.599s] Level 1:colcon.colcon_core.shell:create_environment_hook('ugv_sdk', 'ros_package_path')
[0.600s] INFO:colcon.colcon_core.shell:Creating environment hook '/home/scv/SCV/install/ugv_sdk/share/ugv_sdk/hook/ros_package_path.ps1'
[0.601s] DEBUG:colcon.colcon_core.event_handler.log_command:Invoked command in '/home/scv/SCV/build/ugv_sdk' returned '0': /usr/bin/cmake --install /home/scv/SCV/build/ugv_sdk
[0.602s] INFO:colcon.colcon_core.shell:Creating environment descriptor '/home/scv/SCV/install/ugv_sdk/share/ugv_sdk/hook/ros_package_path.dsv'
[0.602s] INFO:colcon.colcon_core.shell:Creating environment hook '/home/scv/SCV/install/ugv_sdk/share/ugv_sdk/hook/ros_package_path.sh'
[0.603s] Level 1:colcon.colcon_core.shell:create_environment_hook('ugv_sdk', 'pkg_config_path')
[0.603s] INFO:colcon.colcon_core.shell:Creating environment hook '/home/scv/SCV/install/ugv_sdk/share/ugv_sdk/hook/pkg_config_path.ps1'
[0.604s] INFO:colcon.colcon_core.shell:Creating environment descriptor '/home/scv/SCV/install/ugv_sdk/share/ugv_sdk/hook/pkg_config_path.dsv'
[0.604s] INFO:colcon.colcon_core.shell:Creating environment hook '/home/scv/SCV/install/ugv_sdk/share/ugv_sdk/hook/pkg_config_path.sh'
[0.609s] Level 1:colcon.colcon_core.shell:create_environment_hook('ugv_sdk', 'pkg_config_path_multiarch')
[0.610s] INFO:colcon.colcon_core.shell:Creating environment hook '/home/scv/SCV/install/ugv_sdk/share/ugv_sdk/hook/pkg_config_path_multiarch.ps1'
[0.610s] INFO:colcon.colcon_core.shell:Creating environment descriptor '/home/scv/SCV/install/ugv_sdk/share/ugv_sdk/hook/pkg_config_path_multiarch.dsv'
[0.611s] INFO:colcon.colcon_core.shell:Creating environment hook '/home/scv/SCV/install/ugv_sdk/share/ugv_sdk/hook/pkg_config_path_multiarch.sh'
[0.612s] Level 1:colcon.colcon_core.environment:create_environment_scripts_only(ugv_sdk)
[0.615s] Level 1:colcon.colcon_core.environment:checking '/home/scv/SCV/install/ugv_sdk' for CMake module files
[0.616s] Level 1:colcon.colcon_core.environment:checking '/home/scv/SCV/install/ugv_sdk' for CMake config files
[0.616s] Level 1:colcon.colcon_core.shell:create_environment_hook('ugv_sdk', 'cmake_prefix_path')
[0.616s] INFO:colcon.colcon_core.shell:Creating environment hook '/home/scv/SCV/install/ugv_sdk/share/ugv_sdk/hook/cmake_prefix_path.ps1'
[0.617s] INFO:colcon.colcon_core.shell:Creating environment descriptor '/home/scv/SCV/install/ugv_sdk/share/ugv_sdk/hook/cmake_prefix_path.dsv'
[0.618s] INFO:colcon.colcon_core.shell:Creating environment hook '/home/scv/SCV/install/ugv_sdk/share/ugv_sdk/hook/cmake_prefix_path.sh'
[0.619s] Level 1:colcon.colcon_core.environment:checking '/home/scv/SCV/install/ugv_sdk/lib'
[0.619s] Level 1:colcon.colcon_core.environment:checking '/home/scv/SCV/install/ugv_sdk/bin'
[0.620s] Level 1:colcon.colcon_core.environment:checking '/home/scv/SCV/install/ugv_sdk/lib/pkgconfig/ugv_sdk.pc'
[0.620s] Level 1:colcon.colcon_core.environment:checking '/home/scv/SCV/install/ugv_sdk/lib/python3.10/site-packages'
[0.620s] Level 1:colcon.colcon_core.environment:checking '/home/scv/SCV/install/ugv_sdk/bin'
[0.621s] INFO:colcon.colcon_core.shell:Creating package script '/home/scv/SCV/install/ugv_sdk/share/ugv_sdk/package.ps1'
[0.622s] INFO:colcon.colcon_core.shell:Creating package descriptor '/home/scv/SCV/install/ugv_sdk/share/ugv_sdk/package.dsv'
[0.623s] INFO:colcon.colcon_core.shell:Creating package script '/home/scv/SCV/install/ugv_sdk/share/ugv_sdk/package.sh'
[0.624s] INFO:colcon.colcon_core.shell:Creating package script '/home/scv/SCV/install/ugv_sdk/share/ugv_sdk/package.bash'
[0.625s] INFO:colcon.colcon_core.shell:Creating package script '/home/scv/SCV/install/ugv_sdk/share/ugv_sdk/package.zsh'
[0.625s] Level 1:colcon.colcon_core.environment:create_file_with_runtime_dependencies(/home/scv/SCV/install/ugv_sdk/share/colcon-core/packages/ugv_sdk)
[0.830s] DEBUG:colcon.colcon_core.event_handler.log_command:Invoked command in '/home/scv/SCV/build/hunter_msgs' returned '0': CMAKE_PREFIX_PATH=/opt/ros/humble /usr/bin/cmake --build /home/scv/SCV/build/hunter_msgs -- -j8 -l8
[0.831s] DEBUG:colcon.colcon_core.event_handler.log_command:Invoking command in '/home/scv/SCV/build/hunter_msgs': CMAKE_PREFIX_PATH=/opt/ros/humble /usr/bin/cmake --install /home/scv/SCV/build/hunter_msgs
[0.894s] Level 1:colcon.colcon_core.environment:create_environment_scripts_only(hunter_msgs)
[0.895s] Level 1:colcon.colcon_core.environment:checking '/home/scv/SCV/install/hunter_msgs' for CMake module files
[0.896s] DEBUG:colcon.colcon_core.event_handler.log_command:Invoked command in '/home/scv/SCV/build/hunter_msgs' returned '0': CMAKE_PREFIX_PATH=/opt/ros/humble /usr/bin/cmake --install /home/scv/SCV/build/hunter_msgs
[0.897s] Level 1:colcon.colcon_core.environment:checking '/home/scv/SCV/install/hunter_msgs' for CMake config files
[0.898s] Level 1:colcon.colcon_core.shell:create_environment_hook('hunter_msgs', 'cmake_prefix_path')
[0.898s] INFO:colcon.colcon_core.shell:Creating environment hook '/home/scv/SCV/install/hunter_msgs/share/hunter_msgs/hook/cmake_prefix_path.ps1'
[0.898s] INFO:colcon.colcon_core.shell:Creating environment descriptor '/home/scv/SCV/install/hunter_msgs/share/hunter_msgs/hook/cmake_prefix_path.dsv'
[0.899s] INFO:colcon.colcon_core.shell:Creating environment hook '/home/scv/SCV/install/hunter_msgs/share/hunter_msgs/hook/cmake_prefix_path.sh'
[0.899s] Level 1:colcon.colcon_core.environment:checking '/home/scv/SCV/install/hunter_msgs/lib'
[0.899s] Level 1:colcon.colcon_core.shell:create_environment_hook('hunter_msgs', 'ld_library_path_lib')
[0.900s] INFO:colcon.colcon_core.shell:Creating environment hook '/home/scv/SCV/install/hunter_msgs/share/hunter_msgs/hook/ld_library_path_lib.ps1'
[0.900s] INFO:colcon.colcon_core.shell:Creating environment descriptor '/home/scv/SCV/install/hunter_msgs/share/hunter_msgs/hook/ld_library_path_lib.dsv'
[0.900s] INFO:colcon.colcon_core.shell:Creating environment hook '/home/scv/SCV/install/hunter_msgs/share/hunter_msgs/hook/ld_library_path_lib.sh'
[0.901s] Level 1:colcon.colcon_core.environment:checking '/home/scv/SCV/install/hunter_msgs/bin'
[0.901s] Level 1:colcon.colcon_core.environment:checking '/home/scv/SCV/install/hunter_msgs/lib/pkgconfig/hunter_msgs.pc'
[0.901s] Level 1:colcon.colcon_core.environment:checking '/home/scv/SCV/install/hunter_msgs/lib/python3.10/site-packages'
[0.901s] Level 1:colcon.colcon_core.environment:checking '/home/scv/SCV/install/hunter_msgs/bin'
[0.902s] INFO:colcon.colcon_core.shell:Creating package script '/home/scv/SCV/install/hunter_msgs/share/hunter_msgs/package.ps1'
[0.902s] INFO:colcon.colcon_core.shell:Creating package descriptor '/home/scv/SCV/install/hunter_msgs/share/hunter_msgs/package.dsv'
[0.903s] INFO:colcon.colcon_core.shell:Creating package script '/home/scv/SCV/install/hunter_msgs/share/hunter_msgs/package.sh'
[0.903s] INFO:colcon.colcon_core.shell:Creating package script '/home/scv/SCV/install/hunter_msgs/share/hunter_msgs/package.bash'
[0.904s] INFO:colcon.colcon_core.shell:Creating package script '/home/scv/SCV/install/hunter_msgs/share/hunter_msgs/package.zsh'
[0.904s] Level 1:colcon.colcon_core.environment:create_file_with_runtime_dependencies(/home/scv/SCV/install/hunter_msgs/share/colcon-core/packages/hunter_msgs)
[0.905s] Level 1:colcon.colcon_core.environment:create_environment_scripts_only(hunter_msgs)
[0.905s] Level 1:colcon.colcon_core.environment:checking '/home/scv/SCV/install/hunter_msgs' for CMake module files
[0.905s] Level 1:colcon.colcon_core.environment:checking '/home/scv/SCV/install/hunter_msgs' for CMake config files
[0.906s] Level 1:colcon.colcon_core.shell:create_environment_hook('hunter_msgs', 'cmake_prefix_path')
[0.906s] INFO:colcon.colcon_core.shell:Creating environment hook '/home/scv/SCV/install/hunter_msgs/share/hunter_msgs/hook/cmake_prefix_path.ps1'
[0.907s] INFO:colcon.colcon_core.shell:Creating environment descriptor '/home/scv/SCV/install/hunter_msgs/share/hunter_msgs/hook/cmake_prefix_path.dsv'
[0.907s] INFO:colcon.colcon_core.shell:Creating environment hook '/home/scv/SCV/install/hunter_msgs/share/hunter_msgs/hook/cmake_prefix_path.sh'
[0.908s] Level 1:colcon.colcon_core.environment:checking '/home/scv/SCV/install/hunter_msgs/lib'
[0.908s] Level 1:colcon.colcon_core.shell:create_environment_hook('hunter_msgs', 'ld_library_path_lib')
[0.908s] INFO:colcon.colcon_core.shell:Creating environment hook '/home/scv/SCV/install/hunter_msgs/share/hunter_msgs/hook/ld_library_path_lib.ps1'
[0.908s] INFO:colcon.colcon_core.shell:Creating environment descriptor '/home/scv/SCV/install/hunter_msgs/share/hunter_msgs/hook/ld_library_path_lib.dsv'
[0.909s] INFO:colcon.colcon_core.shell:Creating environment hook '/home/scv/SCV/install/hunter_msgs/share/hunter_msgs/hook/ld_library_path_lib.sh'
[0.909s] Level 1:colcon.colcon_core.environment:checking '/home/scv/SCV/install/hunter_msgs/bin'
[0.909s] Level 1:colcon.colcon_core.environment:checking '/home/scv/SCV/install/hunter_msgs/lib/pkgconfig/hunter_msgs.pc'
[0.910s] Level 1:colcon.colcon_core.environment:checking '/home/scv/SCV/install/hunter_msgs/lib/python3.10/site-packages'
[0.910s] Level 1:colcon.colcon_core.environment:checking '/home/scv/SCV/install/hunter_msgs/bin'
[0.910s] INFO:colcon.colcon_core.shell:Creating package script '/home/scv/SCV/install/hunter_msgs/share/hunter_msgs/package.ps1'
[0.911s] INFO:colcon.colcon_core.shell:Creating package descriptor '/home/scv/SCV/install/hunter_msgs/share/hunter_msgs/package.dsv'
[0.911s] INFO:colcon.colcon_core.shell:Creating package script '/home/scv/SCV/install/hunter_msgs/share/hunter_msgs/package.sh'
[0.912s] INFO:colcon.colcon_core.shell:Creating package script '/home/scv/SCV/install/hunter_msgs/share/hunter_msgs/package.bash'
[0.912s] INFO:colcon.colcon_core.shell:Creating package script '/home/scv/SCV/install/hunter_msgs/share/hunter_msgs/package.zsh'
[0.913s] Level 1:colcon.colcon_core.environment:create_file_with_runtime_dependencies(/home/scv/SCV/install/hunter_msgs/share/colcon-core/packages/hunter_msgs)
[0.913s] INFO:colcon.colcon_ros.task.ament_cmake.build:Building ROS package in '/home/scv/SCV/src/vehicle/SCV_hunter_ros2/hunter_base' with build type 'ament_cmake'
[0.913s] INFO:colcon.colcon_cmake.task.cmake.build:Building CMake package in '/home/scv/SCV/src/vehicle/SCV_hunter_ros2/hunter_base'
[0.914s] INFO:colcon.colcon_core.shell:Skip shell extension 'powershell' for command environment: Not usable outside of PowerShell
[0.914s] DEBUG:colcon.colcon_core.shell:Skip shell extension 'dsv' for command environment
[0.927s] DEBUG:colcon.colcon_core.event_handler.log_command:Invoking command in '/home/scv/SCV/build/hunter_base': AMENT_PREFIX_PATH=/home/scv/SCV/install/hunter_msgs:${AMENT_PREFIX_PATH} CMAKE_PREFIX_PATH=/opt/ros/humble:/home/scv/SCV/install/ugv_sdk:/home/scv/SCV/install/hunter_msgs LD_LIBRARY_PATH=/home/scv/SCV/install/hunter_msgs/lib:${LD_LIBRARY_PATH} PKG_CONFIG_PATH=/home/scv/SCV/install/ugv_sdk/lib/x86_64-linux-gnu/pkgconfig:/home/scv/SCV/install/ugv_sdk/lib/pkgconfig PYTHONPATH=/home/scv/SCV/install/hunter_msgs/local/lib/python3.10/dist-packages:${PYTHONPATH} ROS_PACKAGE_PATH=/home/scv/SCV/install/ugv_sdk/share /usr/bin/cmake --build /home/scv/SCV/build/hunter_base -- -j8 -l8
[1.067s] DEBUG:colcon.colcon_core.event_handler.log_command:Invoked command in '/home/scv/SCV/build/ublox_serialization' returned '0': CMAKE_PREFIX_PATH=/opt/ros/humble /usr/bin/cmake /home/scv/SCV/src/sensor_pkg/ublox/ublox_serialization -DCMAKE_INSTALL_PREFIX=/home/scv/SCV/install/ublox_serialization
[1.067s] DEBUG:colcon.colcon_core.event_handler.log_command:Invoking command in '/home/scv/SCV/build/ublox_serialization': CMAKE_PREFIX_PATH=/opt/ros/humble /usr/bin/cmake --build /home/scv/SCV/build/ublox_serialization -- -j8 -l8
[1.102s] DEBUG:colcon.colcon_core.event_handler.log_command:Invoked command in '/home/scv/SCV/build/ublox_serialization' returned '0': CMAKE_PREFIX_PATH=/opt/ros/humble /usr/bin/cmake --build /home/scv/SCV/build/ublox_serialization -- -j8 -l8
[1.104s] DEBUG:colcon.colcon_core.event_handler.log_command:Invoking command in '/home/scv/SCV/build/ublox_serialization': CMAKE_PREFIX_PATH=/opt/ros/humble /usr/bin/cmake --install /home/scv/SCV/build/ublox_serialization
[1.114s] Level 1:colcon.colcon_core.environment:create_environment_scripts_only(ublox_serialization)
[1.114s] Level 1:colcon.colcon_core.environment:checking '/home/scv/SCV/install/ublox_serialization' for CMake module files
[1.115s] DEBUG:colcon.colcon_core.event_handler.log_command:Invoked command in '/home/scv/SCV/build/ublox_serialization' returned '0': CMAKE_PREFIX_PATH=/opt/ros/humble /usr/bin/cmake --install /home/scv/SCV/build/ublox_serialization
[1.115s] Level 1:colcon.colcon_core.environment:checking '/home/scv/SCV/install/ublox_serialization' for CMake config files
[1.116s] Level 1:colcon.colcon_core.shell:create_environment_hook('ublox_serialization', 'cmake_prefix_path')
[1.116s] INFO:colcon.colcon_core.shell:Creating environment hook '/home/scv/SCV/install/ublox_serialization/share/ublox_serialization/hook/cmake_prefix_path.ps1'
[1.116s] INFO:colcon.colcon_core.shell:Creating environment descriptor '/home/scv/SCV/install/ublox_serialization/share/ublox_serialization/hook/cmake_prefix_path.dsv'
[1.117s] INFO:colcon.colcon_core.shell:Creating environment hook '/home/scv/SCV/install/ublox_serialization/share/ublox_serialization/hook/cmake_prefix_path.sh'
[1.117s] Level 1:colcon.colcon_core.environment:checking '/home/scv/SCV/install/ublox_serialization/bin'
[1.117s] Level 1:colcon.colcon_core.environment:checking '/home/scv/SCV/install/ublox_serialization/lib/pkgconfig/ublox_serialization.pc'
[1.118s] Level 1:colcon.colcon_core.environment:checking '/home/scv/SCV/install/ublox_serialization/lib/python3.10/site-packages'
[1.118s] Level 1:colcon.colcon_core.environment:checking '/home/scv/SCV/install/ublox_serialization/bin'
[1.118s] INFO:colcon.colcon_core.shell:Creating package script '/home/scv/SCV/install/ublox_serialization/share/ublox_serialization/package.ps1'
[1.119s] INFO:colcon.colcon_core.shell:Creating package descriptor '/home/scv/SCV/install/ublox_serialization/share/ublox_serialization/package.dsv'
[1.119s] INFO:colcon.colcon_core.shell:Creating package script '/home/scv/SCV/install/ublox_serialization/share/ublox_serialization/package.sh'
[1.120s] INFO:colcon.colcon_core.shell:Creating package script '/home/scv/SCV/install/ublox_serialization/share/ublox_serialization/package.bash'
[1.120s] INFO:colcon.colcon_core.shell:Creating package script '/home/scv/SCV/install/ublox_serialization/share/ublox_serialization/package.zsh'
[1.120s] Level 1:colcon.colcon_core.environment:create_file_with_runtime_dependencies(/home/scv/SCV/install/ublox_serialization/share/colcon-core/packages/ublox_serialization)
[1.121s] Level 1:colcon.colcon_core.environment:create_environment_scripts_only(ublox_serialization)
[1.121s] Level 1:colcon.colcon_core.environment:checking '/home/scv/SCV/install/ublox_serialization' for CMake module files
[1.122s] Level 1:colcon.colcon_core.environment:checking '/home/scv/SCV/install/ublox_serialization' for CMake config files
[1.122s] Level 1:colcon.colcon_core.shell:create_environment_hook('ublox_serialization', 'cmake_prefix_path')
[1.122s] INFO:colcon.colcon_core.shell:Creating environment hook '/home/scv/SCV/install/ublox_serialization/share/ublox_serialization/hook/cmake_prefix_path.ps1'
[1.123s] INFO:colcon.colcon_core.shell:Creating environment descriptor '/home/scv/SCV/install/ublox_serialization/share/ublox_serialization/hook/cmake_prefix_path.dsv'
[1.123s] INFO:colcon.colcon_core.shell:Creating environment hook '/home/scv/SCV/install/ublox_serialization/share/ublox_serialization/hook/cmake_prefix_path.sh'
[1.124s] Level 1:colcon.colcon_core.environment:checking '/home/scv/SCV/install/ublox_serialization/bin'
[1.124s] Level 1:colcon.colcon_core.environment:checking '/home/scv/SCV/install/ublox_serialization/lib/pkgconfig/ublox_serialization.pc'
[1.124s] Level 1:colcon.colcon_core.environment:checking '/home/scv/SCV/install/ublox_serialization/lib/python3.10/site-packages'
[1.124s] Level 1:colcon.colcon_core.environment:checking '/home/scv/SCV/install/ublox_serialization/bin'
[1.125s] INFO:colcon.colcon_core.shell:Creating package script '/home/scv/SCV/install/ublox_serialization/share/ublox_serialization/package.ps1'
[1.125s] INFO:colcon.colcon_core.shell:Creating package descriptor '/home/scv/SCV/install/ublox_serialization/share/ublox_serialization/package.dsv'
[1.126s] INFO:colcon.colcon_core.shell:Creating package script '/home/scv/SCV/install/ublox_serialization/share/ublox_serialization/package.sh'
[1.126s] INFO:colcon.colcon_core.shell:Creating package script '/home/scv/SCV/install/ublox_serialization/share/ublox_serialization/package.bash'
[1.127s] INFO:colcon.colcon_core.shell:Creating package script '/home/scv/SCV/install/ublox_serialization/share/ublox_serialization/package.zsh'
[1.127s] Level 1:colcon.colcon_core.environment:create_file_with_runtime_dependencies(/home/scv/SCV/install/ublox_serialization/share/colcon-core/packages/ublox_serialization)
[1.127s] INFO:colcon.colcon_ros.task.ament_cmake.build:Building ROS package in '/home/scv/SCV/src/sensor_pkg/ublox/ublox_msgs' with build type 'ament_cmake'
[1.127s] INFO:colcon.colcon_cmake.task.cmake.build:Building CMake package in '/home/scv/SCV/src/sensor_pkg/ublox/ublox_msgs'
[1.128s] INFO:colcon.colcon_core.shell:Skip shell extension 'powershell' for command environment: Not usable outside of PowerShell
[1.128s] DEBUG:colcon.colcon_core.shell:Skip shell extension 'dsv' for command environment
[1.134s] DEBUG:colcon.colcon_core.event_handler.log_command:Invoking command in '/home/scv/SCV/build/ublox_msgs': AMENT_PREFIX_PATH=/home/scv/SCV/install/ublox_serialization:${AMENT_PREFIX_PATH} CMAKE_PREFIX_PATH=/home/scv/SCV/install/ublox_serialization:/opt/ros/humble /usr/bin/cmake /home/scv/SCV/src/sensor_pkg/ublox/ublox_msgs -DCMAKE_INSTALL_PREFIX=/home/scv/SCV/install/ublox_msgs
[1.971s] DEBUG:colcon.colcon_core.event_handler.log_command:Invoked command in '/home/scv/SCV/build/usb_cam' returned '0': CMAKE_PREFIX_PATH=/opt/ros/humble /usr/bin/cmake /home/scv/SCV/src/sensor_pkg/usb_cam -DCMAKE_INSTALL_PREFIX=/home/scv/SCV/install/usb_cam
[1.972s] DEBUG:colcon.colcon_core.event_handler.log_command:Invoking command in '/home/scv/SCV/build/usb_cam': CMAKE_PREFIX_PATH=/opt/ros/humble /usr/bin/cmake --build /home/scv/SCV/build/usb_cam -- -j8 -l8
[2.403s] DEBUG:colcon.colcon_core.event_handler.log_command:Invoked command in '/home/scv/SCV/build/zed_components' returned '1': CMAKE_PREFIX_PATH=/opt/ros/humble /usr/bin/cmake /home/scv/SCV/src/sensor_pkg/zed-ros2-wrapper/zed_components -DCMAKE_INSTALL_PREFIX=/home/scv/SCV/install/zed_components
[2.416s] Level 1:colcon.colcon_core.environment:create_environment_scripts_only(zed_components)
[2.417s] Level 1:colcon.colcon_core.environment:checking '/home/scv/SCV/install/zed_components' for CMake module files
[2.417s] Level 1:colcon.colcon_core.environment:checking '/home/scv/SCV/install/zed_components' for CMake config files
[2.418s] Level 1:colcon.colcon_core.environment:checking '/home/scv/SCV/install/zed_components/bin'
[2.418s] Level 1:colcon.colcon_core.environment:checking '/home/scv/SCV/install/zed_components/lib/pkgconfig/zed_components.pc'
[2.418s] Level 1:colcon.colcon_core.environment:checking '/home/scv/SCV/install/zed_components/lib/python3.10/site-packages'
[2.419s] Level 1:colcon.colcon_core.environment:checking '/home/scv/SCV/install/zed_components/bin'
[2.419s] INFO:colcon.colcon_core.shell:Creating package script '/home/scv/SCV/install/zed_components/share/zed_components/package.ps1'
[2.420s] INFO:colcon.colcon_core.shell:Creating package descriptor '/home/scv/SCV/install/zed_components/share/zed_components/package.dsv'
[2.421s] INFO:colcon.colcon_core.shell:Creating package script '/home/scv/SCV/install/zed_components/share/zed_components/package.sh'
[2.422s] INFO:colcon.colcon_core.shell:Creating package script '/home/scv/SCV/install/zed_components/share/zed_components/package.bash'
[2.422s] INFO:colcon.colcon_core.shell:Creating package script '/home/scv/SCV/install/zed_components/share/zed_components/package.zsh'
[2.423s] Level 1:colcon.colcon_core.environment:create_file_with_runtime_dependencies(/home/scv/SCV/install/zed_components/share/colcon-core/packages/zed_components)
[7.156s] DEBUG:colcon.colcon_parallel_executor.executor.parallel:closing loop
[7.156s] DEBUG:colcon.colcon_parallel_executor.executor.parallel:loop closed
[7.156s] DEBUG:colcon.colcon_parallel_executor.executor.parallel:run_until_complete finished with '1'
[7.157s] DEBUG:colcon.colcon_core.event_reactor:joining thread
[7.160s] INFO:colcon.colcon_core.plugin_system:Skipping extension 'colcon_notification.desktop_notification.terminal_notifier': Not used on non-Darwin systems
[7.160s] INFO:colcon.colcon_core.plugin_system:Skipping extension 'colcon_notification.desktop_notification.win32': Not used on non-Windows systems
[7.160s] INFO:colcon.colcon_notification.desktop_notification:Sending desktop notification using 'notify2'
[7.169s] DEBUG:colcon.colcon_core.event_reactor:joined thread
[7.169s] INFO:colcon.colcon_core.shell:Creating prefix script '/home/scv/SCV/install/local_setup.ps1'
[7.170s] INFO:colcon.colcon_core.shell:Creating prefix util module '/home/scv/SCV/install/_local_setup_util_ps1.py'
[7.171s] INFO:colcon.colcon_core.shell:Creating prefix chain script '/home/scv/SCV/install/setup.ps1'
[7.172s] INFO:colcon.colcon_core.shell:Creating prefix script '/home/scv/SCV/install/local_setup.sh'
[7.172s] INFO:colcon.colcon_core.shell:Creating prefix util module '/home/scv/SCV/install/_local_setup_util_sh.py'
[7.173s] INFO:colcon.colcon_core.shell:Creating prefix chain script '/home/scv/SCV/install/setup.sh'
[7.174s] INFO:colcon.colcon_core.shell:Creating prefix script '/home/scv/SCV/install/local_setup.bash'
[7.174s] INFO:colcon.colcon_core.shell:Creating prefix chain script '/home/scv/SCV/install/setup.bash'
[7.175s] INFO:colcon.colcon_core.shell:Creating prefix script '/home/scv/SCV/install/local_setup.zsh'
[7.175s] INFO:colcon.colcon_core.shell:Creating prefix chain script '/home/scv/SCV/install/setup.zsh'
