[0.016s] Invoking command in '/home/scv/SCV/build/ublox_serialization': CMAKE_PREFIX_PATH=/opt/ros/humble /usr/bin/cmake --build /home/scv/SCV/build/ublox_serialization -- -j8 -l8
[0.054s] Invoked command in '/home/scv/SCV/build/ublox_serialization' returned '0': CMAKE_PREFIX_PATH=/opt/ros/humble /usr/bin/cmake --build /home/scv/SCV/build/ublox_serialization -- -j8 -l8
[0.063s] Invoking command in '/home/scv/SCV/build/ublox_serialization': CMAKE_PREFIX_PATH=/opt/ros/humble /usr/bin/cmake --install /home/scv/SCV/build/ublox_serialization
[0.089s] -- Install configuration: "Release"
[0.090s] -- Execute custom install script
[0.092s] -- Up-to-date symlink: /home/scv/SCV/install/ublox_serialization/include/ublox_serialization/ublox_serialization/checksum.hpp
[0.093s] -- Up-to-date symlink: /home/scv/SCV/install/ublox_serialization/include/ublox_serialization/ublox_serialization/serialization.hpp
[0.093s] -- Up-to-date symlink: /home/scv/SCV/install/ublox_serialization/share/ament_index/resource_index/package_run_dependencies/ublox_serialization
[0.098s] -- Up-to-date symlink: /home/scv/SCV/install/ublox_serialization/share/ament_index/resource_index/parent_prefix_path/ublox_serialization
[0.100s] -- Up-to-date symlink: /home/scv/SCV/install/ublox_serialization/share/ublox_serialization/environment/ament_prefix_path.sh
[0.101s] -- Up-to-date symlink: /home/scv/SCV/install/ublox_serialization/share/ublox_serialization/environment/ament_prefix_path.dsv
[0.102s] -- Up-to-date symlink: /home/scv/SCV/install/ublox_serialization/share/ublox_serialization/environment/path.sh
[0.103s] -- Up-to-date symlink: /home/scv/SCV/install/ublox_serialization/share/ublox_serialization/environment/path.dsv
[0.104s] -- Up-to-date symlink: /home/scv/SCV/install/ublox_serialization/share/ublox_serialization/local_setup.bash
[0.104s] -- Up-to-date symlink: /home/scv/SCV/install/ublox_serialization/share/ublox_serialization/local_setup.sh
[0.105s] -- Up-to-date symlink: /home/scv/SCV/install/ublox_serialization/share/ublox_serialization/local_setup.zsh
[0.105s] -- Up-to-date symlink: /home/scv/SCV/install/ublox_serialization/share/ublox_serialization/local_setup.dsv
[0.106s] -- Symlinking: /home/scv/SCV/install/ublox_serialization/share/ublox_serialization/package.dsv
[0.128s] -- Up-to-date symlink: /home/scv/SCV/install/ublox_serialization/share/ament_index/resource_index/packages/ublox_serialization
[0.128s] -- Up-to-date symlink: /home/scv/SCV/install/ublox_serialization/share/ublox_serialization/cmake/ament_cmake_export_include_directories-extras.cmake
[0.128s] -- Up-to-date symlink: /home/scv/SCV/install/ublox_serialization/share/ublox_serialization/cmake/ament_cmake_export_targets-extras.cmake
[0.128s] -- Up-to-date symlink: /home/scv/SCV/install/ublox_serialization/share/ublox_serialization/cmake/ublox_serializationConfig.cmake
[0.128s] -- Up-to-date symlink: /home/scv/SCV/install/ublox_serialization/share/ublox_serialization/cmake/ublox_serializationConfig-version.cmake
[0.128s] -- Up-to-date symlink: /home/scv/SCV/install/ublox_serialization/share/ublox_serialization/package.xml
[0.129s] -- Up-to-date: /home/scv/SCV/install/ublox_serialization/share/ublox_serialization/cmake/export_ublox_serializationExport.cmake
[0.133s] Invoked command in '/home/scv/SCV/build/ublox_serialization' returned '0': CMAKE_PREFIX_PATH=/opt/ros/humble /usr/bin/cmake --install /home/scv/SCV/build/ublox_serialization
