[0.009s] Invoking command in '/home/scv/SCV/build/ublox': AMENT_PREFIX_PATH=/home/scv/SCV/install/ublox_gps:/home/scv/SCV/install/ublox_msgs:/home/scv/SCV/install/ublox_serialization:${AMENT_PREFIX_PATH} CMAKE_PREFIX_PATH=/home/scv/SCV/install/ublox_gps:/home/scv/SCV/install/ublox_msgs:/home/scv/SCV/install/ublox_serialization:/opt/ros/humble LD_LIBRARY_PATH=/home/scv/SCV/install/ublox_gps/lib:/home/scv/SCV/install/ublox_msgs/lib:${LD_LIBRARY_PATH} PYTHONPATH=/home/scv/SCV/install/ublox_msgs/local/lib/python3.10/dist-packages:${PYTHONPATH} /usr/bin/cmake /home/scv/SCV/src/sensor_pkg/ublox/ublox -DCMAKE_BUILD_TYPE=Release -DAMENT_CMAKE_SYMLINK_INSTALL=1 -DCMAKE_INSTALL_PREFIX=/home/scv/SCV/install/ublox
[0.020s] -- Found ament_cmake: 1.3.11 (/opt/ros/humble/share/ament_cmake/cmake)
[0.134s] -- Override CMake install command with custom implementation using symlinks instead of copying resources
[0.197s] -- Configuring done
[0.199s] -- Generating done
[0.201s] -- Build files have been written to: /home/scv/SCV/build/ublox
[0.203s] Invoked command in '/home/scv/SCV/build/ublox' returned '0': AMENT_PREFIX_PATH=/home/scv/SCV/install/ublox_gps:/home/scv/SCV/install/ublox_msgs:/home/scv/SCV/install/ublox_serialization:${AMENT_PREFIX_PATH} CMAKE_PREFIX_PATH=/home/scv/SCV/install/ublox_gps:/home/scv/SCV/install/ublox_msgs:/home/scv/SCV/install/ublox_serialization:/opt/ros/humble LD_LIBRARY_PATH=/home/scv/SCV/install/ublox_gps/lib:/home/scv/SCV/install/ublox_msgs/lib:${LD_LIBRARY_PATH} PYTHONPATH=/home/scv/SCV/install/ublox_msgs/local/lib/python3.10/dist-packages:${PYTHONPATH} /usr/bin/cmake /home/scv/SCV/src/sensor_pkg/ublox/ublox -DCMAKE_BUILD_TYPE=Release -DAMENT_CMAKE_SYMLINK_INSTALL=1 -DCMAKE_INSTALL_PREFIX=/home/scv/SCV/install/ublox
[0.203s] Invoking command in '/home/scv/SCV/build/ublox': AMENT_PREFIX_PATH=/home/scv/SCV/install/ublox_gps:/home/scv/SCV/install/ublox_msgs:/home/scv/SCV/install/ublox_serialization:${AMENT_PREFIX_PATH} CMAKE_PREFIX_PATH=/home/scv/SCV/install/ublox_gps:/home/scv/SCV/install/ublox_msgs:/home/scv/SCV/install/ublox_serialization:/opt/ros/humble LD_LIBRARY_PATH=/home/scv/SCV/install/ublox_gps/lib:/home/scv/SCV/install/ublox_msgs/lib:${LD_LIBRARY_PATH} PYTHONPATH=/home/scv/SCV/install/ublox_msgs/local/lib/python3.10/dist-packages:${PYTHONPATH} /usr/bin/cmake --build /home/scv/SCV/build/ublox -- -j8 -l8
[0.233s] Invoked command in '/home/scv/SCV/build/ublox' returned '0': AMENT_PREFIX_PATH=/home/scv/SCV/install/ublox_gps:/home/scv/SCV/install/ublox_msgs:/home/scv/SCV/install/ublox_serialization:${AMENT_PREFIX_PATH} CMAKE_PREFIX_PATH=/home/scv/SCV/install/ublox_gps:/home/scv/SCV/install/ublox_msgs:/home/scv/SCV/install/ublox_serialization:/opt/ros/humble LD_LIBRARY_PATH=/home/scv/SCV/install/ublox_gps/lib:/home/scv/SCV/install/ublox_msgs/lib:${LD_LIBRARY_PATH} PYTHONPATH=/home/scv/SCV/install/ublox_msgs/local/lib/python3.10/dist-packages:${PYTHONPATH} /usr/bin/cmake --build /home/scv/SCV/build/ublox -- -j8 -l8
[0.234s] Invoking command in '/home/scv/SCV/build/ublox': AMENT_PREFIX_PATH=/home/scv/SCV/install/ublox_gps:/home/scv/SCV/install/ublox_msgs:/home/scv/SCV/install/ublox_serialization:${AMENT_PREFIX_PATH} CMAKE_PREFIX_PATH=/home/scv/SCV/install/ublox_gps:/home/scv/SCV/install/ublox_msgs:/home/scv/SCV/install/ublox_serialization:/opt/ros/humble LD_LIBRARY_PATH=/home/scv/SCV/install/ublox_gps/lib:/home/scv/SCV/install/ublox_msgs/lib:${LD_LIBRARY_PATH} PYTHONPATH=/home/scv/SCV/install/ublox_msgs/local/lib/python3.10/dist-packages:${PYTHONPATH} /usr/bin/cmake --install /home/scv/SCV/build/ublox
[0.240s] -- Install configuration: "Release"
[0.240s] -- Execute custom install script
[0.240s] -- Symlinking: /home/scv/SCV/install/ublox/share/ament_index/resource_index/package_run_dependencies/ublox
[0.247s] -- Symlinking: /home/scv/SCV/install/ublox/share/ament_index/resource_index/parent_prefix_path/ublox
[0.253s] -- Symlinking: /home/scv/SCV/install/ublox/share/ublox/environment/ament_prefix_path.sh
[0.260s] -- Symlinking: /home/scv/SCV/install/ublox/share/ublox/environment/ament_prefix_path.dsv
[0.267s] -- Symlinking: /home/scv/SCV/install/ublox/share/ublox/environment/path.sh
[0.275s] -- Symlinking: /home/scv/SCV/install/ublox/share/ublox/environment/path.dsv
[0.283s] -- Symlinking: /home/scv/SCV/install/ublox/share/ublox/local_setup.bash
[0.291s] -- Symlinking: /home/scv/SCV/install/ublox/share/ublox/local_setup.sh
[0.298s] -- Symlinking: /home/scv/SCV/install/ublox/share/ublox/local_setup.zsh
[0.305s] -- Symlinking: /home/scv/SCV/install/ublox/share/ublox/local_setup.dsv
[0.313s] -- Symlinking: /home/scv/SCV/install/ublox/share/ublox/package.dsv
[0.320s] -- Symlinking: /home/scv/SCV/install/ublox/share/ament_index/resource_index/packages/ublox
[0.327s] -- Symlinking: /home/scv/SCV/install/ublox/share/ublox/cmake/ubloxConfig.cmake
[0.334s] -- Symlinking: /home/scv/SCV/install/ublox/share/ublox/cmake/ubloxConfig-version.cmake
[0.341s] -- Symlinking: /home/scv/SCV/install/ublox/share/ublox/package.xml
[0.349s] Invoked command in '/home/scv/SCV/build/ublox' returned '0': AMENT_PREFIX_PATH=/home/scv/SCV/install/ublox_gps:/home/scv/SCV/install/ublox_msgs:/home/scv/SCV/install/ublox_serialization:${AMENT_PREFIX_PATH} CMAKE_PREFIX_PATH=/home/scv/SCV/install/ublox_gps:/home/scv/SCV/install/ublox_msgs:/home/scv/SCV/install/ublox_serialization:/opt/ros/humble LD_LIBRARY_PATH=/home/scv/SCV/install/ublox_gps/lib:/home/scv/SCV/install/ublox_msgs/lib:${LD_LIBRARY_PATH} PYTHONPATH=/home/scv/SCV/install/ublox_msgs/local/lib/python3.10/dist-packages:${PYTHONPATH} /usr/bin/cmake --install /home/scv/SCV/build/ublox
