[0.007s] Invoking command in '/home/scv/SCV/build/hunter_base': CMAKE_PREFIX_PATH=/opt/ros/humble:/home/scv/SCV/install/ugv_sdk:/home/scv/SCV/install/hunter_msgs:/home/scv/SCV/install/hunter_base /usr/bin/cmake --build /home/scv/SCV/build/hunter_base -- -j8 -l8
[0.026s] -- Found ament_cmake: 1.3.11 (/opt/ros/humble/share/ament_cmake/cmake)
[0.126s] -- Found rclcpp: 16.0.12 (/opt/ros/humble/share/rclcpp/cmake)
[0.148s] -- Found rosidl_generator_c: 3.1.6 (/opt/ros/humble/share/rosidl_generator_c/cmake)
[0.150s] -- Found rosidl_adapter: 3.1.6 (/opt/ros/humble/share/rosidl_adapter/cmake)
[0.154s] -- Found rosidl_generator_cpp: 3.1.6 (/opt/ros/humble/share/rosidl_generator_cpp/cmake)
[0.162s] -- Using all available rosidl_typesupport_c: rosidl_typesupport_fastrtps_c;rosidl_typesupport_introspection_c
[0.172s] -- Using all available rosidl_typesupport_cpp: rosidl_typesupport_fastrtps_cpp;rosidl_typesupport_introspection_cpp
[0.198s] -- Found rmw_implementation_cmake: 6.1.2 (/opt/ros/humble/share/rmw_implementation_cmake/cmake)
[0.199s] -- Found rmw_fastrtps_cpp: 6.2.7 (/opt/ros/humble/share/rmw_fastrtps_cpp/cmake)
[0.268s] -- Using RMW implementation 'rmw_fastrtps_cpp' as default
[0.307s] -- Found geometry_msgs: 4.9.0 (/opt/ros/humble/share/geometry_msgs/cmake)
[0.317s] -- Found nav_msgs: 4.9.0 (/opt/ros/humble/share/nav_msgs/cmake)
[0.330s] -- Found sensor_msgs: 4.9.0 (/opt/ros/humble/share/sensor_msgs/cmake)
[0.344s] -- Found tf2: 0.25.13 (/opt/ros/humble/share/tf2/cmake)
[0.347s] -- Found tf2_ros: 0.25.13 (/opt/ros/humble/share/tf2_ros/cmake)
[0.411s] -- Found tf2_geometry_msgs: 0.25.13 (/opt/ros/humble/share/tf2_geometry_msgs/cmake)
[0.413s] -- Found eigen3_cmake_module: 0.1.1 (/opt/ros/humble/share/eigen3_cmake_module/cmake)
[0.414s] -- Ensuring Eigen3 include directory is part of orocos-kdl CMake target
[0.415s] -- Found hunter_msgs: 0.0.1 (/home/scv/SCV/install/hunter_msgs/share/hunter_msgs/cmake)
[0.444s] -- Found ament_lint_auto: 0.12.12 (/opt/ros/humble/share/ament_lint_auto/cmake)
[0.497s] -- Added test 'copyright' to check source files copyright and LICENSE
[0.500s] -- Added test 'cppcheck' to perform static code analysis on C / C++ code
[0.500s] -- Configured cppcheck include dirs: /home/scv/SCV/src/vehicle/SCV_hunter_ros2/hunter_base/include
[0.500s] -- Configured cppcheck exclude dirs and/or files: 
[0.503s] -- Added test 'cpplint' to check C / C++ code against the Google style
[0.503s] -- Configured cpplint exclude dirs and/or files: 
[0.504s] -- Added test 'flake8' to check Python code syntax and style conventions
[0.504s] -- Added test 'lint_cmake' to check CMake code style
[0.505s] -- Added test 'pep257' to check Python code against some of the docstring style conventions in PEP 257
[0.508s] -- Added test 'uncrustify' to check C / C++ code style
[0.508s] -- Configured uncrustify additional arguments: 
[0.508s] -- Added test 'xmllint' to check XML markup files
[0.509s] -- Configuring done
[0.515s] [31mCMake Error in CMakeLists.txt:
[0.515s]   Imported target "ugv_sdk" includes non-existent path
[0.515s] 
[0.515s]     "/home/scv/SCV/install/ugv_sdk/include/ugv_sdk/details/asio/include"
[0.515s] 
[0.515s]   in its INTERFACE_INCLUDE_DIRECTORIES.  Possible reasons include:
[0.515s] 
[0.515s]   * The path was deleted, renamed, or moved to another location.
[0.515s] 
[0.515s]   * An install or uninstall procedure did not complete successfully.
[0.515s] 
[0.516s]   * The installation package was faulty and references files it does not
[0.516s]   provide.
[0.516s] 
[0.516s] 
[0.516s] [0m
[0.519s] -- Generating done
[0.520s] [0mCMake Generate step failed.  Build files cannot be regenerated correctly.[0m
[0.527s] gmake: *** [Makefile:343: cmake_check_build_system] Error 1
[0.529s] Invoked command in '/home/scv/SCV/build/hunter_base' returned '2': CMAKE_PREFIX_PATH=/opt/ros/humble:/home/scv/SCV/install/ugv_sdk:/home/scv/SCV/install/hunter_msgs:/home/scv/SCV/install/hunter_base /usr/bin/cmake --build /home/scv/SCV/build/hunter_base -- -j8 -l8
