[0.006s] Invoking command in '/home/ssc/SCV/build/ublox_serialization': CMAKE_PREFIX_PATH=${CMAKE_PREFIX_PATH}:/opt/ros/humble /usr/bin/cmake --build /home/ssc/SCV/build/ublox_serialization -- -j24 -l24
[0.032s] Invoked command in '/home/ssc/SCV/build/ublox_serialization' returned '0': CMAKE_PREFIX_PATH=${CMAKE_PREFIX_PATH}:/opt/ros/humble /usr/bin/cmake --build /home/ssc/SCV/build/ublox_serialization -- -j24 -l24
[0.038s] Invoking command in '/home/ssc/SCV/build/ublox_serialization': CMAKE_PREFIX_PATH=${CMAKE_PREFIX_PATH}:/opt/ros/humble /usr/bin/cmake --install /home/ssc/SCV/build/ublox_serialization
[0.043s] -- Install configuration: ""
[0.043s] -- Up-to-date: /home/ssc/SCV/install/ublox_serialization/include/ublox_serialization
[0.043s] -- Up-to-date: /home/ssc/SCV/install/ublox_serialization/include/ublox_serialization/ublox_serialization
[0.043s] -- Up-to-date: /home/ssc/SCV/install/ublox_serialization/include/ublox_serialization/ublox_serialization/checksum.hpp
[0.043s] -- Up-to-date: /home/ssc/SCV/install/ublox_serialization/include/ublox_serialization/ublox_serialization/serialization.hpp
[0.043s] -- Up-to-date: /home/ssc/SCV/install/ublox_serialization/share/ament_index/resource_index/package_run_dependencies/ublox_serialization
[0.043s] -- Up-to-date: /home/ssc/SCV/install/ublox_serialization/share/ament_index/resource_index/parent_prefix_path/ublox_serialization
[0.043s] -- Up-to-date: /home/ssc/SCV/install/ublox_serialization/share/ublox_serialization/environment/ament_prefix_path.sh
[0.043s] -- Up-to-date: /home/ssc/SCV/install/ublox_serialization/share/ublox_serialization/environment/ament_prefix_path.dsv
[0.043s] -- Up-to-date: /home/ssc/SCV/install/ublox_serialization/share/ublox_serialization/environment/path.sh
[0.043s] -- Up-to-date: /home/ssc/SCV/install/ublox_serialization/share/ublox_serialization/environment/path.dsv
[0.043s] -- Up-to-date: /home/ssc/SCV/install/ublox_serialization/share/ublox_serialization/local_setup.bash
[0.043s] -- Up-to-date: /home/ssc/SCV/install/ublox_serialization/share/ublox_serialization/local_setup.sh
[0.043s] -- Up-to-date: /home/ssc/SCV/install/ublox_serialization/share/ublox_serialization/local_setup.zsh
[0.043s] -- Up-to-date: /home/ssc/SCV/install/ublox_serialization/share/ublox_serialization/local_setup.dsv
[0.043s] -- Up-to-date: /home/ssc/SCV/install/ublox_serialization/share/ublox_serialization/package.dsv
[0.043s] -- Up-to-date: /home/ssc/SCV/install/ublox_serialization/share/ament_index/resource_index/packages/ublox_serialization
[0.043s] -- Up-to-date: /home/ssc/SCV/install/ublox_serialization/share/ublox_serialization/cmake/export_ublox_serializationExport.cmake
[0.043s] -- Up-to-date: /home/ssc/SCV/install/ublox_serialization/share/ublox_serialization/cmake/ament_cmake_export_include_directories-extras.cmake
[0.043s] -- Up-to-date: /home/ssc/SCV/install/ublox_serialization/share/ublox_serialization/cmake/ament_cmake_export_targets-extras.cmake
[0.043s] -- Up-to-date: /home/ssc/SCV/install/ublox_serialization/share/ublox_serialization/cmake/ublox_serializationConfig.cmake
[0.043s] -- Up-to-date: /home/ssc/SCV/install/ublox_serialization/share/ublox_serialization/cmake/ublox_serializationConfig-version.cmake
[0.043s] -- Up-to-date: /home/ssc/SCV/install/ublox_serialization/share/ublox_serialization/package.xml
[0.044s] Invoked command in '/home/ssc/SCV/build/ublox_serialization' returned '0': CMAKE_PREFIX_PATH=${CMAKE_PREFIX_PATH}:/opt/ros/humble /usr/bin/cmake --install /home/ssc/SCV/build/ublox_serialization
