[0.013s] Invoking command in '/home/scv/SCV/build/zed_components': CMAKE_PREFIX_PATH=/opt/ros/humble /usr/bin/cmake /home/scv/SCV/src/sensor_pkg/zed-ros2-wrapper/zed_components -DCMAKE_INSTALL_PREFIX=/home/scv/SCV/install/zed_components
[0.064s] -- The C compiler identification is GNU 11.4.0
[0.152s] -- The CXX compiler identification is GNU 11.4.0
[0.167s] -- Detecting C compiler ABI info
[0.255s] -- Detecting C compiler ABI info - done
[0.265s] -- Check for working C compiler: /usr/bin/cc - skipped
[0.265s] -- Detecting C compile features
[0.266s] -- Detecting C compile features - done
[0.269s] -- Detecting CXX compiler ABI info
[0.349s] -- Detecting CXX compiler ABI info - done
[0.358s] -- Check for working CXX compiler: /usr/bin/c++ - skipped
[0.358s] -- Detecting CXX compile features
[0.358s] -- Detecting CXX compile features - done
[0.363s] -- Looking for sgemm_
[0.427s] -- Looking for sgemm_ - not found
[0.428s] -- Looking for pthread.h
[0.502s] -- Looking for pthread.h - found
[0.503s] -- Performing Test CMAKE_HAVE_LIBC_PTHREAD
[0.572s] -- Performing Test CMAKE_HAVE_LIBC_PTHREAD - Success
[0.573s] -- Found Threads: TRUE  
[0.618s] -- Looking for sgemm_
[0.728s] -- Looking for sgemm_ - found
[0.728s] -- Found BLAS: /usr/lib/x86_64-linux-gnu/libopenblas.so  
[0.759s] -- Found CUDA: /usr/local/cuda (found suitable version "12.8", minimum required is "12") 
[0.953s] -- Found CUDA: /usr/local/cuda (found version "12.8") 
[0.954s] -- Found ament_cmake_auto: 1.3.11 (/opt/ros/humble/share/ament_cmake_auto/cmake)
[1.108s] -- Found Python3: /usr/bin/python3 (found version "3.10.12") found components: Interpreter 
[1.323s] -- Found rosidl_generator_c: 3.1.6 (/opt/ros/humble/share/rosidl_generator_c/cmake)
[1.327s] -- Found rosidl_adapter: 3.1.6 (/opt/ros/humble/share/rosidl_adapter/cmake)
[1.335s] -- Found rosidl_generator_cpp: 3.1.6 (/opt/ros/humble/share/rosidl_generator_cpp/cmake)
[1.347s] -- Using all available rosidl_typesupport_c: rosidl_typesupport_fastrtps_c;rosidl_typesupport_introspection_c
[1.364s] -- Using all available rosidl_typesupport_cpp: rosidl_typesupport_fastrtps_cpp;rosidl_typesupport_introspection_cpp
[1.410s] -- Found rmw_implementation_cmake: 6.1.2 (/opt/ros/humble/share/rmw_implementation_cmake/cmake)
[1.413s] -- Found rmw_fastrtps_cpp: 6.2.7 (/opt/ros/humble/share/rmw_fastrtps_cpp/cmake)
[1.494s] -- Found OpenSSL: /usr/lib/x86_64-linux-gnu/libcrypto.so (found version "3.0.2")  
[1.515s] -- Found FastRTPS: /opt/ros/humble/include  
[1.552s] -- Using RMW implementation 'rmw_fastrtps_cpp' as default
[1.858s] -- Found eigen3_cmake_module: 0.1.1 (/opt/ros/humble/share/eigen3_cmake_module/cmake)
[1.861s] -- Found Eigen3: TRUE (found version "3.4.0") 
[1.861s] -- Ensuring Eigen3 include directory is part of orocos-kdl CMake target
[1.994s] CMake Warning at CMakeLists.txt:123 (find_package):
[1.994s]   By not providing "Findzed_msgs.cmake" in CMAKE_MODULE_PATH this project has
[1.995s]   asked CMake to find a package configuration file provided by "zed_msgs",
[1.995s]   but CMake did not find one.
[1.996s] 
[1.996s]   Could not find a package configuration file provided by "zed_msgs" with any
[1.996s]   of the following names:
[1.997s] 
[1.997s]     zed_msgsConfig.cmake
[1.998s]     zed_msgs-config.cmake
[1.998s] 
[1.998s]   Add the installation prefix of "zed_msgs" to CMAKE_PREFIX_PATH or set
[1.998s]   "zed_msgs_DIR" to a directory containing one of the above files.  If
[1.998s]   "zed_msgs" provides a separate development package or SDK, be sure it has
[1.999s]   been installed.
[1.999s] 
[1.999s] 
[2.008s] CMake Error at CMakeLists.txt:134 (find_package):
[2.008s]   By not providing "Findnmea_msgs.cmake" in CMAKE_MODULE_PATH this project
[2.008s]   has asked CMake to find a package configuration file provided by
[2.008s]   "nmea_msgs", but CMake did not find one.
[2.008s] 
[2.008s]   Could not find a package configuration file provided by "nmea_msgs" with
[2.009s]   any of the following names:
[2.009s] 
[2.009s]     nmea_msgsConfig.cmake
[2.009s]     nmea_msgs-config.cmake
[2.009s] 
[2.009s]   Add the installation prefix of "nmea_msgs" to CMAKE_PREFIX_PATH or set
[2.009s]   "nmea_msgs_DIR" to a directory containing one of the above files.  If
[2.009s]   "nmea_msgs" provides a separate development package or SDK, be sure it has
[2.009s]   been installed.
[2.009s] 
[2.009s] 
[2.009s] -- Configuring incomplete, errors occurred!
[2.009s] See also "/home/scv/SCV/build/zed_components/CMakeFiles/CMakeOutput.log".
[2.009s] See also "/home/scv/SCV/build/zed_components/CMakeFiles/CMakeError.log".
[2.029s] Invoked command in '/home/scv/SCV/build/zed_components' returned '1': CMAKE_PREFIX_PATH=/opt/ros/humble /usr/bin/cmake /home/scv/SCV/src/sensor_pkg/zed-ros2-wrapper/zed_components -DCMAKE_INSTALL_PREFIX=/home/scv/SCV/install/zed_components
