[0.006s] Invoking command in '/home/scv/SCV/build/ugv_sdk': /usr/bin/cmake /home/scv/SCV/src/vehicle/SCV_ugv_sdk -DCATKIN_INSTALL_INTO_PREFIX_ROOT=0 -DCMAKE_INSTALL_PREFIX=/home/scv/SCV/install/ugv_sdk
[0.044s] -- The C compiler identification is GNU 11.4.0
[0.087s] -- The CXX compiler identification is GNU 11.4.0
[0.092s] -- Detecting C compiler ABI info
[0.145s] -- Detecting C compiler ABI info - done
[0.152s] -- Check for working C compiler: /usr/bin/cc - skipped
[0.152s] -- Detecting C compile features
[0.152s] -- Detecting C compile features - done
[0.155s] -- Detecting CXX compiler ABI info
[0.217s] -- Detecting CXX compiler ABI info - done
[0.224s] -- Check for working CXX compiler: /usr/bin/c++ - skipped
[0.224s] -- Detecting CXX compile features
[0.224s] -- Detecting CXX compile features - done
[0.225s] -- Build package with cmake
[0.225s] -- Setting build type to 'Release' as none was specified.
[0.225s] -- Tests will not be built
[0.227s] -- Looking for pthread.h
[0.281s] -- Looking for pthread.h - found
[0.281s] -- Performing Test CMAKE_HAVE_LIBC_PTHREAD
[0.336s] -- Performing Test CMAKE_HAVE_LIBC_PTHREAD - Success
[0.337s] -- Found Threads: TRUE  
[0.339s] -- Project will be installed to /home/scv/SCV/install/ugv_sdk with 'make install'
[0.339s] --  - To install LIB components to /home/scv/SCV/install/ugv_sdk/lib
[0.339s] --  - To install BIN components to /home/scv/SCV/install/ugv_sdk/bin
[0.339s] --  - To install INCLUDE components to /home/scv/SCV/install/ugv_sdk/include
[0.339s] --  - To install CMAKE components to /home/scv/SCV/install/ugv_sdk/share/cmake/ugv_sdk
[0.345s] -- Configuring done
[0.359s] -- Generating done
[0.359s] [33mCMake Warning:
[0.360s]   Manually-specified variables were not used by the project:
[0.360s] 
[0.360s]     CATKIN_INSTALL_INTO_PREFIX_ROOT
[0.360s] 
[0.360s] [0m
[0.363s] -- Build files have been written to: /home/scv/SCV/build/ugv_sdk
[0.366s] Invoked command in '/home/scv/SCV/build/ugv_sdk' returned '0': /usr/bin/cmake /home/scv/SCV/src/vehicle/SCV_ugv_sdk -DCATKIN_INSTALL_INTO_PREFIX_ROOT=0 -DCMAKE_INSTALL_PREFIX=/home/scv/SCV/install/ugv_sdk
[0.367s] Invoking command in '/home/scv/SCV/build/ugv_sdk': /usr/bin/cmake --build /home/scv/SCV/build/ugv_sdk -- -j8 -l8
[0.407s] [  3%] [32mBuilding CXX object CMakeFiles/ugv_sdk.dir/src/utilities/protocol_detector.cpp.o[0m
[0.407s] [  6%] [32mBuilding CXX object CMakeFiles/ugv_sdk.dir/src/mobile_robot/scout_robot.cpp.o[0m
[0.407s] [ 10%] [32mBuilding CXX object CMakeFiles/ugv_sdk.dir/src/async_port/async_serial.cpp.o[0m
[0.407s] [ 13%] [32mBuilding CXX object CMakeFiles/ugv_sdk.dir/src/mobile_robot/hunter_robot.cpp.o[0m
[0.408s] [ 17%] [32mBuilding CXX object CMakeFiles/ugv_sdk.dir/src/mobile_robot/ranger_robot.cpp.o[0m
[0.411s] [ 20%] [32mBuilding CXX object CMakeFiles/ugv_sdk.dir/src/async_port/async_can.cpp.o[0m
[0.411s] [ 24%] [32mBuilding CXX object CMakeFiles/ugv_sdk.dir/src/mobile_robot/bunker_robot.cpp.o[0m
[0.415s] [ 27%] [32mBuilding CXX object CMakeFiles/ugv_sdk.dir/src/mobile_robot/tracer_robot.cpp.o[0m
[2.773s] [ 31%] [32mBuilding CXX object CMakeFiles/ugv_sdk.dir/src/mobile_robot/titan_robot.cpp.o[0m
[2.830s] [ 34%] [32mBuilding C object CMakeFiles/ugv_sdk.dir/src/protocol_v2/agilex_msg_parser_v2.c.o[0m
[2.850s] [ 37%] [32mBuilding CXX object CMakeFiles/ugv_sdk.dir/src/protocol_v2/protocol_v2_parser.cpp.o[0m
[2.889s] [ 41%] [32mBuilding C object CMakeFiles/ugv_sdk.dir/src/protocol_v1/agilex_msg_parser_v1.c.o[0m
[5.450s] [ 44%] [32m[1mLinking CXX static library lib/libugv_sdk.a[0m
[5.572s] [ 44%] Built target ugv_sdk
[5.635s] [ 51%] [32mBuilding CXX object sample/bunker_demo/CMakeFiles/demo_bunker_robot.dir/bunker_robot_demo.cpp.o[0m
[5.635s] [ 51%] [32mBuilding CXX object sample/scout_demo/CMakeFiles/demo_scout_robot.dir/scout_robot_demo.cpp.o[0m
[5.636s] [ 55%] [32mBuilding CXX object sample/scout_demo/CMakeFiles/demo_scout_mini_omni_robot.dir/scout_mini_omni_demo.cpp.o[0m
[5.636s] [ 58%] [32mBuilding CXX object sample/ranger_demo/CMakeFiles/demo_ranger_robot.dir/ranger_robot_demo.cpp.o[0m
[5.636s] [ 62%] [32mBuilding CXX object sample/tracer_demo/CMakeFiles/demo_tracer_robot.dir/tracer_robot_demo.cpp.o[0m
[5.639s] [ 65%] [32mBuilding CXX object sample/hunter_demo/CMakeFiles/demo_hunter_robot.dir/hunter_robot_demo.cpp.o[0m
[5.671s] [ 68%] [32mBuilding CXX object sample/utils_demo/CMakeFiles/demo_protocol_detector.dir/demo_protocol_detector.cpp.o[0m
[5.679s] [ 72%] [32mBuilding CXX object sample/utils_demo/CMakeFiles/demo_robot_version.dir/demo_robot_version.cpp.o[0m
[6.907s] [ 75%] [32m[1mLinking CXX executable ../../bin/demo_bunker_robot[0m
[6.908s] [ 79%] [32m[1mLinking CXX executable ../../bin/demo_tracer_robot[0m
[7.066s] [ 79%] Built target demo_tracer_robot
[7.121s] [ 79%] Built target demo_bunker_robot
[7.640s] [ 82%] [32m[1mLinking CXX executable ../../bin/demo_hunter_robot[0m
[7.751s] [ 82%] Built target demo_hunter_robot
[7.847s] [ 86%] [32m[1mLinking CXX executable ../../bin/demo_protocol_detector[0m
[7.950s] [ 86%] Built target demo_protocol_detector
[7.977s] [ 89%] [32m[1mLinking CXX executable ../../bin/demo_robot_version[0m
[8.010s] [ 93%] [32m[1mLinking CXX executable ../../bin/demo_scout_mini_omni_robot[0m
[8.089s] [ 93%] Built target demo_robot_version
[8.114s] [ 93%] Built target demo_scout_mini_omni_robot
[8.200s] [ 96%] [32m[1mLinking CXX executable ../../bin/demo_ranger_robot[0m
[8.225s] [100%] [32m[1mLinking CXX executable ../../bin/demo_scout_robot[0m
[8.284s] [100%] Built target demo_ranger_robot
[8.309s] [100%] Built target demo_scout_robot
[8.318s] Invoked command in '/home/scv/SCV/build/ugv_sdk' returned '0': /usr/bin/cmake --build /home/scv/SCV/build/ugv_sdk -- -j8 -l8
[8.327s] Invoking command in '/home/scv/SCV/build/ugv_sdk': /usr/bin/cmake --install /home/scv/SCV/build/ugv_sdk
[8.332s] -- Install configuration: "Release"
[8.332s] -- Installing: /home/scv/SCV/install/ugv_sdk/lib/libugv_sdk.a
[8.333s] -- Installing: /home/scv/SCV/install/ugv_sdk/include/ugv_sdk
[8.333s] -- Installing: /home/scv/SCV/install/ugv_sdk/include/ugv_sdk/mobile_robot
[8.333s] -- Installing: /home/scv/SCV/install/ugv_sdk/include/ugv_sdk/mobile_robot/ranger_robot.hpp
[8.333s] -- Installing: /home/scv/SCV/install/ugv_sdk/include/ugv_sdk/mobile_robot/scout_robot.hpp
[8.334s] -- Installing: /home/scv/SCV/install/ugv_sdk/include/ugv_sdk/mobile_robot/tracer_robot.hpp
[8.334s] -- Installing: /home/scv/SCV/install/ugv_sdk/include/ugv_sdk/mobile_robot/hunter_robot.hpp
[8.334s] -- Installing: /home/scv/SCV/install/ugv_sdk/include/ugv_sdk/mobile_robot/bunker_robot.hpp
[8.334s] -- Installing: /home/scv/SCV/install/ugv_sdk/include/ugv_sdk/mobile_robot/titan_robot.hpp
[8.334s] -- Installing: /home/scv/SCV/install/ugv_sdk/include/ugv_sdk/utilities
[8.334s] -- Installing: /home/scv/SCV/install/ugv_sdk/include/ugv_sdk/utilities/protocol_detector.hpp
[8.334s] -- Installing: /home/scv/SCV/install/ugv_sdk/include/ugv_sdk/details
[8.334s] -- Installing: /home/scv/SCV/install/ugv_sdk/include/ugv_sdk/details/robot_base
[8.334s] -- Installing: /home/scv/SCV/install/ugv_sdk/include/ugv_sdk/details/robot_base/ranger_base.hpp
[8.334s] -- Installing: /home/scv/SCV/install/ugv_sdk/include/ugv_sdk/details/robot_base/agilex_base.hpp
[8.334s] -- Installing: /home/scv/SCV/install/ugv_sdk/include/ugv_sdk/details/robot_base/titan_base.hpp
[8.334s] -- Installing: /home/scv/SCV/install/ugv_sdk/include/ugv_sdk/details/robot_base/tracer_base.hpp
[8.334s] -- Installing: /home/scv/SCV/install/ugv_sdk/include/ugv_sdk/details/robot_base/scout_base.hpp
[8.334s] -- Installing: /home/scv/SCV/install/ugv_sdk/include/ugv_sdk/details/robot_base/bunker_base.hpp
[8.334s] -- Installing: /home/scv/SCV/install/ugv_sdk/include/ugv_sdk/details/robot_base/hunter_base.hpp
[8.335s] -- Installing: /home/scv/SCV/install/ugv_sdk/include/ugv_sdk/details/interface
[8.335s] -- Installing: /home/scv/SCV/install/ugv_sdk/include/ugv_sdk/details/interface/agilex_types.h
[8.335s] -- Installing: /home/scv/SCV/install/ugv_sdk/include/ugv_sdk/details/interface/scout_interface.hpp
[8.335s] -- Installing: /home/scv/SCV/install/ugv_sdk/include/ugv_sdk/details/interface/tracer_interface.hpp
[8.335s] -- Installing: /home/scv/SCV/install/ugv_sdk/include/ugv_sdk/details/interface/bunker_interface.hpp
[8.335s] -- Installing: /home/scv/SCV/install/ugv_sdk/include/ugv_sdk/details/interface/agilex_message.h
[8.335s] -- Installing: /home/scv/SCV/install/ugv_sdk/include/ugv_sdk/details/interface/titan_interface.hpp
[8.335s] -- Installing: /home/scv/SCV/install/ugv_sdk/include/ugv_sdk/details/interface/robot_common_interface.hpp
[8.335s] -- Installing: /home/scv/SCV/install/ugv_sdk/include/ugv_sdk/details/interface/hunter_interface.hpp
[8.335s] -- Installing: /home/scv/SCV/install/ugv_sdk/include/ugv_sdk/details/interface/ranger_interface.hpp
[8.335s] -- Installing: /home/scv/SCV/install/ugv_sdk/include/ugv_sdk/details/protocol_v1
[8.335s] -- Installing: /home/scv/SCV/install/ugv_sdk/include/ugv_sdk/details/protocol_v1/protocol_v1_parser.hpp
[8.335s] -- Installing: /home/scv/SCV/install/ugv_sdk/include/ugv_sdk/details/protocol_v1/robot_limits.hpp
[8.335s] -- Installing: /home/scv/SCV/install/ugv_sdk/include/ugv_sdk/details/protocol_v1/agilex_msg_parser_v1.h
[8.335s] -- Installing: /home/scv/SCV/install/ugv_sdk/include/ugv_sdk/details/protocol_v2
[8.335s] -- Installing: /home/scv/SCV/install/ugv_sdk/include/ugv_sdk/details/protocol_v2/protocol_v2_parser.hpp
[8.336s] -- Installing: /home/scv/SCV/install/ugv_sdk/include/ugv_sdk/details/parser_base.hpp
[8.336s] -- Installing: /home/scv/SCV/install/ugv_sdk/include/ugv_sdk/details/async_port
[8.336s] -- Installing: /home/scv/SCV/install/ugv_sdk/include/ugv_sdk/details/async_port/async_can.hpp
[8.336s] -- Installing: /home/scv/SCV/install/ugv_sdk/include/ugv_sdk/details/async_port/async_serial.hpp
[8.336s] -- Installing: /home/scv/SCV/install/ugv_sdk/include/ugv_sdk/details/async_port/ring_buffer.hpp
[8.336s] -- Installing: /home/scv/SCV/install/ugv_sdk/lib/cmake/ugv_sdk/ugv_sdkTargets.cmake
[8.336s] -- Installing: /home/scv/SCV/install/ugv_sdk/lib/cmake/ugv_sdk/ugv_sdkTargets-release.cmake
[8.336s] -- Installing: /home/scv/SCV/install/ugv_sdk/lib/cmake/ugv_sdk/ugv_sdkConfig.cmake
[8.336s] -- Installing: /home/scv/SCV/install/ugv_sdk/lib/cmake/ugv_sdk/ugv_sdkConfigVersion.cmake
[8.339s] Invoked command in '/home/scv/SCV/build/ugv_sdk' returned '0': /usr/bin/cmake --install /home/scv/SCV/build/ugv_sdk
