[0.019s] Invoking command in '/home/scv/SCV/build/ublox_msgs': AMENT_PREFIX_PATH=/home/scv/SCV/install/ublox_serialization:${AMENT_PREFIX_PATH} CMAKE_PREFIX_PATH=/home/scv/SCV/install/ublox_serialization:/home/scv/SCV/install/hunter_base:/home/scv/SCV/install/hunter_msgs:/home/scv/SCV/install/ugv_sdk:/opt/ros/humble /usr/bin/cmake /home/scv/SCV/src/sensor_pkg/ublox/ublox_msgs -DCMAKE_INSTALL_PREFIX=/home/scv/SCV/install/ublox_msgs
[0.127s] -- The C compiler identification is GNU 11.4.0
[0.246s] -- The CXX compiler identification is GNU 11.4.0
[0.258s] -- Detecting C compiler ABI info
[0.402s] -- Detecting C compiler ABI info - done
[0.416s] -- Check for working C compiler: /usr/bin/cc - skipped
[0.416s] -- Detecting C compile features
[0.420s] -- Detecting C compile features - done
[0.428s] -- Detecting CXX compiler ABI info
[0.609s] -- Detecting CXX compiler ABI info - done
[0.635s] -- Check for working CXX compiler: /usr/bin/c++ - skipped
[0.635s] -- Detecting CXX compile features
[0.635s] -- Detecting CXX compile features - done
[0.639s] -- Found ament_cmake_ros: 0.10.0 (/opt/ros/humble/share/ament_cmake_ros/cmake)
[1.009s] -- Found Python3: /usr/bin/python3 (found version "3.10.12") found components: Interpreter 
[1.162s] -- Found rosidl_default_generators: 1.2.0 (/opt/ros/humble/share/rosidl_default_generators/cmake)
[1.170s] -- Using all available rosidl_typesupport_c: rosidl_typesupport_fastrtps_c;rosidl_typesupport_introspection_c
[1.175s] -- Found rosidl_adapter: 3.1.6 (/opt/ros/humble/share/rosidl_adapter/cmake)
[1.236s] -- Using all available rosidl_typesupport_cpp: rosidl_typesupport_fastrtps_cpp;rosidl_typesupport_introspection_cpp
[1.294s] -- Found sensor_msgs: 4.9.0 (/opt/ros/humble/share/sensor_msgs/cmake)
[1.434s] -- Found ublox_serialization: 2.3.0 (/home/scv/SCV/install/ublox_serialization/share/ublox_serialization/cmake)
[4.125s] -- Using all available rosidl_typesupport_c: rosidl_typesupport_fastrtps_c;rosidl_typesupport_introspection_c
[5.182s] -- Using all available rosidl_typesupport_cpp: rosidl_typesupport_fastrtps_cpp;rosidl_typesupport_introspection_cpp
[5.245s] -- Found PythonInterp: /usr/bin/python3 (found suitable version "3.10.12", minimum required is "3.6") 
[5.250s] -- Found python_cmake_module: 0.10.0 (/opt/ros/humble/share/python_cmake_module/cmake)
[5.328s] -- Found PythonLibs: /usr/lib/x86_64-linux-gnu/libpython3.10.so (found suitable version "3.10.12", minimum required is "3.5") 
[5.332s] -- Using PYTHON_EXECUTABLE: /usr/bin/python3
[5.332s] -- Using PYTHON_INCLUDE_DIRS: /usr/include/python3.10
[5.333s] -- Using PYTHON_LIBRARIES: /usr/lib/x86_64-linux-gnu/libpython3.10.so
[5.393s] -- Found PythonExtra: .so  
[5.720s] -- Configuring done
[6.613s] -- Generating done
[6.743s] -- Build files have been written to: /home/scv/SCV/build/ublox_msgs
