[0.007s] Invoking command in '/home/ssc/SCV/build/zed_ros2': CMAKE_PREFIX_PATH=/home/ssc/SCV/install/zed_wrapper:/home/ssc/SCV/install/zed_components:/home/ssc/SCV/install/ublox:/home/ssc/SCV/install/ublox_gps:/home/ssc/SCV/install/ublox_msgs:/home/ssc/SCV/install/ublox_serialization:/home/ssc/SCV/install/zed_ros2:/home/ssc/SCV/install/usb_cam:/opt/ros/humble /usr/bin/cmake /home/ssc/SCV/src/sensor_pkg/zed-ros2-wrapper/zed_ros2 -DCMAKE_BUILD_TYPE=Release -DAMENT_CMAKE_SYMLINK_INSTALL=1 -DCMAKE_INSTALL_PREFIX=/home/ssc/SCV/install/zed_ros2
[0.018s] -- Found ament_cmake_auto: 1.3.11 (/opt/ros/humble/share/ament_cmake_auto/cmake)
[0.147s] -- Found Python3: /usr/bin/python3 (found version "3.10.12") found components: Interpreter 
[0.189s] -- Override CMake install command with custom implementation using symlinks instead of copying resources
[0.247s] -- Found ament_lint_auto: 0.12.12 (/opt/ros/humble/share/ament_lint_auto/cmake)
[0.255s] -- Added test 'copyright' to check source files copyright and LICENSE
[0.255s] -- Added test 'lint_cmake' to check CMake code style
[0.256s] -- Added test 'xmllint' to check XML markup files
[0.257s] -- Configuring done
[0.258s] -- Generating done
[0.259s] -- Build files have been written to: /home/ssc/SCV/build/zed_ros2
[0.261s] Invoked command in '/home/ssc/SCV/build/zed_ros2' returned '0': CMAKE_PREFIX_PATH=/home/ssc/SCV/install/zed_wrapper:/home/ssc/SCV/install/zed_components:/home/ssc/SCV/install/ublox:/home/ssc/SCV/install/ublox_gps:/home/ssc/SCV/install/ublox_msgs:/home/ssc/SCV/install/ublox_serialization:/home/ssc/SCV/install/zed_ros2:/home/ssc/SCV/install/usb_cam:/opt/ros/humble /usr/bin/cmake /home/ssc/SCV/src/sensor_pkg/zed-ros2-wrapper/zed_ros2 -DCMAKE_BUILD_TYPE=Release -DAMENT_CMAKE_SYMLINK_INSTALL=1 -DCMAKE_INSTALL_PREFIX=/home/ssc/SCV/install/zed_ros2
[0.262s] Invoking command in '/home/ssc/SCV/build/zed_ros2': CMAKE_PREFIX_PATH=/home/ssc/SCV/install/zed_wrapper:/home/ssc/SCV/install/zed_components:/home/ssc/SCV/install/ublox:/home/ssc/SCV/install/ublox_gps:/home/ssc/SCV/install/ublox_msgs:/home/ssc/SCV/install/ublox_serialization:/home/ssc/SCV/install/zed_ros2:/home/ssc/SCV/install/usb_cam:/opt/ros/humble /usr/bin/cmake --build /home/ssc/SCV/build/zed_ros2 -- -j24 -l24
[0.289s] Invoked command in '/home/ssc/SCV/build/zed_ros2' returned '0': CMAKE_PREFIX_PATH=/home/ssc/SCV/install/zed_wrapper:/home/ssc/SCV/install/zed_components:/home/ssc/SCV/install/ublox:/home/ssc/SCV/install/ublox_gps:/home/ssc/SCV/install/ublox_msgs:/home/ssc/SCV/install/ublox_serialization:/home/ssc/SCV/install/zed_ros2:/home/ssc/SCV/install/usb_cam:/opt/ros/humble /usr/bin/cmake --build /home/ssc/SCV/build/zed_ros2 -- -j24 -l24
[0.290s] Invoking command in '/home/ssc/SCV/build/zed_ros2': CMAKE_PREFIX_PATH=/home/ssc/SCV/install/zed_wrapper:/home/ssc/SCV/install/zed_components:/home/ssc/SCV/install/ublox:/home/ssc/SCV/install/ublox_gps:/home/ssc/SCV/install/ublox_msgs:/home/ssc/SCV/install/ublox_serialization:/home/ssc/SCV/install/zed_ros2:/home/ssc/SCV/install/usb_cam:/opt/ros/humble /usr/bin/cmake --install /home/ssc/SCV/build/zed_ros2
[0.295s] -- Install configuration: "Release"
[0.295s] -- Execute custom install script
[0.295s] -- Symlinking: /home/ssc/SCV/install/zed_ros2/share/ament_index/resource_index/package_run_dependencies/zed_ros2
[0.302s] -- Symlinking: /home/ssc/SCV/install/zed_ros2/share/ament_index/resource_index/parent_prefix_path/zed_ros2
[0.308s] -- Symlinking: /home/ssc/SCV/install/zed_ros2/share/zed_ros2/environment/ament_prefix_path.sh
[0.314s] -- Symlinking: /home/ssc/SCV/install/zed_ros2/share/zed_ros2/environment/ament_prefix_path.dsv
[0.319s] -- Symlinking: /home/ssc/SCV/install/zed_ros2/share/zed_ros2/environment/path.sh
[0.325s] -- Symlinking: /home/ssc/SCV/install/zed_ros2/share/zed_ros2/environment/path.dsv
[0.330s] -- Symlinking: /home/ssc/SCV/install/zed_ros2/share/zed_ros2/local_setup.bash
[0.335s] -- Symlinking: /home/ssc/SCV/install/zed_ros2/share/zed_ros2/local_setup.sh
[0.342s] -- Symlinking: /home/ssc/SCV/install/zed_ros2/share/zed_ros2/local_setup.zsh
[0.348s] -- Symlinking: /home/ssc/SCV/install/zed_ros2/share/zed_ros2/local_setup.dsv
[0.353s] -- Symlinking: /home/ssc/SCV/install/zed_ros2/share/zed_ros2/package.dsv
[0.358s] -- Symlinking: /home/ssc/SCV/install/zed_ros2/share/ament_index/resource_index/packages/zed_ros2
[0.363s] -- Symlinking: /home/ssc/SCV/install/zed_ros2/share/zed_ros2/cmake/zed_ros2Config.cmake
[0.368s] -- Symlinking: /home/ssc/SCV/install/zed_ros2/share/zed_ros2/cmake/zed_ros2Config-version.cmake
[0.373s] -- Symlinking: /home/ssc/SCV/install/zed_ros2/share/zed_ros2/package.xml
[0.379s] Invoked command in '/home/ssc/SCV/build/zed_ros2' returned '0': CMAKE_PREFIX_PATH=/home/ssc/SCV/install/zed_wrapper:/home/ssc/SCV/install/zed_components:/home/ssc/SCV/install/ublox:/home/ssc/SCV/install/ublox_gps:/home/ssc/SCV/install/ublox_msgs:/home/ssc/SCV/install/ublox_serialization:/home/ssc/SCV/install/zed_ros2:/home/ssc/SCV/install/usb_cam:/opt/ros/humble /usr/bin/cmake --install /home/ssc/SCV/build/zed_ros2
